[Licensing::Module] Trying to connect to existing licensing client channel...
Built from '6000.3/staging' branch; Version is '6000.3.16f1 (a56f230f6470) revision 10841891'; Using compiler version '194234433'; Build Type 'Release'
OS: 'Windows 11  (10.0.26100) CoreSingleLanguage' Language: 'en' Physical Memory: 32108 MB
[Licensing::IpcConnector] Successfully connected to: "LicenseClient-User" at "2026-07-17T00:22:14.0238938Z"
BatchMode: 1, IsHumanControllingUs: 0, StartBugReporterOnCrash: 0, Is64bit: 1
System  architecture: x64
Process architecture: x64
Date: 2026-07-17T00:22:14Z

COMMAND LINE ARGUMENTS:
C:\Program Files\Unity\Hub\Editor\6000.3.16f1\Editor\Unity.exe
-adb2
-batchMode
-noUpm
-name
AssetImportWorker60
-projectPath
D:/Unity Projects/ExitAnt-IAT312-P1/312_Assignment2
-logFile
Logs/AssetImportWorker60.log
-srvPort
49722
-licensingIpc
LicenseClient-User
-job-worker-count
7
-background-job-worker-count
8
-gc-helper-count
1
-name
AssetImport
Successfully changed project path to: D:/Unity Projects/ExitAnt-IAT312-P1/312_Assignment2
D:/Unity Projects/ExitAnt-IAT312-P1/312_Assignment2
[UnityMemory] Configuration Parameters - Can be set up in boot.config
    "memorysetup-temp-allocator-size-nav-mesh-worker=65536"
    "memorysetup-temp-allocator-size-audio-worker=65536"
    "memorysetup-temp-allocator-size-gfx=262144"
    "memorysetup-allocator-temp-initial-block-size-main=262144"
    "memorysetup-allocator-temp-initial-block-size-worker=262144"
    "memorysetup-temp-allocator-size-background-worker=32768"
    "memorysetup-temp-allocator-size-job-worker=262144"
    "memorysetup-temp-allocator-size-preload-manager=33554432"
    "memorysetup-temp-allocator-size-gi-baking-worker=262144"
    "memorysetup-temp-allocator-size-gi-baking-worker=262144"
    "memorysetup-temp-allocator-size-gi-baking-worker=262144"
    "memorysetup-temp-allocator-size-gi-baking-worker=262144"
    "memorysetup-temp-allocator-size-gi-baking-worker=262144"
    "memorysetup-bucket-allocator-granularity=16"
    "memorysetup-bucket-allocator-bucket-count=8"
    "memorysetup-bucket-allocator-block-size=33554432"
    "memorysetup-bucket-allocator-block-count=8"
    "memorysetup-main-allocator-block-size=16777216"
    "memorysetup-thread-allocator-block-size=16777216"
    "memorysetup-gfx-main-allocator-block-size=16777216"
    "memorysetup-gfx-thread-allocator-block-size=16777216"
    "memorysetup-cache-allocator-block-size=4194304"
    "memorysetup-typetree-allocator-block-size=2097152"
    "memorysetup-profiler-bucket-allocator-granularity=16"
    "memorysetup-profiler-bucket-allocator-bucket-count=8"
    "memorysetup-profiler-bucket-allocator-block-size=33554432"
    "memorysetup-profiler-bucket-allocator-block-count=8"
    "memorysetup-profiler-allocator-block-size=16777216"
    "memorysetup-profiler-editor-allocator-block-size=1048576"
    "memorysetup-temp-allocator-size-main=16777216"
    "memorysetup-job-temp-allocator-block-size=2097152"
    "memorysetup-job-temp-allocator-block-size-background=1048576"
    "memorysetup-job-temp-allocator-reduction-small-platforms=262144"
    "memorysetup-temp-allocator-size-cloud-worker=32768"
Player connection [12024]  Target information:

Player connection [12024]  * "[IP] 192.168.1.97 [Port] 0 [Flags] 2 [Guid] 3602430040 [EditorId] 3602430040 [Version] 1048832 [Id] WindowsEditor(7,DESKTOP-OVH4FSK) [Debug] 1 [PackageName] WindowsEditor [ProjectName] Editor" 

Player connection [12024] Host joined multi-casting on [225.0.0.222:54997]...
Player connection [12024] Host joined alternative multi-casting on [225.0.0.222:34997]...
JobSystem: Creating JobQueue using job-worker-count value 7
Input System module state changed to: Initialized.
[Physics::Module] Initialized fallback backend.
[Physics::Module] Id: 0xdecafbad
Library Redirect Path: Library/
[Physics::Module] Selected backend.
[Physics::Module] Name: PhysX
[Physics::Module] Id: 0xf2b8ea05
[Physics::Module] SDK Version: 4.1.2
[Physics::Module] Integration Version: 1.0.0
[Physics::Module] Threading Mode: Multi-Threaded
Refreshing native plugins compatible for Editor in 7.60 ms, found 5 plugins.
Preloading 0 native plugins for Editor in 0.00 ms.
Initialize engine version: 6000.3.16f1 (a56f230f6470)
[Subsystems] Discovering subsystems at path C:/Program Files/Unity/Hub/Editor/6000.3.16f1/Editor/Data/Resources/UnitySubsystems
[Subsystems] Discovering subsystems at path D:/Unity Projects/ExitAnt-IAT312-P1/312_Assignment2/Assets
GfxDevice: creating device client; kGfxThreadingModeNonThreaded
d3d12: failed to query info queue interface (0x80004002).
Direct3D:
    Version:         Direct3D 12 [level 12.2]
    Renderer:        NVIDIA GeForce RTX 3060 Laptop GPU (ID=0x2520)
    Vendor:          NVIDIA
    VRAM:            5996 MB
    App VRAM Budget: 5228 MB
    Driver:          32.0.15.8088
Initialize mono
Mono path[0] = 'C:/Program Files/Unity/Hub/Editor/6000.3.16f1/Editor/Data/Managed'
Mono path[1] = 'C:/Program Files/Unity/Hub/Editor/6000.3.16f1/Editor/Data/MonoBleedingEdge/lib/mono/unityjit-win32'
Mono config path = 'C:/Program Files/Unity/Hub/Editor/6000.3.16f1/Editor/Data/MonoBleedingEdge/etc'
Using monoOptions --debugger-agent=transport=dt_socket,embedding=1,server=y,suspend=n,address=127.0.0.1:56336
Begin MonoManager ReloadAssembly
Registering precompiled unity dll's ...
Register platform support module: C:/Program Files/Unity/Hub/Editor/6000.3.16f1/Editor/Data/PlaybackEngines/WindowsStandaloneSupport/UnityEditor.WindowsStandalone.Extensions.dll
Registered in 0.003541 seconds.
[Licensing::Client] Error: HandshakeResponse reported an error:
	ResponseCode: 505
	ResponseStatus: Unsupported protocol version '1.18.1'.
[Licensing::Module] Error: Failed to handshake to channel: "LicenseClient-User"
[Licensing::IpcConnector] LicenseClient-User channel disconnected successfully.
[Licensing::IpcConnector] Successfully connected to: "LicenseClient-User-6000.3.16" at "2026-07-17T00:22:15.9735014Z"
[Licensing::Client] Code 10 while verifying Licensing Client signature (process Id: 29352, path: "C:/Program Files/Unity/Hub/Editor/6000.3.16f1/Editor/Data/Resources/Licensing/Client/Unity.Licensing.Client.exe")
[Licensing::Module] LicensingClient has failed validation; ignoring
[Licensing::Client] Handshaking with LicensingClient:
  Version:                 1.18.1+9fbee8e
  Session Id:              b9637cc9ffe6434b86cc0209cb7f6078
  Correlation Id:          47882071dff180c034864f0352291f7f
  External correlation Id: 4535571921014415183
  Machine Id:              NKcRUsz1GwU4Q4WJtDcG2fyxkZM=
[Licensing::Module] Successfully connected to LicensingClient on channel: "LicenseClient-User-6000.3.16" (connect: 0.00s, validation: 0.00s, handshake: 0.01s)
[Licensing::IpcConnector] Successfully connected to: "LicenseClient-User-6000.3.16-notifications" at "2026-07-17T00:22:15.9878416Z"
[Licensing::Module] Licensing Background thread has ended after 1.96s
- Loaded All Assemblies, in  0.608 seconds
Native extension for WindowsStandalone target not found
Package Manager log level set to [2]
[Package Manager] Failed to launch server process. Reason: Unity was launched with the -noUpm command-line argument
[Package Manager] Unable to send message (not connected to server process).
[Package Manager] Cannot connect to Unity Package Manager local server
ScheduleIndexationOnStartup MainProcess:False IndexOnStartup:True
Mono: successfully reloaded assembly
- Finished resetting the current domain, in  0.570 seconds
Domain Reload Profiling: 1173ms
	BeginReloadAssembly (202ms)
		ExecutionOrderSort (0ms)
		DisableScriptedObjects (0ms)
		BackupInstance (0ms)
		ReleaseScriptingObjects (0ms)
		CreateAndSetChildDomain (1ms)
	RebuildCommonClasses (61ms)
	RebuildNativeTypeToScriptingClass (22ms)
	initialDomainReloadingComplete (84ms)
	LoadAllAssembliesAndSetupDomain (233ms)
		LoadAssemblies (196ms)
		RebuildTransferFunctionScriptingTraits (0ms)
		AnalyzeDomain (229ms)
			TypeCache.Refresh (226ms)
				TypeCache.ScanAssembly (208ms)
			BuildScriptInfoCaches (0ms)
			ResolveRequiredComponents (1ms)
	FinalizeReload (570ms)
		ReleaseScriptCaches (0ms)
		RebuildScriptCaches (0ms)
		SetupLoadedEditorAssemblies (504ms)
			LogAssemblyErrors (0ms)
			InitializePlatformSupportModulesInManaged (73ms)
			SetLoadedEditorAssemblies (5ms)
			BeforeProcessingInitializeOnLoad (120ms)
			ProcessInitializeOnLoadAttributes (204ms)
			ProcessInitializeOnLoadMethodAttributes (102ms)
			AfterProcessingInitializeOnLoad (0ms)
			EditorAssembliesLoaded (0ms)
		ExecutionOrderSort2 (0ms)
		AwakeInstancesAfterBackupRestoration (0ms)
Assembly reference Packages/com.unity.cinemachine/Editor/Samples/ExposeHDRPInternals/HDRP-Editor-ref.asmref has no target assembly definition
========================================================================
Worker process is ready to serve import requests
Import Worker Mode flag is 0x00
Assembly reference Packages/com.unity.cinemachine/Editor/Samples/ExposeHDRPInternals/HDRP-Editor-ref.asmref has no target assembly definition
Assembly reference Packages/com.unity.cinemachine/Editor/Samples/ExposeHDRPInternals/HDRP-Editor-ref.asmref has no target assembly definition
Begin MonoManager ReloadAssembly
[Licensing::Client] Successfully resolved entitlement details
[Licensing::Module] License group:
  Id: 3574399251830-UnityPersXXXX
  Product: Unity Personal
  Type: Assigned
  Expiration: Unlimited
- Loaded All Assemblies, in  1.131 seconds
Assembly reference Packages/com.unity.cinemachine/Editor/Samples/ExposeHDRPInternals/HDRP-Editor-ref.asmref has no target assembly definition
'Packages/com.unity.cinemachine/Editor/Obsolete/CinemachineVirtualCameraBaseEditor.cs' contains partial class of Unity.Object, exactly 1 of the partial classes needs to be in a file with the same filename. This is to know the one that can be referenced from ie. GameObjects
'Packages/com.unity.cinemachine/Editor/Editors/CinemachineVirtualCameraBaseEditor.cs' contains partial class of Unity.Object, exactly 1 of the partial classes needs to be in a file with the same filename. This is to know the one that can be referenced from ie. GameObjects
Refreshing native plugins compatible for Editor in 2.23 ms, found 5 plugins.
Native extension for WindowsStandalone target not found
Assembly reference Packages/com.unity.cinemachine/Editor/Samples/ExposeHDRPInternals/HDRP-Editor-ref.asmref has no target assembly definition
[Package Manager] Failed to launch server process. Reason: Unity was launched with the -noUpm command-line argument
[Package Manager] Unable to send message (not connected to server process).
[Package Manager] Cannot connect to Unity Package Manager local server
[Package Manager] Failed to launch server process. Reason: Unity was launched with the -noUpm command-line argument
[Package Manager] Unable to send message (not connected to server process).
[Package Manager] Cannot connect to Unity Package Manager local server
[Package Manager] Failed to launch server process. Reason: Unity was launched with the -noUpm command-line argument
[Package Manager] Unable to send message (not connected to server process).
[Package Manager] Cannot connect to Unity Package Manager local server
Refreshing native plugins compatible for Editor in 3.40 ms, found 5 plugins.
ScheduleIndexationOnStartup MainProcess:False IndexOnStartup:True
Mono: successfully reloaded assembly
- Finished resetting the current domain, in  1.228 seconds
Domain Reload Profiling: 2354ms
	BeginReloadAssembly (242ms)
		ExecutionOrderSort (0ms)
		DisableScriptedObjects (8ms)
		BackupInstance (0ms)
		ReleaseScriptingObjects (0ms)
		CreateAndSetChildDomain (36ms)
	RebuildCommonClasses (51ms)
	RebuildNativeTypeToScriptingClass (18ms)
	initialDomainReloadingComplete (60ms)
	LoadAllAssembliesAndSetupDomain (754ms)
		LoadAssemblies (466ms)
		RebuildTransferFunctionScriptingTraits (0ms)
		AnalyzeDomain (423ms)
			TypeCache.Refresh (283ms)
				TypeCache.ScanAssembly (264ms)
			BuildScriptInfoCaches (117ms)
			ResolveRequiredComponents (16ms)
	FinalizeReload (1229ms)
		ReleaseScriptCaches (0ms)
		RebuildScriptCaches (0ms)
		SetupLoadedEditorAssemblies (1033ms)
			LogAssemblyErrors (0ms)
			InitializePlatformSupportModulesInManaged (2ms)
			SetLoadedEditorAssemblies (6ms)
			BeforeProcessingInitializeOnLoad (213ms)
			ProcessInitializeOnLoadAttributes (597ms)
			ProcessInitializeOnLoadMethodAttributes (201ms)
			AfterProcessingInitializeOnLoad (13ms)
			EditorAssembliesLoaded (0ms)
		ExecutionOrderSort2 (0ms)
		AwakeInstancesAfterBackupRestoration (8ms)
Launched and connected shader compiler UnityShaderCompiler.exe after 0.01 seconds
Refreshing native plugins compatible for Editor in 6.09 ms, found 5 plugins.
Preloading 0 native plugins for Editor in 0.00 ms.
Unloading 17 Unused Serialized files (Serialized files now loaded: 0)
Unloading 7649 unused Assets / (5.0 MB). Loaded Objects now: 8481.
Memory consumption went from 163.5 MB to 158.5 MB.
Total: 23.034500 ms (FindLiveObjects: 1.820100 ms CreateObjectMapping: 2.308900 ms MarkObjects: 13.962800 ms  DeleteObjects: 4.939600 ms)

========================================================================
Received Import Request.
  Time since last request: 114737.461120 seconds.
  path: Assets/Dialogue/Bani/Day 3/Seq 3
  artifactKey: Guid(b2ebc624430f2c64f8487972f49f1997) Importer(815301076,1909f56bfc062723c751e8b465ee728b)
Start importing Assets/Dialogue/Bani/Day 3/Seq 3 using Guid(b2ebc624430f2c64f8487972f49f1997) Importer(815301076,1909f56bfc062723c751e8b465ee728b) (PreviewImporter) -> (artifact id: '730bad80c441cfe48b12ded9ba911a3f') in 0.0074143 seconds
Number of updated asset objects reloaded before import = 0Number of asset objects unloaded after import = 0

========================================================================
Received Import Request.
  Time since last request: 9.237651 seconds.
  path: Assets/Dialogue/Bani/Day 3/Seq 3/BaniD3S3N1.asset
  artifactKey: Guid(1f08f2bd57834de47805d029c7deef31) Importer(815301076,1909f56bfc062723c751e8b465ee728b)
Start importing Assets/Dialogue/Bani/Day 3/Seq 3/BaniD3S3N1.asset using Guid(1f08f2bd57834de47805d029c7deef31) Importer(815301076,1909f56bfc062723c751e8b465ee728b) (PreviewImporter) -> (artifact id: 'e0ff3fd6d6cef7748ace4f0e756c5f6f') in 0.0224256 seconds
Number of updated asset objects reloaded before import = 0Number of asset objects unloaded after import = 1

========================================================================
Received Import Request.
  Time since last request: 0.921594 seconds.
  path: Assets/Dialogue/Bani/Day 3/Seq 3/BaniD3S3N1.asset
  artifactKey: Guid(1f08f2bd57834de47805d029c7deef31) Importer(2089858483,b0f066a214c2f5e87bad3c948f4d605d)
Start importing Assets/Dialogue/Bani/Day 3/Seq 3/BaniD3S3N1.asset using Guid(1f08f2bd57834de47805d029c7deef31) Importer(2089858483,b0f066a214c2f5e87bad3c948f4d605d) (ScriptedImporter) -> (artifact id: '0ee20a315a2cea0cf6eba870e9c62854') in 0.1475681 seconds
Number of updated asset objects reloaded before import = 0Number of asset objects unloaded after import = 1

========================================================================
Received Import Request.
  Time since last request: 55.068253 seconds.
  path: Assets/Dialogue/Bani/Day 3/Seq 4
  artifactKey: Guid(838258f1f142dd34184a4cfd9f25d0e3) Importer(815301076,1909f56bfc062723c751e8b465ee728b)
Start importing Assets/Dialogue/Bani/Day 3/Seq 4 using Guid(838258f1f142dd34184a4cfd9f25d0e3) Importer(815301076,1909f56bfc062723c751e8b465ee728b) (PreviewImporter) -> (artifact id: '9ce0b1fa12a4de7b082536becb76b36d') in 0.0006511 seconds
Number of updated asset objects reloaded before import = 0Number of asset objects unloaded after import = 0

========================================================================
Received Import Request.
  Time since last request: 12.599170 seconds.
  path: Assets/Dialogue/Bani/Day 3/Seq 4/BaniD3S4N 1.asset
  artifactKey: Guid(f1ec03510957efa45b8a61a8c62f67d8) Importer(815301076,1909f56bfc062723c751e8b465ee728b)
Start importing Assets/Dialogue/Bani/Day 3/Seq 4/BaniD3S4N 1.asset using Guid(f1ec03510957efa45b8a61a8c62f67d8) Importer(815301076,1909f56bfc062723c751e8b465ee728b) (PreviewImporter) -> (artifact id: '62e24391244643d788544a7f49fc84c1') in 0.0013433 seconds
Number of updated asset objects reloaded before import = 0Number of asset objects unloaded after import = 1

========================================================================
Received Import Request.
  Time since last request: 0.940529 seconds.
  path: Assets/Dialogue/Bani/Day 3/Seq 4/BaniD3S4N 1.asset
  artifactKey: Guid(f1ec03510957efa45b8a61a8c62f67d8) Importer(2089858483,b0f066a214c2f5e87bad3c948f4d605d)
Start importing Assets/Dialogue/Bani/Day 3/Seq 4/BaniD3S4N 1.asset using Guid(f1ec03510957efa45b8a61a8c62f67d8) Importer(2089858483,b0f066a214c2f5e87bad3c948f4d605d) (ScriptedImporter) -> (artifact id: 'aedfa63862af1377c463a43e10073ef8') in 0.0174555 seconds
Number of updated asset objects reloaded before import = 0Number of asset objects unloaded after import = 1

========================================================================
Received Import Request.
  Time since last request: 0.523928 seconds.
  path: Assets/Dialogue/Bani/Day 3/Seq 4/BaniD3S4N 2.asset
  artifactKey: Guid(9280ae56f985fdf4c8b4699c15262d73) Importer(815301076,1909f56bfc062723c751e8b465ee728b)
Start importing Assets/Dialogue/Bani/Day 3/Seq 4/BaniD3S4N 2.asset using Guid(9280ae56f985fdf4c8b4699c15262d73) Importer(815301076,1909f56bfc062723c751e8b465ee728b) (PreviewImporter) -> (artifact id: '2c48fdff7d78f122f8cea2599a49eda0') in 0.0011864 seconds
Number of updated asset objects reloaded before import = 0Number of asset objects unloaded after import = 1

========================================================================
Received Import Request.
  Time since last request: 0.489793 seconds.
  path: Assets/Dialogue/Bani/Day 3/Seq 4/BaniD3S4N 3.asset
  artifactKey: Guid(5e1a4eb5826b81a46986d95845d12e00) Importer(815301076,1909f56bfc062723c751e8b465ee728b)
Start importing Assets/Dialogue/Bani/Day 3/Seq 4/BaniD3S4N 3.asset using Guid(5e1a4eb5826b81a46986d95845d12e00) Importer(815301076,1909f56bfc062723c751e8b465ee728b) (PreviewImporter) -> (artifact id: '5ec3cc528360ca89de5a3548c7855377') in 0.0013995 seconds
Number of updated asset objects reloaded before import = 0Number of asset objects unloaded after import = 1

========================================================================
Received Import Request.
  Time since last request: 0.915702 seconds.
  path: Assets/Dialogue/Bani/Day 3/Seq 4/BaniD3S4N 4.asset
  artifactKey: Guid(75513f9b234939f4386f7c3c3a751889) Importer(815301076,1909f56bfc062723c751e8b465ee728b)
Start importing Assets/Dialogue/Bani/Day 3/Seq 4/BaniD3S4N 4.asset using Guid(75513f9b234939f4386f7c3c3a751889) Importer(815301076,1909f56bfc062723c751e8b465ee728b) (PreviewImporter) -> (artifact id: '8b86f2742e3d81857fcc8c08b8dbc9c0') in 0.0012333 seconds
Number of updated asset objects reloaded before import = 0Number of asset objects unloaded after import = 1

========================================================================
Received Import Request.
  Time since last request: 0.674151 seconds.
  path: Assets/Dialogue/Bani/Day 3/Seq 4/BaniD3S4N 5.asset
  artifactKey: Guid(ba859d64312a85144a772d9f7d576bf3) Importer(815301076,1909f56bfc062723c751e8b465ee728b)
Start importing Assets/Dialogue/Bani/Day 3/Seq 4/BaniD3S4N 5.asset using Guid(ba859d64312a85144a772d9f7d576bf3) Importer(815301076,1909f56bfc062723c751e8b465ee728b) (PreviewImporter) -> (artifact id: '7afb38a575e8a606d31dd67069096f8d') in 0.0014434 seconds
Number of updated asset objects reloaded before import = 0Number of asset objects unloaded after import = 1

========================================================================
Received Import Request.
  Time since last request: 0.639745 seconds.
  path: Assets/Dialogue/Bani/Day 3/Seq 4/BaniD3S4N 6.asset
  artifactKey: Guid(42d3a4cd00d3370409e5766af1952108) Importer(815301076,1909f56bfc062723c751e8b465ee728b)
Start importing Assets/Dialogue/Bani/Day 3/Seq 4/BaniD3S4N 6.asset using Guid(42d3a4cd00d3370409e5766af1952108) Importer(815301076,1909f56bfc062723c751e8b465ee728b) (PreviewImporter) -> (artifact id: 'b813f69d649bac7797295585d0a1ad83') in 0.0013195 seconds
Number of updated asset objects reloaded before import = 0Number of asset objects unloaded after import = 1

========================================================================
Received Import Request.
  Time since last request: 0.597993 seconds.
  path: Assets/Dialogue/Bani/Day 3/Seq 4/BaniD3S4N 7.asset
  artifactKey: Guid(b3e545f58dbe9e245afe25bc5a21569f) Importer(815301076,1909f56bfc062723c751e8b465ee728b)
Start importing Assets/Dialogue/Bani/Day 3/Seq 4/BaniD3S4N 7.asset using Guid(b3e545f58dbe9e245afe25bc5a21569f) Importer(815301076,1909f56bfc062723c751e8b465ee728b) (PreviewImporter) -> (artifact id: 'e81fddb35b456478b5f8660fad1c81e8') in 0.088795 seconds
Number of updated asset objects reloaded before import = 0Number of asset objects unloaded after import = 1

========================================================================
Received Import Request.
  Time since last request: 0.565177 seconds.
  path: Assets/Dialogue/Bani/Day 3/Seq 4/BaniD3S4N 8.asset
  artifactKey: Guid(cda6a830a9da17145ac7c9082d383b60) Importer(815301076,1909f56bfc062723c751e8b465ee728b)
Start importing Assets/Dialogue/Bani/Day 3/Seq 4/BaniD3S4N 8.asset using Guid(cda6a830a9da17145ac7c9082d383b60) Importer(815301076,1909f56bfc062723c751e8b465ee728b) (PreviewImporter) -> (artifact id: 'cdb20d25371c1d3084290cf3f2118994') in 0.0015757 seconds
Number of updated asset objects reloaded before import = 0Number of asset objects unloaded after import = 1

========================================================================
Received Import Request.
  Time since last request: 0.551419 seconds.
  path: Assets/Dialogue/Bani/Day 3/Seq 4/BaniD3S4N 9.asset
  artifactKey: Guid(3e16b3cd8b63d654a958afa8df64fa5d) Importer(815301076,1909f56bfc062723c751e8b465ee728b)
Start importing Assets/Dialogue/Bani/Day 3/Seq 4/BaniD3S4N 9.asset using Guid(3e16b3cd8b63d654a958afa8df64fa5d) Importer(815301076,1909f56bfc062723c751e8b465ee728b) (PreviewImporter) -> (artifact id: '9f6a664c0220739f18a6fb1c6b1bccc1') in 0.0011959 seconds
Number of updated asset objects reloaded before import = 0Number of asset objects unloaded after import = 1

========================================================================
Received Import Request.
  Time since last request: 0.440652 seconds.
  path: Assets/Dialogue/Bani/Day 3/Seq 4/BaniD3S4N 10.asset
  artifactKey: Guid(f543d578dce56d4438b8bd6fa8fd2c86) Importer(815301076,1909f56bfc062723c751e8b465ee728b)
Start importing Assets/Dialogue/Bani/Day 3/Seq 4/BaniD3S4N 10.asset using Guid(f543d578dce56d4438b8bd6fa8fd2c86) Importer(815301076,1909f56bfc062723c751e8b465ee728b) (PreviewImporter) -> (artifact id: '4d9dc2fb1b55a100a4916efdf4dcca0c') in 0.0013696 seconds
Number of updated asset objects reloaded before import = 0Number of asset objects unloaded after import = 1

========================================================================
Received Import Request.
  Time since last request: 0.497989 seconds.
  path: Assets/Dialogue/Bani/Day 3/Seq 4/BaniD3S4N 11.asset
  artifactKey: Guid(a851ccec1beae864e8350bfc3399cec8) Importer(815301076,1909f56bfc062723c751e8b465ee728b)
Start importing Assets/Dialogue/Bani/Day 3/Seq 4/BaniD3S4N 11.asset using Guid(a851ccec1beae864e8350bfc3399cec8) Importer(815301076,1909f56bfc062723c751e8b465ee728b) (PreviewImporter) -> (artifact id: 'f7300ba680081b3803f003a90e89d3bb') in 0.0012164 seconds
Number of updated asset objects reloaded before import = 0Number of asset objects unloaded after import = 1

========================================================================
Received Import Request.
  Time since last request: 0.441955 seconds.
  path: Assets/Dialogue/Bani/Day 3/Seq 4/BaniD3S4N 12.asset
  artifactKey: Guid(47a370d75c1d00641895420ed9ef0748) Importer(815301076,1909f56bfc062723c751e8b465ee728b)
Start importing Assets/Dialogue/Bani/Day 3/Seq 4/BaniD3S4N 12.asset using Guid(47a370d75c1d00641895420ed9ef0748) Importer(815301076,1909f56bfc062723c751e8b465ee728b) (PreviewImporter) -> (artifact id: 'a38dde5d0afe279647a28944f7d18f9d') in 0.0013301 seconds
Number of updated asset objects reloaded before import = 0Number of asset objects unloaded after import = 1

========================================================================
Received Import Request.
  Time since last request: 0.493481 seconds.
  path: Assets/Dialogue/Bani/Day 3/Seq 4/BaniD3S4N 13.asset
  artifactKey: Guid(73f2696501a14a641bc2c6a302cd682f) Importer(815301076,1909f56bfc062723c751e8b465ee728b)
Start importing Assets/Dialogue/Bani/Day 3/Seq 4/BaniD3S4N 13.asset using Guid(73f2696501a14a641bc2c6a302cd682f) Importer(815301076,1909f56bfc062723c751e8b465ee728b) (PreviewImporter) -> (artifact id: '2ed7ca65b892422881502bfbc2ec96eb') in 0.0015218 seconds
Number of updated asset objects reloaded before import = 0Number of asset objects unloaded after import = 1

========================================================================
Received Import Request.
  Time since last request: 0.451519 seconds.
  path: Assets/Dialogue/Bani/Day 3/Seq 4/BaniD3S4N 14.asset
  artifactKey: Guid(bc305a739045177469aa519f08940c57) Importer(815301076,1909f56bfc062723c751e8b465ee728b)
Start importing Assets/Dialogue/Bani/Day 3/Seq 4/BaniD3S4N 14.asset using Guid(bc305a739045177469aa519f08940c57) Importer(815301076,1909f56bfc062723c751e8b465ee728b) (PreviewImporter) -> (artifact id: '8b01a56f256fd30ef2029f72a6ddf511') in 0.0012614 seconds
Number of updated asset objects reloaded before import = 0Number of asset objects unloaded after import = 1

========================================================================
Received Import Request.
  Time since last request: 0.427445 seconds.
  path: Assets/Dialogue/Bani/Day 3/Seq 4/BaniD3S4N 15.asset
  artifactKey: Guid(14d1920543291b04eb4faf39e01ff480) Importer(815301076,1909f56bfc062723c751e8b465ee728b)
Start importing Assets/Dialogue/Bani/Day 3/Seq 4/BaniD3S4N 15.asset using Guid(14d1920543291b04eb4faf39e01ff480) Importer(815301076,1909f56bfc062723c751e8b465ee728b) (PreviewImporter) -> (artifact id: '593945a05078f157af72be2162f3ff97') in 0.0012051 seconds
Number of updated asset objects reloaded before import = 0Number of asset objects unloaded after import = 1

========================================================================
Received Import Request.
  Time since last request: 0.431696 seconds.
  path: Assets/Dialogue/Bani/Day 3/Seq 4/BaniD3S4N 16.asset
  artifactKey: Guid(d4cdc0bd2a5677348bc9cc83115602fa) Importer(815301076,1909f56bfc062723c751e8b465ee728b)
Start importing Assets/Dialogue/Bani/Day 3/Seq 4/BaniD3S4N 16.asset using Guid(d4cdc0bd2a5677348bc9cc83115602fa) Importer(815301076,1909f56bfc062723c751e8b465ee728b) (PreviewImporter) -> (artifact id: '115dae1133249aeb00aa2db3e0efbbe4') in 0.0011991 seconds
Number of updated asset objects reloaded before import = 0Number of asset objects unloaded after import = 1

========================================================================
Received Import Request.
  Time since last request: 0.448959 seconds.
  path: Assets/Dialogue/Bani/Day 3/Seq 4/BaniD3S4N 17.asset
  artifactKey: Guid(f6c5630273b926a4e96e6a4addeb4148) Importer(815301076,1909f56bfc062723c751e8b465ee728b)
Start importing Assets/Dialogue/Bani/Day 3/Seq 4/BaniD3S4N 17.asset using Guid(f6c5630273b926a4e96e6a4addeb4148) Importer(815301076,1909f56bfc062723c751e8b465ee728b) (PreviewImporter) -> (artifact id: '2b9138e789674efe70b38ac4688c47ac') in 0.0012179 seconds
Number of updated asset objects reloaded before import = 0Number of asset objects unloaded after import = 1

========================================================================
Received Import Request.
  Time since last request: 0.902397 seconds.
  path: Assets/Dialogue/Bani/Day 3/Seq 2/BaniD3S2N 12.asset
  artifactKey: Guid(2047a1a1a5a2755409666f3d6e95cf52) Importer(2089858483,b0f066a214c2f5e87bad3c948f4d605d)
Start importing Assets/Dialogue/Bani/Day 3/Seq 2/BaniD3S2N 12.asset using Guid(2047a1a1a5a2755409666f3d6e95cf52) Importer(2089858483,b0f066a214c2f5e87bad3c948f4d605d) (ScriptedImporter) -> (artifact id: '8e08ee5eaec49096c8fc1e0869277438') in 0.0232148 seconds
Number of updated asset objects reloaded before import = 0Number of asset objects unloaded after import = 1

========================================================================
Received Import Request.
  Time since last request: 0.000023 seconds.
  path: Assets/Dialogue/Bani/Day 3/Seq 2/BaniD3S2N 11.asset
  artifactKey: Guid(dba5aab8fd279b047a075f8bb57756f7) Importer(2089858483,b0f066a214c2f5e87bad3c948f4d605d)
Start importing Assets/Dialogue/Bani/Day 3/Seq 2/BaniD3S2N 11.asset using Guid(dba5aab8fd279b047a075f8bb57756f7) Importer(2089858483,b0f066a214c2f5e87bad3c948f4d605d) (ScriptedImporter) -> (artifact id: '40e3665f416fb8bd084cce885821f03f') in 0.0211766 seconds
Number of updated asset objects reloaded before import = 0Number of asset objects unloaded after import = 2

========================================================================
Received Import Request.
  Time since last request: 0.000044 seconds.
  path: Assets/Dialogue/Bani/Day 3/Seq 2/BaniD3S2N 3.asset
  artifactKey: Guid(1128da137515af44abba021deeab5574) Importer(2089858483,b0f066a214c2f5e87bad3c948f4d605d)
Start importing Assets/Dialogue/Bani/Day 3/Seq 2/BaniD3S2N 3.asset using Guid(1128da137515af44abba021deeab5574) Importer(2089858483,b0f066a214c2f5e87bad3c948f4d605d) (ScriptedImporter) -> (artifact id: '317b6775f6d1cab84c8cb12d51f09341') in 0.0238141 seconds
Number of updated asset objects reloaded before import = 0Number of asset objects unloaded after import = 10

========================================================================
Received Import Request.
  Time since last request: 0.000029 seconds.
  path: Assets/Dialogue/Bani/Day 3/Seq 3/BaniD3S3N1.asset
  artifactKey: Guid(1f08f2bd57834de47805d029c7deef31) Importer(2089858483,b0f066a214c2f5e87bad3c948f4d605d)
Start importing Assets/Dialogue/Bani/Day 3/Seq 3/BaniD3S3N1.asset using Guid(1f08f2bd57834de47805d029c7deef31) Importer(2089858483,b0f066a214c2f5e87bad3c948f4d605d) (ScriptedImporter) -> (artifact id: 'be2886759a29d4df79e989543969189d') in 0.0234563 seconds
Number of updated asset objects reloaded before import = 0Number of asset objects unloaded after import = 1

========================================================================
Received Import Request.
  Time since last request: 0.000021 seconds.
  path: Assets/Dialogue/Bani/Day 3/Seq 4/BaniD3S4N 13.asset
  artifactKey: Guid(73f2696501a14a641bc2c6a302cd682f) Importer(2089858483,b0f066a214c2f5e87bad3c948f4d605d)
Start importing Assets/Dialogue/Bani/Day 3/Seq 4/BaniD3S4N 13.asset using Guid(73f2696501a14a641bc2c6a302cd682f) Importer(2089858483,b0f066a214c2f5e87bad3c948f4d605d) (ScriptedImporter) -> (artifact id: '7515322aa1c51e8e5f461e15fd6372cd') in 0.0257185 seconds
Number of updated asset objects reloaded before import = 0Number of asset objects unloaded after import = 1

========================================================================
Received Import Request.
  Time since last request: 0.000023 seconds.
  path: Assets/Dialogue/Bani/Day 3/Seq 4/BaniD3S4N 4.asset
  artifactKey: Guid(75513f9b234939f4386f7c3c3a751889) Importer(2089858483,b0f066a214c2f5e87bad3c948f4d605d)
Start importing Assets/Dialogue/Bani/Day 3/Seq 4/BaniD3S4N 4.asset using Guid(75513f9b234939f4386f7c3c3a751889) Importer(2089858483,b0f066a214c2f5e87bad3c948f4d605d) (ScriptedImporter) -> (artifact id: '6ca3fd114ec419e6be0bb56181d35bf3') in 0.0212525 seconds
Number of updated asset objects reloaded before import = 0Number of asset objects unloaded after import = 1

========================================================================
Received Import Request.
  Time since last request: 0.000040 seconds.
  path: Assets/Dialogue/Bani/Day 3/Seq 2/BaniD3S2N 1.asset
  artifactKey: Guid(e7a88639bffa67d4eb1af3790ac572ba) Importer(2089858483,b0f066a214c2f5e87bad3c948f4d605d)
Start importing Assets/Dialogue/Bani/Day 3/Seq 2/BaniD3S2N 1.asset using Guid(e7a88639bffa67d4eb1af3790ac572ba) Importer(2089858483,b0f066a214c2f5e87bad3c948f4d605d) (ScriptedImporter) -> (artifact id: 'd03fa52054bf128a0396e87129fb1d27') in 0.0294428 seconds
Number of updated asset objects reloaded before import = 0Number of asset objects unloaded after import = 12

========================================================================
Received Import Request.
  Time since last request: 0.000032 seconds.
  path: Assets/Dialogue/Bani/Day 3/Seq 4/BaniD3S4N 16.asset
  artifactKey: Guid(d4cdc0bd2a5677348bc9cc83115602fa) Importer(2089858483,b0f066a214c2f5e87bad3c948f4d605d)
Start importing Assets/Dialogue/Bani/Day 3/Seq 4/BaniD3S4N 16.asset using Guid(d4cdc0bd2a5677348bc9cc83115602fa) Importer(2089858483,b0f066a214c2f5e87bad3c948f4d605d) (ScriptedImporter) -> (artifact id: '29b741239b37abf821be401b3a364184') in 0.0242469 seconds
Number of updated asset objects reloaded before import = 0Number of asset objects unloaded after import = 1

========================================================================
Received Import Request.
  Time since last request: 0.000040 seconds.
  path: Assets/Dialogue/Bani/Day 3/Seq 2/BaniD3S2N 7.asset
  artifactKey: Guid(8cef0afe085b2294ba110c745cb4727d) Importer(2089858483,b0f066a214c2f5e87bad3c948f4d605d)
Start importing Assets/Dialogue/Bani/Day 3/Seq 2/BaniD3S2N 7.asset using Guid(8cef0afe085b2294ba110c745cb4727d) Importer(2089858483,b0f066a214c2f5e87bad3c948f4d605d) (ScriptedImporter) -> (artifact id: '38ce0237c5f0b3efc1a27380efd68618') in 0.0264326 seconds
Number of updated asset objects reloaded before import = 0Number of asset objects unloaded after import = 6

========================================================================
Received Import Request.
  Time since last request: 0.000021 seconds.
  path: Assets/Dialogue/Bani/Day 3/Seq 2/BaniD3S2N 2.asset
  artifactKey: Guid(22ac7dabc851bab4fb87a08f3d77feb5) Importer(2089858483,b0f066a214c2f5e87bad3c948f4d605d)
Start importing Assets/Dialogue/Bani/Day 3/Seq 2/BaniD3S2N 2.asset using Guid(22ac7dabc851bab4fb87a08f3d77feb5) Importer(2089858483,b0f066a214c2f5e87bad3c948f4d605d) (ScriptedImporter) -> (artifact id: '30bd071b4f2e4bac53678dee8b021420') in 0.0215472 seconds
Number of updated asset objects reloaded before import = 0Number of asset objects unloaded after import = 11

========================================================================
Received Import Request.
  Time since last request: 0.000019 seconds.
  path: Assets/Dialogue/Bani/Day 3/Seq 4/BaniD3S4N 8.asset
  artifactKey: Guid(cda6a830a9da17145ac7c9082d383b60) Importer(2089858483,b0f066a214c2f5e87bad3c948f4d605d)
Start importing Assets/Dialogue/Bani/Day 3/Seq 4/BaniD3S4N 8.asset using Guid(cda6a830a9da17145ac7c9082d383b60) Importer(2089858483,b0f066a214c2f5e87bad3c948f4d605d) (ScriptedImporter) -> (artifact id: '587e9d770ec371198a62641ea854de90') in 0.0238216 seconds
Number of updated asset objects reloaded before import = 0Number of asset objects unloaded after import = 1

========================================================================
Received Import Request.
  Time since last request: 0.000038 seconds.
  path: Assets/Dialogue/Bani/Day 3/Seq 4/BaniD3S4N 15.asset
  artifactKey: Guid(14d1920543291b04eb4faf39e01ff480) Importer(2089858483,b0f066a214c2f5e87bad3c948f4d605d)
Start importing Assets/Dialogue/Bani/Day 3/Seq 4/BaniD3S4N 15.asset using Guid(14d1920543291b04eb4faf39e01ff480) Importer(2089858483,b0f066a214c2f5e87bad3c948f4d605d) (ScriptedImporter) -> (artifact id: 'b809c42755ba6a747374d1267955f4be') in 0.0211566 seconds
Number of updated asset objects reloaded before import = 0Number of asset objects unloaded after import = 1

========================================================================
Received Import Request.
  Time since last request: 0.000030 seconds.
  path: Assets/Dialogue/Bani/Day 3/Seq 2/BaniD3S2N 10.asset
  artifactKey: Guid(a038eae10b071ad478c5cc31b0b2012d) Importer(2089858483,b0f066a214c2f5e87bad3c948f4d605d)
Start importing Assets/Dialogue/Bani/Day 3/Seq 2/BaniD3S2N 10.asset using Guid(a038eae10b071ad478c5cc31b0b2012d) Importer(2089858483,b0f066a214c2f5e87bad3c948f4d605d) (ScriptedImporter) -> (artifact id: '2b39464dba79d153b8e827491c580697') in 0.0257963 seconds
Number of updated asset objects reloaded before import = 0Number of asset objects unloaded after import = 3

========================================================================
Received Import Request.
  Time since last request: 0.000026 seconds.
  path: Assets/Dialogue/Bani/Day 3/Seq 4/BaniD3S4N 3.asset
  artifactKey: Guid(5e1a4eb5826b81a46986d95845d12e00) Importer(2089858483,b0f066a214c2f5e87bad3c948f4d605d)
Start importing Assets/Dialogue/Bani/Day 3/Seq 4/BaniD3S4N 3.asset using Guid(5e1a4eb5826b81a46986d95845d12e00) Importer(2089858483,b0f066a214c2f5e87bad3c948f4d605d) (ScriptedImporter) -> (artifact id: '16a72ae1756bcb461f11b54d67d48257') in 0.0222784 seconds
Number of updated asset objects reloaded before import = 0Number of asset objects unloaded after import = 1

========================================================================
Received Import Request.
  Time since last request: 0.000020 seconds.
  path: Assets/Dialogue/Bani/Day 3/Seq 2/BaniD3S2N 6.asset
  artifactKey: Guid(aaaaccc37f9375444822f5e6d7390abe) Importer(2089858483,b0f066a214c2f5e87bad3c948f4d605d)
Start importing Assets/Dialogue/Bani/Day 3/Seq 2/BaniD3S2N 6.asset using Guid(aaaaccc37f9375444822f5e6d7390abe) Importer(2089858483,b0f066a214c2f5e87bad3c948f4d605d) (ScriptedImporter) -> (artifact id: 'c6d75ea69f4c9022773cb68796b91b81') in 0.0203723 seconds
Number of updated asset objects reloaded before import = 0Number of asset objects unloaded after import = 7

========================================================================
Received Import Request.
  Time since last request: 0.000025 seconds.
  path: Assets/Dialogue/Bani/Day 3/Seq 4/BaniD3S4N 9.asset
  artifactKey: Guid(3e16b3cd8b63d654a958afa8df64fa5d) Importer(2089858483,b0f066a214c2f5e87bad3c948f4d605d)
Start importing Assets/Dialogue/Bani/Day 3/Seq 4/BaniD3S4N 9.asset using Guid(3e16b3cd8b63d654a958afa8df64fa5d) Importer(2089858483,b0f066a214c2f5e87bad3c948f4d605d) (ScriptedImporter) -> (artifact id: '6b4621475d663f12ffcb3c8b05664bb0') in 0.020714 seconds
Number of updated asset objects reloaded before import = 0Number of asset objects unloaded after import = 1

Editor requested this worker to shutdown with reason: Scaling down because of idle timeout
AssetImportWorker is now disconnected from the server
Process exiting
Exiting without the bug reporter. Application will terminate with return code 0