[Licensing::Module] Trying to connect to existing licensing client channel...
Built from '6000.3/staging' branch; Version is '6000.3.16f1 (a56f230f6470) revision 10841891'; Using compiler version '194234433'; Build Type 'Release'
OS: 'Windows 11  (10.0.26100) CoreSingleLanguage' Language: 'en' Physical Memory: 32108 MB
[Licensing::IpcConnector] Successfully connected to: "LicenseClient-User" at "2026-07-16T21:13:26.373936Z"
BatchMode: 1, IsHumanControllingUs: 0, StartBugReporterOnCrash: 0, Is64bit: 1
System  architecture: x64
Process architecture: x64
Date: 2026-07-16T21:13:26Z

COMMAND LINE ARGUMENTS:
C:\Program Files\Unity\Hub\Editor\6000.3.16f1\Editor\Unity.exe
-adb2
-batchMode
-noUpm
-name
AssetImportWorker15
-projectPath
D:/Unity Projects/ExitAnt-IAT312-P1/312_Assignment2
-logFile
Logs/AssetImportWorker15.log
-srvPort
49722
-licensingIpc
LicenseClient-User
-job-worker-count
7
-background-job-worker-count
8
-gc-helper-count
1
-name
AssetImport
Successfully changed project path to: D:/Unity Projects/ExitAnt-IAT312-P1/312_Assignment2
D:/Unity Projects/ExitAnt-IAT312-P1/312_Assignment2
[UnityMemory] Configuration Parameters - Can be set up in boot.config
    "memorysetup-temp-allocator-size-nav-mesh-worker=65536"
    "memorysetup-temp-allocator-size-audio-worker=65536"
    "memorysetup-temp-allocator-size-gfx=262144"
    "memorysetup-allocator-temp-initial-block-size-main=262144"
    "memorysetup-allocator-temp-initial-block-size-worker=262144"
    "memorysetup-temp-allocator-size-background-worker=32768"
    "memorysetup-temp-allocator-size-job-worker=262144"
    "memorysetup-temp-allocator-size-preload-manager=33554432"
    "memorysetup-temp-allocator-size-gi-baking-worker=262144"
    "memorysetup-temp-allocator-size-gi-baking-worker=262144"
    "memorysetup-temp-allocator-size-gi-baking-worker=262144"
    "memorysetup-temp-allocator-size-gi-baking-worker=262144"
    "memorysetup-temp-allocator-size-gi-baking-worker=262144"
    "memorysetup-bucket-allocator-granularity=16"
    "memorysetup-bucket-allocator-bucket-count=8"
    "memorysetup-bucket-allocator-block-size=33554432"
    "memorysetup-bucket-allocator-block-count=8"
    "memorysetup-main-allocator-block-size=16777216"
    "memorysetup-thread-allocator-block-size=16777216"
    "memorysetup-gfx-main-allocator-block-size=16777216"
    "memorysetup-gfx-thread-allocator-block-size=16777216"
    "memorysetup-cache-allocator-block-size=4194304"
    "memorysetup-typetree-allocator-block-size=2097152"
    "memorysetup-profiler-bucket-allocator-granularity=16"
    "memorysetup-profiler-bucket-allocator-bucket-count=8"
    "memorysetup-profiler-bucket-allocator-block-size=33554432"
    "memorysetup-profiler-bucket-allocator-block-count=8"
    "memorysetup-profiler-allocator-block-size=16777216"
    "memorysetup-profiler-editor-allocator-block-size=1048576"
    "memorysetup-temp-allocator-size-main=16777216"
    "memorysetup-job-temp-allocator-block-size=2097152"
    "memorysetup-job-temp-allocator-block-size-background=1048576"
    "memorysetup-job-temp-allocator-reduction-small-platforms=262144"
    "memorysetup-temp-allocator-size-cloud-worker=32768"
Player connection [34508]  Target information:

Player connection [34508]  * "[IP] 192.168.1.97 [Port] 0 [Flags] 2 [Guid] 2488754841 [EditorId] 2488754841 [Version] 1048832 [Id] WindowsEditor(7,DESKTOP-OVH4FSK) [Debug] 1 [PackageName] WindowsEditor [ProjectName] Editor" 

Player connection [34508] Host joined multi-casting on [225.0.0.222:54997]...
Player connection [34508] Host joined alternative multi-casting on [225.0.0.222:34997]...
JobSystem: Creating JobQueue using job-worker-count value 7
Input System module state changed to: Initialized.
[Physics::Module] Initialized fallback backend.
[Physics::Module] Id: 0xdecafbad
Library Redirect Path: Library/
[Physics::Module] Selected backend.
[Physics::Module] Name: PhysX
[Physics::Module] Id: 0xf2b8ea05
[Physics::Module] SDK Version: 4.1.2
[Physics::Module] Integration Version: 1.0.0
[Physics::Module] Threading Mode: Multi-Threaded
Refreshing native plugins compatible for Editor in 7.01 ms, found 5 plugins.
Preloading 0 native plugins for Editor in 0.00 ms.
Initialize engine version: 6000.3.16f1 (a56f230f6470)
[Subsystems] Discovering subsystems at path C:/Program Files/Unity/Hub/Editor/6000.3.16f1/Editor/Data/Resources/UnitySubsystems
[Subsystems] Discovering subsystems at path D:/Unity Projects/ExitAnt-IAT312-P1/312_Assignment2/Assets
GfxDevice: creating device client; kGfxThreadingModeNonThreaded
[Licensing::Client] Error: HandshakeResponse reported an error:
	ResponseCode: 505
	ResponseStatus: Unsupported protocol version '1.18.1'.
[Licensing::Module] Error: Failed to handshake to channel: "LicenseClient-User"
[Licensing::IpcConnector] LicenseClient-User channel disconnected successfully.
[Licensing::IpcConnector] Successfully connected to: "LicenseClient-User-6000.3.16" at "2026-07-16T21:13:27.8289428Z"
[Licensing::Client] Code 10 while verifying Licensing Client signature (process Id: 29352, path: "C:/Program Files/Unity/Hub/Editor/6000.3.16f1/Editor/Data/Resources/Licensing/Client/Unity.Licensing.Client.exe")
[Licensing::Module] LicensingClient has failed validation; ignoring
[Licensing::Client] Handshaking with LicensingClient:
  Version:                 1.18.1+9fbee8e
  Session Id:              566b99e60027411a8a51571d81d6bc1e
  Correlation Id:          47882071dff180c034864f0352291f7f
  External correlation Id: 5356944838505795639
  Machine Id:              NKcRUsz1GwU4Q4WJtDcG2fyxkZM=
[Licensing::Module] Successfully connected to LicensingClient on channel: "LicenseClient-User-6000.3.16" (connect: 0.00s, validation: 0.00s, handshake: 0.01s)
[Licensing::IpcConnector] Successfully connected to: "LicenseClient-User-6000.3.16-notifications" at "2026-07-16T21:13:27.8407934Z"
[Licensing::Module] Licensing Background thread has ended after 1.47s
d3d12: failed to query info queue interface (0x80004002).
Direct3D:
    Version:         Direct3D 12 [level 12.2]
    Renderer:        NVIDIA GeForce RTX 3060 Laptop GPU (ID=0x2520)
    Vendor:          NVIDIA
    VRAM:            5996 MB
    App VRAM Budget: 5228 MB
    Driver:          32.0.15.8088
Initialize mono
Mono path[0] = 'C:/Program Files/Unity/Hub/Editor/6000.3.16f1/Editor/Data/Managed'
Mono path[1] = 'C:/Program Files/Unity/Hub/Editor/6000.3.16f1/Editor/Data/MonoBleedingEdge/lib/mono/unityjit-win32'
Mono config path = 'C:/Program Files/Unity/Hub/Editor/6000.3.16f1/Editor/Data/MonoBleedingEdge/etc'
Using monoOptions --debugger-agent=transport=dt_socket,embedding=1,server=y,suspend=n,address=127.0.0.1:56676
Begin MonoManager ReloadAssembly
Registering precompiled unity dll's ...
Register platform support module: C:/Program Files/Unity/Hub/Editor/6000.3.16f1/Editor/Data/PlaybackEngines/WindowsStandaloneSupport/UnityEditor.WindowsStandalone.Extensions.dll
Registered in 0.003316 seconds.
- Loaded All Assemblies, in  0.646 seconds
Native extension for WindowsStandalone target not found
Package Manager log level set to [2]
[Package Manager] Failed to launch server process. Reason: Unity was launched with the -noUpm command-line argument
[Package Manager] Unable to send message (not connected to server process).
[Package Manager] Cannot connect to Unity Package Manager local server
ScheduleIndexationOnStartup MainProcess:False IndexOnStartup:True
Mono: successfully reloaded assembly
- Finished resetting the current domain, in  0.639 seconds
Domain Reload Profiling: 1279ms
	BeginReloadAssembly (206ms)
		ExecutionOrderSort (0ms)
		DisableScriptedObjects (0ms)
		BackupInstance (0ms)
		ReleaseScriptingObjects (0ms)
		CreateAndSetChildDomain (1ms)
	RebuildCommonClasses (60ms)
	RebuildNativeTypeToScriptingClass (24ms)
	initialDomainReloadingComplete (79ms)
	LoadAllAssembliesAndSetupDomain (271ms)
		LoadAssemblies (198ms)
		RebuildTransferFunctionScriptingTraits (0ms)
		AnalyzeDomain (267ms)
			TypeCache.Refresh (264ms)
				TypeCache.ScanAssembly (244ms)
			BuildScriptInfoCaches (0ms)
			ResolveRequiredComponents (1ms)
	FinalizeReload (640ms)
		ReleaseScriptCaches (0ms)
		RebuildScriptCaches (0ms)
		SetupLoadedEditorAssemblies (562ms)
			LogAssemblyErrors (0ms)
			InitializePlatformSupportModulesInManaged (86ms)
			SetLoadedEditorAssemblies (7ms)
			BeforeProcessingInitializeOnLoad (137ms)
			ProcessInitializeOnLoadAttributes (221ms)
			ProcessInitializeOnLoadMethodAttributes (111ms)
			AfterProcessingInitializeOnLoad (0ms)
			EditorAssembliesLoaded (0ms)
		ExecutionOrderSort2 (0ms)
		AwakeInstancesAfterBackupRestoration (0ms)
Assembly reference Packages/com.unity.cinemachine/Editor/Samples/ExposeHDRPInternals/HDRP-Editor-ref.asmref has no target assembly definition
========================================================================
Worker process is ready to serve import requests
Import Worker Mode flag is 0x00
Assembly reference Packages/com.unity.cinemachine/Editor/Samples/ExposeHDRPInternals/HDRP-Editor-ref.asmref has no target assembly definition
Assembly reference Packages/com.unity.cinemachine/Editor/Samples/ExposeHDRPInternals/HDRP-Editor-ref.asmref has no target assembly definition
Begin MonoManager ReloadAssembly
[Licensing::Client] Successfully resolved entitlement details
[Licensing::Module] License group:
  Id: 3574399251830-UnityPersXXXX
  Product: Unity Personal
  Type: Assigned
  Expiration: Unlimited
- Loaded All Assemblies, in  1.189 seconds
Assembly reference Packages/com.unity.cinemachine/Editor/Samples/ExposeHDRPInternals/HDRP-Editor-ref.asmref has no target assembly definition
'Packages/com.unity.cinemachine/Editor/Obsolete/CinemachineVirtualCameraBaseEditor.cs' contains partial class of Unity.Object, exactly 1 of the partial classes needs to be in a file with the same filename. This is to know the one that can be referenced from ie. GameObjects
'Packages/com.unity.cinemachine/Editor/Editors/CinemachineVirtualCameraBaseEditor.cs' contains partial class of Unity.Object, exactly 1 of the partial classes needs to be in a file with the same filename. This is to know the one that can be referenced from ie. GameObjects
Refreshing native plugins compatible for Editor in 2.51 ms, found 5 plugins.
Native extension for WindowsStandalone target not found
Assembly reference Packages/com.unity.cinemachine/Editor/Samples/ExposeHDRPInternals/HDRP-Editor-ref.asmref has no target assembly definition
[Package Manager] Failed to launch server process. Reason: Unity was launched with the -noUpm command-line argument
[Package Manager] Unable to send message (not connected to server process).
[Package Manager] Cannot connect to Unity Package Manager local server
[Package Manager] Failed to launch server process. Reason: Unity was launched with the -noUpm command-line argument
[Package Manager] Unable to send message (not connected to server process).
[Package Manager] Cannot connect to Unity Package Manager local server
[Package Manager] Failed to launch server process. Reason: Unity was launched with the -noUpm command-line argument
[Package Manager] Unable to send message (not connected to server process).
[Package Manager] Cannot connect to Unity Package Manager local server
Refreshing native plugins compatible for Editor in 3.48 ms, found 5 plugins.
ScheduleIndexationOnStartup MainProcess:False IndexOnStartup:True
Mono: successfully reloaded assembly
- Finished resetting the current domain, in  1.234 seconds
Domain Reload Profiling: 2417ms
	BeginReloadAssembly (263ms)
		ExecutionOrderSort (0ms)
		DisableScriptedObjects (13ms)
		BackupInstance (0ms)
		ReleaseScriptingObjects (0ms)
		CreateAndSetChildDomain (38ms)
	RebuildCommonClasses (53ms)
	RebuildNativeTypeToScriptingClass (16ms)
	initialDomainReloadingComplete (61ms)
	LoadAllAssembliesAndSetupDomain (789ms)
		LoadAssemblies (484ms)
		RebuildTransferFunctionScriptingTraits (0ms)
		AnalyzeDomain (445ms)
			TypeCache.Refresh (306ms)
				TypeCache.ScanAssembly (285ms)
			BuildScriptInfoCaches (116ms)
			ResolveRequiredComponents (17ms)
	FinalizeReload (1235ms)
		ReleaseScriptCaches (0ms)
		RebuildScriptCaches (0ms)
		SetupLoadedEditorAssemblies (1021ms)
			LogAssemblyErrors (0ms)
			InitializePlatformSupportModulesInManaged (3ms)
			SetLoadedEditorAssemblies (6ms)
			BeforeProcessingInitializeOnLoad (199ms)
			ProcessInitializeOnLoadAttributes (642ms)
			ProcessInitializeOnLoadMethodAttributes (158ms)
			AfterProcessingInitializeOnLoad (11ms)
			EditorAssembliesLoaded (0ms)
		ExecutionOrderSort2 (0ms)
		AwakeInstancesAfterBackupRestoration (10ms)
Launched and connected shader compiler UnityShaderCompiler.exe after 0.02 seconds
Refreshing native plugins compatible for Editor in 2.27 ms, found 5 plugins.
Preloading 0 native plugins for Editor in 0.00 ms.
Unloading 17 Unused Serialized files (Serialized files now loaded: 0)
Unloading 7649 unused Assets / (5.1 MB). Loaded Objects now: 8481.
Memory consumption went from 163.7 MB to 158.6 MB.
Total: 11.190000 ms (FindLiveObjects: 0.836400 ms CreateObjectMapping: 0.659500 ms MarkObjects: 6.747400 ms  DeleteObjects: 2.945000 ms)

========================================================================
Received Import Request.
  Time since last request: 103153.296034 seconds.
  path: Assets/Dialogue/Bani/Day 2/Seq 1/BaniD2S1N 6.asset
  artifactKey: Guid(53bc9df3fe26e4946a552b9deacdb3ec) Importer(2089858483,b0f066a214c2f5e87bad3c948f4d605d)
Start importing Assets/Dialogue/Bani/Day 2/Seq 1/BaniD2S1N 6.asset using Guid(53bc9df3fe26e4946a552b9deacdb3ec) Importer(2089858483,b0f066a214c2f5e87bad3c948f4d605d) (ScriptedImporter) -> (artifact id: 'ae8514e2ab4abce66b77076b32e8b307') in 0.246923 seconds
Number of updated asset objects reloaded before import = 0Number of asset objects unloaded after import = 3

========================================================================
Received Import Request.
  Time since last request: 0.682549 seconds.
  path: Assets/Dialogue/Bani/Day 2/Seq 3/BaniD2S3N 4.asset
  artifactKey: Guid(1ddf042c5a6eb974e8b2f3164a72a6c0) Importer(2089858483,b0f066a214c2f5e87bad3c948f4d605d)
Start importing Assets/Dialogue/Bani/Day 2/Seq 3/BaniD2S3N 4.asset using Guid(1ddf042c5a6eb974e8b2f3164a72a6c0) Importer(2089858483,b0f066a214c2f5e87bad3c948f4d605d) (ScriptedImporter) -> (artifact id: '5e55f8a8fa39424ed1365b4356a4488e') in 0.0332111 seconds
Number of updated asset objects reloaded before import = 0Number of asset objects unloaded after import = 1

========================================================================
Received Import Request.
  Time since last request: 80.142553 seconds.
  path: Assets/Prefabs/NPCPrefabs/NPC_Pendi.prefab
  artifactKey: Guid(deea7ba267dfdd3409d55dbdfb269054) Importer(815301076,1909f56bfc062723c751e8b465ee728b)
Start importing Assets/Prefabs/NPCPrefabs/NPC_Pendi.prefab using Guid(deea7ba267dfdd3409d55dbdfb269054) Importer(815301076,1909f56bfc062723c751e8b465ee728b) (PreviewImporter) -> (artifact id: 'bf81227a8fb56fada7ca300f59f3c654') in 0.6111268 seconds
Number of updated asset objects reloaded before import = 0Number of asset objects unloaded after import = 65

========================================================================
Received Import Request.
  Time since last request: 4.956655 seconds.
  path: Assets/ItemData/QuestItems/Sandwich.asset
  artifactKey: Guid(7b421d2506abdf94497244957fbabfd1) Importer(815301076,1909f56bfc062723c751e8b465ee728b)
Start importing Assets/ItemData/QuestItems/Sandwich.asset using Guid(7b421d2506abdf94497244957fbabfd1) Importer(815301076,1909f56bfc062723c751e8b465ee728b) (PreviewImporter) -> (artifact id: '633223adf72574bd2b22f33791cd671f') in 0.0018416 seconds
Number of updated asset objects reloaded before import = 0Number of asset objects unloaded after import = 2

========================================================================
Received Import Request.
  Time since last request: 1.822420 seconds.
  path: Assets/ItemData/QuestItems/Sandwich 1.asset
  artifactKey: Guid(0e13e069fd4a8e642820cad370ed30d6) Importer(815301076,1909f56bfc062723c751e8b465ee728b)
Start importing Assets/ItemData/QuestItems/Sandwich 1.asset using Guid(0e13e069fd4a8e642820cad370ed30d6) Importer(815301076,1909f56bfc062723c751e8b465ee728b) (PreviewImporter) -> (artifact id: 'ecc95fa01b857409e1901bb874fc1561') in 0.0014923 seconds
Number of updated asset objects reloaded before import = 0Number of asset objects unloaded after import = 2

========================================================================
Received Import Request.
  Time since last request: 2.788609 seconds.
  path: Assets/Dialogue/Bani/Day 2/Seq 3/BaniD2S3N 6.asset
  artifactKey: Guid(9b732e04e9c0ca445ab96b97dc505787) Importer(2089858483,b0f066a214c2f5e87bad3c948f4d605d)
Start importing Assets/Dialogue/Bani/Day 2/Seq 3/BaniD2S3N 6.asset using Guid(9b732e04e9c0ca445ab96b97dc505787) Importer(2089858483,b0f066a214c2f5e87bad3c948f4d605d) (ScriptedImporter) -> (artifact id: 'b1e0ab4e6c5e71446a6ad872d322e890') in 0.0145841 seconds
Number of updated asset objects reloaded before import = 0Number of asset objects unloaded after import = 1

========================================================================
Received Import Request.
  Time since last request: 4.038462 seconds.
  path: Assets/ItemData/QuestItems/RomanceNove;.asset
  artifactKey: Guid(0e13e069fd4a8e642820cad370ed30d6) Importer(815301076,1909f56bfc062723c751e8b465ee728b)
Start importing Assets/ItemData/QuestItems/RomanceNove;.asset using Guid(0e13e069fd4a8e642820cad370ed30d6) Importer(815301076,1909f56bfc062723c751e8b465ee728b) (PreviewImporter) -> (artifact id: '3e04baa0bf8be82e1fe89b157832f6fe') in 0.001354 seconds
Number of updated asset objects reloaded before import = 0Number of asset objects unloaded after import = 2

========================================================================
Received Import Request.
  Time since last request: 0.929404 seconds.
  path: Assets/ItemData/QuestItems/RomanceNove;.asset
  artifactKey: Guid(0e13e069fd4a8e642820cad370ed30d6) Importer(2089858483,b0f066a214c2f5e87bad3c948f4d605d)
Start importing Assets/ItemData/QuestItems/RomanceNove;.asset using Guid(0e13e069fd4a8e642820cad370ed30d6) Importer(2089858483,b0f066a214c2f5e87bad3c948f4d605d) (ScriptedImporter) -> (artifact id: '30b2429829fa12df64bea9c3169c4eea') in 0.012724 seconds
Number of updated asset objects reloaded before import = 0Number of asset objects unloaded after import = 2

========================================================================
Received Import Request.
  Time since last request: 3.104268 seconds.
  path: Assets/ItemData/QuestItems/RomanceNove1.asset
  artifactKey: Guid(0e13e069fd4a8e642820cad370ed30d6) Importer(815301076,1909f56bfc062723c751e8b465ee728b)
Start importing Assets/ItemData/QuestItems/RomanceNove1.asset using Guid(0e13e069fd4a8e642820cad370ed30d6) Importer(815301076,1909f56bfc062723c751e8b465ee728b) (PreviewImporter) -> (artifact id: '616d7769fffe29977242bd487fe5bc87') in 0.001462 seconds
Number of updated asset objects reloaded before import = 0Number of asset objects unloaded after import = 2

========================================================================
Received Import Request.
  Time since last request: 0.917581 seconds.
  path: Assets/ItemData/QuestItems/RomanceNove1.asset
  artifactKey: Guid(0e13e069fd4a8e642820cad370ed30d6) Importer(2089858483,b0f066a214c2f5e87bad3c948f4d605d)
Start importing Assets/ItemData/QuestItems/RomanceNove1.asset using Guid(0e13e069fd4a8e642820cad370ed30d6) Importer(2089858483,b0f066a214c2f5e87bad3c948f4d605d) (ScriptedImporter) -> (artifact id: 'a734885417bb17ff9bbe83c56039062a') in 0.013584 seconds
Number of updated asset objects reloaded before import = 0Number of asset objects unloaded after import = 2

========================================================================
Received Import Request.
  Time since last request: 13.404933 seconds.
  path: Assets/ItemData/QuestItems/RomanceNove1.asset
  artifactKey: Guid(0e13e069fd4a8e642820cad370ed30d6) Importer(815301076,1909f56bfc062723c751e8b465ee728b)
Start importing Assets/ItemData/QuestItems/RomanceNove1.asset using Guid(0e13e069fd4a8e642820cad370ed30d6) Importer(815301076,1909f56bfc062723c751e8b465ee728b) (PreviewImporter) -> (artifact id: '5f8c52dd7c97dd5060c35dae93ac79f9') in 0.0015214 seconds
Number of updated asset objects reloaded before import = 0Number of asset objects unloaded after import = 2

========================================================================
Received Import Request.
  Time since last request: 0.907526 seconds.
  path: Assets/ItemData/QuestItems/RomanceNove1.asset
  artifactKey: Guid(0e13e069fd4a8e642820cad370ed30d6) Importer(2089858483,b0f066a214c2f5e87bad3c948f4d605d)
Start importing Assets/ItemData/QuestItems/RomanceNove1.asset using Guid(0e13e069fd4a8e642820cad370ed30d6) Importer(2089858483,b0f066a214c2f5e87bad3c948f4d605d) (ScriptedImporter) -> (artifact id: '80020d14907f9634dba1e52efe5369ea') in 0.0189531 seconds
Number of updated asset objects reloaded before import = 0Number of asset objects unloaded after import = 2

========================================================================
Received Import Request.
  Time since last request: 20.864012 seconds.
  path: Assets/ItemData/QuestItems/FantasyNovel.asset
  artifactKey: Guid(8aba4e7a2b5adc34299a0dc98c1bd700) Importer(815301076,1909f56bfc062723c751e8b465ee728b)
Start importing Assets/ItemData/QuestItems/FantasyNovel.asset using Guid(8aba4e7a2b5adc34299a0dc98c1bd700) Importer(815301076,1909f56bfc062723c751e8b465ee728b) (PreviewImporter) -> (artifact id: 'c19afce2713f7e4400869024687512be') in 0.0014629 seconds
Number of updated asset objects reloaded before import = 0Number of asset objects unloaded after import = 2

========================================================================
Received Import Request.
  Time since last request: 0.926306 seconds.
  path: Assets/ItemData/QuestItems/FantasyNovel.asset
  artifactKey: Guid(8aba4e7a2b5adc34299a0dc98c1bd700) Importer(2089858483,b0f066a214c2f5e87bad3c948f4d605d)
Start importing Assets/ItemData/QuestItems/FantasyNovel.asset using Guid(8aba4e7a2b5adc34299a0dc98c1bd700) Importer(2089858483,b0f066a214c2f5e87bad3c948f4d605d) (ScriptedImporter) -> (artifact id: '61332df09aa3715ad7a4baf180d90a5f') in 0.0123234 seconds
Number of updated asset objects reloaded before import = 0Number of asset objects unloaded after import = 2

========================================================================
Received Import Request.
  Time since last request: 81.811689 seconds.
  path: Assets/ItemData/QuestItems/RomanceNovel.asset
  artifactKey: Guid(0e13e069fd4a8e642820cad370ed30d6) Importer(815301076,1909f56bfc062723c751e8b465ee728b)
Start importing Assets/ItemData/QuestItems/RomanceNovel.asset using Guid(0e13e069fd4a8e642820cad370ed30d6) Importer(815301076,1909f56bfc062723c751e8b465ee728b) (PreviewImporter) -> (artifact id: '74be54be33123b7b96b289e778de3260') in 0.0018585 seconds
Number of updated asset objects reloaded before import = 0Number of asset objects unloaded after import = 2

========================================================================
Received Import Request.
  Time since last request: 0.919140 seconds.
  path: Assets/ItemData/QuestItems/RomanceNovel.asset
  artifactKey: Guid(0e13e069fd4a8e642820cad370ed30d6) Importer(2089858483,b0f066a214c2f5e87bad3c948f4d605d)
Start importing Assets/ItemData/QuestItems/RomanceNovel.asset using Guid(0e13e069fd4a8e642820cad370ed30d6) Importer(2089858483,b0f066a214c2f5e87bad3c948f4d605d) (ScriptedImporter) -> (artifact id: '0eb714408d9fe6ce581fd602dad2773b') in 0.0137411 seconds
Number of updated asset objects reloaded before import = 0Number of asset objects unloaded after import = 2

========================================================================
Received Import Request.
  Time since last request: 31.457531 seconds.
  path: Assets/Prefabs/ItemPrefabs/QuestItems/QItem_Package.prefab
  artifactKey: Guid(ffd5b99cffdbc734ab9cba0cfd575f49) Importer(815301076,1909f56bfc062723c751e8b465ee728b)
Start importing Assets/Prefabs/ItemPrefabs/QuestItems/QItem_Package.prefab using Guid(ffd5b99cffdbc734ab9cba0cfd575f49) Importer(815301076,1909f56bfc062723c751e8b465ee728b) (PreviewImporter) -> (artifact id: 'd13278bad8443cb034f4ad6d1f61cd7f') in 0.0170593 seconds
Number of updated asset objects reloaded before import = 0Number of asset objects unloaded after import = 19

========================================================================
Received Import Request.
  Time since last request: 30.908922 seconds.
  path: Assets/Prefabs/WorldItemPrefabs/QuestItems
  artifactKey: Guid(77449d3a442b2a449ad7c51d1baa89ff) Importer(2089858483,b0f066a214c2f5e87bad3c948f4d605d)
Start importing Assets/Prefabs/WorldItemPrefabs/QuestItems using Guid(77449d3a442b2a449ad7c51d1baa89ff) Importer(2089858483,b0f066a214c2f5e87bad3c948f4d605d) (ScriptedImporter) -> (artifact id: 'a70124e4de60b59a72fe7593efeca707') in 0.0192629 seconds
Number of updated asset objects reloaded before import = 0Number of asset objects unloaded after import = 1

========================================================================
Received Import Request.
  Time since last request: 0.000025 seconds.
  path: Assets/Prefabs/WorldItemPrefabs/Item_Apple.prefab
  artifactKey: Guid(db2cda2b471b3804ba963a9b1754ef4c) Importer(2089858483,b0f066a214c2f5e87bad3c948f4d605d)
Start importing Assets/Prefabs/WorldItemPrefabs/Item_Apple.prefab using Guid(db2cda2b471b3804ba963a9b1754ef4c) Importer(2089858483,b0f066a214c2f5e87bad3c948f4d605d) (ScriptedImporter) -> (artifact id: 'b1c56570996e3060886e0f456eab8872') in 0.0989199 seconds
Number of updated asset objects reloaded before import = 0Number of asset objects unloaded after import = 19

========================================================================
Received Import Request.
  Time since last request: 0.000033 seconds.
  path: Assets/Prefabs/WorldItemPrefabs/Item_Diamond.prefab
  artifactKey: Guid(d074522addcaaf749b2da73274de8624) Importer(2089858483,b0f066a214c2f5e87bad3c948f4d605d)
Start importing Assets/Prefabs/WorldItemPrefabs/Item_Diamond.prefab using Guid(d074522addcaaf749b2da73274de8624) Importer(2089858483,b0f066a214c2f5e87bad3c948f4d605d) (ScriptedImporter) -> (artifact id: 'db3ecfc61420c19e2a554288925d8c64') in 0.0446831 seconds
Number of updated asset objects reloaded before import = 0Number of asset objects unloaded after import = 19

========================================================================
Received Import Request.
  Time since last request: 38.028164 seconds.
  path: Assets/Prefabs/WorldItemPrefabs/QuestItems/QItem_Package 1.prefab
  artifactKey: Guid(1109ddd42410a1a448dceaf0bf94c835) Importer(815301076,1909f56bfc062723c751e8b465ee728b)
Start importing Assets/Prefabs/WorldItemPrefabs/QuestItems/QItem_Package 1.prefab using Guid(1109ddd42410a1a448dceaf0bf94c835) Importer(815301076,1909f56bfc062723c751e8b465ee728b) (PreviewImporter) -> (artifact id: '8c065d787f1bcf53c4bc19f2b57c8bf0') in 0.0148479 seconds
Number of updated asset objects reloaded before import = 0Number of asset objects unloaded after import = 19

========================================================================
Received Import Request.
  Time since last request: 1.940598 seconds.
  path: Assets/ItemData/QuestItems/FantasyNovel.asset
  artifactKey: Guid(8aba4e7a2b5adc34299a0dc98c1bd700) Importer(2089858483,b0f066a214c2f5e87bad3c948f4d605d)
Start importing Assets/ItemData/QuestItems/FantasyNovel.asset using Guid(8aba4e7a2b5adc34299a0dc98c1bd700) Importer(2089858483,b0f066a214c2f5e87bad3c948f4d605d) (ScriptedImporter) -> (artifact id: 'f3981b7db08ae995c6a927cb5ffab030') in 0.0156352 seconds
Number of updated asset objects reloaded before import = 0Number of asset objects unloaded after import = 2

========================================================================
Received Import Request.
  Time since last request: 10.395962 seconds.
  path: Assets/Prefabs/WorldItemPrefabs/QuestItems/QItem_TortokManga.prefab
  artifactKey: Guid(1109ddd42410a1a448dceaf0bf94c835) Importer(815301076,1909f56bfc062723c751e8b465ee728b)
Start importing Assets/Prefabs/WorldItemPrefabs/QuestItems/QItem_TortokManga.prefab using Guid(1109ddd42410a1a448dceaf0bf94c835) Importer(815301076,1909f56bfc062723c751e8b465ee728b) (PreviewImporter) -> (artifact id: '2b90c3d374ce48074ca4ab0271c616d2') in 0.0153788 seconds
Number of updated asset objects reloaded before import = 0Number of asset objects unloaded after import = 19

========================================================================
Received Import Request.
  Time since last request: 1.033855 seconds.
  path: Assets/Prefabs/WorldItemPrefabs/QuestItems/QItem_TortokManga.prefab
  artifactKey: Guid(1109ddd42410a1a448dceaf0bf94c835) Importer(2089858483,b0f066a214c2f5e87bad3c948f4d605d)
Start importing Assets/Prefabs/WorldItemPrefabs/QuestItems/QItem_TortokManga.prefab using Guid(1109ddd42410a1a448dceaf0bf94c835) Importer(2089858483,b0f066a214c2f5e87bad3c948f4d605d) (ScriptedImporter) -> (artifact id: 'ca2881c86b5f052e5da4897552e20370') in 0.0349007 seconds
Number of updated asset objects reloaded before import = 0Number of asset objects unloaded after import = 19

========================================================================
Received Import Request.
  Time since last request: 8.440364 seconds.
  path: Assets/ItemData/QuestItems/FantasyNovel.asset
  artifactKey: Guid(8aba4e7a2b5adc34299a0dc98c1bd700) Importer(815301076,1909f56bfc062723c751e8b465ee728b)
Start importing Assets/ItemData/QuestItems/FantasyNovel.asset using Guid(8aba4e7a2b5adc34299a0dc98c1bd700) Importer(815301076,1909f56bfc062723c751e8b465ee728b) (PreviewImporter) -> (artifact id: '0275ffa7218949ca989b8b4b50d415f6') in 0.0018016 seconds
Number of updated asset objects reloaded before import = 0Number of asset objects unloaded after import = 2

========================================================================
Received Import Request.
  Time since last request: 5.238407 seconds.
  path: Assets/ItemData/QuestItems/Sandwich 1.asset
  artifactKey: Guid(4f155760082b38044a3d06fe23288019) Importer(815301076,1909f56bfc062723c751e8b465ee728b)
Start importing Assets/ItemData/QuestItems/Sandwich 1.asset using Guid(4f155760082b38044a3d06fe23288019) Importer(815301076,1909f56bfc062723c751e8b465ee728b) (PreviewImporter) -> (artifact id: 'aaba56786bcdeee7926ba0554de064c2') in 0.0013884 seconds
Number of updated asset objects reloaded before import = 0Number of asset objects unloaded after import = 2

========================================================================
Received Import Request.
  Time since last request: 0.958160 seconds.
  path: Assets/ItemData/QuestItems/Sandwich 1.asset
  artifactKey: Guid(4f155760082b38044a3d06fe23288019) Importer(2089858483,b0f066a214c2f5e87bad3c948f4d605d)
Start importing Assets/ItemData/QuestItems/Sandwich 1.asset using Guid(4f155760082b38044a3d06fe23288019) Importer(2089858483,b0f066a214c2f5e87bad3c948f4d605d) (ScriptedImporter) -> (artifact id: 'c809c4f9168d52295bfd0616ee05df47') in 0.0136546 seconds
Number of updated asset objects reloaded before import = 0Number of asset objects unloaded after import = 2

========================================================================
Received Import Request.
  Time since last request: 5.460688 seconds.
  path: Assets/ItemData/QuestItems/Manag.asset
  artifactKey: Guid(4f155760082b38044a3d06fe23288019) Importer(815301076,1909f56bfc062723c751e8b465ee728b)
Start importing Assets/ItemData/QuestItems/Manag.asset using Guid(4f155760082b38044a3d06fe23288019) Importer(815301076,1909f56bfc062723c751e8b465ee728b) (PreviewImporter) -> (artifact id: 'eb28b80b3d94bbedd74b6c5f804f1aca') in 0.0021403 seconds
Number of updated asset objects reloaded before import = 0Number of asset objects unloaded after import = 2

========================================================================
Received Import Request.
  Time since last request: 0.915923 seconds.
  path: Assets/ItemData/QuestItems/Manag.asset
  artifactKey: Guid(4f155760082b38044a3d06fe23288019) Importer(2089858483,b0f066a214c2f5e87bad3c948f4d605d)
Start importing Assets/ItemData/QuestItems/Manag.asset using Guid(4f155760082b38044a3d06fe23288019) Importer(2089858483,b0f066a214c2f5e87bad3c948f4d605d) (ScriptedImporter) -> (artifact id: 'aa341e72dd863f9931effefa9ecb0400') in 0.0131564 seconds
Number of updated asset objects reloaded before import = 0Number of asset objects unloaded after import = 2

========================================================================
Received Import Request.
  Time since last request: 5.367659 seconds.
  path: Assets/ItemData/QuestItems/Manga.asset
  artifactKey: Guid(4f155760082b38044a3d06fe23288019) Importer(815301076,1909f56bfc062723c751e8b465ee728b)
Start importing Assets/ItemData/QuestItems/Manga.asset using Guid(4f155760082b38044a3d06fe23288019) Importer(815301076,1909f56bfc062723c751e8b465ee728b) (PreviewImporter) -> (artifact id: '6fc92d13986ad935101b97e33611d765') in 0.0013594 seconds
Number of updated asset objects reloaded before import = 0Number of asset objects unloaded after import = 2

========================================================================
Received Import Request.
  Time since last request: 0.928238 seconds.
  path: Assets/ItemData/QuestItems/Manga.asset
  artifactKey: Guid(4f155760082b38044a3d06fe23288019) Importer(2089858483,b0f066a214c2f5e87bad3c948f4d605d)
Start importing Assets/ItemData/QuestItems/Manga.asset using Guid(4f155760082b38044a3d06fe23288019) Importer(2089858483,b0f066a214c2f5e87bad3c948f4d605d) (ScriptedImporter) -> (artifact id: '8f75c803762edcc10d36510e3ae621b6') in 0.0132247 seconds
Number of updated asset objects reloaded before import = 0Number of asset objects unloaded after import = 2

========================================================================
Received Import Request.
  Time since last request: 43.717324 seconds.
  path: Assets/Prefabs/WorldItemPrefabs/QuestItems/QItem_TortokManga.prefab
  artifactKey: Guid(1109ddd42410a1a448dceaf0bf94c835) Importer(815301076,1909f56bfc062723c751e8b465ee728b)
Start importing Assets/Prefabs/WorldItemPrefabs/QuestItems/QItem_TortokManga.prefab using Guid(1109ddd42410a1a448dceaf0bf94c835) Importer(815301076,1909f56bfc062723c751e8b465ee728b) (PreviewImporter) -> (artifact id: '3914e182d39ee5f04b81c2e38f5ebfca') in 0.0153157 seconds
Number of updated asset objects reloaded before import = 0Number of asset objects unloaded after import = 19

========================================================================
Received Import Request.
  Time since last request: 0.907988 seconds.
  path: Assets/Prefabs/WorldItemPrefabs/QuestItems/QItem_TortokManga.prefab
  artifactKey: Guid(1109ddd42410a1a448dceaf0bf94c835) Importer(2089858483,b0f066a214c2f5e87bad3c948f4d605d)
Start importing Assets/Prefabs/WorldItemPrefabs/QuestItems/QItem_TortokManga.prefab using Guid(1109ddd42410a1a448dceaf0bf94c835) Importer(2089858483,b0f066a214c2f5e87bad3c948f4d605d) (ScriptedImporter) -> (artifact id: '7b758cf5c35f404ddfd843ac92a19cf1') in 0.0361466 seconds
Number of updated asset objects reloaded before import = 0Number of asset objects unloaded after import = 19

========================================================================
Received Import Request.
  Time since last request: 28.354343 seconds.
  path: Assets/ItemData/QuestItems/Manga.asset
  artifactKey: Guid(4f155760082b38044a3d06fe23288019) Importer(815301076,1909f56bfc062723c751e8b465ee728b)
Start importing Assets/ItemData/QuestItems/Manga.asset using Guid(4f155760082b38044a3d06fe23288019) Importer(815301076,1909f56bfc062723c751e8b465ee728b) (PreviewImporter) -> (artifact id: 'b73f9245f6676fd66317f45ad58f6b48') in 0.001473 seconds
Number of updated asset objects reloaded before import = 0Number of asset objects unloaded after import = 2

========================================================================
Received Import Request.
  Time since last request: 1.866328 seconds.
  path: Assets/ItemData/QuestItems/Manga.asset
  artifactKey: Guid(4f155760082b38044a3d06fe23288019) Importer(2089858483,b0f066a214c2f5e87bad3c948f4d605d)
Start importing Assets/ItemData/QuestItems/Manga.asset using Guid(4f155760082b38044a3d06fe23288019) Importer(2089858483,b0f066a214c2f5e87bad3c948f4d605d) (ScriptedImporter) -> (artifact id: '10602662fbaed2512464e6c4a932f6c4') in 0.0125483 seconds
Number of updated asset objects reloaded before import = 0Number of asset objects unloaded after import = 2

========================================================================
Received Import Request.
  Time since last request: 4.252974 seconds.
  path: Assets/ItemData/QuestItems/HorrorNovel.asset
  artifactKey: Guid(1fc396f3722068c4f8ecc976bddef45b) Importer(815301076,1909f56bfc062723c751e8b465ee728b)
Start importing Assets/ItemData/QuestItems/HorrorNovel.asset using Guid(1fc396f3722068c4f8ecc976bddef45b) Importer(815301076,1909f56bfc062723c751e8b465ee728b) (PreviewImporter) -> (artifact id: '92b742bd9f501eaa7a184e9d897218d7') in 0.0014944 seconds
Number of updated asset objects reloaded before import = 0Number of asset objects unloaded after import = 2

========================================================================
Received Import Request.
  Time since last request: 0.928265 seconds.
  path: Assets/ItemData/QuestItems/HorrorNovel.asset
  artifactKey: Guid(1fc396f3722068c4f8ecc976bddef45b) Importer(2089858483,b0f066a214c2f5e87bad3c948f4d605d)
Start importing Assets/ItemData/QuestItems/HorrorNovel.asset using Guid(1fc396f3722068c4f8ecc976bddef45b) Importer(2089858483,b0f066a214c2f5e87bad3c948f4d605d) (ScriptedImporter) -> (artifact id: '9334ecc0072e047490d01442b6176aa4') in 0.0132916 seconds
Number of updated asset objects reloaded before import = 0Number of asset objects unloaded after import = 2

========================================================================
Received Import Request.
  Time since last request: 21.652334 seconds.
  path: Assets/ItemData/QuestItems/HorrorNovel.asset
  artifactKey: Guid(1fc396f3722068c4f8ecc976bddef45b) Importer(815301076,1909f56bfc062723c751e8b465ee728b)
Start importing Assets/ItemData/QuestItems/HorrorNovel.asset using Guid(1fc396f3722068c4f8ecc976bddef45b) Importer(815301076,1909f56bfc062723c751e8b465ee728b) (PreviewImporter) -> (artifact id: '7a60802dd5ac9d90cdbe5b656235c19d') in 0.001472 seconds
Number of updated asset objects reloaded before import = 0Number of asset objects unloaded after import = 2

========================================================================
Received Import Request.
  Time since last request: 0.908608 seconds.
  path: Assets/ItemData/QuestItems/HorrorNovel.asset
  artifactKey: Guid(1fc396f3722068c4f8ecc976bddef45b) Importer(2089858483,b0f066a214c2f5e87bad3c948f4d605d)
Start importing Assets/ItemData/QuestItems/HorrorNovel.asset using Guid(1fc396f3722068c4f8ecc976bddef45b) Importer(2089858483,b0f066a214c2f5e87bad3c948f4d605d) (ScriptedImporter) -> (artifact id: '3b004a87a09fb97e06dd6d4a348834ac') in 0.0129369 seconds
Number of updated asset objects reloaded before import = 0Number of asset objects unloaded after import = 2

========================================================================
Received Import Request.
  Time since last request: 7.951506 seconds.
  path: Assets/ItemData/QuestItems/Sci-FiNovel.asset
  artifactKey: Guid(4778d689cf37a1b40856c257f4c0bd40) Importer(815301076,1909f56bfc062723c751e8b465ee728b)
Start importing Assets/ItemData/QuestItems/Sci-FiNovel.asset using Guid(4778d689cf37a1b40856c257f4c0bd40) Importer(815301076,1909f56bfc062723c751e8b465ee728b) (PreviewImporter) -> (artifact id: '55af4851c98eb3edf0bfdf0d511c69bb') in 0.0025943 seconds
Number of updated asset objects reloaded before import = 0Number of asset objects unloaded after import = 2

========================================================================
Received Import Request.
  Time since last request: 0.419224 seconds.
  path: Assets/ItemData/QuestItems/Sci-FiNovel.asset
  artifactKey: Guid(4778d689cf37a1b40856c257f4c0bd40) Importer(2089858483,b0f066a214c2f5e87bad3c948f4d605d)
Start importing Assets/ItemData/QuestItems/Sci-FiNovel.asset using Guid(4778d689cf37a1b40856c257f4c0bd40) Importer(2089858483,b0f066a214c2f5e87bad3c948f4d605d) (ScriptedImporter) -> (artifact id: '1083860973ef18df1747e4fe10baf27a') in 0.0122134 seconds
Number of updated asset objects reloaded before import = 0Number of asset objects unloaded after import = 2

========================================================================
Received Import Request.
  Time since last request: 60.321822 seconds.
  path: Assets/Dialogue/Bani/Day 2/Seq 3/BaniD2S3N 6.asset
  artifactKey: Guid(9b732e04e9c0ca445ab96b97dc505787) Importer(815301076,1909f56bfc062723c751e8b465ee728b)
Start importing Assets/Dialogue/Bani/Day 2/Seq 3/BaniD2S3N 6.asset using Guid(9b732e04e9c0ca445ab96b97dc505787) Importer(815301076,1909f56bfc062723c751e8b465ee728b) (PreviewImporter) -> (artifact id: '2f0479eb3e17d28a161edfa2cd45a2be') in 0.001565 seconds
Number of updated asset objects reloaded before import = 0Number of asset objects unloaded after import = 1

========================================================================
Received Import Request.
  Time since last request: 1.941382 seconds.
  path: Assets/Dialogue/Bani/Day 2/Seq 2/BaniD2S2N1.asset
  artifactKey: Guid(3c132e7fc7cabe446a8cd530c394b3a4) Importer(815301076,1909f56bfc062723c751e8b465ee728b)
Start importing Assets/Dialogue/Bani/Day 2/Seq 2/BaniD2S2N1.asset using Guid(3c132e7fc7cabe446a8cd530c394b3a4) Importer(815301076,1909f56bfc062723c751e8b465ee728b) (PreviewImporter) -> (artifact id: '606d885ed19d40e478ff98036f4bc231') in 0.0011151 seconds
Number of updated asset objects reloaded before import = 0Number of asset objects unloaded after import = 1

========================================================================
Received Import Request.
  Time since last request: 208.635851 seconds.
  path: Assets/Dialogue/Bani/Day 2/Seq 3/BaniD2S3N7A.asset
  artifactKey: Guid(99885ad6e50d4734faacf0dab5b89f05) Importer(815301076,1909f56bfc062723c751e8b465ee728b)
Start importing Assets/Dialogue/Bani/Day 2/Seq 3/BaniD2S3N7A.asset using Guid(99885ad6e50d4734faacf0dab5b89f05) Importer(815301076,1909f56bfc062723c751e8b465ee728b) (PreviewImporter) -> (artifact id: 'e0b4fde69af049099619a6d128613a0c') in 0.0013192 seconds
Number of updated asset objects reloaded before import = 0Number of asset objects unloaded after import = 1

========================================================================
Received Import Request.
  Time since last request: 0.939042 seconds.
  path: Assets/Dialogue/Bani/Day 2/Seq 3/BaniD2S3N7A.asset
  artifactKey: Guid(99885ad6e50d4734faacf0dab5b89f05) Importer(2089858483,b0f066a214c2f5e87bad3c948f4d605d)
Start importing Assets/Dialogue/Bani/Day 2/Seq 3/BaniD2S3N7A.asset using Guid(99885ad6e50d4734faacf0dab5b89f05) Importer(2089858483,b0f066a214c2f5e87bad3c948f4d605d) (ScriptedImporter) -> (artifact id: '3f962b2021298a6b6d4c896507b79d4c') in 0.0149202 seconds
Number of updated asset objects reloaded before import = 0Number of asset objects unloaded after import = 1

========================================================================
Received Import Request.
  Time since last request: 2.990155 seconds.
  path: Assets/Dialogue/Bani/Day 2/Seq 3/BaniD2S3N 1.asset
  artifactKey: Guid(ede93c8aa2262c7458863bae29419aee) Importer(815301076,1909f56bfc062723c751e8b465ee728b)
Start importing Assets/Dialogue/Bani/Day 2/Seq 3/BaniD2S3N 1.asset using Guid(ede93c8aa2262c7458863bae29419aee) Importer(815301076,1909f56bfc062723c751e8b465ee728b) (PreviewImporter) -> (artifact id: '22af26897db78ef265ee1849a6008ca8') in 0.0032523 seconds
Number of updated asset objects reloaded before import = 0Number of asset objects unloaded after import = 8

========================================================================
Received Import Request.
  Time since last request: 0.000045 seconds.
  path: Assets/Dialogue/Bani/Day 2/Seq 3/BaniD2S3N 5.asset
  artifactKey: Guid(4e7a01ae5a282764199996ccd3e3acae) Importer(815301076,1909f56bfc062723c751e8b465ee728b)
Start importing Assets/Dialogue/Bani/Day 2/Seq 3/BaniD2S3N 5.asset using Guid(4e7a01ae5a282764199996ccd3e3acae) Importer(815301076,1909f56bfc062723c751e8b465ee728b) (PreviewImporter) -> (artifact id: '3eda07c221677fae73e4d5054585c267') in 0.0028055 seconds
Number of updated asset objects reloaded before import = 0Number of asset objects unloaded after import = 4

========================================================================
Received Import Request.
  Time since last request: 0.000034 seconds.
  path: Assets/Dialogue/Bani/Day 2/Seq 3/BaniD2S3N 4.asset
  artifactKey: Guid(1ddf042c5a6eb974e8b2f3164a72a6c0) Importer(815301076,1909f56bfc062723c751e8b465ee728b)
Start importing Assets/Dialogue/Bani/Day 2/Seq 3/BaniD2S3N 4.asset using Guid(1ddf042c5a6eb974e8b2f3164a72a6c0) Importer(815301076,1909f56bfc062723c751e8b465ee728b) (PreviewImporter) -> (artifact id: '85dd8bf6a1ee369665d500a461752290') in 0.0027479 seconds
Number of updated asset objects reloaded before import = 0Number of asset objects unloaded after import = 5

========================================================================
Received Import Request.
  Time since last request: 2.100574 seconds.
  path: Assets/Dialogue/Bani/Day 2/Seq 3/BaniD2S3N 4.asset
  artifactKey: Guid(1ddf042c5a6eb974e8b2f3164a72a6c0) Importer(2089858483,b0f066a214c2f5e87bad3c948f4d605d)
Start importing Assets/Dialogue/Bani/Day 2/Seq 3/BaniD2S3N 4.asset using Guid(1ddf042c5a6eb974e8b2f3164a72a6c0) Importer(2089858483,b0f066a214c2f5e87bad3c948f4d605d) (ScriptedImporter) -> (artifact id: '729afc0fe79b3a9edbee0f2cfadf9436') in 0.0301212 seconds
Number of updated asset objects reloaded before import = 0Number of asset objects unloaded after import = 5

========================================================================
Received Import Request.
  Time since last request: 0.000033 seconds.
  path: Assets/Dialogue/Bani/Day 2/Seq 3/BaniD2S3N 2.asset
  artifactKey: Guid(a2757c79b36dae64b8af658b331f6829) Importer(2089858483,b0f066a214c2f5e87bad3c948f4d605d)
Start importing Assets/Dialogue/Bani/Day 2/Seq 3/BaniD2S3N 2.asset using Guid(a2757c79b36dae64b8af658b331f6829) Importer(2089858483,b0f066a214c2f5e87bad3c948f4d605d) (ScriptedImporter) -> (artifact id: 'e7c852406a3c169f5d5033b4a66a4d71') in 0.0219772 seconds
Number of updated asset objects reloaded before import = 0Number of asset objects unloaded after import = 7

========================================================================
Received Import Request.
  Time since last request: 0.000029 seconds.
  path: Assets/Dialogue/Bani/Day 2/Seq 3/BaniD2S3N 6.asset
  artifactKey: Guid(9b732e04e9c0ca445ab96b97dc505787) Importer(2089858483,b0f066a214c2f5e87bad3c948f4d605d)
Start importing Assets/Dialogue/Bani/Day 2/Seq 3/BaniD2S3N 6.asset using Guid(9b732e04e9c0ca445ab96b97dc505787) Importer(2089858483,b0f066a214c2f5e87bad3c948f4d605d) (ScriptedImporter) -> (artifact id: '1f21243015c0744ee410bfe05360ac8b') in 0.0199481 seconds
Number of updated asset objects reloaded before import = 0Number of asset objects unloaded after import = 3

========================================================================
Received Import Request.
  Time since last request: 0.000032 seconds.
  path: Assets/Dialogue/Bani/Day 2/Seq 3/BaniD2S3N 3.asset
  artifactKey: Guid(76b708256b2f44347a36c712eb3a6881) Importer(2089858483,b0f066a214c2f5e87bad3c948f4d605d)
Start importing Assets/Dialogue/Bani/Day 2/Seq 3/BaniD2S3N 3.asset using Guid(76b708256b2f44347a36c712eb3a6881) Importer(2089858483,b0f066a214c2f5e87bad3c948f4d605d) (ScriptedImporter) -> (artifact id: '1526bcaf947c98892ed1a1afeee23a93') in 0.0178329 seconds
Number of updated asset objects reloaded before import = 0Number of asset objects unloaded after import = 6

========================================================================
Received Import Request.
  Time since last request: 4.725544 seconds.
  path: Assets/Dialogue/Bani/Day 2/Seq 3/BaniD2S3N8A.asset
  artifactKey: Guid(3c0eda61c29c72743974826f1ba4fd1f) Importer(815301076,1909f56bfc062723c751e8b465ee728b)
Start importing Assets/Dialogue/Bani/Day 2/Seq 3/BaniD2S3N8A.asset using Guid(3c0eda61c29c72743974826f1ba4fd1f) Importer(815301076,1909f56bfc062723c751e8b465ee728b) (PreviewImporter) -> (artifact id: '630be7b98b0a35cf60153583da5e7a5b') in 0.00127 seconds
Number of updated asset objects reloaded before import = 0Number of asset objects unloaded after import = 1

========================================================================
Received Import Request.
  Time since last request: 0.916342 seconds.
  path: Assets/Dialogue/Bani/Day 2/Seq 3/BaniD2S3N8A.asset
  artifactKey: Guid(3c0eda61c29c72743974826f1ba4fd1f) Importer(2089858483,b0f066a214c2f5e87bad3c948f4d605d)
Start importing Assets/Dialogue/Bani/Day 2/Seq 3/BaniD2S3N8A.asset using Guid(3c0eda61c29c72743974826f1ba4fd1f) Importer(2089858483,b0f066a214c2f5e87bad3c948f4d605d) (ScriptedImporter) -> (artifact id: '2b701ef074cff53f521ffdf171cc1251') in 0.0163429 seconds
Number of updated asset objects reloaded before import = 0Number of asset objects unloaded after import = 1

========================================================================
Received Import Request.
  Time since last request: 8.697719 seconds.
  path: Assets/Dialogue/Bani/Day 2/Seq 3/BaniD2S3N7A 1.asset
  artifactKey: Guid(b3e3cb3274ce041438f6be36d8c56b21) Importer(815301076,1909f56bfc062723c751e8b465ee728b)
Start importing Assets/Dialogue/Bani/Day 2/Seq 3/BaniD2S3N7A 1.asset using Guid(b3e3cb3274ce041438f6be36d8c56b21) Importer(815301076,1909f56bfc062723c751e8b465ee728b) (PreviewImporter) -> (artifact id: '19a8f0c18d8b6668168ff70ecd2df3d7') in 0.0012488 seconds
Number of updated asset objects reloaded before import = 0Number of asset objects unloaded after import = 1

========================================================================
Received Import Request.
  Time since last request: 1.369083 seconds.
  path: Assets/Dialogue/Bani/Day 2/Seq 3/BaniD2S3N7A 1.asset
  artifactKey: Guid(b3e3cb3274ce041438f6be36d8c56b21) Importer(2089858483,b0f066a214c2f5e87bad3c948f4d605d)
Start importing Assets/Dialogue/Bani/Day 2/Seq 3/BaniD2S3N7A 1.asset using Guid(b3e3cb3274ce041438f6be36d8c56b21) Importer(2089858483,b0f066a214c2f5e87bad3c948f4d605d) (ScriptedImporter) -> (artifact id: '673132e8d1c31698890a5141f33661d5') in 0.0125182 seconds
Number of updated asset objects reloaded before import = 0Number of asset objects unloaded after import = 1

========================================================================
Received Import Request.
  Time since last request: 2.815336 seconds.
  path: Assets/Dialogue/Bani/Day 2/Seq 3/BaniD2S3N7B.asset
  artifactKey: Guid(b3e3cb3274ce041438f6be36d8c56b21) Importer(815301076,1909f56bfc062723c751e8b465ee728b)
Start importing Assets/Dialogue/Bani/Day 2/Seq 3/BaniD2S3N7B.asset using Guid(b3e3cb3274ce041438f6be36d8c56b21) Importer(815301076,1909f56bfc062723c751e8b465ee728b) (PreviewImporter) -> (artifact id: 'f7f91cfe0eb38729e1be26754b9faff8') in 0.0011953 seconds
Number of updated asset objects reloaded before import = 0Number of asset objects unloaded after import = 1

========================================================================
Received Import Request.
  Time since last request: 0.931390 seconds.
  path: Assets/Dialogue/Bani/Day 2/Seq 3/BaniD2S3N7B.asset
  artifactKey: Guid(b3e3cb3274ce041438f6be36d8c56b21) Importer(2089858483,b0f066a214c2f5e87bad3c948f4d605d)
Start importing Assets/Dialogue/Bani/Day 2/Seq 3/BaniD2S3N7B.asset using Guid(b3e3cb3274ce041438f6be36d8c56b21) Importer(2089858483,b0f066a214c2f5e87bad3c948f4d605d) (ScriptedImporter) -> (artifact id: 'e920149b8bf1ed74963aaa7590f106ec') in 0.0155316 seconds
Number of updated asset objects reloaded before import = 0Number of asset objects unloaded after import = 1

========================================================================
Received Import Request.
  Time since last request: 0.102364 seconds.
  path: Assets/Dialogue/Bani/Day 2/Seq 3/BaniD2S3N8A 1.asset
  artifactKey: Guid(49ef59166e681864982aacab645b23fb) Importer(815301076,1909f56bfc062723c751e8b465ee728b)
Start importing Assets/Dialogue/Bani/Day 2/Seq 3/BaniD2S3N8A 1.asset using Guid(49ef59166e681864982aacab645b23fb) Importer(815301076,1909f56bfc062723c751e8b465ee728b) (PreviewImporter) -> (artifact id: '510c3507c56b49f627825d258fe1efdb') in 0.0014191 seconds
Number of updated asset objects reloaded before import = 0Number of asset objects unloaded after import = 1

========================================================================
Received Import Request.
  Time since last request: 1.529555 seconds.
  path: Assets/Dialogue/Bani/Day 2/Seq 3/BaniD2S3N8A 1.asset
  artifactKey: Guid(49ef59166e681864982aacab645b23fb) Importer(2089858483,b0f066a214c2f5e87bad3c948f4d605d)
Start importing Assets/Dialogue/Bani/Day 2/Seq 3/BaniD2S3N8A 1.asset using Guid(49ef59166e681864982aacab645b23fb) Importer(2089858483,b0f066a214c2f5e87bad3c948f4d605d) (ScriptedImporter) -> (artifact id: '306f4c88529897141f5a4e04bd794744') in 0.0135173 seconds
Number of updated asset objects reloaded before import = 0Number of asset objects unloaded after import = 1

========================================================================
Received Import Request.
  Time since last request: 7.007335 seconds.
  path: Assets/Dialogue/Bani/Day 2/Seq 3/BaniD2S3N8B.asset
  artifactKey: Guid(49ef59166e681864982aacab645b23fb) Importer(815301076,1909f56bfc062723c751e8b465ee728b)
Start importing Assets/Dialogue/Bani/Day 2/Seq 3/BaniD2S3N8B.asset using Guid(49ef59166e681864982aacab645b23fb) Importer(815301076,1909f56bfc062723c751e8b465ee728b) (PreviewImporter) -> (artifact id: 'b0225c23d4bf8235eeee5443f971f65f') in 0.0012019 seconds
Number of updated asset objects reloaded before import = 0Number of asset objects unloaded after import = 1

========================================================================
Received Import Request.
  Time since last request: 0.924841 seconds.
  path: Assets/Dialogue/Bani/Day 2/Seq 3/BaniD2S3N8B.asset
  artifactKey: Guid(49ef59166e681864982aacab645b23fb) Importer(2089858483,b0f066a214c2f5e87bad3c948f4d605d)
Start importing Assets/Dialogue/Bani/Day 2/Seq 3/BaniD2S3N8B.asset using Guid(49ef59166e681864982aacab645b23fb) Importer(2089858483,b0f066a214c2f5e87bad3c948f4d605d) (ScriptedImporter) -> (artifact id: 'cf1ce77516f2ab231ec49ca8bfa1995a') in 0.0151464 seconds
Number of updated asset objects reloaded before import = 0Number of asset objects unloaded after import = 1

========================================================================
Received Import Request.
  Time since last request: 0.460171 seconds.
  path: Assets/Dialogue/Bani/Day 2/Seq 3/BaniD2S3N8B 1.asset
  artifactKey: Guid(c9a5d0f2dfc21514aabaf1fdf40a2ed2) Importer(815301076,1909f56bfc062723c751e8b465ee728b)
Start importing Assets/Dialogue/Bani/Day 2/Seq 3/BaniD2S3N8B 1.asset using Guid(c9a5d0f2dfc21514aabaf1fdf40a2ed2) Importer(815301076,1909f56bfc062723c751e8b465ee728b) (PreviewImporter) -> (artifact id: '6476bef9fbb92962437b2cfe2f480a7e') in 0.0012633 seconds
Number of updated asset objects reloaded before import = 0Number of asset objects unloaded after import = 1

========================================================================
Received Import Request.
  Time since last request: 1.219199 seconds.
  path: Assets/Dialogue/Bani/Day 2/Seq 3/BaniD2S3N8B 1.asset
  artifactKey: Guid(c9a5d0f2dfc21514aabaf1fdf40a2ed2) Importer(2089858483,b0f066a214c2f5e87bad3c948f4d605d)
Start importing Assets/Dialogue/Bani/Day 2/Seq 3/BaniD2S3N8B 1.asset using Guid(c9a5d0f2dfc21514aabaf1fdf40a2ed2) Importer(2089858483,b0f066a214c2f5e87bad3c948f4d605d) (ScriptedImporter) -> (artifact id: '790a48f027f5e425d46e76c5886312de') in 0.0126002 seconds
Number of updated asset objects reloaded before import = 0Number of asset objects unloaded after import = 1

========================================================================
Received Import Request.
  Time since last request: 2.720683 seconds.
  path: Assets/Dialogue/Bani/Day 2/Seq 3/BaniD2S3N9B.asset
  artifactKey: Guid(c9a5d0f2dfc21514aabaf1fdf40a2ed2) Importer(815301076,1909f56bfc062723c751e8b465ee728b)
Start importing Assets/Dialogue/Bani/Day 2/Seq 3/BaniD2S3N9B.asset using Guid(c9a5d0f2dfc21514aabaf1fdf40a2ed2) Importer(815301076,1909f56bfc062723c751e8b465ee728b) (PreviewImporter) -> (artifact id: '6cfc4d87c33512be0865811cf0ec40f8') in 0.0013594 seconds
Number of updated asset objects reloaded before import = 0Number of asset objects unloaded after import = 1

========================================================================
Received Import Request.
  Time since last request: 0.993773 seconds.
  path: Assets/Dialogue/Bani/Day 2/Seq 3/BaniD2S3N9B.asset
  artifactKey: Guid(c9a5d0f2dfc21514aabaf1fdf40a2ed2) Importer(2089858483,b0f066a214c2f5e87bad3c948f4d605d)
Start importing Assets/Dialogue/Bani/Day 2/Seq 3/BaniD2S3N9B.asset using Guid(c9a5d0f2dfc21514aabaf1fdf40a2ed2) Importer(2089858483,b0f066a214c2f5e87bad3c948f4d605d) (ScriptedImporter) -> (artifact id: '37fb888a5a624b5f39c53ec3079035a4') in 0.0125602 seconds
Number of updated asset objects reloaded before import = 0Number of asset objects unloaded after import = 1

========================================================================
Received Import Request.
  Time since last request: 209.878088 seconds.
  path: Assets/Dialogue/Bani/Day 2/Seq 1/BaniD2S1N 1.asset
  artifactKey: Guid(869ffc03ef47cf8478998b051ed9eead) Importer(815301076,1909f56bfc062723c751e8b465ee728b)
Start importing Assets/Dialogue/Bani/Day 2/Seq 1/BaniD2S1N 1.asset using Guid(869ffc03ef47cf8478998b051ed9eead) Importer(815301076,1909f56bfc062723c751e8b465ee728b) (PreviewImporter) -> (artifact id: 'e68896bb77b9518d49ac89066ebd3dbe') in 0.0024046 seconds
Number of updated asset objects reloaded before import = 0Number of asset objects unloaded after import = 8

========================================================================
Received Import Request.
  Time since last request: 0.000036 seconds.
  path: Assets/Dialogue/Bani/Day 2/Seq 1/BaniD2S1N 5.asset
  artifactKey: Guid(7683c4d807c48024587a69ba293d4d9a) Importer(815301076,1909f56bfc062723c751e8b465ee728b)
Start importing Assets/Dialogue/Bani/Day 2/Seq 1/BaniD2S1N 5.asset using Guid(7683c4d807c48024587a69ba293d4d9a) Importer(815301076,1909f56bfc062723c751e8b465ee728b) (PreviewImporter) -> (artifact id: '036cec95b6c46b742123bd615d605647') in 0.0017741 seconds
Number of updated asset objects reloaded before import = 0Number of asset objects unloaded after import = 4

========================================================================
Received Import Request.
  Time since last request: 0.000028 seconds.
  path: Assets/Dialogue/Bani/Day 2/Seq 1/BaniD2S1N 3.asset
  artifactKey: Guid(5fb8518024958e44f885899428e5b62c) Importer(815301076,1909f56bfc062723c751e8b465ee728b)
Start importing Assets/Dialogue/Bani/Day 2/Seq 1/BaniD2S1N 3.asset using Guid(5fb8518024958e44f885899428e5b62c) Importer(815301076,1909f56bfc062723c751e8b465ee728b) (PreviewImporter) -> (artifact id: '1b91a8bd27202ab1900359072602ec67') in 0.002452 seconds
Number of updated asset objects reloaded before import = 0Number of asset objects unloaded after import = 6

========================================================================
Received Import Request.
  Time since last request: 0.000038 seconds.
  path: Assets/Dialogue/Bani/Day 2/Seq 1/BaniD2S1N 8.asset
  artifactKey: Guid(a23da820542dc7249b78b8d86f7c1421) Importer(815301076,1909f56bfc062723c751e8b465ee728b)
Start importing Assets/Dialogue/Bani/Day 2/Seq 1/BaniD2S1N 8.asset using Guid(a23da820542dc7249b78b8d86f7c1421) Importer(815301076,1909f56bfc062723c751e8b465ee728b) (PreviewImporter) -> (artifact id: '0689e0f774b39b4b6a36a78db71d26c4') in 0.001273 seconds
Number of updated asset objects reloaded before import = 0Number of asset objects unloaded after import = 1

Editor requested this worker to shutdown with reason: Scaling down because of idle timeout
AssetImportWorker is now disconnected from the server
Process exiting
Exiting without the bug reporter. Application will terminate with return code 0