[Licensing::Module] Trying to connect to existing licensing client channel...
Built from '6000.3/staging' branch; Version is '6000.3.16f1 (a56f230f6470) revision 10841891'; Using compiler version '194234433'; Build Type 'Release'
OS: 'Windows 11  (10.0.26100) CoreSingleLanguage' Language: 'en' Physical Memory: 32108 MB
[Licensing::IpcConnector] Successfully connected to: "LicenseClient-User" at "2026-07-17T03:24:16.2782573Z"
BatchMode: 1, IsHumanControllingUs: 0, StartBugReporterOnCrash: 0, Is64bit: 1
System  architecture: x64
Process architecture: x64
Date: 2026-07-17T03:24:16Z

COMMAND LINE ARGUMENTS:
C:\Program Files\Unity\Hub\Editor\6000.3.16f1\Editor\Unity.exe
-adb2
-batchMode
-noUpm
-name
AssetImportWorker122
-projectPath
D:/Unity Projects/ExitAnt-IAT312-P1/312_Assignment2
-logFile
Logs/AssetImportWorker122.log
-srvPort
49722
-licensingIpc
LicenseClient-User
-job-worker-count
7
-background-job-worker-count
8
-gc-helper-count
1
-name
AssetImport
Successfully changed project path to: D:/Unity Projects/ExitAnt-IAT312-P1/312_Assignment2
D:/Unity Projects/ExitAnt-IAT312-P1/312_Assignment2
[UnityMemory] Configuration Parameters - Can be set up in boot.config
    "memorysetup-temp-allocator-size-nav-mesh-worker=65536"
    "memorysetup-temp-allocator-size-audio-worker=65536"
    "memorysetup-temp-allocator-size-gfx=262144"
    "memorysetup-allocator-temp-initial-block-size-main=262144"
    "memorysetup-allocator-temp-initial-block-size-worker=262144"
    "memorysetup-temp-allocator-size-background-worker=32768"
    "memorysetup-temp-allocator-size-job-worker=262144"
    "memorysetup-temp-allocator-size-preload-manager=33554432"
    "memorysetup-temp-allocator-size-gi-baking-worker=262144"
    "memorysetup-temp-allocator-size-gi-baking-worker=262144"
    "memorysetup-temp-allocator-size-gi-baking-worker=262144"
    "memorysetup-temp-allocator-size-gi-baking-worker=262144"
    "memorysetup-temp-allocator-size-gi-baking-worker=262144"
    "memorysetup-bucket-allocator-granularity=16"
    "memorysetup-bucket-allocator-bucket-count=8"
    "memorysetup-bucket-allocator-block-size=33554432"
    "memorysetup-bucket-allocator-block-count=8"
    "memorysetup-main-allocator-block-size=16777216"
    "memorysetup-thread-allocator-block-size=16777216"
    "memorysetup-gfx-main-allocator-block-size=16777216"
    "memorysetup-gfx-thread-allocator-block-size=16777216"
    "memorysetup-cache-allocator-block-size=4194304"
    "memorysetup-typetree-allocator-block-size=2097152"
    "memorysetup-profiler-bucket-allocator-granularity=16"
    "memorysetup-profiler-bucket-allocator-bucket-count=8"
    "memorysetup-profiler-bucket-allocator-block-size=33554432"
    "memorysetup-profiler-bucket-allocator-block-count=8"
    "memorysetup-profiler-allocator-block-size=16777216"
    "memorysetup-profiler-editor-allocator-block-size=1048576"
    "memorysetup-temp-allocator-size-main=16777216"
    "memorysetup-job-temp-allocator-block-size=2097152"
    "memorysetup-job-temp-allocator-block-size-background=1048576"
    "memorysetup-job-temp-allocator-reduction-small-platforms=262144"
    "memorysetup-temp-allocator-size-cloud-worker=32768"
Player connection [35680]  Target information:

Player connection [35680]  * "[IP] 192.168.1.97 [Port] 0 [Flags] 2 [Guid] 2021226982 [EditorId] 2021226982 [Version] 1048832 [Id] WindowsEditor(7,DESKTOP-OVH4FSK) [Debug] 1 [PackageName] WindowsEditor [ProjectName] Editor" 

Player connection [35680] Host joined multi-casting on [225.0.0.222:54997]...
Player connection [35680] Host joined alternative multi-casting on [225.0.0.222:34997]...
JobSystem: Creating JobQueue using job-worker-count value 7
Input System module state changed to: Initialized.
[Physics::Module] Initialized fallback backend.
[Physics::Module] Id: 0xdecafbad
Library Redirect Path: Library/
mdb reader table full -> cleaning up stale readers. Current readers:
    pid     thread     txnid
      8084 2a58 -
     31496 2070 -
      8084 16f4 -
      8084 6294 -
     24984 72a4 -
     29084 7a20 -
     26300 8410 -
      3936 740c -
     14496 4410 -
      8084 5dd0 -
     29312 5ab0 -
      4024 5330 -
     22192 469c -
      4648 5888 -
     22116 78e8 -
     13864 7a00 -
      9112 974 -
      4128 1960 -
     11544 87fc -
     10472 6234 -
     31676 86cc -
     20812 5274 -
     30460 13b0 -
      9744 36c0 -
      1368 305c -
     27212 66e8 -
      6216 3db0 -
     29544 617c -
     29172 5d74 -
     20320 70d8 -
       812 1fa8 -
     18836 657c -
     32540 738 -
      9864 8384 -
     11992 28f4 -
     15348 1790 -
     10288 4f80 -
     10920 52a0 -
      5288 860c -
     13728 5908 -
     14288 7dec -
     33996 3b00 -
     18508 4280 -
     23596 8100 -
     26244 1f04 -
     22920 1bb8 -
      2040 38d0 -
      9856 3d18 -
     30296 2cf0 -
     33244 527c -
     10396 81f4 -
       824 7f78 -
     28400 44cc -
     32936 1df8 -
     20708 8088 -
     29152 e80 -
     22260 5110 -
     28444 1390 -
     14080 7bc0 -
     13796 7b4c -
     21060 31a4 -
     16632 1684 -
     29660 101c -
     20336 2ef8 -
     22740 2c20 -
      3704 2c54 -
     31116 10cc -
      2024 5970 -
     27844 5118 -
     22652 d18 -
     34172 56a8 -
     27532 2fb4 -
     30212 854c -
     16156 5d9c -
      9704 3b70 -
      1196 1784 -
     21864 5770 -
      3864 6338 -
     27352 6de0 -
      8084 5ba8 -
     15552 5d4c -
     14648 42f0 -
     28184 7c8 -
     25872 6284 -
      9720 3090 -
      8552 3188 -
     35624 76ec -
     28432 1b94 -
     21744 1828 -
     33348 7d94 -
     10848 7718 -
     13892 637c -
      1612 8a64 -
      8068 52d0 -
     35516 1a4 -
     24208 5d98 -
     13280 4764 -
     35284 8fc -
     28976 5294 -
     35616 1968 -
     35068 5304 -
     35216 5a30 -
     17748 7cc0 -
      4824 8890 -
      2312 5600 -
      9348 745c -
     38832 97ac -
     38856 97c4 -
     10584 96ac -
     35880 8cf0 -
      4228 9758 -
     11772 93b4 -
     17112 1ad0 -
     11552 4478 -
     35348 8dcc -
     29888 92ac -
     37256 7308 -
     37940 31c8 -
     35704 9520 -
     15884 3924 -
     37404 5034 -
     10604 83b0 -
     38452 8ee4 9847
     13096 804c -
     38548 9338 -
     19268 3a04 -
Cleaned out 119 stale readers
[Physics::Module] Selected backend.
[Physics::Module] Name: PhysX
[Physics::Module] Id: 0xf2b8ea05
[Physics::Module] SDK Version: 4.1.2
[Physics::Module] Integration Version: 1.0.0
[Physics::Module] Threading Mode: Multi-Threaded
Refreshing native plugins compatible for Editor in 5.50 ms, found 5 plugins.
Preloading 0 native plugins for Editor in 0.00 ms.
Initialize engine version: 6000.3.16f1 (a56f230f6470)
[Subsystems] Discovering subsystems at path C:/Program Files/Unity/Hub/Editor/6000.3.16f1/Editor/Data/Resources/UnitySubsystems
[Subsystems] Discovering subsystems at path D:/Unity Projects/ExitAnt-IAT312-P1/312_Assignment2/Assets
GfxDevice: creating device client; kGfxThreadingModeNonThreaded
d3d12: failed to query info queue interface (0x80004002).
Direct3D:
    Version:         Direct3D 12 [level 12.2]
    Renderer:        NVIDIA GeForce RTX 3060 Laptop GPU (ID=0x2520)
    Vendor:          NVIDIA
    VRAM:            5996 MB
    App VRAM Budget: 5228 MB
    Driver:          32.0.15.8088
Initialize mono
Mono path[0] = 'C:/Program Files/Unity/Hub/Editor/6000.3.16f1/Editor/Data/Managed'
Mono path[1] = 'C:/Program Files/Unity/Hub/Editor/6000.3.16f1/Editor/Data/MonoBleedingEdge/lib/mono/unityjit-win32'
Mono config path = 'C:/Program Files/Unity/Hub/Editor/6000.3.16f1/Editor/Data/MonoBleedingEdge/etc'
Using monoOptions --debugger-agent=transport=dt_socket,embedding=1,server=y,suspend=n,address=127.0.0.1:56560
Begin MonoManager ReloadAssembly
Registering precompiled unity dll's ...
Register platform support module: C:/Program Files/Unity/Hub/Editor/6000.3.16f1/Editor/Data/PlaybackEngines/WindowsStandaloneSupport/UnityEditor.WindowsStandalone.Extensions.dll
Registered in 0.002340 seconds.
[Licensing::Client] Error: HandshakeResponse reported an error:
	ResponseCode: 505
	ResponseStatus: Unsupported protocol version '1.18.1'.
[Licensing::Module] Error: Failed to handshake to channel: "LicenseClient-User"
[Licensing::IpcConnector] LicenseClient-User channel disconnected successfully.
[Licensing::IpcConnector] Successfully connected to: "LicenseClient-User-6000.3.16" at "2026-07-17T03:24:17.5949861Z"
[Licensing::Client] Code 10 while verifying Licensing Client signature (process Id: 29352, path: "C:/Program Files/Unity/Hub/Editor/6000.3.16f1/Editor/Data/Resources/Licensing/Client/Unity.Licensing.Client.exe")
[Licensing::Module] LicensingClient has failed validation; ignoring
[Licensing::Client] Handshaking with LicensingClient:
  Version:                 1.18.1+9fbee8e
  Session Id:              8bbe1ab088eb476c9aabb266614d237a
  Correlation Id:          47882071dff180c034864f0352291f7f
  External correlation Id: 5358463933870925087
  Machine Id:              NKcRUsz1GwU4Q4WJtDcG2fyxkZM=
[Licensing::Module] Successfully connected to LicensingClient on channel: "LicenseClient-User-6000.3.16" (connect: 0.00s, validation: 0.00s, handshake: 0.01s)
[Licensing::IpcConnector] Successfully connected to: "LicenseClient-User-6000.3.16-notifications" at "2026-07-17T03:24:17.6030083Z"
[Licensing::Module] Licensing Background thread has ended after 1.33s
- Loaded All Assemblies, in  0.454 seconds
Native extension for WindowsStandalone target not found
Package Manager log level set to [2]
[Package Manager] Failed to launch server process. Reason: Unity was launched with the -noUpm command-line argument
[Package Manager] Unable to send message (not connected to server process).
[Package Manager] Cannot connect to Unity Package Manager local server
ScheduleIndexationOnStartup MainProcess:False IndexOnStartup:True
Mono: successfully reloaded assembly
- Finished resetting the current domain, in  0.446 seconds
Domain Reload Profiling: 896ms
	BeginReloadAssembly (146ms)
		ExecutionOrderSort (0ms)
		DisableScriptedObjects (0ms)
		BackupInstance (0ms)
		ReleaseScriptingObjects (0ms)
		CreateAndSetChildDomain (1ms)
	RebuildCommonClasses (49ms)
	RebuildNativeTypeToScriptingClass (14ms)
	initialDomainReloadingComplete (59ms)
	LoadAllAssembliesAndSetupDomain (181ms)
		LoadAssemblies (140ms)
		RebuildTransferFunctionScriptingTraits (0ms)
		AnalyzeDomain (178ms)
			TypeCache.Refresh (176ms)
				TypeCache.ScanAssembly (162ms)
			BuildScriptInfoCaches (0ms)
			ResolveRequiredComponents (0ms)
	FinalizeReload (447ms)
		ReleaseScriptCaches (0ms)
		RebuildScriptCaches (0ms)
		SetupLoadedEditorAssemblies (389ms)
			LogAssemblyErrors (0ms)
			InitializePlatformSupportModulesInManaged (55ms)
			SetLoadedEditorAssemblies (5ms)
			BeforeProcessingInitializeOnLoad (92ms)
			ProcessInitializeOnLoadAttributes (159ms)
			ProcessInitializeOnLoadMethodAttributes (78ms)
			AfterProcessingInitializeOnLoad (0ms)
			EditorAssembliesLoaded (0ms)
		ExecutionOrderSort2 (0ms)
		AwakeInstancesAfterBackupRestoration (0ms)
Assembly reference Packages/com.unity.cinemachine/Editor/Samples/ExposeHDRPInternals/HDRP-Editor-ref.asmref has no target assembly definition
========================================================================
Worker process is ready to serve import requests
Import Worker Mode flag is 0x00
Assembly reference Packages/com.unity.cinemachine/Editor/Samples/ExposeHDRPInternals/HDRP-Editor-ref.asmref has no target assembly definition
Assembly reference Packages/com.unity.cinemachine/Editor/Samples/ExposeHDRPInternals/HDRP-Editor-ref.asmref has no target assembly definition
Begin MonoManager ReloadAssembly
[Licensing::Client] Successfully resolved entitlement details
[Licensing::Module] License group:
  Id: 3574399251830-UnityPersXXXX
  Product: Unity Personal
  Type: Assigned
  Expiration: Unlimited
- Loaded All Assemblies, in  0.975 seconds
Assembly reference Packages/com.unity.cinemachine/Editor/Samples/ExposeHDRPInternals/HDRP-Editor-ref.asmref has no target assembly definition
'Packages/com.unity.cinemachine/Editor/Obsolete/CinemachineVirtualCameraBaseEditor.cs' contains partial class of Unity.Object, exactly 1 of the partial classes needs to be in a file with the same filename. This is to know the one that can be referenced from ie. GameObjects
'Packages/com.unity.cinemachine/Editor/Editors/CinemachineVirtualCameraBaseEditor.cs' contains partial class of Unity.Object, exactly 1 of the partial classes needs to be in a file with the same filename. This is to know the one that can be referenced from ie. GameObjects
Refreshing native plugins compatible for Editor in 2.08 ms, found 5 plugins.
Native extension for WindowsStandalone target not found
Assembly reference Packages/com.unity.cinemachine/Editor/Samples/ExposeHDRPInternals/HDRP-Editor-ref.asmref has no target assembly definition
[Package Manager] Failed to launch server process. Reason: Unity was launched with the -noUpm command-line argument
[Package Manager] Unable to send message (not connected to server process).
[Package Manager] Cannot connect to Unity Package Manager local server
[Package Manager] Failed to launch server process. Reason: Unity was launched with the -noUpm command-line argument
[Package Manager] Unable to send message (not connected to server process).
[Package Manager] Cannot connect to Unity Package Manager local server
[Package Manager] Failed to launch server process. Reason: Unity was launched with the -noUpm command-line argument
[Package Manager] Unable to send message (not connected to server process).
[Package Manager] Cannot connect to Unity Package Manager local server
Refreshing native plugins compatible for Editor in 3.12 ms, found 5 plugins.
ScheduleIndexationOnStartup MainProcess:False IndexOnStartup:True
Mono: successfully reloaded assembly
- Finished resetting the current domain, in  1.258 seconds
Domain Reload Profiling: 2228ms
	BeginReloadAssembly (202ms)
		ExecutionOrderSort (0ms)
		DisableScriptedObjects (6ms)
		BackupInstance (0ms)
		ReleaseScriptingObjects (0ms)
		CreateAndSetChildDomain (30ms)
	RebuildCommonClasses (38ms)
	RebuildNativeTypeToScriptingClass (12ms)
	initialDomainReloadingComplete (44ms)
	LoadAllAssembliesAndSetupDomain (672ms)
		LoadAssemblies (393ms)
		RebuildTransferFunctionScriptingTraits (0ms)
		AnalyzeDomain (387ms)
			TypeCache.Refresh (262ms)
				TypeCache.ScanAssembly (243ms)
			BuildScriptInfoCaches (106ms)
			ResolveRequiredComponents (15ms)
	FinalizeReload (1258ms)
		ReleaseScriptCaches (0ms)
		RebuildScriptCaches (0ms)
		SetupLoadedEditorAssemblies (1059ms)
			LogAssemblyErrors (0ms)
			InitializePlatformSupportModulesInManaged (3ms)
			SetLoadedEditorAssemblies (9ms)
			BeforeProcessingInitializeOnLoad (241ms)
			ProcessInitializeOnLoadAttributes (649ms)
			ProcessInitializeOnLoadMethodAttributes (149ms)
			AfterProcessingInitializeOnLoad (9ms)
			EditorAssembliesLoaded (0ms)
		ExecutionOrderSort2 (0ms)
		AwakeInstancesAfterBackupRestoration (7ms)
Launched and connected shader compiler UnityShaderCompiler.exe after 0.01 seconds
Refreshing native plugins compatible for Editor in 2.63 ms, found 5 plugins.
Preloading 0 native plugins for Editor in 0.00 ms.
Unloading 17 Unused Serialized files (Serialized files now loaded: 0)
Unloading 7649 unused Assets / (6.3 MB). Loaded Objects now: 8481.
Memory consumption went from 167.6 MB to 161.3 MB.
Total: 12.459100 ms (FindLiveObjects: 0.856000 ms CreateObjectMapping: 0.592300 ms MarkObjects: 6.766700 ms  DeleteObjects: 4.242900 ms)

========================================================================
Received Import Request.
  Time since last request: 125658.995153 seconds.
  path: Assets/Dialogue/Isabelle/Day4/Seq 2
  artifactKey: Guid(f847e09545e7de24f84c1289e56bf708) Importer(815301076,1909f56bfc062723c751e8b465ee728b)
Start importing Assets/Dialogue/Isabelle/Day4/Seq 2 using Guid(f847e09545e7de24f84c1289e56bf708) Importer(815301076,1909f56bfc062723c751e8b465ee728b) (PreviewImporter) -> (artifact id: '7ece1cf3c4cf6a6f8e4628dcf14522dc') in 0.008038 seconds
Number of updated asset objects reloaded before import = 0Number of asset objects unloaded after import = 0

========================================================================
Received Import Request.
  Time since last request: 14.688370 seconds.
  path: Assets/Dialogue/Isabelle/Day4/Seq 2/IsabellaD4S2N1.asset
  artifactKey: Guid(d901b857e82096549b7769c52dbf705a) Importer(815301076,1909f56bfc062723c751e8b465ee728b)
Start importing Assets/Dialogue/Isabelle/Day4/Seq 2/IsabellaD4S2N1.asset using Guid(d901b857e82096549b7769c52dbf705a) Importer(815301076,1909f56bfc062723c751e8b465ee728b) (PreviewImporter) -> (artifact id: 'd0eb14319e4b2feb465a2970413644b1') in 0.0208835 seconds
Number of updated asset objects reloaded before import = 0Number of asset objects unloaded after import = 1

========================================================================
Received Import Request.
  Time since last request: 0.926927 seconds.
  path: Assets/Dialogue/Isabelle/Day4/Seq 2/IsabellaD4S2N1.asset
  artifactKey: Guid(d901b857e82096549b7769c52dbf705a) Importer(2089858483,b0f066a214c2f5e87bad3c948f4d605d)
Start importing Assets/Dialogue/Isabelle/Day4/Seq 2/IsabellaD4S2N1.asset using Guid(d901b857e82096549b7769c52dbf705a) Importer(2089858483,b0f066a214c2f5e87bad3c948f4d605d) (ScriptedImporter) -> (artifact id: '2bcc81216b90018229d0d04f3c7553bc') in 0.1116575 seconds
Number of updated asset objects reloaded before import = 0Number of asset objects unloaded after import = 1

========================================================================
Received Import Request.
  Time since last request: 1.094235 seconds.
  path: Assets/Dialogue/Isabelle/Day4/Seq 2/IsabellaD4S2N1 1.asset
  artifactKey: Guid(82bddaca47898744e936e73cc8466685) Importer(815301076,1909f56bfc062723c751e8b465ee728b)
Start importing Assets/Dialogue/Isabelle/Day4/Seq 2/IsabellaD4S2N1 1.asset using Guid(82bddaca47898744e936e73cc8466685) Importer(815301076,1909f56bfc062723c751e8b465ee728b) (PreviewImporter) -> (artifact id: '973adf0388747dac9625c93aa63d90a5') in 0.0010559 seconds
Number of updated asset objects reloaded before import = 0Number of asset objects unloaded after import = 1

========================================================================
Received Import Request.
  Time since last request: 0.108047 seconds.
  path: Assets/Dialogue/Isabelle/Day4/Seq 2/IsabellaD4S2N1 2.asset
  artifactKey: Guid(2628a23baf4e49c49baa7832eaf0dddc) Importer(815301076,1909f56bfc062723c751e8b465ee728b)
Start importing Assets/Dialogue/Isabelle/Day4/Seq 2/IsabellaD4S2N1 2.asset using Guid(2628a23baf4e49c49baa7832eaf0dddc) Importer(815301076,1909f56bfc062723c751e8b465ee728b) (PreviewImporter) -> (artifact id: 'f218350622fc58c0e8e0902dbf84d2e5') in 0.0010817 seconds
Number of updated asset objects reloaded before import = 0Number of asset objects unloaded after import = 1

========================================================================
Received Import Request.
  Time since last request: 0.356635 seconds.
  path: Assets/Dialogue/Isabelle/Day4/Seq 2/IsabellaD4S2N1 3.asset
  artifactKey: Guid(9d3df9eca608cd04ea18db0c5be1c21a) Importer(815301076,1909f56bfc062723c751e8b465ee728b)
Start importing Assets/Dialogue/Isabelle/Day4/Seq 2/IsabellaD4S2N1 3.asset using Guid(9d3df9eca608cd04ea18db0c5be1c21a) Importer(815301076,1909f56bfc062723c751e8b465ee728b) (PreviewImporter) -> (artifact id: '45fd976ff4fae65130369dbaaaa6c873') in 0.0010961 seconds
Number of updated asset objects reloaded before import = 0Number of asset objects unloaded after import = 1

========================================================================
Received Import Request.
  Time since last request: 0.302804 seconds.
  path: Assets/Dialogue/Isabelle/Day4/Seq 2/IsabellaD4S2N1 4.asset
  artifactKey: Guid(ad9fc01ee1dfd6b4e8b194f7419d8be1) Importer(815301076,1909f56bfc062723c751e8b465ee728b)
Start importing Assets/Dialogue/Isabelle/Day4/Seq 2/IsabellaD4S2N1 4.asset using Guid(ad9fc01ee1dfd6b4e8b194f7419d8be1) Importer(815301076,1909f56bfc062723c751e8b465ee728b) (PreviewImporter) -> (artifact id: 'e91054321fba7c3ba6d41658244c221d') in 0.0013614 seconds
Number of updated asset objects reloaded before import = 0Number of asset objects unloaded after import = 1

========================================================================
Received Import Request.
  Time since last request: 0.243269 seconds.
  path: Assets/Dialogue/Isabelle/Day4/Seq 2/IsabellaD4S2N1 5.asset
  artifactKey: Guid(1c4c238fbb44a464f86914c8dcb8f97b) Importer(815301076,1909f56bfc062723c751e8b465ee728b)
Start importing Assets/Dialogue/Isabelle/Day4/Seq 2/IsabellaD4S2N1 5.asset using Guid(1c4c238fbb44a464f86914c8dcb8f97b) Importer(815301076,1909f56bfc062723c751e8b465ee728b) (PreviewImporter) -> (artifact id: '9825309362ad8db6dee0040e1dfed2d9') in 0.0010678 seconds
Number of updated asset objects reloaded before import = 0Number of asset objects unloaded after import = 1

========================================================================
Received Import Request.
  Time since last request: 0.916008 seconds.
  path: Assets/Dialogue/Isabelle/Day4/Seq 1/IsabellaD4S1N 8.asset
  artifactKey: Guid(fbfa841a5a624fc4eb6442aeac78ccc6) Importer(2089858483,b0f066a214c2f5e87bad3c948f4d605d)
Start importing Assets/Dialogue/Isabelle/Day4/Seq 1/IsabellaD4S1N 8.asset using Guid(fbfa841a5a624fc4eb6442aeac78ccc6) Importer(2089858483,b0f066a214c2f5e87bad3c948f4d605d) (ScriptedImporter) -> (artifact id: '9ecfbabad0c0e70ed984016c0fde0f9f') in 0.0248061 seconds
Number of updated asset objects reloaded before import = 0Number of asset objects unloaded after import = 10

========================================================================
Received Import Request.
  Time since last request: 0.000021 seconds.
  path: Assets/Dialogue/Isabelle/Day4/Seq 2/IsabellaD4S2N1 3.asset
  artifactKey: Guid(9d3df9eca608cd04ea18db0c5be1c21a) Importer(2089858483,b0f066a214c2f5e87bad3c948f4d605d)
Start importing Assets/Dialogue/Isabelle/Day4/Seq 2/IsabellaD4S2N1 3.asset using Guid(9d3df9eca608cd04ea18db0c5be1c21a) Importer(2089858483,b0f066a214c2f5e87bad3c948f4d605d) (ScriptedImporter) -> (artifact id: '13fa721e3f8635d277073241828ee97a') in 0.0142675 seconds
Number of updated asset objects reloaded before import = 0Number of asset objects unloaded after import = 1

========================================================================
Received Import Request.
  Time since last request: 0.000037 seconds.
  path: Assets/Dialogue/Isabelle/Day4/Seq 2/IsabellaD4S2N1 6.asset
  artifactKey: Guid(70e8519e8222d6043bdf0762c9c17a7f) Importer(815301076,1909f56bfc062723c751e8b465ee728b)
Start importing Assets/Dialogue/Isabelle/Day4/Seq 2/IsabellaD4S2N1 6.asset using Guid(70e8519e8222d6043bdf0762c9c17a7f) Importer(815301076,1909f56bfc062723c751e8b465ee728b) (PreviewImporter) -> (artifact id: '6bfbb92ad422a4a8742f37b3bfb7bee9') in 0.0014993 seconds
Number of updated asset objects reloaded before import = 0Number of asset objects unloaded after import = 1

========================================================================
Received Import Request.
  Time since last request: 9.984926 seconds.
  path: Assets/Dialogue/Isabelle/Day4/Seq 1/IsabellaD4S1N 11.asset
  artifactKey: Guid(17f59b73226e42f48b8ebd141f6282cb) Importer(2089858483,b0f066a214c2f5e87bad3c948f4d605d)
Start importing Assets/Dialogue/Isabelle/Day4/Seq 1/IsabellaD4S1N 11.asset using Guid(17f59b73226e42f48b8ebd141f6282cb) Importer(2089858483,b0f066a214c2f5e87bad3c948f4d605d) (ScriptedImporter) -> (artifact id: 'd0c68f5bcccd3e40b5e90430a57eb965') in 0.0187021 seconds
Number of updated asset objects reloaded before import = 0Number of asset objects unloaded after import = 7

========================================================================
Received Import Request.
  Time since last request: 0.000018 seconds.
  path: Assets/Dialogue/Isabelle/Day4/Seq 1/IsabellaD4S1N 10.asset
  artifactKey: Guid(37a8188f4d525434dbfc8479797c2cc6) Importer(2089858483,b0f066a214c2f5e87bad3c948f4d605d)
Start importing Assets/Dialogue/Isabelle/Day4/Seq 1/IsabellaD4S1N 10.asset using Guid(37a8188f4d525434dbfc8479797c2cc6) Importer(2089858483,b0f066a214c2f5e87bad3c948f4d605d) (ScriptedImporter) -> (artifact id: 'e2dc10e101080b2d08be45d554b51e3f') in 0.0176227 seconds
Number of updated asset objects reloaded before import = 0Number of asset objects unloaded after import = 8

========================================================================
Received Import Request.
  Time since last request: 0.000024 seconds.
  path: Assets/Dialogue/Isabelle/Day4/Seq 1/IsabellaD4S1N 6.asset
  artifactKey: Guid(c19d40e1439b7f44899483cad3bc3412) Importer(2089858483,b0f066a214c2f5e87bad3c948f4d605d)
Start importing Assets/Dialogue/Isabelle/Day4/Seq 1/IsabellaD4S1N 6.asset using Guid(c19d40e1439b7f44899483cad3bc3412) Importer(2089858483,b0f066a214c2f5e87bad3c948f4d605d) (ScriptedImporter) -> (artifact id: 'a54e24a95a4e68ef1332a871f6f4b606') in 0.0191409 seconds
Number of updated asset objects reloaded before import = 0Number of asset objects unloaded after import = 12

========================================================================
Received Import Request.
  Time since last request: 0.000026 seconds.
  path: Assets/Dialogue/Isabelle/Day4/Seq 2/IsabellaD4S2N2A.asset
  artifactKey: Guid(82bddaca47898744e936e73cc8466685) Importer(2089858483,b0f066a214c2f5e87bad3c948f4d605d)
Start importing Assets/Dialogue/Isabelle/Day4/Seq 2/IsabellaD4S2N2A.asset using Guid(82bddaca47898744e936e73cc8466685) Importer(2089858483,b0f066a214c2f5e87bad3c948f4d605d) (ScriptedImporter) -> (artifact id: '0ecbfd0589221b615828023740dd0f9d') in 0.0157712 seconds
Number of updated asset objects reloaded before import = 0Number of asset objects unloaded after import = 1

========================================================================
Received Import Request.
  Time since last request: 0.000033 seconds.
  path: Assets/Dialogue/Isabelle/Day4/Seq 1/IsabellaD4S1N 7.asset
  artifactKey: Guid(285f463f92c216f4283494321bbee15b) Importer(2089858483,b0f066a214c2f5e87bad3c948f4d605d)
Start importing Assets/Dialogue/Isabelle/Day4/Seq 1/IsabellaD4S1N 7.asset using Guid(285f463f92c216f4283494321bbee15b) Importer(2089858483,b0f066a214c2f5e87bad3c948f4d605d) (ScriptedImporter) -> (artifact id: '86192c65c4d2ef7546a6b09617e45881') in 0.0218913 seconds
Number of updated asset objects reloaded before import = 0Number of asset objects unloaded after import = 11

Editor requested this worker to shutdown with reason: Scaling down because of idle timeout
AssetImportWorker is now disconnected from the server
Process exiting
Exiting without the bug reporter. Application will terminate with return code 0