[Licensing::Module] Trying to connect to existing licensing client channel...
Built from '6000.3/staging' branch; Version is '6000.3.16f1 (a56f230f6470) revision 10841891'; Using compiler version '194234433'; Build Type 'Release'
[Licensing::IpcConnector] Successfully connected to: "LicenseClient-User" at "2026-07-17T00:05:22.5336808Z"
OS: 'Windows 11  (10.0.26100) CoreSingleLanguage' Language: 'en' Physical Memory: 32108 MB
BatchMode: 1, IsHumanControllingUs: 0, StartBugReporterOnCrash: 0, Is64bit: 1
System  architecture: x64
Process architecture: x64
Date: 2026-07-17T00:05:22Z

COMMAND LINE ARGUMENTS:
C:\Program Files\Unity\Hub\Editor\6000.3.16f1\Editor\Unity.exe
-adb2
-batchMode
-noUpm
-name
AssetImportWorker52
-projectPath
D:/Unity Projects/ExitAnt-IAT312-P1/312_Assignment2
-logFile
Logs/AssetImportWorker52.log
-srvPort
49722
-licensingIpc
LicenseClient-User
-job-worker-count
7
-background-job-worker-count
8
-gc-helper-count
1
-name
AssetImport
Successfully changed project path to: D:/Unity Projects/ExitAnt-IAT312-P1/312_Assignment2
D:/Unity Projects/ExitAnt-IAT312-P1/312_Assignment2
[UnityMemory] Configuration Parameters - Can be set up in boot.config
    "memorysetup-temp-allocator-size-nav-mesh-worker=65536"
    "memorysetup-temp-allocator-size-audio-worker=65536"
    "memorysetup-temp-allocator-size-gfx=262144"
    "memorysetup-allocator-temp-initial-block-size-main=262144"
    "memorysetup-allocator-temp-initial-block-size-worker=262144"
    "memorysetup-temp-allocator-size-background-worker=32768"
    "memorysetup-temp-allocator-size-job-worker=262144"
    "memorysetup-temp-allocator-size-preload-manager=33554432"
    "memorysetup-temp-allocator-size-gi-baking-worker=262144"
    "memorysetup-temp-allocator-size-gi-baking-worker=262144"
    "memorysetup-temp-allocator-size-gi-baking-worker=262144"
    "memorysetup-temp-allocator-size-gi-baking-worker=262144"
    "memorysetup-temp-allocator-size-gi-baking-worker=262144"
    "memorysetup-bucket-allocator-granularity=16"
    "memorysetup-bucket-allocator-bucket-count=8"
    "memorysetup-bucket-allocator-block-size=33554432"
    "memorysetup-bucket-allocator-block-count=8"
    "memorysetup-main-allocator-block-size=16777216"
    "memorysetup-thread-allocator-block-size=16777216"
    "memorysetup-gfx-main-allocator-block-size=16777216"
    "memorysetup-gfx-thread-allocator-block-size=16777216"
    "memorysetup-cache-allocator-block-size=4194304"
    "memorysetup-typetree-allocator-block-size=2097152"
    "memorysetup-profiler-bucket-allocator-granularity=16"
    "memorysetup-profiler-bucket-allocator-bucket-count=8"
    "memorysetup-profiler-bucket-allocator-block-size=33554432"
    "memorysetup-profiler-bucket-allocator-block-count=8"
    "memorysetup-profiler-allocator-block-size=16777216"
    "memorysetup-profiler-editor-allocator-block-size=1048576"
    "memorysetup-temp-allocator-size-main=16777216"
    "memorysetup-job-temp-allocator-block-size=2097152"
    "memorysetup-job-temp-allocator-block-size-background=1048576"
    "memorysetup-job-temp-allocator-reduction-small-platforms=262144"
    "memorysetup-temp-allocator-size-cloud-worker=32768"
Player connection [20752]  Target information:

Player connection [20752]  * "[IP] 192.168.1.97 [Port] 0 [Flags] 2 [Guid] 1232019167 [EditorId] 1232019167 [Version] 1048832 [Id] WindowsEditor(7,DESKTOP-OVH4FSK) [Debug] 1 [PackageName] WindowsEditor [ProjectName] Editor" 

Player connection [20752] Host joined multi-casting on [225.0.0.222:54997]...
Player connection [20752] Host joined alternative multi-casting on [225.0.0.222:34997]...
JobSystem: Creating JobQueue using job-worker-count value 7
Input System module state changed to: Initialized.
[Physics::Module] Initialized fallback backend.
[Physics::Module] Id: 0xdecafbad
Library Redirect Path: Library/
[Physics::Module] Selected backend.
[Physics::Module] Name: PhysX
[Physics::Module] Id: 0xf2b8ea05
[Physics::Module] SDK Version: 4.1.2
[Physics::Module] Integration Version: 1.0.0
[Physics::Module] Threading Mode: Multi-Threaded
Refreshing native plugins compatible for Editor in 5.45 ms, found 5 plugins.
Preloading 0 native plugins for Editor in 0.00 ms.
Initialize engine version: 6000.3.16f1 (a56f230f6470)
[Subsystems] Discovering subsystems at path C:/Program Files/Unity/Hub/Editor/6000.3.16f1/Editor/Data/Resources/UnitySubsystems
[Subsystems] Discovering subsystems at path D:/Unity Projects/ExitAnt-IAT312-P1/312_Assignment2/Assets
GfxDevice: creating device client; kGfxThreadingModeNonThreaded
d3d12: failed to query info queue interface (0x80004002).
Direct3D:
    Version:         Direct3D 12 [level 12.2]
    Renderer:        NVIDIA GeForce RTX 3060 Laptop GPU (ID=0x2520)
    Vendor:          NVIDIA
    VRAM:            5996 MB
    App VRAM Budget: 5228 MB
    Driver:          32.0.15.8088
Initialize mono
Mono path[0] = 'C:/Program Files/Unity/Hub/Editor/6000.3.16f1/Editor/Data/Managed'
Mono path[1] = 'C:/Program Files/Unity/Hub/Editor/6000.3.16f1/Editor/Data/MonoBleedingEdge/lib/mono/unityjit-win32'
Mono config path = 'C:/Program Files/Unity/Hub/Editor/6000.3.16f1/Editor/Data/MonoBleedingEdge/etc'
Using monoOptions --debugger-agent=transport=dt_socket,embedding=1,server=y,suspend=n,address=127.0.0.1:56260
Begin MonoManager ReloadAssembly
Registering precompiled unity dll's ...
Register platform support module: C:/Program Files/Unity/Hub/Editor/6000.3.16f1/Editor/Data/PlaybackEngines/WindowsStandaloneSupport/UnityEditor.WindowsStandalone.Extensions.dll
Registered in 0.003083 seconds.
[Licensing::Client] Error: HandshakeResponse reported an error:
	ResponseCode: 505
	ResponseStatus: Unsupported protocol version '1.18.1'.
[Licensing::Module] Error: Failed to handshake to channel: "LicenseClient-User"
[Licensing::IpcConnector] LicenseClient-User channel disconnected successfully.
[Licensing::IpcConnector] Successfully connected to: "LicenseClient-User-6000.3.16" at "2026-07-17T00:05:23.9634754Z"
[Licensing::Client] Code 10 while verifying Licensing Client signature (process Id: 29352, path: "C:/Program Files/Unity/Hub/Editor/6000.3.16f1/Editor/Data/Resources/Licensing/Client/Unity.Licensing.Client.exe")
[Licensing::Module] LicensingClient has failed validation; ignoring
[Licensing::Client] Handshaking with LicensingClient:
  Version:                 1.18.1+9fbee8e
  Session Id:              9fe99eb3d0554a5da5787024b8b14575
  Correlation Id:          47882071dff180c034864f0352291f7f
  External correlation Id: 5320973211428628242
  Machine Id:              NKcRUsz1GwU4Q4WJtDcG2fyxkZM=
[Licensing::Module] Successfully connected to LicensingClient on channel: "LicenseClient-User-6000.3.16" (connect: 0.00s, validation: 0.00s, handshake: 0.01s)
[Licensing::IpcConnector] Successfully connected to: "LicenseClient-User-6000.3.16-notifications" at "2026-07-17T00:05:23.9724665Z"
[Licensing::Module] Licensing Background thread has ended after 1.44s
- Loaded All Assemblies, in  0.552 seconds
Native extension for WindowsStandalone target not found
Package Manager log level set to [2]
[Package Manager] Failed to launch server process. Reason: Unity was launched with the -noUpm command-line argument
[Package Manager] Unable to send message (not connected to server process).
[Package Manager] Cannot connect to Unity Package Manager local server
ScheduleIndexationOnStartup MainProcess:False IndexOnStartup:True
Mono: successfully reloaded assembly
- Finished resetting the current domain, in  0.486 seconds
Domain Reload Profiling: 1053ms
	BeginReloadAssembly (193ms)
		ExecutionOrderSort (0ms)
		DisableScriptedObjects (0ms)
		BackupInstance (0ms)
		ReleaseScriptingObjects (0ms)
		CreateAndSetChildDomain (1ms)
	RebuildCommonClasses (60ms)
	RebuildNativeTypeToScriptingClass (18ms)
	initialDomainReloadingComplete (70ms)
	LoadAllAssembliesAndSetupDomain (226ms)
		LoadAssemblies (182ms)
		RebuildTransferFunctionScriptingTraits (0ms)
		AnalyzeDomain (202ms)
			TypeCache.Refresh (200ms)
				TypeCache.ScanAssembly (184ms)
			BuildScriptInfoCaches (0ms)
			ResolveRequiredComponents (1ms)
	FinalizeReload (487ms)
		ReleaseScriptCaches (0ms)
		RebuildScriptCaches (0ms)
		SetupLoadedEditorAssemblies (425ms)
			LogAssemblyErrors (0ms)
			InitializePlatformSupportModulesInManaged (60ms)
			SetLoadedEditorAssemblies (4ms)
			BeforeProcessingInitializeOnLoad (103ms)
			ProcessInitializeOnLoadAttributes (176ms)
			ProcessInitializeOnLoadMethodAttributes (83ms)
			AfterProcessingInitializeOnLoad (0ms)
			EditorAssembliesLoaded (0ms)
		ExecutionOrderSort2 (0ms)
		AwakeInstancesAfterBackupRestoration (0ms)
Assembly reference Packages/com.unity.cinemachine/Editor/Samples/ExposeHDRPInternals/HDRP-Editor-ref.asmref has no target assembly definition
========================================================================
Worker process is ready to serve import requests
Import Worker Mode flag is 0x00
Assembly reference Packages/com.unity.cinemachine/Editor/Samples/ExposeHDRPInternals/HDRP-Editor-ref.asmref has no target assembly definition
Assembly reference Packages/com.unity.cinemachine/Editor/Samples/ExposeHDRPInternals/HDRP-Editor-ref.asmref has no target assembly definition
Begin MonoManager ReloadAssembly
[Licensing::Client] Successfully resolved entitlement details
[Licensing::Module] License group:
  Id: 3574399251830-UnityPersXXXX
  Product: Unity Personal
  Type: Assigned
  Expiration: Unlimited
- Loaded All Assemblies, in  1.008 seconds
Assembly reference Packages/com.unity.cinemachine/Editor/Samples/ExposeHDRPInternals/HDRP-Editor-ref.asmref has no target assembly definition
'Packages/com.unity.cinemachine/Editor/Obsolete/CinemachineVirtualCameraBaseEditor.cs' contains partial class of Unity.Object, exactly 1 of the partial classes needs to be in a file with the same filename. This is to know the one that can be referenced from ie. GameObjects
'Packages/com.unity.cinemachine/Editor/Editors/CinemachineVirtualCameraBaseEditor.cs' contains partial class of Unity.Object, exactly 1 of the partial classes needs to be in a file with the same filename. This is to know the one that can be referenced from ie. GameObjects
Refreshing native plugins compatible for Editor in 2.51 ms, found 5 plugins.
Native extension for WindowsStandalone target not found
Assembly reference Packages/com.unity.cinemachine/Editor/Samples/ExposeHDRPInternals/HDRP-Editor-ref.asmref has no target assembly definition
[Package Manager] Failed to launch server process. Reason: Unity was launched with the -noUpm command-line argument
[Package Manager] Unable to send message (not connected to server process).
[Package Manager] Cannot connect to Unity Package Manager local server
[Package Manager] Failed to launch server process. Reason: Unity was launched with the -noUpm command-line argument
[Package Manager] Unable to send message (not connected to server process).
[Package Manager] Cannot connect to Unity Package Manager local server
[Package Manager] Failed to launch server process. Reason: Unity was launched with the -noUpm command-line argument
[Package Manager] Unable to send message (not connected to server process).
[Package Manager] Cannot connect to Unity Package Manager local server
Refreshing native plugins compatible for Editor in 2.70 ms, found 5 plugins.
ScheduleIndexationOnStartup MainProcess:False IndexOnStartup:True
Mono: successfully reloaded assembly
- Finished resetting the current domain, in  1.035 seconds
Domain Reload Profiling: 2037ms
	BeginReloadAssembly (217ms)
		ExecutionOrderSort (0ms)
		DisableScriptedObjects (7ms)
		BackupInstance (0ms)
		ReleaseScriptingObjects (0ms)
		CreateAndSetChildDomain (34ms)
	RebuildCommonClasses (45ms)
	RebuildNativeTypeToScriptingClass (16ms)
	initialDomainReloadingComplete (52ms)
	LoadAllAssembliesAndSetupDomain (671ms)
		LoadAssemblies (413ms)
		RebuildTransferFunctionScriptingTraits (0ms)
		AnalyzeDomain (379ms)
			TypeCache.Refresh (251ms)
				TypeCache.ScanAssembly (234ms)
			BuildScriptInfoCaches (109ms)
			ResolveRequiredComponents (14ms)
	FinalizeReload (1035ms)
		ReleaseScriptCaches (0ms)
		RebuildScriptCaches (0ms)
		SetupLoadedEditorAssemblies (852ms)
			LogAssemblyErrors (0ms)
			InitializePlatformSupportModulesInManaged (2ms)
			SetLoadedEditorAssemblies (5ms)
			BeforeProcessingInitializeOnLoad (181ms)
			ProcessInitializeOnLoadAttributes (498ms)
			ProcessInitializeOnLoadMethodAttributes (154ms)
			AfterProcessingInitializeOnLoad (12ms)
			EditorAssembliesLoaded (1ms)
		ExecutionOrderSort2 (0ms)
		AwakeInstancesAfterBackupRestoration (8ms)
Launched and connected shader compiler UnityShaderCompiler.exe after 0.17 seconds
Refreshing native plugins compatible for Editor in 2.89 ms, found 5 plugins.
Preloading 0 native plugins for Editor in 0.00 ms.
Unloading 17 Unused Serialized files (Serialized files now loaded: 0)
Unloading 7649 unused Assets / (5.6 MB). Loaded Objects now: 8481.
Memory consumption went from 164.0 MB to 158.3 MB.
Total: 13.541600 ms (FindLiveObjects: 0.781100 ms CreateObjectMapping: 1.035500 ms MarkObjects: 7.447900 ms  DeleteObjects: 4.275800 ms)

========================================================================
Received Import Request.
  Time since last request: 113477.460477 seconds.
  path: Assets/Dialogue/Kev/Day2/Seq 2/KevD2S2N5A 2.asset
  artifactKey: Guid(1fa8d0ca7437d4a42baa00ffd6170660) Importer(2089858483,b0f066a214c2f5e87bad3c948f4d605d)
Start importing Assets/Dialogue/Kev/Day2/Seq 2/KevD2S2N5A 2.asset using Guid(1fa8d0ca7437d4a42baa00ffd6170660) Importer(2089858483,b0f066a214c2f5e87bad3c948f4d605d) (ScriptedImporter) -> (artifact id: '81e416e1ca02ad538143b4a91eab6f04') in 0.1759398 seconds
Number of updated asset objects reloaded before import = 0Number of asset objects unloaded after import = 2

========================================================================
Received Import Request.
  Time since last request: 443.528532 seconds.
  path: Assets/Dialogue/Tortok/Day2/Seq 4/TortokD2S3N1.asset
  artifactKey: Guid(a48a143e1d4836d46b4042515efa8c5f) Importer(815301076,1909f56bfc062723c751e8b465ee728b)
Start importing Assets/Dialogue/Tortok/Day2/Seq 4/TortokD2S3N1.asset using Guid(a48a143e1d4836d46b4042515efa8c5f) Importer(815301076,1909f56bfc062723c751e8b465ee728b) (PreviewImporter) -> (artifact id: '8000528cd38b103b7c4d5cf9431a5f7e') in 0.0315627 seconds
Number of updated asset objects reloaded before import = 0Number of asset objects unloaded after import = 1

========================================================================
Received Import Request.
  Time since last request: 0.000030 seconds.
  path: Assets/Dialogue/Tortok/Day2/Seq 3/TortokD2S3N2B.asset
  artifactKey: Guid(9c28c8be086c20f46be53d443bf3a154) Importer(815301076,1909f56bfc062723c751e8b465ee728b)
Start importing Assets/Dialogue/Tortok/Day2/Seq 3/TortokD2S3N2B.asset using Guid(9c28c8be086c20f46be53d443bf3a154) Importer(815301076,1909f56bfc062723c751e8b465ee728b) (PreviewImporter) -> (artifact id: 'adc47d2b109c805a2f3798d0ff0b36a3') in 0.0018753 seconds
Number of updated asset objects reloaded before import = 0Number of asset objects unloaded after import = 2

========================================================================
Received Import Request.
  Time since last request: 0.000023 seconds.
  path: Assets/Dialogue/Tortok/Day2/Seq 3/TortokD2S3N3A.asset
  artifactKey: Guid(fd360dee790d7fb4e92e25e673c4b2f6) Importer(815301076,1909f56bfc062723c751e8b465ee728b)
Start importing Assets/Dialogue/Tortok/Day2/Seq 3/TortokD2S3N3A.asset using Guid(fd360dee790d7fb4e92e25e673c4b2f6) Importer(815301076,1909f56bfc062723c751e8b465ee728b) (PreviewImporter)[TaskManager] No task set defined in TaskDatabase for day 0.
UnityEngine.Debug:ExtractStackTraceNoAlloc (byte*,int,string)
UnityEngine.StackTraceUtility:ExtractStackTrace ()
UnityEngine.DebugLogHandler:Internal_Log (UnityEngine.LogType,UnityEngine.LogOption,string,UnityEngine.Object)
UnityEngine.DebugLogHandler:LogFormat (UnityEngine.LogType,UnityEngine.Object,string,object[])
UnityEngine.Logger:Log (UnityEngine.LogType,object)
UnityEngine.Debug:LogWarning (object)
TaskManager:SetupTasksForDay (int) (at Assets/Scripts/Task-handling/TaskManager.cs:103)
TaskManager:OnEnable () (at Assets/Scripts/Task-handling/TaskManager.cs:67)

(Filename: Assets/Scripts/Task-handling/TaskManager.cs Line: 103)

 -> (artifact id: '8c7482ad16e00eae7e8936696fb723e9') in 0.0136327 seconds
Number of updated asset objects reloaded before import = 0Number of asset objects unloaded after import = 7

========================================================================
Received Import Request.
  Time since last request: 0.000042 seconds.
  path: Assets/Dialogue/Tortok/Day2/Seq 3/TortokD2S3N6A.asset
  artifactKey: Guid(148b561f9da330c48b9718462c60421c) Importer(815301076,1909f56bfc062723c751e8b465ee728b)
Start importing Assets/Dialogue/Tortok/Day2/Seq 3/TortokD2S3N6A.asset using Guid(148b561f9da330c48b9718462c60421c) Importer(815301076,1909f56bfc062723c751e8b465ee728b) (PreviewImporter)[TaskManager] No task set defined in TaskDatabase for day 0.
UnityEngine.Debug:ExtractStackTraceNoAlloc (byte*,int,string)
UnityEngine.StackTraceUtility:ExtractStackTrace ()
UnityEngine.DebugLogHandler:Internal_Log (UnityEngine.LogType,UnityEngine.LogOption,string,UnityEngine.Object)
UnityEngine.DebugLogHandler:LogFormat (UnityEngine.LogType,UnityEngine.Object,string,object[])
UnityEngine.Logger:Log (UnityEngine.LogType,object)
UnityEngine.Debug:LogWarning (object)
TaskManager:SetupTasksForDay (int) (at Assets/Scripts/Task-handling/TaskManager.cs:103)
TaskManager:OnEnable () (at Assets/Scripts/Task-handling/TaskManager.cs:67)

(Filename: Assets/Scripts/Task-handling/TaskManager.cs Line: 103)

 -> (artifact id: 'c157ab4912ca15d582206c28ee24403e') in 0.0035329 seconds
Number of updated asset objects reloaded before import = 0Number of asset objects unloaded after import = 4

========================================================================
Received Import Request.
  Time since last request: 0.461374 seconds.
  path: Assets/Dialogue/Sam/Day2/Seq 3/SamD2S3N1.asset
  artifactKey: Guid(b284e78fc21553842a76d1cadda08764) Importer(815301076,1909f56bfc062723c751e8b465ee728b)
Start importing Assets/Dialogue/Sam/Day2/Seq 3/SamD2S3N1.asset using Guid(b284e78fc21553842a76d1cadda08764) Importer(815301076,1909f56bfc062723c751e8b465ee728b) (PreviewImporter) -> (artifact id: '617b5780a6dee1387be9b61f450a33fd') in 0.0015926 seconds
Number of updated asset objects reloaded before import = 0Number of asset objects unloaded after import = 1

========================================================================
Received Import Request.
  Time since last request: 0.025846 seconds.
  path: Assets/Dialogue/Sam/Day2/Seq 1/SamD2S1N 5.asset
  artifactKey: Guid(59d85d8f4a5559342ba9df6eb9b81171) Importer(815301076,1909f56bfc062723c751e8b465ee728b)
Start importing Assets/Dialogue/Sam/Day2/Seq 1/SamD2S1N 5.asset using Guid(59d85d8f4a5559342ba9df6eb9b81171) Importer(815301076,1909f56bfc062723c751e8b465ee728b) (PreviewImporter) -> (artifact id: 'eec34c4c7a702836bf36d17678652e0f') in 0.0025714 seconds
Number of updated asset objects reloaded before import = 0Number of asset objects unloaded after import = 4

========================================================================
Received Import Request.
  Time since last request: 0.000021 seconds.
  path: Assets/Dialogue/Sam/Day2/Seq 2/SamD2S2N2B.asset
  artifactKey: Guid(8f8fdb73ef1740f4485a62763a084f6f) Importer(815301076,1909f56bfc062723c751e8b465ee728b)
Start importing Assets/Dialogue/Sam/Day2/Seq 2/SamD2S2N2B.asset using Guid(8f8fdb73ef1740f4485a62763a084f6f) Importer(815301076,1909f56bfc062723c751e8b465ee728b) (PreviewImporter) -> (artifact id: '2dce5a73e936ba3faaae19919bb10b14') in 0.0014276 seconds
Number of updated asset objects reloaded before import = 0Number of asset objects unloaded after import = 1

========================================================================
Received Import Request.
  Time since last request: 0.000036 seconds.
  path: Assets/Dialogue/Sam/Day2/Seq 1/SamD2S1N4B.asset
  artifactKey: Guid(042ca8eda83d9e14dab360c3f1b07203) Importer(815301076,1909f56bfc062723c751e8b465ee728b)
Start importing Assets/Dialogue/Sam/Day2/Seq 1/SamD2S1N4B.asset using Guid(042ca8eda83d9e14dab360c3f1b07203) Importer(815301076,1909f56bfc062723c751e8b465ee728b) (PreviewImporter) -> (artifact id: '7989a7283c6bedf25ce0425015709d64') in 0.0027557 seconds
Number of updated asset objects reloaded before import = 0Number of asset objects unloaded after import = 5

========================================================================
Received Import Request.
  Time since last request: 0.000026 seconds.
  path: Assets/Dialogue/Sam/Day2/Seq 1/SamD2S1N2A.asset
  artifactKey: Guid(dc65e66c81e7ef64287792ec420c6d2c) Importer(815301076,1909f56bfc062723c751e8b465ee728b)
Start importing Assets/Dialogue/Sam/Day2/Seq 1/SamD2S1N2A.asset using Guid(dc65e66c81e7ef64287792ec420c6d2c) Importer(815301076,1909f56bfc062723c751e8b465ee728b) (PreviewImporter) -> (artifact id: '63b56b1e02e344631bcba232c822336c') in 0.003715 seconds
Number of updated asset objects reloaded before import = 0Number of asset objects unloaded after import = 7

========================================================================
Received Import Request.
  Time since last request: 0.000035 seconds.
  path: Assets/Dialogue/Sam/Day2/Seq 1/SamD2S1N 6.asset
  artifactKey: Guid(5e1c929dfd37565449db1d6ac5514dac) Importer(815301076,1909f56bfc062723c751e8b465ee728b)
Start importing Assets/Dialogue/Sam/Day2/Seq 1/SamD2S1N 6.asset using Guid(5e1c929dfd37565449db1d6ac5514dac) Importer(815301076,1909f56bfc062723c751e8b465ee728b) (PreviewImporter) -> (artifact id: '3d9002e7c7c35a496b9fd2bf4cc39386') in 0.0026772 seconds
Number of updated asset objects reloaded before import = 0Number of asset objects unloaded after import = 3

========================================================================
Received Import Request.
  Time since last request: 0.000026 seconds.
  path: Assets/Dialogue/Pip/Day 1/Sequence2/PipD1S2N2A.asset
  artifactKey: Guid(724dbf2f1e8eb1c4dbc5358a90e243cd) Importer(815301076,1909f56bfc062723c751e8b465ee728b)
Start importing Assets/Dialogue/Pip/Day 1/Sequence2/PipD1S2N2A.asset using Guid(724dbf2f1e8eb1c4dbc5358a90e243cd) Importer(815301076,1909f56bfc062723c751e8b465ee728b) (PreviewImporter) -> (artifact id: '2d8007dce1528cbba4135f3d71c13697') in 0.00458 seconds
Number of updated asset objects reloaded before import = 0Number of asset objects unloaded after import = 4

========================================================================
Received Import Request.
  Time since last request: 0.000022 seconds.
  path: Assets/Dialogue/Sam/Day2/Seq 1/SamD2S1N4A.asset
  artifactKey: Guid(4765d6e99d1d5544aad2e95bcee3cdcf) Importer(815301076,1909f56bfc062723c751e8b465ee728b)
Start importing Assets/Dialogue/Sam/Day2/Seq 1/SamD2S1N4A.asset using Guid(4765d6e99d1d5544aad2e95bcee3cdcf) Importer(815301076,1909f56bfc062723c751e8b465ee728b) (PreviewImporter) -> (artifact id: '3eab47440d64d49bf56901e8e4929f8c') in 0.004311 seconds
Number of updated asset objects reloaded before import = 0Number of asset objects unloaded after import = 5

========================================================================
Received Import Request.
  Time since last request: 0.000027 seconds.
  path: Assets/Dialogue/Sam/Day2/Seq 1/SamD2S1N3B.asset
  artifactKey: Guid(af5ba199105b22a448200e5a8954b0ad) Importer(815301076,1909f56bfc062723c751e8b465ee728b)
Start importing Assets/Dialogue/Sam/Day2/Seq 1/SamD2S1N3B.asset using Guid(af5ba199105b22a448200e5a8954b0ad) Importer(815301076,1909f56bfc062723c751e8b465ee728b) (PreviewImporter) -> (artifact id: 'e7c6dc7d2112423e4a30f1a37e125739') in 0.0028294 seconds
Number of updated asset objects reloaded before import = 0Number of asset objects unloaded after import = 6

========================================================================
Received Import Request.
  Time since last request: 0.000038 seconds.
  path: Assets/Dialogue/Pendi/Day 2/Seq 1/PendiD2S1N 2A.asset
  artifactKey: Guid(c9856d63a3f94574088981fd340ad1a7) Importer(815301076,1909f56bfc062723c751e8b465ee728b)
Start importing Assets/Dialogue/Pendi/Day 2/Seq 1/PendiD2S1N 2A.asset using Guid(c9856d63a3f94574088981fd340ad1a7) Importer(815301076,1909f56bfc062723c751e8b465ee728b) (PreviewImporter) -> (artifact id: '39972161a60535ff2dbd9184afac2477') in 0.003321 seconds
Number of updated asset objects reloaded before import = 0Number of asset objects unloaded after import = 4

========================================================================
Received Import Request.
  Time since last request: 0.000029 seconds.
  path: Assets/Dialogue/Pendi/Day 2/Seq 1/PendiD2S1N 5A.asset
  artifactKey: Guid(aa42b8eef38c8ec42936da467d16f083) Importer(815301076,1909f56bfc062723c751e8b465ee728b)
Start importing Assets/Dialogue/Pendi/Day 2/Seq 1/PendiD2S1N 5A.asset using Guid(aa42b8eef38c8ec42936da467d16f083) Importer(815301076,1909f56bfc062723c751e8b465ee728b) (PreviewImporter) -> (artifact id: 'f29c51c79820afef7c2650080d962964') in 0.0018651 seconds
Number of updated asset objects reloaded before import = 0Number of asset objects unloaded after import = 1

========================================================================
Received Import Request.
  Time since last request: 0.000027 seconds.
  path: Assets/Dialogue/Pendi/Day 2/Seq 1/PendiD2S1N 3A.asset
  artifactKey: Guid(a35e1e3b7ccad1549b7a253b90d70c36) Importer(815301076,1909f56bfc062723c751e8b465ee728b)
Start importing Assets/Dialogue/Pendi/Day 2/Seq 1/PendiD2S1N 3A.asset using Guid(a35e1e3b7ccad1549b7a253b90d70c36) Importer(815301076,1909f56bfc062723c751e8b465ee728b) (PreviewImporter) -> (artifact id: 'a166999ed7b656ec2a8f7f4bcb1b48f3') in 0.0020057 seconds
Number of updated asset objects reloaded before import = 0Number of asset objects unloaded after import = 3

========================================================================
Received Import Request.
  Time since last request: 0.000029 seconds.
  path: Assets/Dialogue/Pendi/Day 1/Sequence2/PendiD1S2N2B.asset
  artifactKey: Guid(b84fe32b8d164eb46a3ed0c8d8565b89) Importer(815301076,1909f56bfc062723c751e8b465ee728b)
Start importing Assets/Dialogue/Pendi/Day 1/Sequence2/PendiD1S2N2B.asset using Guid(b84fe32b8d164eb46a3ed0c8d8565b89) Importer(815301076,1909f56bfc062723c751e8b465ee728b) (PreviewImporter) -> (artifact id: '0a62d478d6578449f0183ce5096f9163') in 0.0039296 seconds
Number of updated asset objects reloaded before import = 0Number of asset objects unloaded after import = 6

========================================================================
Received Import Request.
  Time since last request: 0.110567 seconds.
  path: Assets/Dialogue/IGNORE/TestOtter/Day1/Sequence1/OtterD1N2.asset
  artifactKey: Guid(773ab58b399d0b4439452ae0fdcbaba2) Importer(815301076,1909f56bfc062723c751e8b465ee728b)
Start importing Assets/Dialogue/IGNORE/TestOtter/Day1/Sequence1/OtterD1N2.asset using Guid(773ab58b399d0b4439452ae0fdcbaba2) Importer(815301076,1909f56bfc062723c751e8b465ee728b) (PreviewImporter) -> (artifact id: 'd572baf20e2d6808358102946c5f5a48') in 0.004162 seconds
Number of updated asset objects reloaded before import = 0Number of asset objects unloaded after import = 7

========================================================================
Received Import Request.
  Time since last request: 0.000021 seconds.
  path: Assets/Dialogue/IGNORE/TestOtter/Day1/Sequence2/OtterD1S2N1.asset
  artifactKey: Guid(d0f9557c4f682c247aad2a1f738483d3) Importer(815301076,1909f56bfc062723c751e8b465ee728b)
Start importing Assets/Dialogue/IGNORE/TestOtter/Day1/Sequence2/OtterD1S2N1.asset using Guid(d0f9557c4f682c247aad2a1f738483d3) Importer(815301076,1909f56bfc062723c751e8b465ee728b) (PreviewImporter) -> (artifact id: 'cc26dbbda078f742527961c30988bb21') in 0.0020737 seconds
Number of updated asset objects reloaded before import = 0Number of asset objects unloaded after import = 2

========================================================================
Received Import Request.
  Time since last request: 0.000038 seconds.
  path: Assets/Dialogue/IGNORE/TestOtter/Day1/Sequence1/OtterD1N3A.asset
  artifactKey: Guid(d05471d946a261e48b7572acca0576ce) Importer(815301076,1909f56bfc062723c751e8b465ee728b)
Start importing Assets/Dialogue/IGNORE/TestOtter/Day1/Sequence1/OtterD1N3A.asset using Guid(d05471d946a261e48b7572acca0576ce) Importer(815301076,1909f56bfc062723c751e8b465ee728b) (PreviewImporter) -> (artifact id: '552e3ba8778269864aaa6d2c0c7fd742') in 0.0022144 seconds
Number of updated asset objects reloaded before import = 0Number of asset objects unloaded after import = 3

========================================================================
Received Import Request.
  Time since last request: 0.096135 seconds.
  path: Assets/Dialogue/Kev/Day2/Seq 1/KevD2S1N 1.asset
  artifactKey: Guid(f3f9b7ca9b2a9914e86b82bb2ab63fd3) Importer(815301076,1909f56bfc062723c751e8b465ee728b)
Start importing Assets/Dialogue/Kev/Day2/Seq 1/KevD2S1N 1.asset using Guid(f3f9b7ca9b2a9914e86b82bb2ab63fd3) Importer(815301076,1909f56bfc062723c751e8b465ee728b) (PreviewImporter) -> (artifact id: '0aa3387ad24c91d49c22bb6934570aaa') in 0.0021989 seconds
Number of updated asset objects reloaded before import = 0Number of asset objects unloaded after import = 3

========================================================================
Received Import Request.
  Time since last request: 0.000020 seconds.
  path: Assets/Dialogue/Kev/Day2/Seq 1/KevD2S1N 3.asset
  artifactKey: Guid(4b9e881fe4b2a114c8a94e4334221604) Importer(815301076,1909f56bfc062723c751e8b465ee728b)
Start importing Assets/Dialogue/Kev/Day2/Seq 1/KevD2S1N 3.asset using Guid(4b9e881fe4b2a114c8a94e4334221604) Importer(815301076,1909f56bfc062723c751e8b465ee728b) (PreviewImporter) -> (artifact id: '3d363c6a7eaf55dfb99be4055db92736') in 0.0017787 seconds
Number of updated asset objects reloaded before import = 0Number of asset objects unloaded after import = 1

========================================================================
Received Import Request.
  Time since last request: 0.071598 seconds.
  path: Assets/Dialogue/Bani/Day 2/Seq 5/BaniD2S5N2B.asset
  artifactKey: Guid(f2521bd436f289b4386b6bd91df5a072) Importer(815301076,1909f56bfc062723c751e8b465ee728b)
Start importing Assets/Dialogue/Bani/Day 2/Seq 5/BaniD2S5N2B.asset using Guid(f2521bd436f289b4386b6bd91df5a072) Importer(815301076,1909f56bfc062723c751e8b465ee728b) (PreviewImporter) -> (artifact id: '392184b2899ca2502b1e3adb37809d4b') in 0.0012808 seconds
Number of updated asset objects reloaded before import = 0Number of asset objects unloaded after import = 1

========================================================================
Received Import Request.
  Time since last request: 0.000023 seconds.
  path: Assets/Dialogue/Bor/Day2/Seq 1/BorD2S1N 3.asset
  artifactKey: Guid(62d8fe2245b3f7f4ea7274c5bbb1a228) Importer(815301076,1909f56bfc062723c751e8b465ee728b)
Start importing Assets/Dialogue/Bor/Day2/Seq 1/BorD2S1N 3.asset using Guid(62d8fe2245b3f7f4ea7274c5bbb1a228) Importer(815301076,1909f56bfc062723c751e8b465ee728b) (PreviewImporter) -> (artifact id: '4387edd32d8a0d485eef0d61e463c839') in 0.0018675 seconds
Number of updated asset objects reloaded before import = 0Number of asset objects unloaded after import = 3

========================================================================
Received Import Request.
  Time since last request: 0.000031 seconds.
  path: Assets/Dialogue/Bor/Day2/Seq 1/BorD2S1N 4.asset
  artifactKey: Guid(412845696ad857b4ebb04d5294a5a4de) Importer(815301076,1909f56bfc062723c751e8b465ee728b)
Start importing Assets/Dialogue/Bor/Day2/Seq 1/BorD2S1N 4.asset using Guid(412845696ad857b4ebb04d5294a5a4de) Importer(815301076,1909f56bfc062723c751e8b465ee728b) (PreviewImporter) -> (artifact id: '0443c3e71c2f169eeb7155169792a09d') in 0.0017718 seconds
Number of updated asset objects reloaded before import = 0Number of asset objects unloaded after import = 2

========================================================================
Received Import Request.
  Time since last request: 0.000025 seconds.
  path: Assets/Dialogue/Bor/Day2/Seq 1/BorD2S1N 2.asset
  artifactKey: Guid(d72bd6077e5ab654798fffcaeeebca34) Importer(815301076,1909f56bfc062723c751e8b465ee728b)
Start importing Assets/Dialogue/Bor/Day2/Seq 1/BorD2S1N 2.asset using Guid(d72bd6077e5ab654798fffcaeeebca34) Importer(815301076,1909f56bfc062723c751e8b465ee728b) (PreviewImporter) -> (artifact id: '0f9b826548cf398e615486fcacc9dab8') in 0.0029797 seconds
Number of updated asset objects reloaded before import = 0Number of asset objects unloaded after import = 4

========================================================================
Received Import Request.
  Time since last request: 0.486644 seconds.
  path: Assets/Dialogue/Artur/Day 2/Seq 2/ArturD2S2N 2.asset
  artifactKey: Guid(7c55a6eaef8508549a5b82cb1c1dae1e) Importer(815301076,1909f56bfc062723c751e8b465ee728b)
Start importing Assets/Dialogue/Artur/Day 2/Seq 2/ArturD2S2N 2.asset using Guid(7c55a6eaef8508549a5b82cb1c1dae1e) Importer(815301076,1909f56bfc062723c751e8b465ee728b) (PreviewImporter) -> (artifact id: '5ddf69ae3ef607b9d961e8c7073ab6e7') in 0.0014206 seconds
Number of updated asset objects reloaded before import = 0Number of asset objects unloaded after import = 2

Editor requested this worker to shutdown with reason: Scaling down because of idle timeout
AssetImportWorker is now disconnected from the server
Process exiting
Exiting without the bug reporter. Application will terminate with return code 0