[Licensing::Module] Trying to connect to existing licensing client channel...
Built from '6000.3/staging' branch; Version is '6000.3.16f1 (a56f230f6470) revision 10841891'; Using compiler version '194234433'; Build Type 'Release'
OS: 'Windows 11  (10.0.26100) CoreSingleLanguage' Language: 'en' Physical Memory: 32108 MB
[Licensing::IpcConnector] Successfully connected to: "LicenseClient-User" at "2026-07-17T04:34:07.908833Z"
BatchMode: 1, IsHumanControllingUs: 0, StartBugReporterOnCrash: 0, Is64bit: 1
System  architecture: x64
Process architecture: x64
Date: 2026-07-17T04:34:07Z

COMMAND LINE ARGUMENTS:
C:\Program Files\Unity\Hub\Editor\6000.3.16f1\Editor\Unity.exe
-adb2
-batchMode
-noUpm
-name
AssetImportWorker150
-projectPath
D:/Unity Projects/ExitAnt-IAT312-P1/312_Assignment2
-logFile
Logs/AssetImportWorker150.log
-srvPort
49722
-licensingIpc
LicenseClient-User
-job-worker-count
7
-background-job-worker-count
8
-gc-helper-count
1
-name
AssetImport
Successfully changed project path to: D:/Unity Projects/ExitAnt-IAT312-P1/312_Assignment2
D:/Unity Projects/ExitAnt-IAT312-P1/312_Assignment2
[UnityMemory] Configuration Parameters - Can be set up in boot.config
    "memorysetup-temp-allocator-size-nav-mesh-worker=65536"
    "memorysetup-temp-allocator-size-audio-worker=65536"
    "memorysetup-temp-allocator-size-gfx=262144"
    "memorysetup-allocator-temp-initial-block-size-main=262144"
    "memorysetup-allocator-temp-initial-block-size-worker=262144"
    "memorysetup-temp-allocator-size-background-worker=32768"
    "memorysetup-temp-allocator-size-job-worker=262144"
    "memorysetup-temp-allocator-size-preload-manager=33554432"
    "memorysetup-temp-allocator-size-gi-baking-worker=262144"
    "memorysetup-temp-allocator-size-gi-baking-worker=262144"
    "memorysetup-temp-allocator-size-gi-baking-worker=262144"
    "memorysetup-temp-allocator-size-gi-baking-worker=262144"
    "memorysetup-temp-allocator-size-gi-baking-worker=262144"
    "memorysetup-bucket-allocator-granularity=16"
    "memorysetup-bucket-allocator-bucket-count=8"
    "memorysetup-bucket-allocator-block-size=33554432"
    "memorysetup-bucket-allocator-block-count=8"
    "memorysetup-main-allocator-block-size=16777216"
    "memorysetup-thread-allocator-block-size=16777216"
    "memorysetup-gfx-main-allocator-block-size=16777216"
    "memorysetup-gfx-thread-allocator-block-size=16777216"
    "memorysetup-cache-allocator-block-size=4194304"
    "memorysetup-typetree-allocator-block-size=2097152"
    "memorysetup-profiler-bucket-allocator-granularity=16"
    "memorysetup-profiler-bucket-allocator-bucket-count=8"
    "memorysetup-profiler-bucket-allocator-block-size=33554432"
    "memorysetup-profiler-bucket-allocator-block-count=8"
    "memorysetup-profiler-allocator-block-size=16777216"
    "memorysetup-profiler-editor-allocator-block-size=1048576"
    "memorysetup-temp-allocator-size-main=16777216"
    "memorysetup-job-temp-allocator-block-size=2097152"
    "memorysetup-job-temp-allocator-block-size-background=1048576"
    "memorysetup-job-temp-allocator-reduction-small-platforms=262144"
    "memorysetup-temp-allocator-size-cloud-worker=32768"
Player connection [39088]  Target information:

Player connection [39088]  * "[IP] 192.168.1.97 [Port] 0 [Flags] 2 [Guid] 1833131731 [EditorId] 1833131731 [Version] 1048832 [Id] WindowsEditor(7,DESKTOP-OVH4FSK) [Debug] 1 [PackageName] WindowsEditor [ProjectName] Editor" 

Player connection [39088] Host joined multi-casting on [225.0.0.222:54997]...
Player connection [39088] Host joined alternative multi-casting on [225.0.0.222:34997]...
JobSystem: Creating JobQueue using job-worker-count value 7
Input System module state changed to: Initialized.
[Physics::Module] Initialized fallback backend.
[Physics::Module] Id: 0xdecafbad
Library Redirect Path: Library/
[Physics::Module] Selected backend.
[Physics::Module] Name: PhysX
[Physics::Module] Id: 0xf2b8ea05
[Physics::Module] SDK Version: 4.1.2
[Physics::Module] Integration Version: 1.0.0
[Physics::Module] Threading Mode: Multi-Threaded
Refreshing native plugins compatible for Editor in 5.37 ms, found 5 plugins.
Preloading 0 native plugins for Editor in 0.00 ms.
Initialize engine version: 6000.3.16f1 (a56f230f6470)
[Subsystems] Discovering subsystems at path C:/Program Files/Unity/Hub/Editor/6000.3.16f1/Editor/Data/Resources/UnitySubsystems
[Subsystems] Discovering subsystems at path D:/Unity Projects/ExitAnt-IAT312-P1/312_Assignment2/Assets
GfxDevice: creating device client; kGfxThreadingModeNonThreaded
d3d12: failed to query info queue interface (0x80004002).
Direct3D:
    Version:         Direct3D 12 [level 12.2]
    Renderer:        NVIDIA GeForce RTX 3060 Laptop GPU (ID=0x2520)
    Vendor:          NVIDIA
    VRAM:            5996 MB
    App VRAM Budget: 5228 MB
    Driver:          32.0.15.8088
Initialize mono
Mono path[0] = 'C:/Program Files/Unity/Hub/Editor/6000.3.16f1/Editor/Data/Managed'
Mono path[1] = 'C:/Program Files/Unity/Hub/Editor/6000.3.16f1/Editor/Data/MonoBleedingEdge/lib/mono/unityjit-win32'
Mono config path = 'C:/Program Files/Unity/Hub/Editor/6000.3.16f1/Editor/Data/MonoBleedingEdge/etc'
Using monoOptions --debugger-agent=transport=dt_socket,embedding=1,server=y,suspend=n,address=127.0.0.1:56500
Begin MonoManager ReloadAssembly
[Licensing::Client] Error: HandshakeResponse reported an error:
	ResponseCode: 505
	ResponseStatus: Unsupported protocol version '1.18.1'.
[Licensing::Module] Error: Failed to handshake to channel: "LicenseClient-User"
[Licensing::IpcConnector] LicenseClient-User channel disconnected successfully.
[Licensing::IpcConnector] Successfully connected to: "LicenseClient-User-6000.3.16" at "2026-07-17T04:34:09.1689947Z"
[Licensing::Client] Code 10 while verifying Licensing Client signature (process Id: 29352, path: "C:/Program Files/Unity/Hub/Editor/6000.3.16f1/Editor/Data/Resources/Licensing/Client/Unity.Licensing.Client.exe")
[Licensing::Module] LicensingClient has failed validation; ignoring
[Licensing::Client] Handshaking with LicensingClient:
  Version:                 1.18.1+9fbee8e
  Session Id:              989bf7f30b78459d940b109d132d61d0
  Correlation Id:          47882071dff180c034864f0352291f7f
  External correlation Id: 623161670379957336
  Machine Id:              NKcRUsz1GwU4Q4WJtDcG2fyxkZM=
[Licensing::Module] Successfully connected to LicensingClient on channel: "LicenseClient-User-6000.3.16" (connect: 0.00s, validation: 0.00s, handshake: 0.01s)
[Licensing::IpcConnector] Successfully connected to: "LicenseClient-User-6000.3.16-notifications" at "2026-07-17T04:34:09.178982Z"
[Licensing::Module] Licensing Background thread has ended after 1.27s
Registering precompiled unity dll's ...
Register platform support module: C:/Program Files/Unity/Hub/Editor/6000.3.16f1/Editor/Data/PlaybackEngines/WindowsStandaloneSupport/UnityEditor.WindowsStandalone.Extensions.dll
Registered in 0.002464 seconds.
- Loaded All Assemblies, in  0.459 seconds
Native extension for WindowsStandalone target not found
Package Manager log level set to [2]
[Package Manager] Failed to launch server process. Reason: Unity was launched with the -noUpm command-line argument
[Package Manager] Unable to send message (not connected to server process).
[Package Manager] Cannot connect to Unity Package Manager local server
ScheduleIndexationOnStartup MainProcess:False IndexOnStartup:True
Mono: successfully reloaded assembly
- Finished resetting the current domain, in  0.444 seconds
Domain Reload Profiling: 899ms
	BeginReloadAssembly (151ms)
		ExecutionOrderSort (0ms)
		DisableScriptedObjects (0ms)
		BackupInstance (0ms)
		ReleaseScriptingObjects (0ms)
		CreateAndSetChildDomain (1ms)
	RebuildCommonClasses (48ms)
	RebuildNativeTypeToScriptingClass (15ms)
	initialDomainReloadingComplete (55ms)
	LoadAllAssembliesAndSetupDomain (186ms)
		LoadAssemblies (146ms)
		RebuildTransferFunctionScriptingTraits (0ms)
		AnalyzeDomain (183ms)
			TypeCache.Refresh (181ms)
				TypeCache.ScanAssembly (168ms)
			BuildScriptInfoCaches (0ms)
			ResolveRequiredComponents (0ms)
	FinalizeReload (444ms)
		ReleaseScriptCaches (0ms)
		RebuildScriptCaches (0ms)
		SetupLoadedEditorAssemblies (389ms)
			LogAssemblyErrors (0ms)
			InitializePlatformSupportModulesInManaged (56ms)
			SetLoadedEditorAssemblies (4ms)
			BeforeProcessingInitializeOnLoad (91ms)
			ProcessInitializeOnLoadAttributes (162ms)
			ProcessInitializeOnLoadMethodAttributes (76ms)
			AfterProcessingInitializeOnLoad (0ms)
			EditorAssembliesLoaded (0ms)
		ExecutionOrderSort2 (0ms)
		AwakeInstancesAfterBackupRestoration (0ms)
Assembly reference Packages/com.unity.cinemachine/Editor/Samples/ExposeHDRPInternals/HDRP-Editor-ref.asmref has no target assembly definition
========================================================================
Worker process is ready to serve import requests
Import Worker Mode flag is 0x00
Assembly reference Packages/com.unity.cinemachine/Editor/Samples/ExposeHDRPInternals/HDRP-Editor-ref.asmref has no target assembly definition
Assembly reference Packages/com.unity.cinemachine/Editor/Samples/ExposeHDRPInternals/HDRP-Editor-ref.asmref has no target assembly definition
Begin MonoManager ReloadAssembly
[Licensing::Client] Successfully resolved entitlement details
[Licensing::Module] License group:
  Id: 3574399251830-UnityPersXXXX
  Product: Unity Personal
  Type: Assigned
  Expiration: Unlimited
- Loaded All Assemblies, in  0.959 seconds
Assembly reference Packages/com.unity.cinemachine/Editor/Samples/ExposeHDRPInternals/HDRP-Editor-ref.asmref has no target assembly definition
'Packages/com.unity.cinemachine/Editor/Obsolete/CinemachineVirtualCameraBaseEditor.cs' contains partial class of Unity.Object, exactly 1 of the partial classes needs to be in a file with the same filename. This is to know the one that can be referenced from ie. GameObjects
'Packages/com.unity.cinemachine/Editor/Editors/CinemachineVirtualCameraBaseEditor.cs' contains partial class of Unity.Object, exactly 1 of the partial classes needs to be in a file with the same filename. This is to know the one that can be referenced from ie. GameObjects
Refreshing native plugins compatible for Editor in 2.03 ms, found 5 plugins.
Native extension for WindowsStandalone target not found
Assembly reference Packages/com.unity.cinemachine/Editor/Samples/ExposeHDRPInternals/HDRP-Editor-ref.asmref has no target assembly definition
[Package Manager] Failed to launch server process. Reason: Unity was launched with the -noUpm command-line argument
[Package Manager] Unable to send message (not connected to server process).
[Package Manager] Cannot connect to Unity Package Manager local server
[Package Manager] Failed to launch server process. Reason: Unity was launched with the -noUpm command-line argument
[Package Manager] Unable to send message (not connected to server process).
[Package Manager] Cannot connect to Unity Package Manager local server
[Package Manager] Failed to launch server process. Reason: Unity was launched with the -noUpm command-line argument
[Package Manager] Unable to send message (not connected to server process).
[Package Manager] Cannot connect to Unity Package Manager local server
Refreshing native plugins compatible for Editor in 2.11 ms, found 5 plugins.
ScheduleIndexationOnStartup MainProcess:False IndexOnStartup:True
Mono: successfully reloaded assembly
- Finished resetting the current domain, in  0.926 seconds
Domain Reload Profiling: 1879ms
	BeginReloadAssembly (191ms)
		ExecutionOrderSort (0ms)
		DisableScriptedObjects (6ms)
		BackupInstance (0ms)
		ReleaseScriptingObjects (0ms)
		CreateAndSetChildDomain (31ms)
	RebuildCommonClasses (42ms)
	RebuildNativeTypeToScriptingClass (13ms)
	initialDomainReloadingComplete (45ms)
	LoadAllAssembliesAndSetupDomain (663ms)
		LoadAssemblies (381ms)
		RebuildTransferFunctionScriptingTraits (0ms)
		AnalyzeDomain (389ms)
			TypeCache.Refresh (274ms)
				TypeCache.ScanAssembly (253ms)
			BuildScriptInfoCaches (95ms)
			ResolveRequiredComponents (15ms)
	FinalizeReload (926ms)
		ReleaseScriptCaches (0ms)
		RebuildScriptCaches (0ms)
		SetupLoadedEditorAssemblies (763ms)
			LogAssemblyErrors (0ms)
			InitializePlatformSupportModulesInManaged (2ms)
			SetLoadedEditorAssemblies (5ms)
			BeforeProcessingInitializeOnLoad (169ms)
			ProcessInitializeOnLoadAttributes (451ms)
			ProcessInitializeOnLoadMethodAttributes (127ms)
			AfterProcessingInitializeOnLoad (8ms)
			EditorAssembliesLoaded (0ms)
		ExecutionOrderSort2 (0ms)
		AwakeInstancesAfterBackupRestoration (7ms)
Launched and connected shader compiler UnityShaderCompiler.exe after 0.01 seconds
Refreshing native plugins compatible for Editor in 1.97 ms, found 5 plugins.
Preloading 0 native plugins for Editor in 0.00 ms.
Unloading 17 Unused Serialized files (Serialized files now loaded: 0)
Unloading 7649 unused Assets / (5.1 MB). Loaded Objects now: 8481.
Memory consumption went from 165.7 MB to 160.5 MB.
Total: 11.069000 ms (FindLiveObjects: 0.769700 ms CreateObjectMapping: 0.728100 ms MarkObjects: 6.892000 ms  DeleteObjects: 2.678100 ms)

========================================================================
Received Import Request.
  Time since last request: 129610.715443 seconds.
  path: Assets/Dialogue/Herald/Day5/Seq 4/HeraldD5S1N 57.asset
  artifactKey: Guid(e13f76398e0e0874e8e4514aea86531e) Importer(815301076,1909f56bfc062723c751e8b465ee728b)
Start importing Assets/Dialogue/Herald/Day5/Seq 4/HeraldD5S1N 57.asset using Guid(e13f76398e0e0874e8e4514aea86531e) Importer(815301076,1909f56bfc062723c751e8b465ee728b) (PreviewImporter) -> (artifact id: '80c922022edeff437719c8ff0415073e') in 0.0294074 seconds
Number of updated asset objects reloaded before import = 0Number of asset objects unloaded after import = 4

========================================================================
Received Import Request.
  Time since last request: 0.878350 seconds.
  path: Assets/ItemData/QuestItems/SymbolicFlower.asset
  artifactKey: Guid(264c36537946144408bfabea23abe41a) Importer(2089858483,b0f066a214c2f5e87bad3c948f4d605d)
Start importing Assets/ItemData/QuestItems/SymbolicFlower.asset using Guid(264c36537946144408bfabea23abe41a) Importer(2089858483,b0f066a214c2f5e87bad3c948f4d605d) (ScriptedImporter) -> (artifact id: 'cb74fd9b38bd98a791a11698df1b257a') in 0.0881116 seconds
Number of updated asset objects reloaded before import = 0Number of asset objects unloaded after import = 2

========================================================================
Received Import Request.
  Time since last request: 0.673942 seconds.
  path: Assets/Dialogue/Herald/Day5/Seq 4/HeraldD5S1N 60.asset
  artifactKey: Guid(ee79f9e59d47ce347b7da4db592359c1) Importer(815301076,1909f56bfc062723c751e8b465ee728b)
Start importing Assets/Dialogue/Herald/Day5/Seq 4/HeraldD5S1N 60.asset using Guid(ee79f9e59d47ce347b7da4db592359c1) Importer(815301076,1909f56bfc062723c751e8b465ee728b) (PreviewImporter) -> (artifact id: '5dd884f6d7d428c8d464eb987be62962') in 0.0010958 seconds
Number of updated asset objects reloaded before import = 0Number of asset objects unloaded after import = 1

========================================================================
Received Import Request.
  Time since last request: 0.153255 seconds.
  path: Assets/Dialogue/Herald/Day5/Seq 4/HeraldD5S1N 61.asset
  artifactKey: Guid(c3fe7e50e31eeee4da64febac95f2cca) Importer(815301076,1909f56bfc062723c751e8b465ee728b)
Start importing Assets/Dialogue/Herald/Day5/Seq 4/HeraldD5S1N 61.asset using Guid(c3fe7e50e31eeee4da64febac95f2cca) Importer(815301076,1909f56bfc062723c751e8b465ee728b) (PreviewImporter) -> (artifact id: '0cfef4935fcb720b361540fdd2b061af') in 0.0011734 seconds
Number of updated asset objects reloaded before import = 0Number of asset objects unloaded after import = 1

========================================================================
Received Import Request.
  Time since last request: 0.141082 seconds.
  path: Assets/Dialogue/Herald/Day5/Seq 4/HeraldD5S1N 62.asset
  artifactKey: Guid(3978c92e389cbeb44a9adecc0be6788a) Importer(815301076,1909f56bfc062723c751e8b465ee728b)
Start importing Assets/Dialogue/Herald/Day5/Seq 4/HeraldD5S1N 62.asset using Guid(3978c92e389cbeb44a9adecc0be6788a) Importer(815301076,1909f56bfc062723c751e8b465ee728b) (PreviewImporter) -> (artifact id: 'f6dd36e94e56c92018ca8dda10a9b50d') in 0.0011922 seconds
Number of updated asset objects reloaded before import = 0Number of asset objects unloaded after import = 1

========================================================================
Received Import Request.
  Time since last request: 0.117550 seconds.
  path: Assets/Dialogue/Herald/Day5/Seq 4/HeraldD5S1N 63.asset
  artifactKey: Guid(d119674d311d97040913324a5d0d1f19) Importer(815301076,1909f56bfc062723c751e8b465ee728b)
Start importing Assets/Dialogue/Herald/Day5/Seq 4/HeraldD5S1N 63.asset using Guid(d119674d311d97040913324a5d0d1f19) Importer(815301076,1909f56bfc062723c751e8b465ee728b) (PreviewImporter) -> (artifact id: '436283111d0cdb146972bb9f505d9bf4') in 0.0011294 seconds
Number of updated asset objects reloaded before import = 0Number of asset objects unloaded after import = 1

========================================================================
Received Import Request.
  Time since last request: 0.910098 seconds.
  path: Assets/Dialogue/Herald/Day5/Seq 4/HeraldD5S1N 60.asset
  artifactKey: Guid(ee79f9e59d47ce347b7da4db592359c1) Importer(2089858483,b0f066a214c2f5e87bad3c948f4d605d)
Start importing Assets/Dialogue/Herald/Day5/Seq 4/HeraldD5S1N 60.asset using Guid(ee79f9e59d47ce347b7da4db592359c1) Importer(2089858483,b0f066a214c2f5e87bad3c948f4d605d) (ScriptedImporter) -> (artifact id: 'df71a586898f6f3ba41489931591bb76') in 0.0555038 seconds
Number of updated asset objects reloaded before import = 0Number of asset objects unloaded after import = 1

========================================================================
Received Import Request.
  Time since last request: 104.671837 seconds.
  path: Assets/Dialogue/Herald/Day5/Seq 3/HeraldD5S1N 41.asset
  artifactKey: Guid(e23e7d45676ad1440867c74d4f1c59d4) Importer(815301076,1909f56bfc062723c751e8b465ee728b)
Start importing Assets/Dialogue/Herald/Day5/Seq 3/HeraldD5S1N 41.asset using Guid(e23e7d45676ad1440867c74d4f1c59d4) Importer(815301076,1909f56bfc062723c751e8b465ee728b) (PreviewImporter) -> (artifact id: 'eb6f0b385292b679b9578c0ae950306a') in 0.0025579 seconds
Number of updated asset objects reloaded before import = 0Number of asset objects unloaded after import = 8

========================================================================
Received Import Request.
  Time since last request: 0.000020 seconds.
  path: Assets/Dialogue/Herald/Day5/Seq 3/HeraldD5S1N 43.asset
  artifactKey: Guid(e28fff0b2665c95439273ae4a4e05b72) Importer(815301076,1909f56bfc062723c751e8b465ee728b)
Start importing Assets/Dialogue/Herald/Day5/Seq 3/HeraldD5S1N 43.asset using Guid(e28fff0b2665c95439273ae4a4e05b72) Importer(815301076,1909f56bfc062723c751e8b465ee728b) (PreviewImporter) -> (artifact id: '154f3c55eb1dce2a6e166df21744fd13') in 0.0021858 seconds
Number of updated asset objects reloaded before import = 0Number of asset objects unloaded after import = 6

========================================================================
Received Import Request.
  Time since last request: 0.000021 seconds.
  path: Assets/Dialogue/Herald/Day5/Seq 3/HeraldD5S1N 46.asset
  artifactKey: Guid(9db1336f8aee75f498e021f08563e7d3) Importer(815301076,1909f56bfc062723c751e8b465ee728b)
Start importing Assets/Dialogue/Herald/Day5/Seq 3/HeraldD5S1N 46.asset using Guid(9db1336f8aee75f498e021f08563e7d3) Importer(815301076,1909f56bfc062723c751e8b465ee728b) (PreviewImporter) -> (artifact id: '20487f0f15df4f4ae4154e779818b4c7') in 0.0016306 seconds
Number of updated asset objects reloaded before import = 0Number of asset objects unloaded after import = 3

========================================================================
Received Import Request.
  Time since last request: 0.000036 seconds.
  path: Assets/Dialogue/Herald/Day5/Seq 3/HeraldD5S1N 47.asset
  artifactKey: Guid(81464185d6ed25845bbc9e968a9c6a63) Importer(815301076,1909f56bfc062723c751e8b465ee728b)
Start importing Assets/Dialogue/Herald/Day5/Seq 3/HeraldD5S1N 47.asset using Guid(81464185d6ed25845bbc9e968a9c6a63) Importer(815301076,1909f56bfc062723c751e8b465ee728b) (PreviewImporter) -> (artifact id: 'd9b448d09a9b66b258c27d409f6ef37b') in 0.0018633 seconds
Number of updated asset objects reloaded before import = 0Number of asset objects unloaded after import = 2

========================================================================
Received Import Request.
  Time since last request: 11.087803 seconds.
  path: Assets/Dialogue/Herald/Day5/Seq 5
  artifactKey: Guid(7ba90eaa9ef440e4c8dcd3d088a0b3ed) Importer(815301076,1909f56bfc062723c751e8b465ee728b)
Start importing Assets/Dialogue/Herald/Day5/Seq 5 using Guid(7ba90eaa9ef440e4c8dcd3d088a0b3ed) Importer(815301076,1909f56bfc062723c751e8b465ee728b) (PreviewImporter) -> (artifact id: 'e26960b5e6308c74d1d7ea60442dc15d') in 0.0005164 seconds
Number of updated asset objects reloaded before import = 0Number of asset objects unloaded after import = 0

========================================================================
Received Import Request.
  Time since last request: 11.790471 seconds.
  path: Assets/Dialogue/Herald/Day5/Seq 5/HeraldD5S5N1.asset
  artifactKey: Guid(4d560a94ad5fab140bbf9d822f6460ac) Importer(815301076,1909f56bfc062723c751e8b465ee728b)
Start importing Assets/Dialogue/Herald/Day5/Seq 5/HeraldD5S5N1.asset using Guid(4d560a94ad5fab140bbf9d822f6460ac) Importer(815301076,1909f56bfc062723c751e8b465ee728b) (PreviewImporter) -> (artifact id: '3f24f21725764a4618502c8c53fbc37c') in 0.0015242 seconds
Number of updated asset objects reloaded before import = 0Number of asset objects unloaded after import = 1

========================================================================
Received Import Request.
  Time since last request: 0.939849 seconds.
  path: Assets/Dialogue/Herald/Day5/Seq 5/HeraldD5S5N1.asset
  artifactKey: Guid(4d560a94ad5fab140bbf9d822f6460ac) Importer(2089858483,b0f066a214c2f5e87bad3c948f4d605d)
Start importing Assets/Dialogue/Herald/Day5/Seq 5/HeraldD5S5N1.asset using Guid(4d560a94ad5fab140bbf9d822f6460ac) Importer(2089858483,b0f066a214c2f5e87bad3c948f4d605d) (ScriptedImporter) -> (artifact id: 'aff2a803a886e926615501a2d5d49f84') in 0.0142731 seconds
Number of updated asset objects reloaded before import = 0Number of asset objects unloaded after import = 1

========================================================================
Received Import Request.
  Time since last request: 36.397863 seconds.
  path: Assets/Dialogue/Herald/Day5/Seq 3/HeraldD5S1N 23.asset
  artifactKey: Guid(1fd3b3ac2c2445845a49a65002a51483) Importer(815301076,1909f56bfc062723c751e8b465ee728b)
Start importing Assets/Dialogue/Herald/Day5/Seq 3/HeraldD5S1N 23.asset using Guid(1fd3b3ac2c2445845a49a65002a51483) Importer(815301076,1909f56bfc062723c751e8b465ee728b) (PreviewImporter) -> (artifact id: 'b85e581df197b831a7585b4da9073502') in 0.0050187 seconds
Number of updated asset objects reloaded before import = 0Number of asset objects unloaded after import = 17

========================================================================
Received Import Request.
  Time since last request: 0.000023 seconds.
  path: Assets/Dialogue/Herald/Day5/Seq 3/HeraldD5S1N 26.asset
  artifactKey: Guid(2558ba24b7db51c4fb0c3c43cd5bbbd4) Importer(815301076,1909f56bfc062723c751e8b465ee728b)
Start importing Assets/Dialogue/Herald/Day5/Seq 3/HeraldD5S1N 26.asset using Guid(2558ba24b7db51c4fb0c3c43cd5bbbd4) Importer(815301076,1909f56bfc062723c751e8b465ee728b) (PreviewImporter) -> (artifact id: '6a37d646d9acda2aa6935d27fe8f1a73') in 0.0041853 seconds
Number of updated asset objects reloaded before import = 0Number of asset objects unloaded after import = 14

========================================================================
Received Import Request.
  Time since last request: 0.000017 seconds.
  path: Assets/Dialogue/Herald/Day5/Seq 3/HeraldD5S1N 37.asset
  artifactKey: Guid(dc778031169aa0c44b996cffef1c8415) Importer(815301076,1909f56bfc062723c751e8b465ee728b)
Start importing Assets/Dialogue/Herald/Day5/Seq 3/HeraldD5S1N 37.asset using Guid(dc778031169aa0c44b996cffef1c8415) Importer(815301076,1909f56bfc062723c751e8b465ee728b) (PreviewImporter) -> (artifact id: '795303d7f3b68cf55be99cf7a891110b') in 0.0021057 seconds
Number of updated asset objects reloaded before import = 0Number of asset objects unloaded after import = 3

========================================================================
Received Import Request.
  Time since last request: 0.000022 seconds.
  path: Assets/Dialogue/Herald/Day5/Seq 3/HeraldD5S1N 29.asset
  artifactKey: Guid(3cc5eddbba049d74399734c8701864b6) Importer(815301076,1909f56bfc062723c751e8b465ee728b)
Start importing Assets/Dialogue/Herald/Day5/Seq 3/HeraldD5S1N 29.asset using Guid(3cc5eddbba049d74399734c8701864b6) Importer(815301076,1909f56bfc062723c751e8b465ee728b) (PreviewImporter) -> (artifact id: 'f7f7778343f1443f4a221af78ba5418b') in 0.003322 seconds
Number of updated asset objects reloaded before import = 0Number of asset objects unloaded after import = 11

========================================================================
Received Import Request.
  Time since last request: 0.000031 seconds.
  path: Assets/Dialogue/Herald/Day5/Seq 3/HeraldD5S1N 36.asset
  artifactKey: Guid(946f1b2cfb062744387c8705d6af5267) Importer(815301076,1909f56bfc062723c751e8b465ee728b)
Start importing Assets/Dialogue/Herald/Day5/Seq 3/HeraldD5S1N 36.asset using Guid(946f1b2cfb062744387c8705d6af5267) Importer(815301076,1909f56bfc062723c751e8b465ee728b) (PreviewImporter) -> (artifact id: 'cb97a6d4502f6b1eed9cc7dd4f7c4ff9') in 0.0017296 seconds
Number of updated asset objects reloaded before import = 0Number of asset objects unloaded after import = 4

========================================================================
Received Import Request.
  Time since last request: 0.000019 seconds.
  path: Assets/Dialogue/Herald/Day5/Seq 3/HeraldD5S1N 32.asset
  artifactKey: Guid(738a34200acdad74fb9a033b4894d1b7) Importer(815301076,1909f56bfc062723c751e8b465ee728b)
Start importing Assets/Dialogue/Herald/Day5/Seq 3/HeraldD5S1N 32.asset using Guid(738a34200acdad74fb9a033b4894d1b7) Importer(815301076,1909f56bfc062723c751e8b465ee728b) (PreviewImporter) -> (artifact id: '92c77d6ce1ab5412ba9d82f18e356eb6') in 0.0028206 seconds
Number of updated asset objects reloaded before import = 0Number of asset objects unloaded after import = 8

========================================================================
Received Import Request.
  Time since last request: 0.000025 seconds.
  path: Assets/Dialogue/Herald/Day5/Seq 3/HeraldD5S1N 40.asset
  artifactKey: Guid(13f834f5157be9a4386ce6de9917430a) Importer(815301076,1909f56bfc062723c751e8b465ee728b)
Start importing Assets/Dialogue/Herald/Day5/Seq 3/HeraldD5S1N 40.asset using Guid(13f834f5157be9a4386ce6de9917430a) Importer(815301076,1909f56bfc062723c751e8b465ee728b) (PreviewImporter) -> (artifact id: 'a949732452ad62dda5326fec14878b7a') in 0.0028749 seconds
Number of updated asset objects reloaded before import = 0Number of asset objects unloaded after import = 9

========================================================================
Received Import Request.
  Time since last request: 0.000020 seconds.
  path: Assets/Dialogue/Herald/Day5/Seq 3/HeraldD5S1N 31.asset
  artifactKey: Guid(790ac1029a232214ca9df9b35ef45079) Importer(815301076,1909f56bfc062723c751e8b465ee728b)
Start importing Assets/Dialogue/Herald/Day5/Seq 3/HeraldD5S1N 31.asset using Guid(790ac1029a232214ca9df9b35ef45079) Importer(815301076,1909f56bfc062723c751e8b465ee728b) (PreviewImporter) -> (artifact id: 'ef31f7419e804fe584e3d5ca77f45883') in 0.0039212 seconds
Number of updated asset objects reloaded before import = 0Number of asset objects unloaded after import = 9

========================================================================
Received Import Request.
  Time since last request: 0.000023 seconds.
  path: Assets/Dialogue/Herald/Day5/Seq 3/HeraldD5S1N 38.asset
  artifactKey: Guid(f92d820376033d8408a6b9e118907588) Importer(815301076,1909f56bfc062723c751e8b465ee728b)
Start importing Assets/Dialogue/Herald/Day5/Seq 3/HeraldD5S1N 38.asset using Guid(f92d820376033d8408a6b9e118907588) Importer(815301076,1909f56bfc062723c751e8b465ee728b) (PreviewImporter) -> (artifact id: '682eff103330eb7bc36f6a575da46c9a') in 0.0015808 seconds
Number of updated asset objects reloaded before import = 0Number of asset objects unloaded after import = 2

========================================================================
Received Import Request.
  Time since last request: 3.439541 seconds.
  path: Assets/Dialogue/Herald/Day5/Seq 1/HeraldD5S1N 1.asset
  artifactKey: Guid(9484f0f5f57a07a45b3d5ec1acd154a3) Importer(815301076,1909f56bfc062723c751e8b465ee728b)
Start importing Assets/Dialogue/Herald/Day5/Seq 1/HeraldD5S1N 1.asset using Guid(9484f0f5f57a07a45b3d5ec1acd154a3) Importer(815301076,1909f56bfc062723c751e8b465ee728b) (PreviewImporter) -> (artifact id: '0788f333e4938b35e5abde45bb979675') in 0.0026959 seconds
Number of updated asset objects reloaded before import = 0Number of asset objects unloaded after import = 8

========================================================================
Received Import Request.
  Time since last request: 0.000017 seconds.
  path: Assets/Dialogue/Herald/Day5/Seq 1/HeraldD5S1N 8.asset
  artifactKey: Guid(99e4b4bc0c5d63e43b3f594ef0251e92) Importer(815301076,1909f56bfc062723c751e8b465ee728b)
Start importing Assets/Dialogue/Herald/Day5/Seq 1/HeraldD5S1N 8.asset using Guid(99e4b4bc0c5d63e43b3f594ef0251e92) Importer(815301076,1909f56bfc062723c751e8b465ee728b) (PreviewImporter) -> (artifact id: '188de5005acfb5db2bf251fdb6bc6b29') in 0.0012377 seconds
Number of updated asset objects reloaded before import = 0Number of asset objects unloaded after import = 1

========================================================================
Received Import Request.
  Time since last request: 0.000020 seconds.
  path: Assets/Dialogue/Herald/Day5/Seq 1/HeraldD5S1N 7.asset
  artifactKey: Guid(d17b63778590c144980c8179856afa82) Importer(815301076,1909f56bfc062723c751e8b465ee728b)
Start importing Assets/Dialogue/Herald/Day5/Seq 1/HeraldD5S1N 7.asset using Guid(d17b63778590c144980c8179856afa82) Importer(815301076,1909f56bfc062723c751e8b465ee728b) (PreviewImporter) -> (artifact id: '990b8cf69ebbc905de26aded622f1a67') in 0.0014487 seconds
Number of updated asset objects reloaded before import = 0Number of asset objects unloaded after import = 2

========================================================================
Received Import Request.
  Time since last request: 0.000035 seconds.
  path: Assets/Dialogue/Herald/Day5/Seq 1/HeraldD5S1N 4.asset
  artifactKey: Guid(4029a7d60c43cd94ba3dd7f8c68353ca) Importer(815301076,1909f56bfc062723c751e8b465ee728b)
Start importing Assets/Dialogue/Herald/Day5/Seq 1/HeraldD5S1N 4.asset using Guid(4029a7d60c43cd94ba3dd7f8c68353ca) Importer(815301076,1909f56bfc062723c751e8b465ee728b) (PreviewImporter) -> (artifact id: 'b674be88fc2081f6f298d2a58e0df234') in 0.002825 seconds
Number of updated asset objects reloaded before import = 0Number of asset objects unloaded after import = 5

========================================================================
Received Import Request.
  Time since last request: 23.618790 seconds.
  path: Assets/Dialogue/Herald/Day5/Seq 2/HeraldD5S1N 9.asset
  artifactKey: Guid(ac7f0eefdb482234eb19390eb55b5ad9) Importer(815301076,1909f56bfc062723c751e8b465ee728b)
Start importing Assets/Dialogue/Herald/Day5/Seq 2/HeraldD5S1N 9.asset using Guid(ac7f0eefdb482234eb19390eb55b5ad9) Importer(815301076,1909f56bfc062723c751e8b465ee728b) (PreviewImporter) -> (artifact id: '37c659f8b2b821fdf6c38238e0a4f766') in 0.0036001 seconds
Number of updated asset objects reloaded before import = 0Number of asset objects unloaded after import = 13

========================================================================
Received Import Request.
  Time since last request: 0.000019 seconds.
  path: Assets/Dialogue/Herald/Day5/Seq 2/HeraldD5S1N 17.asset
  artifactKey: Guid(2b1f5c2d79de26c4da918cb69411b502) Importer(815301076,1909f56bfc062723c751e8b465ee728b)
Start importing Assets/Dialogue/Herald/Day5/Seq 2/HeraldD5S1N 17.asset using Guid(2b1f5c2d79de26c4da918cb69411b502) Importer(815301076,1909f56bfc062723c751e8b465ee728b) (PreviewImporter) -> (artifact id: '9759af9222f25ca4c96b34284d42889b') in 0.0017748 seconds
Number of updated asset objects reloaded before import = 0Number of asset objects unloaded after import = 5

========================================================================
Received Import Request.
  Time since last request: 0.000036 seconds.
  path: Assets/Dialogue/Herald/Day5/Seq 2/HeraldD5S1N 16.asset
  artifactKey: Guid(35ee5c903bd8eb4479381a1d37012843) Importer(815301076,1909f56bfc062723c751e8b465ee728b)
Start importing Assets/Dialogue/Herald/Day5/Seq 2/HeraldD5S1N 16.asset using Guid(35ee5c903bd8eb4479381a1d37012843) Importer(815301076,1909f56bfc062723c751e8b465ee728b) (PreviewImporter) -> (artifact id: 'beb91e4681d08cbc2192c8b6e73367c3') in 0.0023195 seconds
Number of updated asset objects reloaded before import = 0Number of asset objects unloaded after import = 6

========================================================================
Received Import Request.
  Time since last request: 0.000020 seconds.
  path: Assets/Dialogue/Herald/Day5/Seq 2/HeraldD5S1N 19.asset
  artifactKey: Guid(88318fb76873af64e9710df34f48a4b8) Importer(815301076,1909f56bfc062723c751e8b465ee728b)
Start importing Assets/Dialogue/Herald/Day5/Seq 2/HeraldD5S1N 19.asset using Guid(88318fb76873af64e9710df34f48a4b8) Importer(815301076,1909f56bfc062723c751e8b465ee728b) (PreviewImporter) -> (artifact id: '2c4440c264bdd17a4a31d737aa226bd9') in 0.0018924 seconds
Number of updated asset objects reloaded before import = 0Number of asset objects unloaded after import = 3

========================================================================
Received Import Request.
  Time since last request: 163.467763 seconds.
  path: Assets/Dialogue/Bani/Day 5/Seq 2
  artifactKey: Guid(c8bf3416a9fe3724db9c557edd28eee9) Importer(815301076,1909f56bfc062723c751e8b465ee728b)
Start importing Assets/Dialogue/Bani/Day 5/Seq 2 using Guid(c8bf3416a9fe3724db9c557edd28eee9) Importer(815301076,1909f56bfc062723c751e8b465ee728b) (PreviewImporter) -> (artifact id: 'e2585db0f6deae5f1a9f36b171a5d741') in 0.0005893 seconds
Number of updated asset objects reloaded before import = 0Number of asset objects unloaded after import = 0

========================================================================
Received Import Request.
  Time since last request: 16.198528 seconds.
  path: Assets/Dialogue/Bani/Day 5/Seq 2/NewDialogueNode.asset
  artifactKey: Guid(2ceef80364b3ef44c8569dc89a96d9f2) Importer(815301076,1909f56bfc062723c751e8b465ee728b)
Start importing Assets/Dialogue/Bani/Day 5/Seq 2/NewDialogueNode.asset using Guid(2ceef80364b3ef44c8569dc89a96d9f2) Importer(815301076,1909f56bfc062723c751e8b465ee728b) (PreviewImporter) -> (artifact id: '3be216d87c44121c5e4b5ae0bb4dfbcd') in 0.0012144 seconds
Number of updated asset objects reloaded before import = 0Number of asset objects unloaded after import = 1

========================================================================
Received Import Request.
  Time since last request: 1.798401 seconds.
  path: Assets/Dialogue/Bani/Day 5/Seq 2/NewDialogueNode.asset
  artifactKey: Guid(2ceef80364b3ef44c8569dc89a96d9f2) Importer(2089858483,b0f066a214c2f5e87bad3c948f4d605d)
Start importing Assets/Dialogue/Bani/Day 5/Seq 2/NewDialogueNode.asset using Guid(2ceef80364b3ef44c8569dc89a96d9f2) Importer(2089858483,b0f066a214c2f5e87bad3c948f4d605d) (ScriptedImporter) -> (artifact id: '6a04659289fcbfbad09c769aa8665afe') in 0.013039 seconds
Number of updated asset objects reloaded before import = 0Number of asset objects unloaded after import = 1

========================================================================
Received Import Request.
  Time since last request: 5.148273 seconds.
  path: Assets/Dialogue/Bani/Day 5/Seq 2/BaniD5S2N 1.asset
  artifactKey: Guid(2ceef80364b3ef44c8569dc89a96d9f2) Importer(815301076,1909f56bfc062723c751e8b465ee728b)
Start importing Assets/Dialogue/Bani/Day 5/Seq 2/BaniD5S2N 1.asset using Guid(2ceef80364b3ef44c8569dc89a96d9f2) Importer(815301076,1909f56bfc062723c751e8b465ee728b) (PreviewImporter) -> (artifact id: 'd035a240d1f7b848a391911fc617dd43') in 0.0011 seconds
Number of updated asset objects reloaded before import = 0Number of asset objects unloaded after import = 1

========================================================================
Received Import Request.
  Time since last request: 0.923817 seconds.
  path: Assets/Dialogue/Bani/Day 5/Seq 2/BaniD5S2N 1.asset
  artifactKey: Guid(2ceef80364b3ef44c8569dc89a96d9f2) Importer(2089858483,b0f066a214c2f5e87bad3c948f4d605d)
Start importing Assets/Dialogue/Bani/Day 5/Seq 2/BaniD5S2N 1.asset using Guid(2ceef80364b3ef44c8569dc89a96d9f2) Importer(2089858483,b0f066a214c2f5e87bad3c948f4d605d) (ScriptedImporter) -> (artifact id: 'f681372370895ab269f79bb73449bc4a') in 0.0122608 seconds
Number of updated asset objects reloaded before import = 0Number of asset objects unloaded after import = 1

========================================================================
Received Import Request.
  Time since last request: 22.540018 seconds.
  path: Assets/Dialogue/Bani/Day 5/Seq 2/BaniD5S2N 1.asset
  artifactKey: Guid(2ceef80364b3ef44c8569dc89a96d9f2) Importer(815301076,1909f56bfc062723c751e8b465ee728b)
Start importing Assets/Dialogue/Bani/Day 5/Seq 2/BaniD5S2N 1.asset using Guid(2ceef80364b3ef44c8569dc89a96d9f2) Importer(815301076,1909f56bfc062723c751e8b465ee728b) (PreviewImporter) -> (artifact id: '2e642efa9b5e999d12e18373774e1449') in 0.001351 seconds
Number of updated asset objects reloaded before import = 0Number of asset objects unloaded after import = 1

========================================================================
Received Import Request.
  Time since last request: 0.904256 seconds.
  path: Assets/Dialogue/Herald/Day5/Seq 4/HeraldD5S1N 58.asset
  artifactKey: Guid(a6beca264cb8ec14a8d6887cb2c39ce6) Importer(2089858483,b0f066a214c2f5e87bad3c948f4d605d)
Start importing Assets/Dialogue/Herald/Day5/Seq 4/HeraldD5S1N 58.asset using Guid(a6beca264cb8ec14a8d6887cb2c39ce6) Importer(2089858483,b0f066a214c2f5e87bad3c948f4d605d) (ScriptedImporter)[TaskManager] No task set defined in TaskDatabase for day 0.
UnityEngine.Debug:ExtractStackTraceNoAlloc (byte*,int,string)
UnityEngine.StackTraceUtility:ExtractStackTrace ()
UnityEngine.DebugLogHandler:Internal_Log (UnityEngine.LogType,UnityEngine.LogOption,string,UnityEngine.Object)
UnityEngine.DebugLogHandler:LogFormat (UnityEngine.LogType,UnityEngine.Object,string,object[])
UnityEngine.Logger:Log (UnityEngine.LogType,object)
UnityEngine.Debug:LogWarning (object)
TaskManager:SetupTasksForDay (int) (at Assets/Scripts/Task-handling/TaskManager.cs:103)
TaskManager:OnEnable () (at Assets/Scripts/Task-handling/TaskManager.cs:67)
UnityEditor.AssetDatabase:LoadMainAssetAtPath (string)
UnityEditor.Search.AssetIndexer:IndexProperties (int&,string&,bool&)
UnityEditor.Search.AssetIndexer:IndexDocument (string,bool)
UnityEditor.Search.SearchIndexArtifactImporter:OnImportAsset (UnityEditor.AssetImporters.AssetImportContext)
UnityEditor.AssetImporters.ScriptedImporter:GenerateAssetData (UnityEditor.AssetImporters.AssetImportContext)

(Filename: Assets/Scripts/Task-handling/TaskManager.cs Line: 103)

 -> (artifact id: '4af1ad7e59540a16b949d99ef45bcc5b') in 0.0240299 seconds
Number of updated asset objects reloaded before import = 0Number of asset objects unloaded after import = 7

========================================================================
Received Import Request.
  Time since last request: 0.000024 seconds.
  path: Assets/Dialogue/Herald/Day5/Seq 5/HeraldD5S5N1.asset
  artifactKey: Guid(4d560a94ad5fab140bbf9d822f6460ac) Importer(2089858483,b0f066a214c2f5e87bad3c948f4d605d)
Start importing Assets/Dialogue/Herald/Day5/Seq 5/HeraldD5S5N1.asset using Guid(4d560a94ad5fab140bbf9d822f6460ac) Importer(2089858483,b0f066a214c2f5e87bad3c948f4d605d) (ScriptedImporter) -> (artifact id: '83af88b2d6820871715250960cf52a61') in 0.0176744 seconds
Number of updated asset objects reloaded before import = 0Number of asset objects unloaded after import = 1

========================================================================
Received Import Request.
  Time since last request: 0.000029 seconds.
  path: Assets/Dialogue/Herald/Day5/Seq 1/HeraldD5S1N 4.asset
  artifactKey: Guid(4029a7d60c43cd94ba3dd7f8c68353ca) Importer(2089858483,b0f066a214c2f5e87bad3c948f4d605d)
Start importing Assets/Dialogue/Herald/Day5/Seq 1/HeraldD5S1N 4.asset using Guid(4029a7d60c43cd94ba3dd7f8c68353ca) Importer(2089858483,b0f066a214c2f5e87bad3c948f4d605d) (ScriptedImporter) -> (artifact id: 'a49207a86a610f39b4665cfe4277ce16') in 0.0196181 seconds
Number of updated asset objects reloaded before import = 0Number of asset objects unloaded after import = 5

========================================================================
Received Import Request.
  Time since last request: 0.000016 seconds.
  path: Assets/Dialogue/Herald/Day5/Seq 2/HeraldD5S1N 18.asset
  artifactKey: Guid(060df376de4ee0444af0019255b355ac) Importer(2089858483,b0f066a214c2f5e87bad3c948f4d605d)
Start importing Assets/Dialogue/Herald/Day5/Seq 2/HeraldD5S1N 18.asset using Guid(060df376de4ee0444af0019255b355ac) Importer(2089858483,b0f066a214c2f5e87bad3c948f4d605d) (ScriptedImporter) -> (artifact id: '0c8e0246cde194ed2922581b81b5ab13') in 0.0201316 seconds
Number of updated asset objects reloaded before import = 0Number of asset objects unloaded after import = 4

========================================================================
Received Import Request.
  Time since last request: 0.000016 seconds.
  path: Assets/Dialogue/Herald/Day5/Seq 2/HeraldD5S1N 10.asset
  artifactKey: Guid(492a457997b0c6647aff298d9d42280d) Importer(2089858483,b0f066a214c2f5e87bad3c948f4d605d)
Start importing Assets/Dialogue/Herald/Day5/Seq 2/HeraldD5S1N 10.asset using Guid(492a457997b0c6647aff298d9d42280d) Importer(2089858483,b0f066a214c2f5e87bad3c948f4d605d) (ScriptedImporter) -> (artifact id: '4a465f9b2c154c4e92605bed65e91d97') in 0.0215772 seconds
Number of updated asset objects reloaded before import = 0Number of asset objects unloaded after import = 12

========================================================================
Received Import Request.
  Time since last request: 0.000024 seconds.
  path: Assets/Dialogue/Herald/Day5/Seq 4/HeraldD5S1N 60.asset
  artifactKey: Guid(ee79f9e59d47ce347b7da4db592359c1) Importer(2089858483,b0f066a214c2f5e87bad3c948f4d605d)
Start importing Assets/Dialogue/Herald/Day5/Seq 4/HeraldD5S1N 60.asset using Guid(ee79f9e59d47ce347b7da4db592359c1) Importer(2089858483,b0f066a214c2f5e87bad3c948f4d605d) (ScriptedImporter)[TaskManager] No task set defined in TaskDatabase for day 0.
UnityEngine.Debug:ExtractStackTraceNoAlloc (byte*,int,string)
UnityEngine.StackTraceUtility:ExtractStackTrace ()
UnityEngine.DebugLogHandler:Internal_Log (UnityEngine.LogType,UnityEngine.LogOption,string,UnityEngine.Object)
UnityEngine.DebugLogHandler:LogFormat (UnityEngine.LogType,UnityEngine.Object,string,object[])
UnityEngine.Logger:Log (UnityEngine.LogType,object)
UnityEngine.Debug:LogWarning (object)
TaskManager:SetupTasksForDay (int) (at Assets/Scripts/Task-handling/TaskManager.cs:103)
TaskManager:OnEnable () (at Assets/Scripts/Task-handling/TaskManager.cs:67)
UnityEditor.AssetDatabase:LoadMainAssetAtPath (string)
UnityEditor.Search.AssetIndexer:IndexProperties (int&,string&,bool&)
UnityEditor.Search.AssetIndexer:IndexDocument (string,bool)
UnityEditor.Search.SearchIndexArtifactImporter:OnImportAsset (UnityEditor.AssetImporters.AssetImportContext)
UnityEditor.AssetImporters.ScriptedImporter:GenerateAssetData (UnityEditor.AssetImporters.AssetImportContext)

(Filename: Assets/Scripts/Task-handling/TaskManager.cs Line: 103)

 -> (artifact id: '12c7f2a78424b24970b8a903f19055f2') in 0.0195058 seconds
Number of updated asset objects reloaded before import = 0Number of asset objects unloaded after import = 5

========================================================================
Received Import Request.
  Time since last request: 0.000030 seconds.
  path: Assets/Dialogue/Herald/Day5/Seq 2/HeraldD5S1N 14.asset
  artifactKey: Guid(0d03e204248f65641a20f9bb1f7ad2c7) Importer(2089858483,b0f066a214c2f5e87bad3c948f4d605d)
Start importing Assets/Dialogue/Herald/Day5/Seq 2/HeraldD5S1N 14.asset using Guid(0d03e204248f65641a20f9bb1f7ad2c7) Importer(2089858483,b0f066a214c2f5e87bad3c948f4d605d) (ScriptedImporter) -> (artifact id: '155fdbab1a43a59cdb069ae56d60b8ac') in 0.0206403 seconds
Number of updated asset objects reloaded before import = 0Number of asset objects unloaded after import = 8

========================================================================
Received Import Request.
  Time since last request: 0.000015 seconds.
  path: Assets/Dialogue/Herald/Day5/Seq 1/HeraldD5S1N 6.asset
  artifactKey: Guid(c8bc4f992e13fe744a3a38e1c34e0a51) Importer(2089858483,b0f066a214c2f5e87bad3c948f4d605d)
Start importing Assets/Dialogue/Herald/Day5/Seq 1/HeraldD5S1N 6.asset using Guid(c8bc4f992e13fe744a3a38e1c34e0a51) Importer(2089858483,b0f066a214c2f5e87bad3c948f4d605d) (ScriptedImporter) -> (artifact id: '53af4e5ba23862be936ba2ac5145937a') in 0.0179372 seconds
Number of updated asset objects reloaded before import = 0Number of asset objects unloaded after import = 3

========================================================================
Received Import Request.
  Time since last request: 0.000020 seconds.
  path: Assets/Dialogue/Bani/Day 5/Seq 2/BaniD5S2N 2.asset
  artifactKey: Guid(bd418bb67c0674c4baa51e261f5893e0) Importer(2089858483,b0f066a214c2f5e87bad3c948f4d605d)
Start importing Assets/Dialogue/Bani/Day 5/Seq 2/BaniD5S2N 2.asset using Guid(bd418bb67c0674c4baa51e261f5893e0) Importer(2089858483,b0f066a214c2f5e87bad3c948f4d605d) (ScriptedImporter) -> (artifact id: 'a9d5df99e7f82b8e3d23aa76d58242ab') in 0.0180008 seconds
Number of updated asset objects reloaded before import = 0Number of asset objects unloaded after import = 1

Editor requested this worker to shutdown with reason: Scaling down because of idle timeout
AssetImportWorker is now disconnected from the server
Process exiting
Exiting without the bug reporter. Application will terminate with return code 0