[Licensing::Module] Trying to connect to existing licensing client channel...
Built from '6000.3/staging' branch; Version is '6000.3.16f1 (a56f230f6470) revision 10841891'; Using compiler version '194234433'; Build Type 'Release'
OS: 'Windows 11  (10.0.26100) CoreSingleLanguage' Language: 'en' Physical Memory: 32108 MB
[Licensing::IpcConnector] Successfully connected to: "LicenseClient-User" at "2026-07-16T21:01:26.0707935Z"
BatchMode: 1, IsHumanControllingUs: 0, StartBugReporterOnCrash: 0, Is64bit: 1
System  architecture: x64
Process architecture: x64
Date: 2026-07-16T21:01:26Z

COMMAND LINE ARGUMENTS:
C:\Program Files\Unity\Hub\Editor\6000.3.16f1\Editor\Unity.exe
-adb2
-batchMode
-noUpm
-name
AssetImportWorker11
-projectPath
D:/Unity Projects/ExitAnt-IAT312-P1/312_Assignment2
-logFile
Logs/AssetImportWorker11.log
-srvPort
49722
-licensingIpc
LicenseClient-User
-job-worker-count
7
-background-job-worker-count
8
-gc-helper-count
1
-name
AssetImport
Successfully changed project path to: D:/Unity Projects/ExitAnt-IAT312-P1/312_Assignment2
D:/Unity Projects/ExitAnt-IAT312-P1/312_Assignment2
[UnityMemory] Configuration Parameters - Can be set up in boot.config
    "memorysetup-temp-allocator-size-nav-mesh-worker=65536"
    "memorysetup-temp-allocator-size-audio-worker=65536"
    "memorysetup-temp-allocator-size-gfx=262144"
    "memorysetup-allocator-temp-initial-block-size-main=262144"
    "memorysetup-allocator-temp-initial-block-size-worker=262144"
    "memorysetup-temp-allocator-size-background-worker=32768"
    "memorysetup-temp-allocator-size-job-worker=262144"
    "memorysetup-temp-allocator-size-preload-manager=33554432"
    "memorysetup-temp-allocator-size-gi-baking-worker=262144"
    "memorysetup-temp-allocator-size-gi-baking-worker=262144"
    "memorysetup-temp-allocator-size-gi-baking-worker=262144"
    "memorysetup-temp-allocator-size-gi-baking-worker=262144"
    "memorysetup-temp-allocator-size-gi-baking-worker=262144"
    "memorysetup-bucket-allocator-granularity=16"
    "memorysetup-bucket-allocator-bucket-count=8"
    "memorysetup-bucket-allocator-block-size=33554432"
    "memorysetup-bucket-allocator-block-count=8"
    "memorysetup-main-allocator-block-size=16777216"
    "memorysetup-thread-allocator-block-size=16777216"
    "memorysetup-gfx-main-allocator-block-size=16777216"
    "memorysetup-gfx-thread-allocator-block-size=16777216"
    "memorysetup-cache-allocator-block-size=4194304"
    "memorysetup-typetree-allocator-block-size=2097152"
    "memorysetup-profiler-bucket-allocator-granularity=16"
    "memorysetup-profiler-bucket-allocator-bucket-count=8"
    "memorysetup-profiler-bucket-allocator-block-size=33554432"
    "memorysetup-profiler-bucket-allocator-block-count=8"
    "memorysetup-profiler-allocator-block-size=16777216"
    "memorysetup-profiler-editor-allocator-block-size=1048576"
    "memorysetup-temp-allocator-size-main=16777216"
    "memorysetup-job-temp-allocator-block-size=2097152"
    "memorysetup-job-temp-allocator-block-size-background=1048576"
    "memorysetup-job-temp-allocator-reduction-small-platforms=262144"
    "memorysetup-temp-allocator-size-cloud-worker=32768"
Player connection [2420]  Target information:

Player connection [2420]  * "[IP] 192.168.1.97 [Port] 0 [Flags] 2 [Guid] 549690631 [EditorId] 549690631 [Version] 1048832 [Id] WindowsEditor(7,DESKTOP-OVH4FSK) [Debug] 1 [PackageName] WindowsEditor [ProjectName] Editor" 

Player connection [2420] Host joined multi-casting on [225.0.0.222:54997]...
Player connection [2420] Host joined alternative multi-casting on [225.0.0.222:34997]...
JobSystem: Creating JobQueue using job-worker-count value 7
Input System module state changed to: Initialized.
[Physics::Module] Initialized fallback backend.
[Physics::Module] Id: 0xdecafbad
Library Redirect Path: Library/
[Physics::Module] Selected backend.
[Physics::Module] Name: PhysX
[Physics::Module] Id: 0xf2b8ea05
[Physics::Module] SDK Version: 4.1.2
[Physics::Module] Integration Version: 1.0.0
[Physics::Module] Threading Mode: Multi-Threaded
Refreshing native plugins compatible for Editor in 7.41 ms, found 5 plugins.
Preloading 0 native plugins for Editor in 0.00 ms.
Initialize engine version: 6000.3.16f1 (a56f230f6470)
[Subsystems] Discovering subsystems at path C:/Program Files/Unity/Hub/Editor/6000.3.16f1/Editor/Data/Resources/UnitySubsystems
[Subsystems] Discovering subsystems at path D:/Unity Projects/ExitAnt-IAT312-P1/312_Assignment2/Assets
GfxDevice: creating device client; kGfxThreadingModeNonThreaded
d3d12: failed to query info queue interface (0x80004002).
Direct3D:
    Version:         Direct3D 12 [level 12.2]
    Renderer:        NVIDIA GeForce RTX 3060 Laptop GPU (ID=0x2520)
    Vendor:          NVIDIA
    VRAM:            5996 MB
    App VRAM Budget: 5228 MB
    Driver:          32.0.15.8088
Initialize mono
Mono path[0] = 'C:/Program Files/Unity/Hub/Editor/6000.3.16f1/Editor/Data/Managed'
Mono path[1] = 'C:/Program Files/Unity/Hub/Editor/6000.3.16f1/Editor/Data/MonoBleedingEdge/lib/mono/unityjit-win32'
Mono config path = 'C:/Program Files/Unity/Hub/Editor/6000.3.16f1/Editor/Data/MonoBleedingEdge/etc'
Using monoOptions --debugger-agent=transport=dt_socket,embedding=1,server=y,suspend=n,address=127.0.0.1:56112
Begin MonoManager ReloadAssembly
[Licensing::Client] Error: HandshakeResponse reported an error:
	ResponseCode: 505
	ResponseStatus: Unsupported protocol version '1.18.1'.
[Licensing::Module] Error: Failed to handshake to channel: "LicenseClient-User"
[Licensing::IpcConnector] LicenseClient-User channel disconnected successfully.
[Licensing::IpcConnector] Successfully connected to: "LicenseClient-User-6000.3.16" at "2026-07-16T21:01:28.1014779Z"
[Licensing::Client] Code 10 while verifying Licensing Client signature (process Id: 29352, path: "C:/Program Files/Unity/Hub/Editor/6000.3.16f1/Editor/Data/Resources/Licensing/Client/Unity.Licensing.Client.exe")
[Licensing::Module] LicensingClient has failed validation; ignoring
[Licensing::Client] Handshaking with LicensingClient:
  Version:                 1.18.1+9fbee8e
  Session Id:              025c8010242b4c8fb391ff49e2401269
  Correlation Id:          47882071dff180c034864f0352291f7f
  External correlation Id: 2482906491594725142
  Machine Id:              NKcRUsz1GwU4Q4WJtDcG2fyxkZM=
[Licensing::Module] Successfully connected to LicensingClient on channel: "LicenseClient-User-6000.3.16" (connect: 0.00s, validation: 0.00s, handshake: 0.01s)
[Licensing::IpcConnector] Successfully connected to: "LicenseClient-User-6000.3.16-notifications" at "2026-07-16T21:01:28.1130962Z"
[Licensing::Module] Licensing Background thread has ended after 2.04s
Registering precompiled unity dll's ...
Register platform support module: C:/Program Files/Unity/Hub/Editor/6000.3.16f1/Editor/Data/PlaybackEngines/WindowsStandaloneSupport/UnityEditor.WindowsStandalone.Extensions.dll
Registered in 0.003106 seconds.
- Loaded All Assemblies, in  0.737 seconds
Native extension for WindowsStandalone target not found
Package Manager log level set to [2]
[Package Manager] Failed to launch server process. Reason: Unity was launched with the -noUpm command-line argument
[Package Manager] Unable to send message (not connected to server process).
[Package Manager] Cannot connect to Unity Package Manager local server
ScheduleIndexationOnStartup MainProcess:False IndexOnStartup:True
Mono: successfully reloaded assembly
- Finished resetting the current domain, in  0.527 seconds
Domain Reload Profiling: 1258ms
	BeginReloadAssembly (288ms)
		ExecutionOrderSort (0ms)
		DisableScriptedObjects (0ms)
		BackupInstance (0ms)
		ReleaseScriptingObjects (0ms)
		CreateAndSetChildDomain (2ms)
	RebuildCommonClasses (74ms)
	RebuildNativeTypeToScriptingClass (21ms)
	initialDomainReloadingComplete (77ms)
	LoadAllAssembliesAndSetupDomain (270ms)
		LoadAssemblies (278ms)
		RebuildTransferFunctionScriptingTraits (0ms)
		AnalyzeDomain (266ms)
			TypeCache.Refresh (264ms)
				TypeCache.ScanAssembly (247ms)
			BuildScriptInfoCaches (0ms)
			ResolveRequiredComponents (1ms)
	FinalizeReload (528ms)
		ReleaseScriptCaches (0ms)
		RebuildScriptCaches (0ms)
		SetupLoadedEditorAssemblies (462ms)
			LogAssemblyErrors (0ms)
			InitializePlatformSupportModulesInManaged (63ms)
			SetLoadedEditorAssemblies (5ms)
			BeforeProcessingInitializeOnLoad (110ms)
			ProcessInitializeOnLoadAttributes (189ms)
			ProcessInitializeOnLoadMethodAttributes (94ms)
			AfterProcessingInitializeOnLoad (0ms)
			EditorAssembliesLoaded (0ms)
		ExecutionOrderSort2 (0ms)
		AwakeInstancesAfterBackupRestoration (0ms)
Assembly reference Packages/com.unity.cinemachine/Editor/Samples/ExposeHDRPInternals/HDRP-Editor-ref.asmref has no target assembly definition
========================================================================
Worker process is ready to serve import requests
Import Worker Mode flag is 0x00
Assembly reference Packages/com.unity.cinemachine/Editor/Samples/ExposeHDRPInternals/HDRP-Editor-ref.asmref has no target assembly definition
Assembly reference Packages/com.unity.cinemachine/Editor/Samples/ExposeHDRPInternals/HDRP-Editor-ref.asmref has no target assembly definition
Begin MonoManager ReloadAssembly
[Licensing::Client] Successfully resolved entitlement details
[Licensing::Module] License group:
  Id: 3574399251830-UnityPersXXXX
  Product: Unity Personal
  Type: Assigned
  Expiration: Unlimited
- Loaded All Assemblies, in  1.122 seconds
Assembly reference Packages/com.unity.cinemachine/Editor/Samples/ExposeHDRPInternals/HDRP-Editor-ref.asmref has no target assembly definition
'Packages/com.unity.cinemachine/Editor/Obsolete/CinemachineVirtualCameraBaseEditor.cs' contains partial class of Unity.Object, exactly 1 of the partial classes needs to be in a file with the same filename. This is to know the one that can be referenced from ie. GameObjects
'Packages/com.unity.cinemachine/Editor/Editors/CinemachineVirtualCameraBaseEditor.cs' contains partial class of Unity.Object, exactly 1 of the partial classes needs to be in a file with the same filename. This is to know the one that can be referenced from ie. GameObjects
Refreshing native plugins compatible for Editor in 2.08 ms, found 5 plugins.
Native extension for WindowsStandalone target not found
Assembly reference Packages/com.unity.cinemachine/Editor/Samples/ExposeHDRPInternals/HDRP-Editor-ref.asmref has no target assembly definition
[Package Manager] Failed to launch server process. Reason: Unity was launched with the -noUpm command-line argument
[Package Manager] Unable to send message (not connected to server process).
[Package Manager] Cannot connect to Unity Package Manager local server
[Package Manager] Failed to launch server process. Reason: Unity was launched with the -noUpm command-line argument
[Package Manager] Unable to send message (not connected to server process).
[Package Manager] Cannot connect to Unity Package Manager local server
[Package Manager] Failed to launch server process. Reason: Unity was launched with the -noUpm command-line argument
[Package Manager] Unable to send message (not connected to server process).
[Package Manager] Cannot connect to Unity Package Manager local server
Refreshing native plugins compatible for Editor in 2.86 ms, found 5 plugins.
ScheduleIndexationOnStartup MainProcess:False IndexOnStartup:True
Mono: successfully reloaded assembly
- Finished resetting the current domain, in  2.413 seconds
Domain Reload Profiling: 3528ms
	BeginReloadAssembly (225ms)
		ExecutionOrderSort (0ms)
		DisableScriptedObjects (9ms)
		BackupInstance (0ms)
		ReleaseScriptingObjects (0ms)
		CreateAndSetChildDomain (32ms)
	RebuildCommonClasses (49ms)
	RebuildNativeTypeToScriptingClass (15ms)
	initialDomainReloadingComplete (57ms)
	LoadAllAssembliesAndSetupDomain (769ms)
		LoadAssemblies (461ms)
		RebuildTransferFunctionScriptingTraits (0ms)
		AnalyzeDomain (430ms)
			TypeCache.Refresh (296ms)
				TypeCache.ScanAssembly (278ms)
			BuildScriptInfoCaches (108ms)
			ResolveRequiredComponents (18ms)
	FinalizeReload (2413ms)
		ReleaseScriptCaches (0ms)
		RebuildScriptCaches (0ms)
		SetupLoadedEditorAssemblies (2217ms)
			LogAssemblyErrors (0ms)
			InitializePlatformSupportModulesInManaged (1295ms)
			SetLoadedEditorAssemblies (5ms)
			BeforeProcessingInitializeOnLoad (208ms)
			ProcessInitializeOnLoadAttributes (544ms)
			ProcessInitializeOnLoadMethodAttributes (154ms)
			AfterProcessingInitializeOnLoad (10ms)
			EditorAssembliesLoaded (0ms)
		ExecutionOrderSort2 (0ms)
		AwakeInstancesAfterBackupRestoration (8ms)
Launched and connected shader compiler UnityShaderCompiler.exe after 0.01 seconds
Refreshing native plugins compatible for Editor in 2.12 ms, found 5 plugins.
Preloading 0 native plugins for Editor in 0.00 ms.
Unloading 17 Unused Serialized files (Serialized files now loaded: 0)
Unloading 7649 unused Assets / (5.1 MB). Loaded Objects now: 8481.
Memory consumption went from 163.8 MB to 158.8 MB.
Total: 11.892300 ms (FindLiveObjects: 0.892800 ms CreateObjectMapping: 1.144900 ms MarkObjects: 6.653400 ms  DeleteObjects: 3.199800 ms)

========================================================================
Received Import Request.
  Time since last request: 102493.063823 seconds.
  path: Assets/ItemData/QuestItems/Package 1.asset
  artifactKey: Guid(7b421d2506abdf94497244957fbabfd1) Importer(815301076,1909f56bfc062723c751e8b465ee728b)
Start importing Assets/ItemData/QuestItems/Package 1.asset using Guid(7b421d2506abdf94497244957fbabfd1) Importer(815301076,1909f56bfc062723c751e8b465ee728b) (PreviewImporter) -> (artifact id: 'f267b850034fc5234c1a9d1b15da57eb') in 0.023898 seconds
Number of updated asset objects reloaded before import = 0Number of asset objects unloaded after import = 2

========================================================================
Received Import Request.
  Time since last request: 0.886784 seconds.
  path: Assets/ItemData/QuestItems/Package 1.asset
  artifactKey: Guid(7b421d2506abdf94497244957fbabfd1) Importer(2089858483,b0f066a214c2f5e87bad3c948f4d605d)
Start importing Assets/ItemData/QuestItems/Package 1.asset using Guid(7b421d2506abdf94497244957fbabfd1) Importer(2089858483,b0f066a214c2f5e87bad3c948f4d605d) (ScriptedImporter) -> (artifact id: '3f5e4a6aeeacb974193fb0cd76acf3e1') in 0.104358 seconds
Number of updated asset objects reloaded before import = 0Number of asset objects unloaded after import = 2

========================================================================
Received Import Request.
  Time since last request: 15.572135 seconds.
  path: Assets/ItemData/QuestItems/Sandwich.asset
  artifactKey: Guid(7b421d2506abdf94497244957fbabfd1) Importer(815301076,1909f56bfc062723c751e8b465ee728b)
Start importing Assets/ItemData/QuestItems/Sandwich.asset using Guid(7b421d2506abdf94497244957fbabfd1) Importer(815301076,1909f56bfc062723c751e8b465ee728b) (PreviewImporter) -> (artifact id: '997eeb71892de23c681aa3d69222dd6d') in 0.0013992 seconds
Number of updated asset objects reloaded before import = 0Number of asset objects unloaded after import = 2

========================================================================
Received Import Request.
  Time since last request: 0.928182 seconds.
  path: Assets/ItemData/QuestItems/Sandwich.asset
  artifactKey: Guid(7b421d2506abdf94497244957fbabfd1) Importer(2089858483,b0f066a214c2f5e87bad3c948f4d605d)
Start importing Assets/ItemData/QuestItems/Sandwich.asset using Guid(7b421d2506abdf94497244957fbabfd1) Importer(2089858483,b0f066a214c2f5e87bad3c948f4d605d) (ScriptedImporter) -> (artifact id: 'e39daed75daa26da80c8d485c6a69b1c') in 0.0136872 seconds
Number of updated asset objects reloaded before import = 0Number of asset objects unloaded after import = 2

========================================================================
Received Import Request.
  Time since last request: 173.251118 seconds.
  path: Assets/Dialogue/Artur
  artifactKey: Guid(0975cc8594804024db3e03b27a3d0025) Importer(2089858483,b0f066a214c2f5e87bad3c948f4d605d)
Start importing Assets/Dialogue/Artur using Guid(0975cc8594804024db3e03b27a3d0025) Importer(2089858483,b0f066a214c2f5e87bad3c948f4d605d) (ScriptedImporter) -> (artifact id: '83f6a614e39a2b88e815933d815691df') in 0.018866 seconds
Number of updated asset objects reloaded before import = 0Number of asset objects unloaded after import = 1

========================================================================
Received Import Request.
  Time since last request: 0.000020 seconds.
  path: Assets/Dialogue/Artur/Day1/Sequence1/ArturD1S1N 4.asset
  artifactKey: Guid(f235a961d1d747c45a4183239642bf13) Importer(2089858483,b0f066a214c2f5e87bad3c948f4d605d)
Start importing Assets/Dialogue/Artur/Day1/Sequence1/ArturD1S1N 4.asset using Guid(f235a961d1d747c45a4183239642bf13) Importer(2089858483,b0f066a214c2f5e87bad3c948f4d605d) (ScriptedImporter) -> (artifact id: '5382a44edd4af8e9dcb1951dbd0b53b6') in 0.0809842 seconds
Number of updated asset objects reloaded before import = 0Number of asset objects unloaded after import = 2

========================================================================
Received Import Request.
  Time since last request: 0.000023 seconds.
  path: Assets/Dialogue/Artur/Day1/Sequence3
  artifactKey: Guid(0a82772b0a5c4f3468e3ad3d9dd8a2cb) Importer(2089858483,b0f066a214c2f5e87bad3c948f4d605d)
Start importing Assets/Dialogue/Artur/Day1/Sequence3 using Guid(0a82772b0a5c4f3468e3ad3d9dd8a2cb) Importer(2089858483,b0f066a214c2f5e87bad3c948f4d605d) (ScriptedImporter) -> (artifact id: 'f831f4c22cae50f74451dce94fafce22') in 0.0203461 seconds
Number of updated asset objects reloaded before import = 0Number of asset objects unloaded after import = 1

========================================================================
Received Import Request.
  Time since last request: 0.000047 seconds.
  path: Assets/Dialogue/Artur/Day1/Sequence1/ArturD1S1N 2.asset
  artifactKey: Guid(38d5dac631f81434b87121a6ccb50225) Importer(2089858483,b0f066a214c2f5e87bad3c948f4d605d)
Start importing Assets/Dialogue/Artur/Day1/Sequence1/ArturD1S1N 2.asset using Guid(38d5dac631f81434b87121a6ccb50225) Importer(2089858483,b0f066a214c2f5e87bad3c948f4d605d) (ScriptedImporter) -> (artifact id: '55eed2eabf305f1152ab67c0cb16ffc6') in 0.0266334 seconds
Number of updated asset objects reloaded before import = 0Number of asset objects unloaded after import = 4

========================================================================
Received Import Request.
  Time since last request: 0.000028 seconds.
  path: Assets/Dialogue/Artur/Day1/Sequence1/ArturD1S1N 1.asset
  artifactKey: Guid(8a6eb42cbe2b4ef47ad597cba2346b13) Importer(2089858483,b0f066a214c2f5e87bad3c948f4d605d)
Start importing Assets/Dialogue/Artur/Day1/Sequence1/ArturD1S1N 1.asset using Guid(8a6eb42cbe2b4ef47ad597cba2346b13) Importer(2089858483,b0f066a214c2f5e87bad3c948f4d605d) (ScriptedImporter) -> (artifact id: 'ba33b96104b37909d3ad6b5a595d53c7') in 0.0260629 seconds
Number of updated asset objects reloaded before import = 0Number of asset objects unloaded after import = 5

========================================================================
Received Import Request.
  Time since last request: 0.000023 seconds.
  path: Assets/Dialogue/Artur/Day1/Sequence3/ArturD1S3N1.asset
  artifactKey: Guid(fdbe16d3319809a44bba597441da70f8) Importer(2089858483,b0f066a214c2f5e87bad3c948f4d605d)
Start importing Assets/Dialogue/Artur/Day1/Sequence3/ArturD1S3N1.asset using Guid(fdbe16d3319809a44bba597441da70f8) Importer(2089858483,b0f066a214c2f5e87bad3c948f4d605d) (ScriptedImporter) -> (artifact id: 'f13fc0f8efba91b6bb65e732ab031279') in 0.0263452 seconds
Number of updated asset objects reloaded before import = 0Number of asset objects unloaded after import = 8

========================================================================
Received Import Request.
  Time since last request: 0.000025 seconds.
  path: Assets/Dialogue/Artur/Day1/Sequence1/ArturD1S1N 3.asset
  artifactKey: Guid(18ffcb7b118a0734498e05fb7398c2cf) Importer(2089858483,b0f066a214c2f5e87bad3c948f4d605d)
Start importing Assets/Dialogue/Artur/Day1/Sequence1/ArturD1S1N 3.asset using Guid(18ffcb7b118a0734498e05fb7398c2cf) Importer(2089858483,b0f066a214c2f5e87bad3c948f4d605d) (ScriptedImporter) -> (artifact id: '745aabffb554e9464ef9968dc8156280') in 0.0242003 seconds
Number of updated asset objects reloaded before import = 0Number of asset objects unloaded after import = 3

========================================================================
Received Import Request.
  Time since last request: 0.000035 seconds.
  path: Assets/Dialogue/Artur/Day1/Sequence2/ArturD1S2N 2.asset
  artifactKey: Guid(defeb347746e30d408141245de0e74a7) Importer(2089858483,b0f066a214c2f5e87bad3c948f4d605d)
Start importing Assets/Dialogue/Artur/Day1/Sequence2/ArturD1S2N 2.asset using Guid(defeb347746e30d408141245de0e74a7) Importer(2089858483,b0f066a214c2f5e87bad3c948f4d605d) (ScriptedImporter) -> (artifact id: '2b090d236ed58db1d59d4e3c57c2e604') in 0.0199086 seconds
Number of updated asset objects reloaded before import = 0Number of asset objects unloaded after import = 3

========================================================================
Received Import Request.
  Time since last request: 0.000026 seconds.
  path: Assets/Dialogue/Artur/Day1/Sequence2/ArturD1S2N 3.asset
  artifactKey: Guid(d33dff0460fafc8479a6938e594177f4) Importer(2089858483,b0f066a214c2f5e87bad3c948f4d605d)
Start importing Assets/Dialogue/Artur/Day1/Sequence2/ArturD1S2N 3.asset using Guid(d33dff0460fafc8479a6938e594177f4) Importer(2089858483,b0f066a214c2f5e87bad3c948f4d605d) (ScriptedImporter) -> (artifact id: 'a9a9b3b7952586e2f8647e20caa6fed3') in 0.0246282 seconds
Number of updated asset objects reloaded before import = 0Number of asset objects unloaded after import = 2

========================================================================
Received Import Request.
  Time since last request: 3.979670 seconds.
  path: Assets/Dialogue/Bani
  artifactKey: Guid(6367bfe8137caef4ba4aa5e872114e9d) Importer(2089858483,b0f066a214c2f5e87bad3c948f4d605d)
Start importing Assets/Dialogue/Bani using Guid(6367bfe8137caef4ba4aa5e872114e9d) Importer(2089858483,b0f066a214c2f5e87bad3c948f4d605d) (ScriptedImporter) -> (artifact id: '1516e73d2b02a7fc1f0e59fe51e332ef') in 0.0177973 seconds
Number of updated asset objects reloaded before import = 0Number of asset objects unloaded after import = 1

========================================================================
Received Import Request.
  Time since last request: 0.000032 seconds.
  path: Assets/Dialogue/Bani/Day1/Sequence1/BaniD1S1N2.asset
  artifactKey: Guid(2abe7f2c316bcde42a03c41ea5b702d3) Importer(2089858483,b0f066a214c2f5e87bad3c948f4d605d)
Start importing Assets/Dialogue/Bani/Day1/Sequence1/BaniD1S1N2.asset using Guid(2abe7f2c316bcde42a03c41ea5b702d3) Importer(2089858483,b0f066a214c2f5e87bad3c948f4d605d) (ScriptedImporter) -> (artifact id: '1d94488551cf1e2d312e9ebe37a2fd68') in 0.0205771 seconds
Number of updated asset objects reloaded before import = 0Number of asset objects unloaded after import = 7

========================================================================
Received Import Request.
  Time since last request: 0.000021 seconds.
  path: Assets/Dialogue/Bani/Day1/Sequence1/BaniD1S1N4.asset
  artifactKey: Guid(adf0ee3ab2e87ff4cb9a64e6ffd78f16) Importer(2089858483,b0f066a214c2f5e87bad3c948f4d605d)
Start importing Assets/Dialogue/Bani/Day1/Sequence1/BaniD1S1N4.asset using Guid(adf0ee3ab2e87ff4cb9a64e6ffd78f16) Importer(2089858483,b0f066a214c2f5e87bad3c948f4d605d) (ScriptedImporter) -> (artifact id: '017d22bcd14a5ce171e6551e0aae1c64') in 0.0219546 seconds
Number of updated asset objects reloaded before import = 0Number of asset objects unloaded after import = 5

========================================================================
Received Import Request.
  Time since last request: 0.000026 seconds.
  path: Assets/Dialogue/Bani/Day1/Sequence2
  artifactKey: Guid(90afbdba2d8259a45afe4c1ac422291c) Importer(2089858483,b0f066a214c2f5e87bad3c948f4d605d)
Start importing Assets/Dialogue/Bani/Day1/Sequence2 using Guid(90afbdba2d8259a45afe4c1ac422291c) Importer(2089858483,b0f066a214c2f5e87bad3c948f4d605d) (ScriptedImporter) -> (artifact id: '0960c1e7ac67032bddcdbaf3c8487a76') in 0.017184 seconds
Number of updated asset objects reloaded before import = 0Number of asset objects unloaded after import = 1

========================================================================
Received Import Request.
  Time since last request: 0.000031 seconds.
  path: Assets/Dialogue/Bani/Day1/Sequence4/BaniD1S4N 2.asset
  artifactKey: Guid(cbfcfe1ffa1a94949ab377a505908ab6) Importer(2089858483,b0f066a214c2f5e87bad3c948f4d605d)
Start importing Assets/Dialogue/Bani/Day1/Sequence4/BaniD1S4N 2.asset using Guid(cbfcfe1ffa1a94949ab377a505908ab6) Importer(2089858483,b0f066a214c2f5e87bad3c948f4d605d) (ScriptedImporter) -> (artifact id: '2c134a64a15fd5dba335ee64eceec7f3') in 0.0234304 seconds
Number of updated asset objects reloaded before import = 0Number of asset objects unloaded after import = 8

========================================================================
Received Import Request.
  Time since last request: 0.000020 seconds.
  path: Assets/Dialogue/Bani/Day1/Sequence1/BaniD1S1N5.asset
  artifactKey: Guid(23f4e58cc821c0c41b49c626ae12cf09) Importer(2089858483,b0f066a214c2f5e87bad3c948f4d605d)
Start importing Assets/Dialogue/Bani/Day1/Sequence1/BaniD1S1N5.asset using Guid(23f4e58cc821c0c41b49c626ae12cf09) Importer(2089858483,b0f066a214c2f5e87bad3c948f4d605d) (ScriptedImporter) -> (artifact id: '83b52555140fa0153d0867918ff263a5') in 0.0203704 seconds
Number of updated asset objects reloaded before import = 0Number of asset objects unloaded after import = 4

========================================================================
Received Import Request.
  Time since last request: 0.000023 seconds.
  path: Assets/Dialogue/Bani/Day1/Sequence1/BaniD1S1N7.asset
  artifactKey: Guid(9575dc2864573af46ab51295ec7a4ed4) Importer(2089858483,b0f066a214c2f5e87bad3c948f4d605d)
Start importing Assets/Dialogue/Bani/Day1/Sequence1/BaniD1S1N7.asset using Guid(9575dc2864573af46ab51295ec7a4ed4) Importer(2089858483,b0f066a214c2f5e87bad3c948f4d605d) (ScriptedImporter) -> (artifact id: '2396605b34c01aa210779b0244114e39') in 0.0205107 seconds
Number of updated asset objects reloaded before import = 0Number of asset objects unloaded after import = 2

========================================================================
Received Import Request.
  Time since last request: 0.000022 seconds.
  path: Assets/Dialogue/Bani/Day1/Sequence4/BaniD1S4N 4.asset
  artifactKey: Guid(9582853022cff484a971597171238dc7) Importer(2089858483,b0f066a214c2f5e87bad3c948f4d605d)
Start importing Assets/Dialogue/Bani/Day1/Sequence4/BaniD1S4N 4.asset using Guid(9582853022cff484a971597171238dc7) Importer(2089858483,b0f066a214c2f5e87bad3c948f4d605d) (ScriptedImporter) -> (artifact id: '7a3687561c7043338fc1260e3e483a9a') in 0.0207401 seconds
Number of updated asset objects reloaded before import = 0Number of asset objects unloaded after import = 6

========================================================================
Received Import Request.
  Time since last request: 0.000034 seconds.
  path: Assets/Dialogue/Bani/Day1/Sequence4/BaniD1S4N 7.asset
  artifactKey: Guid(bc74ee9385390a94390c24d7e131116e) Importer(2089858483,b0f066a214c2f5e87bad3c948f4d605d)
Start importing Assets/Dialogue/Bani/Day1/Sequence4/BaniD1S4N 7.asset using Guid(bc74ee9385390a94390c24d7e131116e) Importer(2089858483,b0f066a214c2f5e87bad3c948f4d605d) (ScriptedImporter) -> (artifact id: '474d2699dab483ab233e62b5fa119359') in 0.0206844 seconds
Number of updated asset objects reloaded before import = 0Number of asset objects unloaded after import = 3

========================================================================
Received Import Request.
  Time since last request: 0.000027 seconds.
  path: Assets/Dialogue/Bani/Day1/Sequence2/BaniD1S2N1.asset
  artifactKey: Guid(9ffce488f96173f41a3b587e45c9f895) Importer(2089858483,b0f066a214c2f5e87bad3c948f4d605d)
Start importing Assets/Dialogue/Bani/Day1/Sequence2/BaniD1S2N1.asset using Guid(9ffce488f96173f41a3b587e45c9f895) Importer(2089858483,b0f066a214c2f5e87bad3c948f4d605d) (ScriptedImporter) -> (artifact id: 'cc10f5b4c634b405148a11b8b6ac9698') in 0.0246501 seconds
Number of updated asset objects reloaded before import = 0Number of asset objects unloaded after import = 7

========================================================================
Received Import Request.
  Time since last request: 0.000023 seconds.
  path: Assets/Dialogue/Bani/Day1
  artifactKey: Guid(35cb21a202da0a24995695a2000d96f8) Importer(2089858483,b0f066a214c2f5e87bad3c948f4d605d)
Start importing Assets/Dialogue/Bani/Day1 using Guid(35cb21a202da0a24995695a2000d96f8) Importer(2089858483,b0f066a214c2f5e87bad3c948f4d605d) (ScriptedImporter) -> (artifact id: '3680fd96efe2856a3acfe0ab51d91bc2') in 0.0172138 seconds
Number of updated asset objects reloaded before import = 0Number of asset objects unloaded after import = 1

========================================================================
Received Import Request.
  Time since last request: 0.000025 seconds.
  path: Assets/Dialogue/Bani/Day1/Sequence4/BaniD1S4N 6.asset
  artifactKey: Guid(d2fa89df5632c2a4293367055eccdc22) Importer(2089858483,b0f066a214c2f5e87bad3c948f4d605d)
Start importing Assets/Dialogue/Bani/Day1/Sequence4/BaniD1S4N 6.asset using Guid(d2fa89df5632c2a4293367055eccdc22) Importer(2089858483,b0f066a214c2f5e87bad3c948f4d605d) (ScriptedImporter) -> (artifact id: '62407bdff6883ff874cccf2c77e82a1e') in 0.0238882 seconds
Number of updated asset objects reloaded before import = 0Number of asset objects unloaded after import = 4

========================================================================
Received Import Request.
  Time since last request: 0.000036 seconds.
  path: Assets/Dialogue/Bani/Day1/Sequence4
  artifactKey: Guid(4d2a163687c4d4449a36e60287b9f2cf) Importer(2089858483,b0f066a214c2f5e87bad3c948f4d605d)
Start importing Assets/Dialogue/Bani/Day1/Sequence4 using Guid(4d2a163687c4d4449a36e60287b9f2cf) Importer(2089858483,b0f066a214c2f5e87bad3c948f4d605d) (ScriptedImporter) -> (artifact id: 'b3470e8e9f2ef4accfa0f50ee4136bb8') in 0.0162015 seconds
Number of updated asset objects reloaded before import = 0Number of asset objects unloaded after import = 1

========================================================================
Received Import Request.
  Time since last request: 0.000025 seconds.
  path: Assets/Dialogue/Bani/Day1/Sequence3
  artifactKey: Guid(99898fbd842e97f448dc13018091d884) Importer(2089858483,b0f066a214c2f5e87bad3c948f4d605d)
Start importing Assets/Dialogue/Bani/Day1/Sequence3 using Guid(99898fbd842e97f448dc13018091d884) Importer(2089858483,b0f066a214c2f5e87bad3c948f4d605d) (ScriptedImporter) -> (artifact id: 'ac85bc8c1e235510f57413ce3849a985') in 0.0205806 seconds
Number of updated asset objects reloaded before import = 0Number of asset objects unloaded after import = 1

========================================================================
Received Import Request.
  Time since last request: 0.000022 seconds.
  path: Assets/Dialogue/Bani/Day1/Sequence1/BaniD1S1N6.asset
  artifactKey: Guid(5d63c4eeb376d1642b7a364d22558dc1) Importer(2089858483,b0f066a214c2f5e87bad3c948f4d605d)
Start importing Assets/Dialogue/Bani/Day1/Sequence1/BaniD1S1N6.asset using Guid(5d63c4eeb376d1642b7a364d22558dc1) Importer(2089858483,b0f066a214c2f5e87bad3c948f4d605d) (ScriptedImporter) -> (artifact id: '2e7d16f0dd465a5526eae1ffaa8a1e0b') in 0.0192225 seconds
Number of updated asset objects reloaded before import = 0Number of asset objects unloaded after import = 3

========================================================================
Received Import Request.
  Time since last request: 0.000026 seconds.
  path: Assets/Dialogue/Bani/Day1/Sequence3/BaniD1S3N1.asset
  artifactKey: Guid(44ba6c54dc773a448bc2ae0eb2d2dc58) Importer(2089858483,b0f066a214c2f5e87bad3c948f4d605d)
Start importing Assets/Dialogue/Bani/Day1/Sequence3/BaniD1S3N1.asset using Guid(44ba6c54dc773a448bc2ae0eb2d2dc58) Importer(2089858483,b0f066a214c2f5e87bad3c948f4d605d) (ScriptedImporter) -> (artifact id: 'cb0bd7a5c432f173d1c7add1903ef7e0') in 0.0197557 seconds
Number of updated asset objects reloaded before import = 0Number of asset objects unloaded after import = 1

========================================================================
Received Import Request.
  Time since last request: 0.000034 seconds.
  path: Assets/Dialogue/Bani/Day1/Sequence2/BaniD1S2N6B.asset
  artifactKey: Guid(bd7a82ce1b313d143b7df51f98703cb9) Importer(2089858483,b0f066a214c2f5e87bad3c948f4d605d)
Start importing Assets/Dialogue/Bani/Day1/Sequence2/BaniD1S2N6B.asset using Guid(bd7a82ce1b313d143b7df51f98703cb9) Importer(2089858483,b0f066a214c2f5e87bad3c948f4d605d) (ScriptedImporter) -> (artifact id: '18bf32ac4f27a5b5dd3130b5859d5ef2') in 0.0181317 seconds
Number of updated asset objects reloaded before import = 0Number of asset objects unloaded after import = 1

========================================================================
Received Import Request.
  Time since last request: 0.000021 seconds.
  path: Assets/Dialogue/Bani/Day1/Sequence4/BaniD1S4N 9.asset
  artifactKey: Guid(ca0cddb3c9a577b4d9844cb02c2eff3d) Importer(2089858483,b0f066a214c2f5e87bad3c948f4d605d)
Start importing Assets/Dialogue/Bani/Day1/Sequence4/BaniD1S4N 9.asset using Guid(ca0cddb3c9a577b4d9844cb02c2eff3d) Importer(2089858483,b0f066a214c2f5e87bad3c948f4d605d) (ScriptedImporter) -> (artifact id: '3cb3a4cb336b3c6e93ed7dc589823b00') in 0.0253366 seconds
Number of updated asset objects reloaded before import = 0Number of asset objects unloaded after import = 1

========================================================================
Received Import Request.
  Time since last request: 3.797925 seconds.
  path: Assets/Dialogue/Pendi/Day1
  artifactKey: Guid(c340cd0b166340b4e8bdf5e8323c9b6f) Importer(2089858483,b0f066a214c2f5e87bad3c948f4d605d)
Start importing Assets/Dialogue/Pendi/Day1 using Guid(c340cd0b166340b4e8bdf5e8323c9b6f) Importer(2089858483,b0f066a214c2f5e87bad3c948f4d605d) (ScriptedImporter) -> (artifact id: '942c09f3ebb0a3849da23ef0897bf85f') in 0.0157283 seconds
Number of updated asset objects reloaded before import = 0Number of asset objects unloaded after import = 1

========================================================================
Received Import Request.
  Time since last request: 0.000019 seconds.
  path: Assets/Dialogue/Pendi/Day1/Sequence2/PendiD1S2N2A.asset
  artifactKey: Guid(fd0c1400a80f223499ff3360c0a07385) Importer(2089858483,b0f066a214c2f5e87bad3c948f4d605d)
Start importing Assets/Dialogue/Pendi/Day1/Sequence2/PendiD1S2N2A.asset using Guid(fd0c1400a80f223499ff3360c0a07385) Importer(2089858483,b0f066a214c2f5e87bad3c948f4d605d) (ScriptedImporter) -> (artifact id: 'bc0fdfe987fe0198e0336013b64216ed') in 0.0235188 seconds
Number of updated asset objects reloaded before import = 0Number of asset objects unloaded after import = 4

========================================================================
Received Import Request.
  Time since last request: 0.000019 seconds.
  path: Assets/Dialogue/Pendi/Day1/Sequence1/PendiD1S1N4B.asset
  artifactKey: Guid(6aee76be0e163ff4d8a2227ee7e66c5e) Importer(2089858483,b0f066a214c2f5e87bad3c948f4d605d)
Start importing Assets/Dialogue/Pendi/Day1/Sequence1/PendiD1S1N4B.asset using Guid(6aee76be0e163ff4d8a2227ee7e66c5e) Importer(2089858483,b0f066a214c2f5e87bad3c948f4d605d) (ScriptedImporter) -> (artifact id: 'ab1329d9774b9c37dd917cf9796273f3') in 0.0245296 seconds
Number of updated asset objects reloaded before import = 0Number of asset objects unloaded after import = 12

========================================================================
Received Import Request.
  Time since last request: 0.000027 seconds.
  path: Assets/Dialogue/Pendi/Day1/Sequence2/PendiD1S2N5A.asset
  artifactKey: Guid(0b8b5ec054b0ca9478334d381bf861c8) Importer(2089858483,b0f066a214c2f5e87bad3c948f4d605d)
Start importing Assets/Dialogue/Pendi/Day1/Sequence2/PendiD1S2N5A.asset using Guid(0b8b5ec054b0ca9478334d381bf861c8) Importer(2089858483,b0f066a214c2f5e87bad3c948f4d605d) (ScriptedImporter) -> (artifact id: 'fa9f80eb78d92c67e74ac582e63eb5c4') in 0.0192137 seconds
Number of updated asset objects reloaded before import = 0Number of asset objects unloaded after import = 1

========================================================================
Received Import Request.
  Time since last request: 0.000032 seconds.
  path: Assets/Dialogue/Pendi
  artifactKey: Guid(1d810ab1b48dc9a47ad4acbeaf2f0e73) Importer(2089858483,b0f066a214c2f5e87bad3c948f4d605d)
Start importing Assets/Dialogue/Pendi using Guid(1d810ab1b48dc9a47ad4acbeaf2f0e73) Importer(2089858483,b0f066a214c2f5e87bad3c948f4d605d) (ScriptedImporter) -> (artifact id: 'add524297368671713a88511dbd44e3d') in 0.0156585 seconds
Number of updated asset objects reloaded before import = 0Number of asset objects unloaded after import = 1

========================================================================
Received Import Request.
  Time since last request: 0.000021 seconds.
  path: Assets/Dialogue/Pendi/Day1/Sequence1/PendiD1S1N11B.asset
  artifactKey: Guid(d37cc55d6a57bb04ea76bcb12513b1ba) Importer(2089858483,b0f066a214c2f5e87bad3c948f4d605d)
Start importing Assets/Dialogue/Pendi/Day1/Sequence1/PendiD1S1N11B.asset using Guid(d37cc55d6a57bb04ea76bcb12513b1ba) Importer(2089858483,b0f066a214c2f5e87bad3c948f4d605d) (ScriptedImporter) -> (artifact id: 'a278dc87edafa8fb9fda0adcde093c5a') in 0.0198093 seconds
Number of updated asset objects reloaded before import = 0Number of asset objects unloaded after import = 5

========================================================================
Received Import Request.
  Time since last request: 0.000027 seconds.
  path: Assets/Dialogue/Pendi/Day1/Sequence2/PendiD1S2N2B.asset
  artifactKey: Guid(b84fe32b8d164eb46a3ed0c8d8565b89) Importer(2089858483,b0f066a214c2f5e87bad3c948f4d605d)
Start importing Assets/Dialogue/Pendi/Day1/Sequence2/PendiD1S2N2B.asset using Guid(b84fe32b8d164eb46a3ed0c8d8565b89) Importer(2089858483,b0f066a214c2f5e87bad3c948f4d605d) (ScriptedImporter) -> (artifact id: '7ef12b57ca9b294b31e50350ac4c5216') in 0.0179485 seconds
Number of updated asset objects reloaded before import = 0Number of asset objects unloaded after import = 8

========================================================================
Received Import Request.
  Time since last request: 0.000021 seconds.
  path: Assets/Dialogue/Pendi/Day1/Sequence1/PendiD1S1N 1.asset
  artifactKey: Guid(19435180799f9ed42bde1748754b2387) Importer(2089858483,b0f066a214c2f5e87bad3c948f4d605d)
Start importing Assets/Dialogue/Pendi/Day1/Sequence1/PendiD1S1N 1.asset using Guid(19435180799f9ed42bde1748754b2387) Importer(2089858483,b0f066a214c2f5e87bad3c948f4d605d) (ScriptedImporter) -> (artifact id: 'baafe04185207c5473338e7055b3f1ef') in 0.0220697 seconds
Number of updated asset objects reloaded before import = 0Number of asset objects unloaded after import = 20

========================================================================
Received Import Request.
  Time since last request: 4.116613 seconds.
  path: Assets/Dialogue/Pip/Day1
  artifactKey: Guid(fb6b4d22f47aafb4cbf57fa6d8a37276) Importer(2089858483,b0f066a214c2f5e87bad3c948f4d605d)
Start importing Assets/Dialogue/Pip/Day1 using Guid(fb6b4d22f47aafb4cbf57fa6d8a37276) Importer(2089858483,b0f066a214c2f5e87bad3c948f4d605d) (ScriptedImporter) -> (artifact id: '1b7ba3605aa964f40fbf4301e3e1ef1d') in 0.0145627 seconds
Number of updated asset objects reloaded before import = 0Number of asset objects unloaded after import = 1

========================================================================
Received Import Request.
  Time since last request: 0.000023 seconds.
  path: Assets/Dialogue/Pip/Day1/Sequence1/PipD1S1N 2.asset
  artifactKey: Guid(34858dee078d70f488aa1faa4583386c) Importer(2089858483,b0f066a214c2f5e87bad3c948f4d605d)
Start importing Assets/Dialogue/Pip/Day1/Sequence1/PipD1S1N 2.asset using Guid(34858dee078d70f488aa1faa4583386c) Importer(2089858483,b0f066a214c2f5e87bad3c948f4d605d) (ScriptedImporter) -> (artifact id: '2de210f1bd4791a9a29a5dfaf2a0f463') in 0.0226211 seconds
Number of updated asset objects reloaded before import = 0Number of asset objects unloaded after import = 11

========================================================================
Received Import Request.
  Time since last request: 0.000020 seconds.
  path: Assets/Dialogue/Pip/Day1/Sequence1/PipD1S1N 10.asset
  artifactKey: Guid(cf317f2865511004a9c5e14445d0cf45) Importer(2089858483,b0f066a214c2f5e87bad3c948f4d605d)
Start importing Assets/Dialogue/Pip/Day1/Sequence1/PipD1S1N 10.asset using Guid(cf317f2865511004a9c5e14445d0cf45) Importer(2089858483,b0f066a214c2f5e87bad3c948f4d605d) (ScriptedImporter) -> (artifact id: '99e9bae43c53181ce83cde0296dd4772') in 0.0204844 seconds
Number of updated asset objects reloaded before import = 0Number of asset objects unloaded after import = 1

========================================================================
Received Import Request.
  Time since last request: 0.000020 seconds.
  path: Assets/Dialogue/Pip/Day1/Sequence1/PipD1S1N 5.asset
  artifactKey: Guid(aac5315ffb5f7894aa4860ec5daa49d1) Importer(2089858483,b0f066a214c2f5e87bad3c948f4d605d)
Start importing Assets/Dialogue/Pip/Day1/Sequence1/PipD1S1N 5.asset using Guid(aac5315ffb5f7894aa4860ec5daa49d1) Importer(2089858483,b0f066a214c2f5e87bad3c948f4d605d) (ScriptedImporter) -> (artifact id: '6fed504417f1ab48e279c97b1acccddd') in 0.0209044 seconds
Number of updated asset objects reloaded before import = 0Number of asset objects unloaded after import = 8

========================================================================
Received Import Request.
  Time since last request: 0.000032 seconds.
  path: Assets/Dialogue/Pip/Day1/Sequence1/PipD1S1N 4.asset
  artifactKey: Guid(d7729b28776d7ff4f81ea0a7c15c090e) Importer(2089858483,b0f066a214c2f5e87bad3c948f4d605d)
Start importing Assets/Dialogue/Pip/Day1/Sequence1/PipD1S1N 4.asset using Guid(d7729b28776d7ff4f81ea0a7c15c090e) Importer(2089858483,b0f066a214c2f5e87bad3c948f4d605d) (ScriptedImporter) -> (artifact id: '46c6e10451c1cc4d14c49736501d5f08') in 0.0165972 seconds
Number of updated asset objects reloaded before import = 0Number of asset objects unloaded after import = 9

========================================================================
Received Import Request.
  Time since last request: 6.054376 seconds.
  path: Assets/Dialogue/Pendi
  artifactKey: Guid(1d810ab1b48dc9a47ad4acbeaf2f0e73) Importer(815301076,1909f56bfc062723c751e8b465ee728b)
Start importing Assets/Dialogue/Pendi using Guid(1d810ab1b48dc9a47ad4acbeaf2f0e73) Importer(815301076,1909f56bfc062723c751e8b465ee728b) (PreviewImporter) -> (artifact id: 'c2f6e61a3dabcf6490dd576ae0b9d653') in 0.0005293 seconds
Number of updated asset objects reloaded before import = 0Number of asset objects unloaded after import = 0

========================================================================
Received Import Request.
  Time since last request: 1.555758 seconds.
  path: Assets/Dialogue/Artur
  artifactKey: Guid(0975cc8594804024db3e03b27a3d0025) Importer(815301076,1909f56bfc062723c751e8b465ee728b)
Start importing Assets/Dialogue/Artur using Guid(0975cc8594804024db3e03b27a3d0025) Importer(815301076,1909f56bfc062723c751e8b465ee728b) (PreviewImporter) -> (artifact id: 'af09204f92123993c4267c87cb3754c3') in 0.0005516 seconds
Number of updated asset objects reloaded before import = 0Number of asset objects unloaded after import = 0

========================================================================
Received Import Request.
  Time since last request: 9.634974 seconds.
  path: Assets/Dialogue/Bani
  artifactKey: Guid(6367bfe8137caef4ba4aa5e872114e9d) Importer(815301076,1909f56bfc062723c751e8b465ee728b)
Start importing Assets/Dialogue/Bani using Guid(6367bfe8137caef4ba4aa5e872114e9d) Importer(815301076,1909f56bfc062723c751e8b465ee728b) (PreviewImporter) -> (artifact id: '967eb380db9424142158d28040ae45cb') in 0.0005472 seconds
Number of updated asset objects reloaded before import = 0Number of asset objects unloaded after import = 0

========================================================================
Received Import Request.
  Time since last request: 16.097274 seconds.
  path: Assets/Dialogue/Bani/Day2/Seq 1
  artifactKey: Guid(3ada48f22a6aec94eab52b3c2a10dcda) Importer(815301076,1909f56bfc062723c751e8b465ee728b)
Start importing Assets/Dialogue/Bani/Day2/Seq 1 using Guid(3ada48f22a6aec94eab52b3c2a10dcda) Importer(815301076,1909f56bfc062723c751e8b465ee728b) (PreviewImporter) -> (artifact id: 'ea5148f687ac6b60dffe32b0b5d350e5') in 0.0006658 seconds
Number of updated asset objects reloaded before import = 0Number of asset objects unloaded after import = 0

========================================================================
Received Import Request.
  Time since last request: 0.913988 seconds.
  path: Assets/Dialogue/Bani/Day2/Seq 1
  artifactKey: Guid(3ada48f22a6aec94eab52b3c2a10dcda) Importer(2089858483,b0f066a214c2f5e87bad3c948f4d605d)
Start importing Assets/Dialogue/Bani/Day2/Seq 1 using Guid(3ada48f22a6aec94eab52b3c2a10dcda) Importer(2089858483,b0f066a214c2f5e87bad3c948f4d605d) (ScriptedImporter) -> (artifact id: 'd2db9c6a56c792dc7466a9e45f07b49a') in 0.0124609 seconds
Number of updated asset objects reloaded before import = 0Number of asset objects unloaded after import = 1

========================================================================
Received Import Request.
  Time since last request: 3.426011 seconds.
  path: Assets/Dialogue/Bani/Day2/Seq 2
  artifactKey: Guid(3207e67a1f4245c47b4958db60d841e6) Importer(815301076,1909f56bfc062723c751e8b465ee728b)
Start importing Assets/Dialogue/Bani/Day2/Seq 2 using Guid(3207e67a1f4245c47b4958db60d841e6) Importer(815301076,1909f56bfc062723c751e8b465ee728b) (PreviewImporter) -> (artifact id: 'be3a89c844b8c9f2a3d502f5796d5ebb') in 0.0005742 seconds
Number of updated asset objects reloaded before import = 0Number of asset objects unloaded after import = 0

========================================================================
Received Import Request.
  Time since last request: 0.437520 seconds.
  path: Assets/Dialogue/Bani/Day2/Seq 3
  artifactKey: Guid(f34393cf1d2e9f5478e0b3f61836e75d) Importer(815301076,1909f56bfc062723c751e8b465ee728b)
Start importing Assets/Dialogue/Bani/Day2/Seq 3 using Guid(f34393cf1d2e9f5478e0b3f61836e75d) Importer(815301076,1909f56bfc062723c751e8b465ee728b) (PreviewImporter) -> (artifact id: 'e3d2f5bab30a007b6e23a7b162936eab') in 0.0006691 seconds
Number of updated asset objects reloaded before import = 0Number of asset objects unloaded after import = 0

========================================================================
Received Import Request.
  Time since last request: 0.729358 seconds.
  path: Assets/Dialogue/Bani/Day2/Seq 4
  artifactKey: Guid(11768982dd0e7e64681630a2de2395c6) Importer(815301076,1909f56bfc062723c751e8b465ee728b)
Start importing Assets/Dialogue/Bani/Day2/Seq 4 using Guid(11768982dd0e7e64681630a2de2395c6) Importer(815301076,1909f56bfc062723c751e8b465ee728b) (PreviewImporter) -> (artifact id: '9692af70fcc53bef6f2d7d7796855777') in 0.0006381 seconds
Number of updated asset objects reloaded before import = 0Number of asset objects unloaded after import = 0

========================================================================
Received Import Request.
  Time since last request: 0.543392 seconds.
  path: Assets/Dialogue/Bani/Day2/Seq 5
  artifactKey: Guid(b91a8c842b2e13c41883a339f80b282d) Importer(815301076,1909f56bfc062723c751e8b465ee728b)
Start importing Assets/Dialogue/Bani/Day2/Seq 5 using Guid(b91a8c842b2e13c41883a339f80b282d) Importer(815301076,1909f56bfc062723c751e8b465ee728b) (PreviewImporter) -> (artifact id: 'c76f516904d1beb6900c8a8607cfbcc1') in 0.0006255 seconds
Number of updated asset objects reloaded before import = 0Number of asset objects unloaded after import = 0

========================================================================
Received Import Request.
  Time since last request: 0.920525 seconds.
  path: Assets/ItemData/QuestItems/Sandwich.asset
  artifactKey: Guid(7b421d2506abdf94497244957fbabfd1) Importer(2089858483,b0f066a214c2f5e87bad3c948f4d605d)
Start importing Assets/ItemData/QuestItems/Sandwich.asset using Guid(7b421d2506abdf94497244957fbabfd1) Importer(2089858483,b0f066a214c2f5e87bad3c948f4d605d) (ScriptedImporter) -> (artifact id: '27dba9b5d98957b903849312e5c1fed9') in 0.0153298 seconds
Number of updated asset objects reloaded before import = 0Number of asset objects unloaded after import = 2

========================================================================
Received Import Request.
  Time since last request: 0.000022 seconds.
  path: Assets/Dialogue/Bani/Day2/Seq 3
  artifactKey: Guid(f34393cf1d2e9f5478e0b3f61836e75d) Importer(2089858483,b0f066a214c2f5e87bad3c948f4d605d)
Start importing Assets/Dialogue/Bani/Day2/Seq 3 using Guid(f34393cf1d2e9f5478e0b3f61836e75d) Importer(2089858483,b0f066a214c2f5e87bad3c948f4d605d) (ScriptedImporter) -> (artifact id: '85600f10dead6e26c0d1ef501cd05fed') in 0.0177851 seconds
Number of updated asset objects reloaded before import = 0Number of asset objects unloaded after import = 1

========================================================================
Received Import Request.
  Time since last request: 31.097383 seconds.
  path: Assets/Dialogue/Bani/Day 2
  artifactKey: Guid(42f9240c0ca0d3b43812fdeccd656954) Importer(815301076,1909f56bfc062723c751e8b465ee728b)
Start importing Assets/Dialogue/Bani/Day 2 using Guid(42f9240c0ca0d3b43812fdeccd656954) Importer(815301076,1909f56bfc062723c751e8b465ee728b) (PreviewImporter) -> (artifact id: '9272328c559454fdc60b0c1b7d8f7797') in 0.0006218 seconds
Number of updated asset objects reloaded before import = 0Number of asset objects unloaded after import = 0

========================================================================
Received Import Request.
  Time since last request: 0.921952 seconds.
  path: Assets/Dialogue/Bani/Day 2/Seq 1
  artifactKey: Guid(3ada48f22a6aec94eab52b3c2a10dcda) Importer(2089858483,b0f066a214c2f5e87bad3c948f4d605d)
Start importing Assets/Dialogue/Bani/Day 2/Seq 1 using Guid(3ada48f22a6aec94eab52b3c2a10dcda) Importer(2089858483,b0f066a214c2f5e87bad3c948f4d605d) (ScriptedImporter) -> (artifact id: '6d8a400ebe7ab14e74afebff9b90532d') in 0.0170327 seconds
Number of updated asset objects reloaded before import = 0Number of asset objects unloaded after import = 1

========================================================================
Received Import Request.
  Time since last request: 0.679949 seconds.
  path: Assets/Dialogue/Bani/Day 3
  artifactKey: Guid(4bfb0fe79bcc78a469a6781a56f70000) Importer(815301076,1909f56bfc062723c751e8b465ee728b)
Start importing Assets/Dialogue/Bani/Day 3 using Guid(4bfb0fe79bcc78a469a6781a56f70000) Importer(815301076,1909f56bfc062723c751e8b465ee728b) (PreviewImporter) -> (artifact id: '989b1e5ab3f8ef7e01325400fab495bb') in 0.0007391 seconds
Number of updated asset objects reloaded before import = 0Number of asset objects unloaded after import = 0

========================================================================
Received Import Request.
  Time since last request: 1.073320 seconds.
  path: Assets/Dialogue/Bani/Day 4
  artifactKey: Guid(be1328ea0e11cbc49b61f619b6077ef0) Importer(815301076,1909f56bfc062723c751e8b465ee728b)
Start importing Assets/Dialogue/Bani/Day 4 using Guid(be1328ea0e11cbc49b61f619b6077ef0) Importer(815301076,1909f56bfc062723c751e8b465ee728b) (PreviewImporter) -> (artifact id: '3ea267256f147c992c5234d46f987999') in 0.000607 seconds
Number of updated asset objects reloaded before import = 0Number of asset objects unloaded after import = 0

========================================================================
Received Import Request.
  Time since last request: 0.742582 seconds.
  path: Assets/Dialogue/Bani/Day 5
  artifactKey: Guid(7906770cfa54b654b82a2bda2512b255) Importer(815301076,1909f56bfc062723c751e8b465ee728b)
Start importing Assets/Dialogue/Bani/Day 5 using Guid(7906770cfa54b654b82a2bda2512b255) Importer(815301076,1909f56bfc062723c751e8b465ee728b) (PreviewImporter) -> (artifact id: 'fb9bdb3981ba161f16fdb850d830d690') in 0.0006266 seconds
Number of updated asset objects reloaded before import = 0Number of asset objects unloaded after import = 0

========================================================================
Received Import Request.
  Time since last request: 0.911082 seconds.
  path: Assets/Dialogue/Bani/Day 3
  artifactKey: Guid(4bfb0fe79bcc78a469a6781a56f70000) Importer(2089858483,b0f066a214c2f5e87bad3c948f4d605d)
Start importing Assets/Dialogue/Bani/Day 3 using Guid(4bfb0fe79bcc78a469a6781a56f70000) Importer(2089858483,b0f066a214c2f5e87bad3c948f4d605d) (ScriptedImporter) -> (artifact id: '8a81c1ad0fabbc2c7dbc6a8fc27081b4') in 0.0157829 seconds
Number of updated asset objects reloaded before import = 0Number of asset objects unloaded after import = 1

========================================================================
Received Import Request.
  Time since last request: 0.000022 seconds.
  path: Assets/Dialogue/Bani/Day 5/Seq 3
  artifactKey: Guid(6c8474f7b3b141347b5fbb589e3290d8) Importer(2089858483,b0f066a214c2f5e87bad3c948f4d605d)
Start importing Assets/Dialogue/Bani/Day 5/Seq 3 using Guid(6c8474f7b3b141347b5fbb589e3290d8) Importer(2089858483,b0f066a214c2f5e87bad3c948f4d605d) (ScriptedImporter) -> (artifact id: '0e0533d36a6d6439311678782788fad6') in 0.0184655 seconds
Number of updated asset objects reloaded before import = 0Number of asset objects unloaded after import = 1

========================================================================
Received Import Request.
  Time since last request: 0.000019 seconds.
  path: Assets/Dialogue/Bani/Day 4/Seq 5
  artifactKey: Guid(e9d489742b67ee0438300672b9764a97) Importer(2089858483,b0f066a214c2f5e87bad3c948f4d605d)
Start importing Assets/Dialogue/Bani/Day 4/Seq 5 using Guid(e9d489742b67ee0438300672b9764a97) Importer(2089858483,b0f066a214c2f5e87bad3c948f4d605d) (ScriptedImporter) -> (artifact id: '87f60ac347e38ecd92a581240d8d934d') in 0.0201268 seconds
Number of updated asset objects reloaded before import = 0Number of asset objects unloaded after import = 1

========================================================================
Received Import Request.
  Time since last request: 0.000024 seconds.
  path: Assets/Dialogue/Bani/Day 4/Seq 4
  artifactKey: Guid(6c587d0920d31014b8be1e2c74f7020a) Importer(2089858483,b0f066a214c2f5e87bad3c948f4d605d)
Start importing Assets/Dialogue/Bani/Day 4/Seq 4 using Guid(6c587d0920d31014b8be1e2c74f7020a) Importer(2089858483,b0f066a214c2f5e87bad3c948f4d605d) (ScriptedImporter) -> (artifact id: 'a5f042b2376836f3bb170b264d4a1f38') in 0.0178853 seconds
Number of updated asset objects reloaded before import = 0Number of asset objects unloaded after import = 1

========================================================================
Received Import Request.
  Time since last request: 3.137273 seconds.
  path: Assets/Dialogue/Bani/Day 1
  artifactKey: Guid(35cb21a202da0a24995695a2000d96f8) Importer(815301076,1909f56bfc062723c751e8b465ee728b)
Start importing Assets/Dialogue/Bani/Day 1 using Guid(35cb21a202da0a24995695a2000d96f8) Importer(815301076,1909f56bfc062723c751e8b465ee728b) (PreviewImporter) -> (artifact id: '587d2dc29d0783a30c283430120d77cd') in 0.0008918 seconds
Number of updated asset objects reloaded before import = 0Number of asset objects unloaded after import = 0

========================================================================
Received Import Request.
  Time since last request: 0.898644 seconds.
  path: Assets/Dialogue/Bani/Day 1/Sequence5
  artifactKey: Guid(1f248355bee3428438fb7764545a9dd6) Importer(2089858483,b0f066a214c2f5e87bad3c948f4d605d)
Start importing Assets/Dialogue/Bani/Day 1/Sequence5 using Guid(1f248355bee3428438fb7764545a9dd6) Importer(2089858483,b0f066a214c2f5e87bad3c948f4d605d) (ScriptedImporter) -> (artifact id: 'e30ae684ee8d671fd7a708ab9e0c24dc') in 0.0206807 seconds
Number of updated asset objects reloaded before import = 0Number of asset objects unloaded after import = 1

========================================================================
Received Import Request.
  Time since last request: 0.000022 seconds.
  path: Assets/Dialogue/Bani/Day 1/Sequence1/BaniD1S1N4.asset
  artifactKey: Guid(adf0ee3ab2e87ff4cb9a64e6ffd78f16) Importer(2089858483,b0f066a214c2f5e87bad3c948f4d605d)
Start importing Assets/Dialogue/Bani/Day 1/Sequence1/BaniD1S1N4.asset using Guid(adf0ee3ab2e87ff4cb9a64e6ffd78f16) Importer(2089858483,b0f066a214c2f5e87bad3c948f4d605d) (ScriptedImporter) -> (artifact id: 'a20780d820d3f19aec2d100e76f15c9b') in 0.0255765 seconds
Number of updated asset objects reloaded before import = 0Number of asset objects unloaded after import = 5

========================================================================
Received Import Request.
  Time since last request: 0.000030 seconds.
  path: Assets/Dialogue/Bani/Day 1/Sequence4/BaniD1S4N 2.asset
  artifactKey: Guid(cbfcfe1ffa1a94949ab377a505908ab6) Importer(2089858483,b0f066a214c2f5e87bad3c948f4d605d)
Start importing Assets/Dialogue/Bani/Day 1/Sequence4/BaniD1S4N 2.asset using Guid(cbfcfe1ffa1a94949ab377a505908ab6) Importer(2089858483,b0f066a214c2f5e87bad3c948f4d605d) (ScriptedImporter) -> (artifact id: '3982e3017016feb639abf072a4d65cd5') in 0.0230955 seconds
Number of updated asset objects reloaded before import = 0Number of asset objects unloaded after import = 8

========================================================================
Received Import Request.
  Time since last request: 0.000022 seconds.
  path: Assets/Dialogue/Bani/Day 1/Sequence1/BaniD1S1N7.asset
  artifactKey: Guid(9575dc2864573af46ab51295ec7a4ed4) Importer(2089858483,b0f066a214c2f5e87bad3c948f4d605d)
Start importing Assets/Dialogue/Bani/Day 1/Sequence1/BaniD1S1N7.asset using Guid(9575dc2864573af46ab51295ec7a4ed4) Importer(2089858483,b0f066a214c2f5e87bad3c948f4d605d) (ScriptedImporter) -> (artifact id: 'badb074f39837aa0a571eb4ff0029520') in 0.0262453 seconds
Number of updated asset objects reloaded before import = 0Number of asset objects unloaded after import = 2

========================================================================
Received Import Request.
  Time since last request: 0.000024 seconds.
  path: Assets/Dialogue/Bani/Day 1/Sequence4/BaniD1S4N 7.asset
  artifactKey: Guid(bc74ee9385390a94390c24d7e131116e) Importer(2089858483,b0f066a214c2f5e87bad3c948f4d605d)
Start importing Assets/Dialogue/Bani/Day 1/Sequence4/BaniD1S4N 7.asset using Guid(bc74ee9385390a94390c24d7e131116e) Importer(2089858483,b0f066a214c2f5e87bad3c948f4d605d) (ScriptedImporter) -> (artifact id: '4e6a90b047f3283fff7d6f516d15bebd') in 0.0214166 seconds
Number of updated asset objects reloaded before import = 0Number of asset objects unloaded after import = 3

========================================================================
Received Import Request.
  Time since last request: 0.000023 seconds.
  path: Assets/Dialogue/Bani/Day 1/Sequence4/BaniD1S4N 6.asset
  artifactKey: Guid(d2fa89df5632c2a4293367055eccdc22) Importer(2089858483,b0f066a214c2f5e87bad3c948f4d605d)
Start importing Assets/Dialogue/Bani/Day 1/Sequence4/BaniD1S4N 6.asset using Guid(d2fa89df5632c2a4293367055eccdc22) Importer(2089858483,b0f066a214c2f5e87bad3c948f4d605d) (ScriptedImporter) -> (artifact id: '0b2f90f04f6dd1cbd9d3e26e68bc572b') in 0.0215955 seconds
Number of updated asset objects reloaded before import = 0Number of asset objects unloaded after import = 4

========================================================================
Received Import Request.
  Time since last request: 0.000035 seconds.
  path: Assets/Dialogue/Bani/Day 1/Sequence1/BaniD1S1N6.asset
  artifactKey: Guid(5d63c4eeb376d1642b7a364d22558dc1) Importer(2089858483,b0f066a214c2f5e87bad3c948f4d605d)
Start importing Assets/Dialogue/Bani/Day 1/Sequence1/BaniD1S1N6.asset using Guid(5d63c4eeb376d1642b7a364d22558dc1) Importer(2089858483,b0f066a214c2f5e87bad3c948f4d605d) (ScriptedImporter) -> (artifact id: '82edb94a61539ff458b7d8972c1aa3fb') in 0.0200277 seconds
Number of updated asset objects reloaded before import = 0Number of asset objects unloaded after import = 3

========================================================================
Received Import Request.
  Time since last request: 0.000020 seconds.
  path: Assets/Dialogue/Bani/Day 1/Sequence3/BaniD1S3N1.asset
  artifactKey: Guid(44ba6c54dc773a448bc2ae0eb2d2dc58) Importer(2089858483,b0f066a214c2f5e87bad3c948f4d605d)
Start importing Assets/Dialogue/Bani/Day 1/Sequence3/BaniD1S3N1.asset using Guid(44ba6c54dc773a448bc2ae0eb2d2dc58) Importer(2089858483,b0f066a214c2f5e87bad3c948f4d605d) (ScriptedImporter) -> (artifact id: '7d422e3546ae880dd84419573e777813') in 0.0216491 seconds
Number of updated asset objects reloaded before import = 0Number of asset objects unloaded after import = 1

========================================================================
Received Import Request.
  Time since last request: 0.000019 seconds.
  path: Assets/Dialogue/Bani/Day 1/Sequence2/BaniD1S2N3.asset
  artifactKey: Guid(a04caa9a236b3aa41943b6ec1af3e122) Importer(2089858483,b0f066a214c2f5e87bad3c948f4d605d)
Start importing Assets/Dialogue/Bani/Day 1/Sequence2/BaniD1S2N3.asset using Guid(a04caa9a236b3aa41943b6ec1af3e122) Importer(2089858483,b0f066a214c2f5e87bad3c948f4d605d) (ScriptedImporter) -> (artifact id: 'ec39ee802b67f567aa0b6d7b53e65920') in 0.0210081 seconds
Number of updated asset objects reloaded before import = 0Number of asset objects unloaded after import = 5

========================================================================
Received Import Request.
  Time since last request: 17.852882 seconds.
  path: Assets/Dialogue/Bani/Day 2/Seq 1/Bani.asset
  artifactKey: Guid(869ffc03ef47cf8478998b051ed9eead) Importer(815301076,1909f56bfc062723c751e8b465ee728b)
Start importing Assets/Dialogue/Bani/Day 2/Seq 1/Bani.asset using Guid(869ffc03ef47cf8478998b051ed9eead) Importer(815301076,1909f56bfc062723c751e8b465ee728b) (PreviewImporter) -> (artifact id: '9f587a5cf3269811650463584c98b811') in 0.0057354 seconds
Number of updated asset objects reloaded before import = 0Number of asset objects unloaded after import = 1

========================================================================
Received Import Request.
  Time since last request: 0.910929 seconds.
  path: Assets/Dialogue/Bani/Day 2/Seq 1/Bani.asset
  artifactKey: Guid(869ffc03ef47cf8478998b051ed9eead) Importer(2089858483,b0f066a214c2f5e87bad3c948f4d605d)
Start importing Assets/Dialogue/Bani/Day 2/Seq 1/Bani.asset using Guid(869ffc03ef47cf8478998b051ed9eead) Importer(2089858483,b0f066a214c2f5e87bad3c948f4d605d) (ScriptedImporter) -> (artifact id: '99ae796db2c9c28d6664bfedc9e79f4c') in 0.0164593 seconds
Number of updated asset objects reloaded before import = 0Number of asset objects unloaded after import = 1

========================================================================
Received Import Request.
  Time since last request: 7.148599 seconds.
  path: Assets/Dialogue/Bani/Day 2/Seq 1/BaniD2S1N1.asset
  artifactKey: Guid(869ffc03ef47cf8478998b051ed9eead) Importer(815301076,1909f56bfc062723c751e8b465ee728b)
Start importing Assets/Dialogue/Bani/Day 2/Seq 1/BaniD2S1N1.asset using Guid(869ffc03ef47cf8478998b051ed9eead) Importer(815301076,1909f56bfc062723c751e8b465ee728b) (PreviewImporter) -> (artifact id: 'a315dfedefee8f3e74a52c80d15c378e') in 0.0012203 seconds
Number of updated asset objects reloaded before import = 0Number of asset objects unloaded after import = 1

========================================================================
Received Import Request.
  Time since last request: 0.924226 seconds.
  path: Assets/Dialogue/Bani/Day 2/Seq 1/BaniD2S1N1.asset
  artifactKey: Guid(869ffc03ef47cf8478998b051ed9eead) Importer(2089858483,b0f066a214c2f5e87bad3c948f4d605d)
Start importing Assets/Dialogue/Bani/Day 2/Seq 1/BaniD2S1N1.asset using Guid(869ffc03ef47cf8478998b051ed9eead) Importer(2089858483,b0f066a214c2f5e87bad3c948f4d605d) (ScriptedImporter) -> (artifact id: '739660e53c1dcdfb4154e11657f8bdac') in 0.0178753 seconds
Number of updated asset objects reloaded before import = 0Number of asset objects unloaded after import = 1

========================================================================
Received Import Request.
  Time since last request: 18.132688 seconds.
  path: Assets/Dialogue/Bani/Day 2/Seq 1/BaniD2S1N1.asset
  artifactKey: Guid(869ffc03ef47cf8478998b051ed9eead) Importer(815301076,1909f56bfc062723c751e8b465ee728b)
Start importing Assets/Dialogue/Bani/Day 2/Seq 1/BaniD2S1N1.asset using Guid(869ffc03ef47cf8478998b051ed9eead) Importer(815301076,1909f56bfc062723c751e8b465ee728b) (PreviewImporter) -> (artifact id: '0ed1e8334fb0506062a792a8f82f95fa') in 0.0015703 seconds
Number of updated asset objects reloaded before import = 0Number of asset objects unloaded after import = 1

========================================================================
Received Import Request.
  Time since last request: 1.551712 seconds.
  path: Assets/Dialogue/Bani/Day 2/Seq 1/BaniD2S1N1.asset
  artifactKey: Guid(869ffc03ef47cf8478998b051ed9eead) Importer(2089858483,b0f066a214c2f5e87bad3c948f4d605d)
Start importing Assets/Dialogue/Bani/Day 2/Seq 1/BaniD2S1N1.asset using Guid(869ffc03ef47cf8478998b051ed9eead) Importer(2089858483,b0f066a214c2f5e87bad3c948f4d605d) (ScriptedImporter) -> (artifact id: '4f842f7e9c1b9976eda64f0cab6cc6dd') in 0.0177182 seconds
Number of updated asset objects reloaded before import = 0Number of asset objects unloaded after import = 1

========================================================================
Received Import Request.
  Time since last request: 6.901875 seconds.
  path: Assets/Dialogue/Bani/Day 2/Seq 1/BaniD2S1N 2.asset
  artifactKey: Guid(f25b3a7aac0a4ba4cb3b5ebbb06eae47) Importer(815301076,1909f56bfc062723c751e8b465ee728b)
Start importing Assets/Dialogue/Bani/Day 2/Seq 1/BaniD2S1N 2.asset using Guid(f25b3a7aac0a4ba4cb3b5ebbb06eae47) Importer(815301076,1909f56bfc062723c751e8b465ee728b) (PreviewImporter) -> (artifact id: 'e68a9c7c13464d984bddc6015d1ee89c') in 0.0012626 seconds
Number of updated asset objects reloaded before import = 0Number of asset objects unloaded after import = 1

========================================================================
Received Import Request.
  Time since last request: 0.936934 seconds.
  path: Assets/Dialogue/Bani/Day 2/Seq 1/BaniD2S1N 2.asset
  artifactKey: Guid(f25b3a7aac0a4ba4cb3b5ebbb06eae47) Importer(2089858483,b0f066a214c2f5e87bad3c948f4d605d)
Start importing Assets/Dialogue/Bani/Day 2/Seq 1/BaniD2S1N 2.asset using Guid(f25b3a7aac0a4ba4cb3b5ebbb06eae47) Importer(2089858483,b0f066a214c2f5e87bad3c948f4d605d) (ScriptedImporter) -> (artifact id: '513e6425ba65a17e9bd1753eacdf2a29') in 0.0129474 seconds
Number of updated asset objects reloaded before import = 0Number of asset objects unloaded after import = 1

========================================================================
Received Import Request.
  Time since last request: 0.715739 seconds.
  path: Assets/Dialogue/Bani/Day 2/Seq 1/BaniD2S1N 3.asset
  artifactKey: Guid(5fb8518024958e44f885899428e5b62c) Importer(815301076,1909f56bfc062723c751e8b465ee728b)
Start importing Assets/Dialogue/Bani/Day 2/Seq 1/BaniD2S1N 3.asset using Guid(5fb8518024958e44f885899428e5b62c) Importer(815301076,1909f56bfc062723c751e8b465ee728b) (PreviewImporter) -> (artifact id: '360bdfc9e8bd3394c86a49902a982cb7') in 0.001396 seconds
Number of updated asset objects reloaded before import = 0Number of asset objects unloaded after import = 1

========================================================================
Received Import Request.
  Time since last request: 0.902433 seconds.
  path: Assets/Dialogue/Bani/Day 2/Seq 1/BaniD2S1N 3.asset
  artifactKey: Guid(5fb8518024958e44f885899428e5b62c) Importer(2089858483,b0f066a214c2f5e87bad3c948f4d605d)
Start importing Assets/Dialogue/Bani/Day 2/Seq 1/BaniD2S1N 3.asset using Guid(5fb8518024958e44f885899428e5b62c) Importer(2089858483,b0f066a214c2f5e87bad3c948f4d605d) (ScriptedImporter) -> (artifact id: '9a884b1ea04f25f4c8b55b3fb18b2de8') in 0.0131385 seconds
Number of updated asset objects reloaded before import = 0Number of asset objects unloaded after import = 1

========================================================================
Received Import Request.
  Time since last request: 7.818155 seconds.
  path: Assets/Dialogue/Bani/Day 2/Seq 1/BaniD2S1N 1.asset
  artifactKey: Guid(869ffc03ef47cf8478998b051ed9eead) Importer(815301076,1909f56bfc062723c751e8b465ee728b)
Start importing Assets/Dialogue/Bani/Day 2/Seq 1/BaniD2S1N 1.asset using Guid(869ffc03ef47cf8478998b051ed9eead) Importer(815301076,1909f56bfc062723c751e8b465ee728b) (PreviewImporter) -> (artifact id: '7ecf4d1d826791e7f04b569f1394abe6') in 0.0011878 seconds
Number of updated asset objects reloaded before import = 0Number of asset objects unloaded after import = 1

========================================================================
Received Import Request.
  Time since last request: 0.928016 seconds.
  path: Assets/Dialogue/Bani/Day 2/Seq 1/BaniD2S1N 1.asset
  artifactKey: Guid(869ffc03ef47cf8478998b051ed9eead) Importer(2089858483,b0f066a214c2f5e87bad3c948f4d605d)
Start importing Assets/Dialogue/Bani/Day 2/Seq 1/BaniD2S1N 1.asset using Guid(869ffc03ef47cf8478998b051ed9eead) Importer(2089858483,b0f066a214c2f5e87bad3c948f4d605d) (ScriptedImporter) -> (artifact id: 'df829a386b56a4c3f70c20325c3ebf62') in 0.012867 seconds
Number of updated asset objects reloaded before import = 0Number of asset objects unloaded after import = 1

========================================================================
Received Import Request.
  Time since last request: 7.088266 seconds.
  path: Assets/Dialogue/Bani/Day 2/Seq 1/BaniD2S1N 4.asset
  artifactKey: Guid(f3ab1c64d0679ce49835b62046aa439d) Importer(815301076,1909f56bfc062723c751e8b465ee728b)
Start importing Assets/Dialogue/Bani/Day 2/Seq 1/BaniD2S1N 4.asset using Guid(f3ab1c64d0679ce49835b62046aa439d) Importer(815301076,1909f56bfc062723c751e8b465ee728b) (PreviewImporter) -> (artifact id: '49c121741f6ffcbbef39eb04e1f1492a') in 0.0013175 seconds
Number of updated asset objects reloaded before import = 0Number of asset objects unloaded after import = 1

========================================================================
Received Import Request.
  Time since last request: 0.850904 seconds.
  path: Assets/Dialogue/Bani/Day 2/Seq 1/BaniD2S1N 5.asset
  artifactKey: Guid(7683c4d807c48024587a69ba293d4d9a) Importer(815301076,1909f56bfc062723c751e8b465ee728b)
Start importing Assets/Dialogue/Bani/Day 2/Seq 1/BaniD2S1N 5.asset using Guid(7683c4d807c48024587a69ba293d4d9a) Importer(815301076,1909f56bfc062723c751e8b465ee728b) (PreviewImporter) -> (artifact id: '4f793ed0da947b4f953e24b632e8f8b4') in 0.0013133 seconds
Number of updated asset objects reloaded before import = 0Number of asset objects unloaded after import = 1

========================================================================
Received Import Request.
  Time since last request: 0.493161 seconds.
  path: Assets/Dialogue/Bani/Day 2/Seq 1/BaniD2S1N 6.asset
  artifactKey: Guid(53bc9df3fe26e4946a552b9deacdb3ec) Importer(815301076,1909f56bfc062723c751e8b465ee728b)
Start importing Assets/Dialogue/Bani/Day 2/Seq 1/BaniD2S1N 6.asset using Guid(53bc9df3fe26e4946a552b9deacdb3ec) Importer(815301076,1909f56bfc062723c751e8b465ee728b) (PreviewImporter) -> (artifact id: 'b6e917cd96b37a8faf206224354723d4') in 0.0012079 seconds
Number of updated asset objects reloaded before import = 0Number of asset objects unloaded after import = 1

========================================================================
Received Import Request.
  Time since last request: 0.453643 seconds.
  path: Assets/Dialogue/Bani/Day 2/Seq 1/BaniD2S1N 7.asset
  artifactKey: Guid(36ed5e83381ad3f4f9732c5798f6a03f) Importer(815301076,1909f56bfc062723c751e8b465ee728b)
Start importing Assets/Dialogue/Bani/Day 2/Seq 1/BaniD2S1N 7.asset using Guid(36ed5e83381ad3f4f9732c5798f6a03f) Importer(815301076,1909f56bfc062723c751e8b465ee728b) (PreviewImporter) -> (artifact id: '25d801fb32c0d1a558afce6af05d244d') in 0.0011718 seconds
Number of updated asset objects reloaded before import = 0Number of asset objects unloaded after import = 1

========================================================================
Received Import Request.
  Time since last request: 1.589884 seconds.
  path: Assets/Dialogue/Bani/Day 2/Seq 1/BaniD2S1N 4.asset
  artifactKey: Guid(f3ab1c64d0679ce49835b62046aa439d) Importer(2089858483,b0f066a214c2f5e87bad3c948f4d605d)
Start importing Assets/Dialogue/Bani/Day 2/Seq 1/BaniD2S1N 4.asset using Guid(f3ab1c64d0679ce49835b62046aa439d) Importer(2089858483,b0f066a214c2f5e87bad3c948f4d605d) (ScriptedImporter) -> (artifact id: '83d5c331aa94c0fcc1229f47037fcb70') in 0.0170152 seconds
Number of updated asset objects reloaded before import = 0Number of asset objects unloaded after import = 1

========================================================================
Received Import Request.
  Time since last request: 0.000019 seconds.
  path: Assets/Dialogue/Bani/Day 2/Seq 1/BaniD2S1N 8.asset
  artifactKey: Guid(a23da820542dc7249b78b8d86f7c1421) Importer(2089858483,b0f066a214c2f5e87bad3c948f4d605d)
Start importing Assets/Dialogue/Bani/Day 2/Seq 1/BaniD2S1N 8.asset using Guid(a23da820542dc7249b78b8d86f7c1421) Importer(2089858483,b0f066a214c2f5e87bad3c948f4d605d) (ScriptedImporter) -> (artifact id: '9a9a639cef5f3ba33d5922ca91e1c94b') in 0.018642 seconds
Number of updated asset objects reloaded before import = 0Number of asset objects unloaded after import = 1

========================================================================
Received Import Request.
  Time since last request: 0.000026 seconds.
  path: Assets/Dialogue/Bani/Day 2/Seq 1/BaniD2S1N 8.asset
  artifactKey: Guid(a23da820542dc7249b78b8d86f7c1421) Importer(815301076,1909f56bfc062723c751e8b465ee728b)
Start importing Assets/Dialogue/Bani/Day 2/Seq 1/BaniD2S1N 8.asset using Guid(a23da820542dc7249b78b8d86f7c1421) Importer(815301076,1909f56bfc062723c751e8b465ee728b) (PreviewImporter) -> (artifact id: '3832cb62bf71fdedc2b3d2781121c7e1') in 0.0030626 seconds
Number of updated asset objects reloaded before import = 0Number of asset objects unloaded after import = 1

Editor requested this worker to shutdown with reason: Scaling down because of idle timeout
AssetImportWorker is now disconnected from the server
Process exiting
Exiting without the bug reporter. Application will terminate with return code 0