[Licensing::Module] Trying to connect to existing licensing client channel...
Built from '6000.3/staging' branch; Version is '6000.3.16f1 (a56f230f6470) revision 10841891'; Using compiler version '194234433'; Build Type 'Release'
[Licensing::IpcConnector] Successfully connected to: "LicenseClient-User" at "2026-07-11T04:02:35.2560558Z"
OS: 'Windows 11  (10.0.26100) CoreSingleLanguage' Language: 'en' Physical Memory: 32108 MB
BatchMode: 1, IsHumanControllingUs: 0, StartBugReporterOnCrash: 0, Is64bit: 1
System  architecture: x64
Process architecture: x64
Date: 2026-07-11T04:02:35Z

COMMAND LINE ARGUMENTS:
C:\Program Files\Unity\Hub\Editor\6000.3.16f1\Editor\Unity.exe
-adb2
-batchMode
-noUpm
-name
AssetImportWorker2
-projectPath
D:/Unity Projects/Project 2/My project (2)
-logFile
Logs/AssetImportWorker2.log
-srvPort
59951
-licensingIpc
LicenseClient-User
-job-worker-count
7
-background-job-worker-count
8
-gc-helper-count
1
-name
AssetImport
Successfully changed project path to: D:/Unity Projects/Project 2/My project (2)
D:/Unity Projects/Project 2/My project (2)
[UnityMemory] Configuration Parameters - Can be set up in boot.config
    "memorysetup-temp-allocator-size-nav-mesh-worker=65536"
    "memorysetup-temp-allocator-size-audio-worker=65536"
    "memorysetup-temp-allocator-size-gfx=262144"
    "memorysetup-allocator-temp-initial-block-size-main=262144"
    "memorysetup-allocator-temp-initial-block-size-worker=262144"
    "memorysetup-temp-allocator-size-background-worker=32768"
    "memorysetup-temp-allocator-size-job-worker=262144"
    "memorysetup-temp-allocator-size-preload-manager=33554432"
    "memorysetup-temp-allocator-size-gi-baking-worker=262144"
    "memorysetup-temp-allocator-size-gi-baking-worker=262144"
    "memorysetup-temp-allocator-size-gi-baking-worker=262144"
    "memorysetup-temp-allocator-size-gi-baking-worker=262144"
    "memorysetup-temp-allocator-size-gi-baking-worker=262144"
    "memorysetup-bucket-allocator-granularity=16"
    "memorysetup-bucket-allocator-bucket-count=8"
    "memorysetup-bucket-allocator-block-size=33554432"
    "memorysetup-bucket-allocator-block-count=8"
    "memorysetup-main-allocator-block-size=16777216"
    "memorysetup-thread-allocator-block-size=16777216"
    "memorysetup-gfx-main-allocator-block-size=16777216"
    "memorysetup-gfx-thread-allocator-block-size=16777216"
    "memorysetup-cache-allocator-block-size=4194304"
    "memorysetup-typetree-allocator-block-size=2097152"
    "memorysetup-profiler-bucket-allocator-granularity=16"
    "memorysetup-profiler-bucket-allocator-bucket-count=8"
    "memorysetup-profiler-bucket-allocator-block-size=33554432"
    "memorysetup-profiler-bucket-allocator-block-count=8"
    "memorysetup-profiler-allocator-block-size=16777216"
    "memorysetup-profiler-editor-allocator-block-size=1048576"
    "memorysetup-temp-allocator-size-main=16777216"
    "memorysetup-job-temp-allocator-block-size=2097152"
    "memorysetup-job-temp-allocator-block-size-background=1048576"
    "memorysetup-job-temp-allocator-reduction-small-platforms=262144"
    "memorysetup-temp-allocator-size-cloud-worker=32768"
Player connection [3624]  Target information:

Player connection [3624]  * "[IP] 192.168.1.97 [Port] 0 [Flags] 2 [Guid] 3532929636 [EditorId] 3532929636 [Version] 1048832 [Id] WindowsEditor(7,DESKTOP-OVH4FSK) [Debug] 1 [PackageName] WindowsEditor [ProjectName] Editor" 

Player connection [3624] Host joined multi-casting on [225.0.0.222:54997]...
Player connection [3624] Host joined alternative multi-casting on [225.0.0.222:34997]...
JobSystem: Creating JobQueue using job-worker-count value 7
Input System module state changed to: Initialized.
[Physics::Module] Initialized fallback backend.
[Physics::Module] Id: 0xdecafbad
Library Redirect Path: Library/
[Physics::Module] Selected backend.
[Physics::Module] Name: PhysX
[Physics::Module] Id: 0xf2b8ea05
[Physics::Module] SDK Version: 4.1.2
[Physics::Module] Integration Version: 1.0.0
[Physics::Module] Threading Mode: Multi-Threaded
Refreshing native plugins compatible for Editor in 404.34 ms, found 5 plugins.
Preloading 0 native plugins for Editor in 0.00 ms.
Initialize engine version: 6000.3.16f1 (a56f230f6470)
[Subsystems] Discovering subsystems at path C:/Program Files/Unity/Hub/Editor/6000.3.16f1/Editor/Data/Resources/UnitySubsystems
[Subsystems] Discovering subsystems at path D:/Unity Projects/Project 2/My project (2)/Assets
GfxDevice: creating device client; kGfxThreadingModeNonThreaded
d3d12: failed to query info queue interface (0x80004002).
Direct3D:
    Version:         Direct3D 12 [level 12.2]
    Renderer:        NVIDIA GeForce RTX 3060 Laptop GPU (ID=0x2520)
    Vendor:          NVIDIA
    VRAM:            5996 MB
    App VRAM Budget: 5228 MB
    Driver:          32.0.15.8088
[Licensing::Client] Error: HandshakeResponse reported an error:
	ResponseCode: 505
	ResponseStatus: Unsupported protocol version '1.18.1'.
[Licensing::Module] Error: Failed to handshake to channel: "LicenseClient-User"
[Licensing::IpcConnector] LicenseClient-User channel disconnected successfully.
[Licensing::IpcConnector] Successfully connected to: "LicenseClient-User-6000.3.16" at "2026-07-11T04:02:36.7140385Z"
[Licensing::Client] Code 10 while verifying Licensing Client signature (process Id: 9556, path: "C:/Program Files/Unity/Hub/Editor/6000.3.16f1/Editor/Data/Resources/Licensing/Client/Unity.Licensing.Client.exe")
[Licensing::Module] LicensingClient has failed validation; ignoring
[Licensing::Client] Handshaking with LicensingClient:
  Version:                 1.18.1+9fbee8e
  Session Id:              3b7e024e021942afb000646225932aa0
  Correlation Id:          8580749b00aaadbc8faf66f863bcfbf6
  External correlation Id: 2120944944223802979
  Machine Id:              NKcRUsz1GwU4Q4WJtDcG2fyxkZM=
[Licensing::Module] Successfully connected to LicensingClient on channel: "LicenseClient-User-6000.3.16" (connect: 0.00s, validation: 0.00s, handshake: 0.04s)
[Licensing::IpcConnector] Successfully connected to: "LicenseClient-User-6000.3.16-notifications" at "2026-07-11T04:02:36.7574992Z"
[Licensing::Module] Licensing Background thread has ended after 1.50s
Initialize mono
Mono path[0] = 'C:/Program Files/Unity/Hub/Editor/6000.3.16f1/Editor/Data/Managed'
Mono path[1] = 'C:/Program Files/Unity/Hub/Editor/6000.3.16f1/Editor/Data/MonoBleedingEdge/lib/mono/unityjit-win32'
Mono config path = 'C:/Program Files/Unity/Hub/Editor/6000.3.16f1/Editor/Data/MonoBleedingEdge/etc'
Using monoOptions --debugger-agent=transport=dt_socket,embedding=1,server=y,suspend=n,address=127.0.0.1:56520
Begin MonoManager ReloadAssembly
Registering precompiled unity dll's ...
Register platform support module: C:/Program Files/Unity/Hub/Editor/6000.3.16f1/Editor/Data/PlaybackEngines/WindowsStandaloneSupport/UnityEditor.WindowsStandalone.Extensions.dll
Registered in 0.058047 seconds.
- Loaded All Assemblies, in  2.272 seconds
Native extension for WindowsStandalone target not found
Package Manager log level set to [2]
[Package Manager] Failed to launch server process. Reason: Unity was launched with the -noUpm command-line argument
[Package Manager] Unable to send message (not connected to server process).
[Package Manager] Cannot connect to Unity Package Manager local server
ScheduleIndexationOnStartup MainProcess:False IndexOnStartup:True
Mono: successfully reloaded assembly
- Finished resetting the current domain, in  0.425 seconds
Domain Reload Profiling: 2693ms
	BeginReloadAssembly (157ms)
		ExecutionOrderSort (0ms)
		DisableScriptedObjects (0ms)
		BackupInstance (0ms)
		ReleaseScriptingObjects (0ms)
		CreateAndSetChildDomain (1ms)
	RebuildCommonClasses (249ms)
	RebuildNativeTypeToScriptingClass (13ms)
	initialDomainReloadingComplete (1069ms)
	LoadAllAssembliesAndSetupDomain (779ms)
		LoadAssemblies (152ms)
		RebuildTransferFunctionScriptingTraits (0ms)
		AnalyzeDomain (776ms)
			TypeCache.Refresh (774ms)
				TypeCache.ScanAssembly (531ms)
			BuildScriptInfoCaches (0ms)
			ResolveRequiredComponents (0ms)
	FinalizeReload (425ms)
		ReleaseScriptCaches (0ms)
		RebuildScriptCaches (0ms)
		SetupLoadedEditorAssemblies (375ms)
			LogAssemblyErrors (0ms)
			InitializePlatformSupportModulesInManaged (53ms)
			SetLoadedEditorAssemblies (4ms)
			BeforeProcessingInitializeOnLoad (87ms)
			ProcessInitializeOnLoadAttributes (152ms)
			ProcessInitializeOnLoadMethodAttributes (79ms)
			AfterProcessingInitializeOnLoad (0ms)
			EditorAssembliesLoaded (0ms)
		ExecutionOrderSort2 (0ms)
		AwakeInstancesAfterBackupRestoration (0ms)
========================================================================
Worker process is ready to serve import requests
Import Worker Mode flag is 0x00
Begin MonoManager ReloadAssembly
[Licensing::Client] Successfully resolved entitlement details
[Licensing::Module] License group:
  Id: 3574399251830-UnityPersXXXX
  Product: Unity Personal
  Type: Assigned
  Expiration: Unlimited
- Loaded All Assemblies, in  0.963 seconds
Refreshing native plugins compatible for Editor in 1.91 ms, found 5 plugins.
Native extension for WindowsStandalone target not found
[Package Manager] Failed to launch server process. Reason: Unity was launched with the -noUpm command-line argument
[Package Manager] Unable to send message (not connected to server process).
[Package Manager] Cannot connect to Unity Package Manager local server
Refreshing native plugins compatible for Editor in 2.69 ms, found 5 plugins.
[Package Manager] Failed to launch server process. Reason: Unity was launched with the -noUpm command-line argument
[Package Manager] Unable to send message (not connected to server process).
[Package Manager] Cannot connect to Unity Package Manager local server
ScheduleIndexationOnStartup MainProcess:False IndexOnStartup:True
Mono: successfully reloaded assembly
- Finished resetting the current domain, in  0.993 seconds
Domain Reload Profiling: 1951ms
	BeginReloadAssembly (206ms)
		ExecutionOrderSort (0ms)
		DisableScriptedObjects (6ms)
		BackupInstance (0ms)
		ReleaseScriptingObjects (0ms)
		CreateAndSetChildDomain (32ms)
	RebuildCommonClasses (42ms)
	RebuildNativeTypeToScriptingClass (15ms)
	initialDomainReloadingComplete (52ms)
	LoadAllAssembliesAndSetupDomain (643ms)
		LoadAssemblies (419ms)
		RebuildTransferFunctionScriptingTraits (0ms)
		AnalyzeDomain (339ms)
			TypeCache.Refresh (235ms)
				TypeCache.ScanAssembly (217ms)
			BuildScriptInfoCaches (85ms)
			ResolveRequiredComponents (15ms)
	FinalizeReload (993ms)
		ReleaseScriptCaches (0ms)
		RebuildScriptCaches (0ms)
		SetupLoadedEditorAssemblies (817ms)
			LogAssemblyErrors (0ms)
			InitializePlatformSupportModulesInManaged (2ms)
			SetLoadedEditorAssemblies (6ms)
			BeforeProcessingInitializeOnLoad (187ms)
			ProcessInitializeOnLoadAttributes (459ms)
			ProcessInitializeOnLoadMethodAttributes (153ms)
			AfterProcessingInitializeOnLoad (11ms)
			EditorAssembliesLoaded (0ms)
		ExecutionOrderSort2 (0ms)
		AwakeInstancesAfterBackupRestoration (7ms)
Launched and connected shader compiler UnityShaderCompiler.exe after 0.02 seconds
Refreshing native plugins compatible for Editor in 2.13 ms, found 5 plugins.
Preloading 0 native plugins for Editor in 0.00 ms.
Unloading 16 Unused Serialized files (Serialized files now loaded: 0)
Unloading 7224 unused Assets / (5.0 MB). Loaded Objects now: 8052.
Memory consumption went from 160.1 MB to 155.0 MB.
Total: 10.273400 ms (FindLiveObjects: 0.807400 ms CreateObjectMapping: 0.599800 ms MarkObjects: 6.266300 ms  DeleteObjects: 2.598900 ms)

========================================================================
Received Import Request.
  Time since last request: 117055.876108 seconds.
  path: Assets/Dialogue/Otter/Day1/Sequence2
  artifactKey: Guid(f924cfcaada434240ab525205dbd0ede) Importer(815301076,1909f56bfc062723c751e8b465ee728b)
Start importing Assets/Dialogue/Otter/Day1/Sequence2 using Guid(f924cfcaada434240ab525205dbd0ede) Importer(815301076,1909f56bfc062723c751e8b465ee728b) (PreviewImporter) -> (artifact id: 'c67c82e110b87b672548a85ce3ffbabd') in 0.0082124 seconds
Number of updated asset objects reloaded before import = 0Number of asset objects unloaded after import = 0

========================================================================
Received Import Request.
  Time since last request: 0.920339 seconds.
  path: Assets/Dialogue/Otter/Day1/Sequence2
  artifactKey: Guid(f924cfcaada434240ab525205dbd0ede) Importer(2089858483,b0f066a214c2f5e87bad3c948f4d605d)
Start importing Assets/Dialogue/Otter/Day1/Sequence2 using Guid(f924cfcaada434240ab525205dbd0ede) Importer(2089858483,b0f066a214c2f5e87bad3c948f4d605d) (ScriptedImporter) -> (artifact id: '206cf87fb8808120c2a1cae8b11de799') in 0.0455913 seconds
Number of updated asset objects reloaded before import = 0Number of asset objects unloaded after import = 1

========================================================================
Received Import Request.
  Time since last request: 7.188394 seconds.
  path: Assets/Dialogue/Otter/Day1/Sequence1/OtterD1N3B.asset
  artifactKey: Guid(32ecaa154092a964dbd3e16760ef634f) Importer(2089858483,b0f066a214c2f5e87bad3c948f4d605d)
Start importing Assets/Dialogue/Otter/Day1/Sequence1/OtterD1N3B.asset using Guid(32ecaa154092a964dbd3e16760ef634f) Importer(2089858483,b0f066a214c2f5e87bad3c948f4d605d) (ScriptedImporter) -> (artifact id: '41b42c4bb0a4ef69b7ec10e08859d885') in 0.070782 seconds
Number of updated asset objects reloaded before import = 0Number of asset objects unloaded after import = 3

========================================================================
Received Import Request.
  Time since last request: 12.365919 seconds.
  path: Assets/Prefabs/NPCPrefabs/NPC_Otter.prefab
  artifactKey: Guid(dd7e6b47f686dfc46b51a14f233375fb) Importer(815301076,1909f56bfc062723c751e8b465ee728b)
Start importing Assets/Prefabs/NPCPrefabs/NPC_Otter.prefab using Guid(dd7e6b47f686dfc46b51a14f233375fb) Importer(815301076,1909f56bfc062723c751e8b465ee728b) (PreviewImporter) -> (artifact id: 'ade9e4377fc0ad8723cc062f7bedb4be') in 0.4555566 seconds
Number of updated asset objects reloaded before import = 0Number of asset objects unloaded after import = 24

========================================================================
Received Import Request.
  Time since last request: 28.048218 seconds.
  path: Assets/Prefabs/NPCPrefabs/NPC_Otter.prefab
  artifactKey: Guid(dd7e6b47f686dfc46b51a14f233375fb) Importer(2089858483,b0f066a214c2f5e87bad3c948f4d605d)
Start importing Assets/Prefabs/NPCPrefabs/NPC_Otter.prefab using Guid(dd7e6b47f686dfc46b51a14f233375fb) Importer(2089858483,b0f066a214c2f5e87bad3c948f4d605d) (ScriptedImporter) -> (artifact id: '0badac158b959b47928864052ecedc4f') in 0.0565084 seconds
Number of updated asset objects reloaded before import = 0Number of asset objects unloaded after import = 21

========================================================================
Received Import Request.
  Time since last request: 12.208585 seconds.
  path: Assets/Prefabs/NPCPrefabs/NPC_Otter.prefab
  artifactKey: Guid(dd7e6b47f686dfc46b51a14f233375fb) Importer(2089858483,b0f066a214c2f5e87bad3c948f4d605d)
Start importing Assets/Prefabs/NPCPrefabs/NPC_Otter.prefab using Guid(dd7e6b47f686dfc46b51a14f233375fb) Importer(2089858483,b0f066a214c2f5e87bad3c948f4d605d) (ScriptedImporter) -> (artifact id: 'ad6c34045ddfbd77efb115a0dbf59e5b') in 0.0297349 seconds
Number of updated asset objects reloaded before import = 0Number of asset objects unloaded after import = 30

========================================================================
Received Import Request.
  Time since last request: 46.384579 seconds.
  path: Assets/Dialogue/Otter/Day1/Sequence2/S1N1.asset
  artifactKey: Guid(d0f9557c4f682c247aad2a1f738483d3) Importer(815301076,1909f56bfc062723c751e8b465ee728b)
Start importing Assets/Dialogue/Otter/Day1/Sequence2/S1N1.asset using Guid(d0f9557c4f682c247aad2a1f738483d3) Importer(815301076,1909f56bfc062723c751e8b465ee728b) (PreviewImporter) -> (artifact id: '67a15b88cb8f11f23b7da344baa3ffab') in 0.0012317 seconds
Number of updated asset objects reloaded before import = 0Number of asset objects unloaded after import = 1

========================================================================
Received Import Request.
  Time since last request: 0.948675 seconds.
  path: Assets/Dialogue/Otter/Day1/Sequence2/S1N1.asset
  artifactKey: Guid(d0f9557c4f682c247aad2a1f738483d3) Importer(2089858483,b0f066a214c2f5e87bad3c948f4d605d)
Start importing Assets/Dialogue/Otter/Day1/Sequence2/S1N1.asset using Guid(d0f9557c4f682c247aad2a1f738483d3) Importer(2089858483,b0f066a214c2f5e87bad3c948f4d605d) (ScriptedImporter) -> (artifact id: 'a48d3edb450be2d3e7375082f824d093') in 0.0158667 seconds
Number of updated asset objects reloaded before import = 0Number of asset objects unloaded after import = 1

========================================================================
Received Import Request.
  Time since last request: 9.161630 seconds.
  path: Assets/Dialogue/Otter/Day1/Sequence2/OtterS2N1.asset
  artifactKey: Guid(d0f9557c4f682c247aad2a1f738483d3) Importer(815301076,1909f56bfc062723c751e8b465ee728b)
Start importing Assets/Dialogue/Otter/Day1/Sequence2/OtterS2N1.asset using Guid(d0f9557c4f682c247aad2a1f738483d3) Importer(815301076,1909f56bfc062723c751e8b465ee728b) (PreviewImporter) -> (artifact id: '109ea8aec07c3d511a675c27cf4786c5') in 0.0010267 seconds
Number of updated asset objects reloaded before import = 0Number of asset objects unloaded after import = 1

========================================================================
Received Import Request.
  Time since last request: 0.932730 seconds.
  path: Assets/Dialogue/Otter/Day1/Sequence2/OtterS2N1.asset
  artifactKey: Guid(d0f9557c4f682c247aad2a1f738483d3) Importer(2089858483,b0f066a214c2f5e87bad3c948f4d605d)
Start importing Assets/Dialogue/Otter/Day1/Sequence2/OtterS2N1.asset using Guid(d0f9557c4f682c247aad2a1f738483d3) Importer(2089858483,b0f066a214c2f5e87bad3c948f4d605d) (ScriptedImporter) -> (artifact id: 'd0b64baa7bd3bbe77390b52cf3c01a41') in 0.0134373 seconds
Number of updated asset objects reloaded before import = 0Number of asset objects unloaded after import = 1

========================================================================
Received Import Request.
  Time since last request: 9.927720 seconds.
  path: Assets/Dialogue/Otter/Day1/Sequence2/OtterD1S2N1.asset
  artifactKey: Guid(d0f9557c4f682c247aad2a1f738483d3) Importer(815301076,1909f56bfc062723c751e8b465ee728b)
Start importing Assets/Dialogue/Otter/Day1/Sequence2/OtterD1S2N1.asset using Guid(d0f9557c4f682c247aad2a1f738483d3) Importer(815301076,1909f56bfc062723c751e8b465ee728b) (PreviewImporter) -> (artifact id: 'c1a385e04424cbbc4ab6ea69c41e4e6f') in 0.0010948 seconds
Number of updated asset objects reloaded before import = 0Number of asset objects unloaded after import = 1

========================================================================
Received Import Request.
  Time since last request: 0.944744 seconds.
  path: Assets/Dialogue/Otter/Day1/Sequence2/OtterD1S2N1.asset
  artifactKey: Guid(d0f9557c4f682c247aad2a1f738483d3) Importer(2089858483,b0f066a214c2f5e87bad3c948f4d605d)
Start importing Assets/Dialogue/Otter/Day1/Sequence2/OtterD1S2N1.asset using Guid(d0f9557c4f682c247aad2a1f738483d3) Importer(2089858483,b0f066a214c2f5e87bad3c948f4d605d) (ScriptedImporter) -> (artifact id: '92da999d4efce75f31283257e6b0d0c4') in 0.0113859 seconds
Number of updated asset objects reloaded before import = 0Number of asset objects unloaded after import = 1

========================================================================
Received Import Request.
  Time since last request: 1057.838592 seconds.
  path: Assets/Sprites/NPC's/Jit3.png
  artifactKey: Guid(ae99533926a2f564b9b0a45626b689dd) Importer(815301076,1909f56bfc062723c751e8b465ee728b)
Start importing Assets/Sprites/NPC's/Jit3.png using Guid(ae99533926a2f564b9b0a45626b689dd) Importer(815301076,1909f56bfc062723c751e8b465ee728b) (PreviewImporter) -> (artifact id: 'bb08fd7c629f5299483952010a6b42c0') in 0.0508354 seconds
Number of updated asset objects reloaded before import = 0Number of asset objects unloaded after import = 3

========================================================================
Received Import Request.
  Time since last request: 0.920777 seconds.
  path: Assets/Sprites/NPC's/Jit3.png
  artifactKey: Guid(ae99533926a2f564b9b0a45626b689dd) Importer(2089858483,b0f066a214c2f5e87bad3c948f4d605d)
Start importing Assets/Sprites/NPC's/Jit3.png using Guid(ae99533926a2f564b9b0a45626b689dd) Importer(2089858483,b0f066a214c2f5e87bad3c948f4d605d) (ScriptedImporter) -> (artifact id: '312c645c3eae431f4aa4647a08a2a212') in 0.0607155 seconds
Number of updated asset objects reloaded before import = 0Number of asset objects unloaded after import = 3

========================================================================
Received Import Request.
  Time since last request: 62.021776 seconds.
  path: Assets/Prefabs/NPCPrefabs/NPC_Otter.prefab
  artifactKey: Guid(dd7e6b47f686dfc46b51a14f233375fb) Importer(815301076,1909f56bfc062723c751e8b465ee728b)
Start importing Assets/Prefabs/NPCPrefabs/NPC_Otter.prefab using Guid(dd7e6b47f686dfc46b51a14f233375fb) Importer(815301076,1909f56bfc062723c751e8b465ee728b) (PreviewImporter) -> (artifact id: '449ac09d55ad9cefaa35d3f381e4d65d') in 0.1443831 seconds
Number of updated asset objects reloaded before import = 0Number of asset objects unloaded after import = 35

========================================================================
Received Import Request.
  Time since last request: 4.074341 seconds.
  path: Assets/Prefabs/NPCPrefabs/NPC_Otter 1.prefab
  artifactKey: Guid(7a9186cb69e28ba4698b2561190b9361) Importer(815301076,1909f56bfc062723c751e8b465ee728b)
Start importing Assets/Prefabs/NPCPrefabs/NPC_Otter 1.prefab using Guid(7a9186cb69e28ba4698b2561190b9361) Importer(815301076,1909f56bfc062723c751e8b465ee728b) (PreviewImporter) -> (artifact id: 'f01f87393bef83ca6d3326773c08f40a') in 0.0448229 seconds
Number of updated asset objects reloaded before import = 0Number of asset objects unloaded after import = 35

========================================================================
Received Import Request.
  Time since last request: 0.869673 seconds.
  path: Assets/Dialogue/Otter/Day1/Sequence1/OtterD1N3A.asset
  artifactKey: Guid(d05471d946a261e48b7572acca0576ce) Importer(2089858483,b0f066a214c2f5e87bad3c948f4d605d)
Start importing Assets/Dialogue/Otter/Day1/Sequence1/OtterD1N3A.asset using Guid(d05471d946a261e48b7572acca0576ce) Importer(2089858483,b0f066a214c2f5e87bad3c948f4d605d) (ScriptedImporter) -> (artifact id: 'b4440770a09f4c4aadb8efb72c61b9f9') in 0.0131425 seconds
Number of updated asset objects reloaded before import = 0Number of asset objects unloaded after import = 3

========================================================================
Received Import Request.
  Time since last request: 0.000022 seconds.
  path: Assets/Prefabs/NPCPrefabs/NPC_Otter 1.prefab
  artifactKey: Guid(7a9186cb69e28ba4698b2561190b9361) Importer(2089858483,b0f066a214c2f5e87bad3c948f4d605d)
Start importing Assets/Prefabs/NPCPrefabs/NPC_Otter 1.prefab using Guid(7a9186cb69e28ba4698b2561190b9361) Importer(2089858483,b0f066a214c2f5e87bad3c948f4d605d) (ScriptedImporter) -> (artifact id: 'be5560198d4b0c60c35b142a19e91118') in 0.0332845 seconds
Number of updated asset objects reloaded before import = 0Number of asset objects unloaded after import = 30

========================================================================
Received Import Request.
  Time since last request: 9.372628 seconds.
  path: Assets/Prefabs/NPCPrefabs/NPC_Mechanic.prefab
  artifactKey: Guid(7a9186cb69e28ba4698b2561190b9361) Importer(815301076,1909f56bfc062723c751e8b465ee728b)
Start importing Assets/Prefabs/NPCPrefabs/NPC_Mechanic.prefab using Guid(7a9186cb69e28ba4698b2561190b9361) Importer(815301076,1909f56bfc062723c751e8b465ee728b) (PreviewImporter) -> (artifact id: 'a4dddb9043b3402954900c6a5a0a4144') in 0.0273542 seconds
Number of updated asset objects reloaded before import = 0Number of asset objects unloaded after import = 35

========================================================================
Received Import Request.
  Time since last request: 0.869377 seconds.
  path: Assets/Prefabs/NPCPrefabs/NPC_Mechanic.prefab
  artifactKey: Guid(7a9186cb69e28ba4698b2561190b9361) Importer(2089858483,b0f066a214c2f5e87bad3c948f4d605d)
Start importing Assets/Prefabs/NPCPrefabs/NPC_Mechanic.prefab using Guid(7a9186cb69e28ba4698b2561190b9361) Importer(2089858483,b0f066a214c2f5e87bad3c948f4d605d) (ScriptedImporter) -> (artifact id: 'e03389265842963875518dc3844bb726') in 0.0291212 seconds
Number of updated asset objects reloaded before import = 0Number of asset objects unloaded after import = 30

========================================================================
Received Import Request.
  Time since last request: 4.446287 seconds.
  path: Assets/Dialogue/Otter/Day1/Sequence1/OtterD1N3A.asset
  artifactKey: Guid(d05471d946a261e48b7572acca0576ce) Importer(815301076,1909f56bfc062723c751e8b465ee728b)
Start importing Assets/Dialogue/Otter/Day1/Sequence1/OtterD1N3A.asset using Guid(d05471d946a261e48b7572acca0576ce) Importer(815301076,1909f56bfc062723c751e8b465ee728b) (PreviewImporter) -> (artifact id: '552e3ba8778269864aaa6d2c0c7fd742') in 0.0015124 seconds
Number of updated asset objects reloaded before import = 0Number of asset objects unloaded after import = 3

========================================================================
Received Import Request.
  Time since last request: 5.466524 seconds.
  path: Assets/Prefabs/NPCPrefabs/NPC_Mechanic.prefab
  artifactKey: Guid(7a9186cb69e28ba4698b2561190b9361) Importer(2089858483,b0f066a214c2f5e87bad3c948f4d605d)
Start importing Assets/Prefabs/NPCPrefabs/NPC_Mechanic.prefab using Guid(7a9186cb69e28ba4698b2561190b9361) Importer(2089858483,b0f066a214c2f5e87bad3c948f4d605d) (ScriptedImporter) -> (artifact id: '20a03590d4094b0e7cb9f0c04f9903fd') in 0.0274232 seconds
Number of updated asset objects reloaded before import = 0Number of asset objects unloaded after import = 21

========================================================================
Received Import Request.
  Time since last request: 10.605860 seconds.
  path: Assets/Prefabs/NPCPrefabs/NPC_Mechanic.prefab
  artifactKey: Guid(7a9186cb69e28ba4698b2561190b9361) Importer(2089858483,b0f066a214c2f5e87bad3c948f4d605d)
Start importing Assets/Prefabs/NPCPrefabs/NPC_Mechanic.prefab using Guid(7a9186cb69e28ba4698b2561190b9361) Importer(2089858483,b0f066a214c2f5e87bad3c948f4d605d) (ScriptedImporter) -> (artifact id: 'b1efae1bdb6287f836d95715a543bd7c') in 0.0254589 seconds
Number of updated asset objects reloaded before import = 0Number of asset objects unloaded after import = 21

========================================================================
Received Import Request.
  Time since last request: 24.074006 seconds.
  path: Assets/Prefabs/NPCPrefabs/NPC_Mechanic.prefab
  artifactKey: Guid(7a9186cb69e28ba4698b2561190b9361) Importer(2089858483,b0f066a214c2f5e87bad3c948f4d605d)
Start importing Assets/Prefabs/NPCPrefabs/NPC_Mechanic.prefab using Guid(7a9186cb69e28ba4698b2561190b9361) Importer(2089858483,b0f066a214c2f5e87bad3c948f4d605d) (ScriptedImporter) -> (artifact id: 'a99a87868095509e979763b4939587be') in 0.029831 seconds
Number of updated asset objects reloaded before import = 0Number of asset objects unloaded after import = 21

========================================================================
Received Import Request.
  Time since last request: 13.348322 seconds.
  path: Assets/Prefabs/NPCPrefabs/NPC_Mechanic.prefab
  artifactKey: Guid(7a9186cb69e28ba4698b2561190b9361) Importer(815301076,1909f56bfc062723c751e8b465ee728b)
Start importing Assets/Prefabs/NPCPrefabs/NPC_Mechanic.prefab using Guid(7a9186cb69e28ba4698b2561190b9361) Importer(815301076,1909f56bfc062723c751e8b465ee728b) (PreviewImporter) -> (artifact id: '889e356b97ce7212c414b44982de1354') in 0.0369983 seconds
Number of updated asset objects reloaded before import = 0Number of asset objects unloaded after import = 24

========================================================================
Received Import Request.
  Time since last request: 29.565008 seconds.
  path: Assets/Dialogue/Otter/Day1/Sequence2/OtterD1S2N1 1.asset
  artifactKey: Guid(c29a4116bc023e343a70c52694331239) Importer(815301076,1909f56bfc062723c751e8b465ee728b)
Start importing Assets/Dialogue/Otter/Day1/Sequence2/OtterD1S2N1 1.asset using Guid(c29a4116bc023e343a70c52694331239) Importer(815301076,1909f56bfc062723c751e8b465ee728b) (PreviewImporter) -> (artifact id: '073e24da614911308b1202621d7878be') in 0.0012196 seconds
Number of updated asset objects reloaded before import = 0Number of asset objects unloaded after import = 1

========================================================================
Received Import Request.
  Time since last request: 0.854806 seconds.
  path: Assets/Dialogue/Otter/Day1/Sequence2/OtterD1S2N1 1.asset
  artifactKey: Guid(c29a4116bc023e343a70c52694331239) Importer(2089858483,b0f066a214c2f5e87bad3c948f4d605d)
Start importing Assets/Dialogue/Otter/Day1/Sequence2/OtterD1S2N1 1.asset using Guid(c29a4116bc023e343a70c52694331239) Importer(2089858483,b0f066a214c2f5e87bad3c948f4d605d) (ScriptedImporter) -> (artifact id: '57f1b279ccca8d1c12c27703e9d91913') in 0.0130052 seconds
Number of updated asset objects reloaded before import = 0Number of asset objects unloaded after import = 1

========================================================================
Received Import Request.
  Time since last request: 6.354637 seconds.
  path: Assets/Dialogue/Otter/Day1/Sequence2/OtterD1S2N2.asset
  artifactKey: Guid(c29a4116bc023e343a70c52694331239) Importer(815301076,1909f56bfc062723c751e8b465ee728b)
Start importing Assets/Dialogue/Otter/Day1/Sequence2/OtterD1S2N2.asset using Guid(c29a4116bc023e343a70c52694331239) Importer(815301076,1909f56bfc062723c751e8b465ee728b) (PreviewImporter) -> (artifact id: 'ee0931c8e1828c37fa9ec43c3c34dce9') in 0.001322 seconds
Number of updated asset objects reloaded before import = 0Number of asset objects unloaded after import = 1

========================================================================
Received Import Request.
  Time since last request: 0.942797 seconds.
  path: Assets/Dialogue/Otter/Day1/Sequence2/OtterD1S2N2.asset
  artifactKey: Guid(c29a4116bc023e343a70c52694331239) Importer(2089858483,b0f066a214c2f5e87bad3c948f4d605d)
Start importing Assets/Dialogue/Otter/Day1/Sequence2/OtterD1S2N2.asset using Guid(c29a4116bc023e343a70c52694331239) Importer(2089858483,b0f066a214c2f5e87bad3c948f4d605d) (ScriptedImporter) -> (artifact id: '4fe1323260f430e9d7bfaabb0fbb4eb4') in 0.0116923 seconds
Number of updated asset objects reloaded before import = 0Number of asset objects unloaded after import = 1

========================================================================
Received Import Request.
  Time since last request: 74.423823 seconds.
  path: Assets/Dialogue/Otter/Day1/Sequence2/OtterD1S2N1.asset
  artifactKey: Guid(d0f9557c4f682c247aad2a1f738483d3) Importer(815301076,1909f56bfc062723c751e8b465ee728b)
Start importing Assets/Dialogue/Otter/Day1/Sequence2/OtterD1S2N1.asset using Guid(d0f9557c4f682c247aad2a1f738483d3) Importer(815301076,1909f56bfc062723c751e8b465ee728b) (PreviewImporter) -> (artifact id: 'cc26dbbda078f742527961c30988bb21') in 0.0013668 seconds
Number of updated asset objects reloaded before import = 0Number of asset objects unloaded after import = 2

========================================================================
Received Import Request.
  Time since last request: 0.908055 seconds.
  path: Assets/Dialogue/Otter/Day1/Sequence2/OtterD1S2N2.asset
  artifactKey: Guid(c29a4116bc023e343a70c52694331239) Importer(2089858483,b0f066a214c2f5e87bad3c948f4d605d)
Start importing Assets/Dialogue/Otter/Day1/Sequence2/OtterD1S2N2.asset using Guid(c29a4116bc023e343a70c52694331239) Importer(2089858483,b0f066a214c2f5e87bad3c948f4d605d) (ScriptedImporter) -> (artifact id: 'c94ff6ea80b2b96db854edacf72f1f7b') in 0.013758 seconds
Number of updated asset objects reloaded before import = 0Number of asset objects unloaded after import = 1

========================================================================
Received Import Request.
  Time since last request: 30.179212 seconds.
  path: Assets/Dialogue/Mechanic
  artifactKey: Guid(196ee9bcfd0a30a4a81b44590ed02921) Importer(815301076,1909f56bfc062723c751e8b465ee728b)
Start importing Assets/Dialogue/Mechanic using Guid(196ee9bcfd0a30a4a81b44590ed02921) Importer(815301076,1909f56bfc062723c751e8b465ee728b) (PreviewImporter) -> (artifact id: '545f7f854a8e9d889d781282bc2a744f') in 0.0005254 seconds
Number of updated asset objects reloaded before import = 0Number of asset objects unloaded after import = 0

========================================================================
Received Import Request.
  Time since last request: 0.912142 seconds.
  path: Assets/Dialogue/Mechanic
  artifactKey: Guid(196ee9bcfd0a30a4a81b44590ed02921) Importer(2089858483,b0f066a214c2f5e87bad3c948f4d605d)
Start importing Assets/Dialogue/Mechanic using Guid(196ee9bcfd0a30a4a81b44590ed02921) Importer(2089858483,b0f066a214c2f5e87bad3c948f4d605d) (ScriptedImporter) -> (artifact id: '1efb5171d33ddbc0a18e7d07c28cc972') in 0.0130694 seconds
Number of updated asset objects reloaded before import = 0Number of asset objects unloaded after import = 1

========================================================================
Received Import Request.
  Time since last request: 13.748278 seconds.
  path: Assets/Dialogue/Mechanic/Day 1
  artifactKey: Guid(610ff80535191ea4cbeb9f0659bc4078) Importer(815301076,1909f56bfc062723c751e8b465ee728b)
Start importing Assets/Dialogue/Mechanic/Day 1 using Guid(610ff80535191ea4cbeb9f0659bc4078) Importer(815301076,1909f56bfc062723c751e8b465ee728b) (PreviewImporter) -> (artifact id: '72eefe491bc7129bc0fedb546ae226c9') in 0.0005712 seconds
Number of updated asset objects reloaded before import = 0Number of asset objects unloaded after import = 0

========================================================================
Received Import Request.
  Time since last request: 0.927334 seconds.
  path: Assets/Dialogue/Mechanic/Day 1
  artifactKey: Guid(610ff80535191ea4cbeb9f0659bc4078) Importer(2089858483,b0f066a214c2f5e87bad3c948f4d605d)
Start importing Assets/Dialogue/Mechanic/Day 1 using Guid(610ff80535191ea4cbeb9f0659bc4078) Importer(2089858483,b0f066a214c2f5e87bad3c948f4d605d) (ScriptedImporter) -> (artifact id: '66b857de8d483a8f3e7ecc8fc226ef48') in 0.0111991 seconds
Number of updated asset objects reloaded before import = 0Number of asset objects unloaded after import = 1

========================================================================
Received Import Request.
  Time since last request: 15.151931 seconds.
  path: Assets/Dialogue/Mechanic/Day 1/Sequence1
  artifactKey: Guid(dab2c69b90d74af4fa3e692bd92b3931) Importer(815301076,1909f56bfc062723c751e8b465ee728b)
Start importing Assets/Dialogue/Mechanic/Day 1/Sequence1 using Guid(dab2c69b90d74af4fa3e692bd92b3931) Importer(815301076,1909f56bfc062723c751e8b465ee728b) (PreviewImporter) -> (artifact id: 'db5ccb30cb08403505ee92609b979e1f') in 0.0005002 seconds
Number of updated asset objects reloaded before import = 0Number of asset objects unloaded after import = 0

========================================================================
Received Import Request.
  Time since last request: 0.832087 seconds.
  path: Assets/Dialogue/Mechanic/Day 1/Sequence1
  artifactKey: Guid(dab2c69b90d74af4fa3e692bd92b3931) Importer(2089858483,b0f066a214c2f5e87bad3c948f4d605d)
Start importing Assets/Dialogue/Mechanic/Day 1/Sequence1 using Guid(dab2c69b90d74af4fa3e692bd92b3931) Importer(2089858483,b0f066a214c2f5e87bad3c948f4d605d) (ScriptedImporter) -> (artifact id: '39c150160245c68184df42ccc4505819') in 0.0111855 seconds
Number of updated asset objects reloaded before import = 0Number of asset objects unloaded after import = 1

========================================================================
Received Import Request.
  Time since last request: 5.191471 seconds.
  path: Assets/Dialogue/Mechanic/Day 1/Sequence1 1
  artifactKey: Guid(2f3c177538192d44dba12680a1333826) Importer(815301076,1909f56bfc062723c751e8b465ee728b)
Start importing Assets/Dialogue/Mechanic/Day 1/Sequence1 1 using Guid(2f3c177538192d44dba12680a1333826) Importer(815301076,1909f56bfc062723c751e8b465ee728b) (PreviewImporter) -> (artifact id: '78ebf0e7ee0372b031927bf9c55fa48f') in 0.0005001 seconds
Number of updated asset objects reloaded before import = 0Number of asset objects unloaded after import = 0

========================================================================
Received Import Request.
  Time since last request: 2.401240 seconds.
  path: Assets/Dialogue/Mechanic/Day 1/Sequence1 1
  artifactKey: Guid(2f3c177538192d44dba12680a1333826) Importer(2089858483,b0f066a214c2f5e87bad3c948f4d605d)
Start importing Assets/Dialogue/Mechanic/Day 1/Sequence1 1 using Guid(2f3c177538192d44dba12680a1333826) Importer(2089858483,b0f066a214c2f5e87bad3c948f4d605d) (ScriptedImporter) -> (artifact id: 'fb1ef2c80821337ab01d15f3a6e51cee') in 0.0126976 seconds
Number of updated asset objects reloaded before import = 0Number of asset objects unloaded after import = 1

========================================================================
Received Import Request.
  Time since last request: 3.045558 seconds.
  path: Assets/Dialogue/Mechanic/Day 1/Sequence2
  artifactKey: Guid(2f3c177538192d44dba12680a1333826) Importer(815301076,1909f56bfc062723c751e8b465ee728b)
Start importing Assets/Dialogue/Mechanic/Day 1/Sequence2 using Guid(2f3c177538192d44dba12680a1333826) Importer(815301076,1909f56bfc062723c751e8b465ee728b) (PreviewImporter) -> (artifact id: '2f57d16a9bcd0a6bfba45bf236440b4a') in 0.0005116 seconds
Number of updated asset objects reloaded before import = 0Number of asset objects unloaded after import = 0

========================================================================
Received Import Request.
  Time since last request: 0.827096 seconds.
  path: Assets/Dialogue/Mechanic/Day 1/Sequence2
  artifactKey: Guid(2f3c177538192d44dba12680a1333826) Importer(2089858483,b0f066a214c2f5e87bad3c948f4d605d)
Start importing Assets/Dialogue/Mechanic/Day 1/Sequence2 using Guid(2f3c177538192d44dba12680a1333826) Importer(2089858483,b0f066a214c2f5e87bad3c948f4d605d) (ScriptedImporter) -> (artifact id: '8858080455105ded37b0fa4ac5edb784') in 0.0118362 seconds
Number of updated asset objects reloaded before import = 0Number of asset objects unloaded after import = 1

========================================================================
Received Import Request.
  Time since last request: 15.154257 seconds.
  path: Assets/Dialogue/Mechanic/Day 1/Sequence1/D1S1N1.asset
  artifactKey: Guid(07ff521ea1b54794eaeeb787ac6b6a3a) Importer(815301076,1909f56bfc062723c751e8b465ee728b)
Start importing Assets/Dialogue/Mechanic/Day 1/Sequence1/D1S1N1.asset using Guid(07ff521ea1b54794eaeeb787ac6b6a3a) Importer(815301076,1909f56bfc062723c751e8b465ee728b) (PreviewImporter) -> (artifact id: '32ce375cd9ad5abe57fc7c0064adb7b7') in 0.0011706 seconds
Number of updated asset objects reloaded before import = 0Number of asset objects unloaded after import = 1

========================================================================
Received Import Request.
  Time since last request: 0.950248 seconds.
  path: Assets/Dialogue/Mechanic/Day 1/Sequence1/D1S1N1.asset
  artifactKey: Guid(07ff521ea1b54794eaeeb787ac6b6a3a) Importer(2089858483,b0f066a214c2f5e87bad3c948f4d605d)
Start importing Assets/Dialogue/Mechanic/Day 1/Sequence1/D1S1N1.asset using Guid(07ff521ea1b54794eaeeb787ac6b6a3a) Importer(2089858483,b0f066a214c2f5e87bad3c948f4d605d) (ScriptedImporter) -> (artifact id: '9aa46b2e733140645cc5e86bae3446ad') in 0.015409 seconds
Number of updated asset objects reloaded before import = 0Number of asset objects unloaded after import = 1

========================================================================
Received Import Request.
  Time since last request: 9.529723 seconds.
  path: Assets/Dialogue/Mechanic/Day 1/Sequence1/MechanicD1S1N1.asset
  artifactKey: Guid(07ff521ea1b54794eaeeb787ac6b6a3a) Importer(815301076,1909f56bfc062723c751e8b465ee728b)
Start importing Assets/Dialogue/Mechanic/Day 1/Sequence1/MechanicD1S1N1.asset using Guid(07ff521ea1b54794eaeeb787ac6b6a3a) Importer(815301076,1909f56bfc062723c751e8b465ee728b) (PreviewImporter) -> (artifact id: '91d947b4775f772266bfe127c4ec7827') in 0.0011232 seconds
Number of updated asset objects reloaded before import = 0Number of asset objects unloaded after import = 1

========================================================================
Received Import Request.
  Time since last request: 0.772685 seconds.
  path: Assets/Dialogue/Mechanic/Day 1/Sequence1/MechanicD1S1N1.asset
  artifactKey: Guid(07ff521ea1b54794eaeeb787ac6b6a3a) Importer(2089858483,b0f066a214c2f5e87bad3c948f4d605d)
Start importing Assets/Dialogue/Mechanic/Day 1/Sequence1/MechanicD1S1N1.asset using Guid(07ff521ea1b54794eaeeb787ac6b6a3a) Importer(2089858483,b0f066a214c2f5e87bad3c948f4d605d) (ScriptedImporter) -> (artifact id: '9b99d0479d884f190f925179c989fc7e') in 0.0147333 seconds
Number of updated asset objects reloaded before import = 0Number of asset objects unloaded after import = 1

========================================================================
Received Import Request.
  Time since last request: 50.113618 seconds.
  path: Assets/Dialogue/Mechanic/Day 1/Sequence1/MechanicD1S1N1.asset
  artifactKey: Guid(07ff521ea1b54794eaeeb787ac6b6a3a) Importer(815301076,1909f56bfc062723c751e8b465ee728b)
Start importing Assets/Dialogue/Mechanic/Day 1/Sequence1/MechanicD1S1N1.asset using Guid(07ff521ea1b54794eaeeb787ac6b6a3a) Importer(815301076,1909f56bfc062723c751e8b465ee728b) (PreviewImporter) -> (artifact id: '335dc74aceb3aeaa15b0149e97bfd433') in 0.0015523 seconds
Number of updated asset objects reloaded before import = 0Number of asset objects unloaded after import = 1

========================================================================
Received Import Request.
  Time since last request: 3.225139 seconds.
  path: Assets/Dialogue/Mechanic/Day 1/Sequence1/MechanicD1S1N1.asset
  artifactKey: Guid(07ff521ea1b54794eaeeb787ac6b6a3a) Importer(2089858483,b0f066a214c2f5e87bad3c948f4d605d)
Start importing Assets/Dialogue/Mechanic/Day 1/Sequence1/MechanicD1S1N1.asset using Guid(07ff521ea1b54794eaeeb787ac6b6a3a) Importer(2089858483,b0f066a214c2f5e87bad3c948f4d605d) (ScriptedImporter) -> (artifact id: '1a6843a3c2a17e9a3a3c9c9aad7ad02e') in 0.3104669 seconds
Number of updated asset objects reloaded before import = 0Number of asset objects unloaded after import = 1

========================================================================
Received Import Request.
  Time since last request: 2.327750 seconds.
  path: Assets/Dialogue/Mechanic/Day 1/Sequence1/MechanicD1S1N2.asset
  artifactKey: Guid(0aeff47e973664b439cd643572f6cf0b) Importer(815301076,1909f56bfc062723c751e8b465ee728b)
Start importing Assets/Dialogue/Mechanic/Day 1/Sequence1/MechanicD1S1N2.asset using Guid(0aeff47e973664b439cd643572f6cf0b) Importer(815301076,1909f56bfc062723c751e8b465ee728b) (PreviewImporter) -> (artifact id: 'd8e60a00539caa8692681a535ffa720f') in 0.0011315 seconds
Number of updated asset objects reloaded before import = 0Number of asset objects unloaded after import = 1

========================================================================
Received Import Request.
  Time since last request: 0.943115 seconds.
  path: Assets/Dialogue/Mechanic/Day 1/Sequence1/MechanicD1S1N2.asset
  artifactKey: Guid(0aeff47e973664b439cd643572f6cf0b) Importer(2089858483,b0f066a214c2f5e87bad3c948f4d605d)
Start importing Assets/Dialogue/Mechanic/Day 1/Sequence1/MechanicD1S1N2.asset using Guid(0aeff47e973664b439cd643572f6cf0b) Importer(2089858483,b0f066a214c2f5e87bad3c948f4d605d) (ScriptedImporter) -> (artifact id: '94f4d50d5cf8993a3b73c46895e31562') in 0.0121466 seconds
Number of updated asset objects reloaded before import = 0Number of asset objects unloaded after import = 1

========================================================================
Received Import Request.
  Time since last request: 36.696810 seconds.
  path: Assets/Dialogue/Mechanic/Day 1/Sequence1/MechanicD1S1N2.asset
  artifactKey: Guid(0aeff47e973664b439cd643572f6cf0b) Importer(815301076,1909f56bfc062723c751e8b465ee728b)
Start importing Assets/Dialogue/Mechanic/Day 1/Sequence1/MechanicD1S1N2.asset using Guid(0aeff47e973664b439cd643572f6cf0b) Importer(815301076,1909f56bfc062723c751e8b465ee728b) (PreviewImporter) -> (artifact id: '872f211110101f699e73d31ede3916fa') in 0.0011723 seconds
Number of updated asset objects reloaded before import = 0Number of asset objects unloaded after import = 1

========================================================================
Received Import Request.
  Time since last request: 5.351170 seconds.
  path: Assets/Dialogue/Mechanic/Day 1/Sequence1/MechanicD1S1N2.asset
  artifactKey: Guid(0aeff47e973664b439cd643572f6cf0b) Importer(2089858483,b0f066a214c2f5e87bad3c948f4d605d)
Start importing Assets/Dialogue/Mechanic/Day 1/Sequence1/MechanicD1S1N2.asset using Guid(0aeff47e973664b439cd643572f6cf0b) Importer(2089858483,b0f066a214c2f5e87bad3c948f4d605d) (ScriptedImporter) -> (artifact id: 'd53f04d576356eb137043abd9157538c') in 0.0925277 seconds
Number of updated asset objects reloaded before import = 0Number of asset objects unloaded after import = 1

========================================================================
Received Import Request.
  Time since last request: 9.375602 seconds.
  path: Assets/Dialogue/Mechanic/Day 1/Sequence1/MechanicD1S1N3A.asset
  artifactKey: Guid(3ede49dab909bd04c802c73b82e03b0a) Importer(815301076,1909f56bfc062723c751e8b465ee728b)
Start importing Assets/Dialogue/Mechanic/Day 1/Sequence1/MechanicD1S1N3A.asset using Guid(3ede49dab909bd04c802c73b82e03b0a) Importer(815301076,1909f56bfc062723c751e8b465ee728b) (PreviewImporter) -> (artifact id: '9ff5d4e56631ccdf55f079b8714d02ac') in 0.0010591 seconds
Number of updated asset objects reloaded before import = 0Number of asset objects unloaded after import = 1

========================================================================
Received Import Request.
  Time since last request: 0.946731 seconds.
  path: Assets/Dialogue/Mechanic/Day 1/Sequence1/MechanicD1S1N3A.asset
  artifactKey: Guid(3ede49dab909bd04c802c73b82e03b0a) Importer(2089858483,b0f066a214c2f5e87bad3c948f4d605d)
Start importing Assets/Dialogue/Mechanic/Day 1/Sequence1/MechanicD1S1N3A.asset using Guid(3ede49dab909bd04c802c73b82e03b0a) Importer(2089858483,b0f066a214c2f5e87bad3c948f4d605d) (ScriptedImporter) -> (artifact id: '2a8548affa2b3170f30697aac94cfe7f') in 0.0149612 seconds
Number of updated asset objects reloaded before import = 0Number of asset objects unloaded after import = 1

========================================================================
Received Import Request.
  Time since last request: 12.205408 seconds.
  path: Assets/Dialogue/Mechanic/Day 1/Sequence1/MechanicD1S1N3A 1.asset
  artifactKey: Guid(ed7aaf0c92fbc1948b5535b1374a6a0d) Importer(815301076,1909f56bfc062723c751e8b465ee728b)
Start importing Assets/Dialogue/Mechanic/Day 1/Sequence1/MechanicD1S1N3A 1.asset using Guid(ed7aaf0c92fbc1948b5535b1374a6a0d) Importer(815301076,1909f56bfc062723c751e8b465ee728b) (PreviewImporter) -> (artifact id: '640a3cbce69bc1753a14c16d846e3953') in 0.0010784 seconds
Number of updated asset objects reloaded before import = 0Number of asset objects unloaded after import = 1

========================================================================
Received Import Request.
  Time since last request: 1.950484 seconds.
  path: Assets/Dialogue/Mechanic/Day 1/Sequence1/MechanicD1S1N3A 1.asset
  artifactKey: Guid(ed7aaf0c92fbc1948b5535b1374a6a0d) Importer(2089858483,b0f066a214c2f5e87bad3c948f4d605d)
Start importing Assets/Dialogue/Mechanic/Day 1/Sequence1/MechanicD1S1N3A 1.asset using Guid(ed7aaf0c92fbc1948b5535b1374a6a0d) Importer(2089858483,b0f066a214c2f5e87bad3c948f4d605d) (ScriptedImporter) -> (artifact id: '76e9a971fb934ab785420592f27b32b4') in 0.0138127 seconds
Number of updated asset objects reloaded before import = 0Number of asset objects unloaded after import = 1

========================================================================
Received Import Request.
  Time since last request: 1.805534 seconds.
  path: Assets/Dialogue/Mechanic/Day 1/Sequence1/MechanicD1S1N3B.asset
  artifactKey: Guid(ed7aaf0c92fbc1948b5535b1374a6a0d) Importer(815301076,1909f56bfc062723c751e8b465ee728b)
Start importing Assets/Dialogue/Mechanic/Day 1/Sequence1/MechanicD1S1N3B.asset using Guid(ed7aaf0c92fbc1948b5535b1374a6a0d) Importer(815301076,1909f56bfc062723c751e8b465ee728b) (PreviewImporter) -> (artifact id: '1cc8c074c99182af1f0bab8b5f22eb92') in 0.0012286 seconds
Number of updated asset objects reloaded before import = 0Number of asset objects unloaded after import = 1

========================================================================
Received Import Request.
  Time since last request: 389.756526 seconds.
  path: Assets/Dialogue/Mechanic/Day 1/Sequence2/MechanicD1S2N1.asset
  artifactKey: Guid(24a6ba416e286f14a9e851ed0b5ce65b) Importer(815301076,1909f56bfc062723c751e8b465ee728b)
Start importing Assets/Dialogue/Mechanic/Day 1/Sequence2/MechanicD1S2N1.asset using Guid(24a6ba416e286f14a9e851ed0b5ce65b) Importer(815301076,1909f56bfc062723c751e8b465ee728b) (PreviewImporter) -> (artifact id: '7e592b5e24519438f625984dd9ddece8') in 0.0014927 seconds
Number of updated asset objects reloaded before import = 0Number of asset objects unloaded after import = 1

========================================================================
Received Import Request.
  Time since last request: 0.886723 seconds.
  path: Assets/Dialogue/Mechanic/Day 1/Sequence2/MechanicD1S2N1.asset
  artifactKey: Guid(24a6ba416e286f14a9e851ed0b5ce65b) Importer(2089858483,b0f066a214c2f5e87bad3c948f4d605d)
Start importing Assets/Dialogue/Mechanic/Day 1/Sequence2/MechanicD1S2N1.asset using Guid(24a6ba416e286f14a9e851ed0b5ce65b) Importer(2089858483,b0f066a214c2f5e87bad3c948f4d605d) (ScriptedImporter) -> (artifact id: 'bec13b076d8f588d86bddacf3a571ff7') in 0.0134325 seconds
Number of updated asset objects reloaded before import = 0Number of asset objects unloaded after import = 1

========================================================================
Received Import Request.
  Time since last request: 72.040696 seconds.
  path: Assets/Prefabs/NPCPrefabs/NPC_Mechanic.prefab
  artifactKey: Guid(7a9186cb69e28ba4698b2561190b9361) Importer(2089858483,b0f066a214c2f5e87bad3c948f4d605d)
Start importing Assets/Prefabs/NPCPrefabs/NPC_Mechanic.prefab using Guid(7a9186cb69e28ba4698b2561190b9361) Importer(2089858483,b0f066a214c2f5e87bad3c948f4d605d) (ScriptedImporter) -> (artifact id: '0b9038df3f822e52917b5246cb7be5bf') in 0.0296303 seconds
Number of updated asset objects reloaded before import = 0Number of asset objects unloaded after import = 22

========================================================================
Received Import Request.
  Time since last request: 10.210443 seconds.
  path: Assets/Prefabs/NPCPrefabs/NPC_Mechanic.prefab
  artifactKey: Guid(7a9186cb69e28ba4698b2561190b9361) Importer(2089858483,b0f066a214c2f5e87bad3c948f4d605d)
Start importing Assets/Prefabs/NPCPrefabs/NPC_Mechanic.prefab using Guid(7a9186cb69e28ba4698b2561190b9361) Importer(2089858483,b0f066a214c2f5e87bad3c948f4d605d) (ScriptedImporter) -> (artifact id: '94846cd69e5794f418ea5b613f606ddf') in 0.0273911 seconds
Number of updated asset objects reloaded before import = 0Number of asset objects unloaded after import = 23

========================================================================
Received Import Request.
  Time since last request: 19.755223 seconds.
  path: Assets/Prefabs/NPCPrefabs/NPC_Mechanic.prefab
  artifactKey: Guid(7a9186cb69e28ba4698b2561190b9361) Importer(815301076,1909f56bfc062723c751e8b465ee728b)
Start importing Assets/Prefabs/NPCPrefabs/NPC_Mechanic.prefab using Guid(7a9186cb69e28ba4698b2561190b9361) Importer(815301076,1909f56bfc062723c751e8b465ee728b) (PreviewImporter) -> (artifact id: '1ca279c162fed76665a9dc9d865c5972') in 0.1351567 seconds
Number of updated asset objects reloaded before import = 0Number of asset objects unloaded after import = 26

========================================================================
Received Import Request.
  Time since last request: 53.851706 seconds.
  path: Assets/Prefabs/NPCPrefabs/NPC_Mechanic.prefab
  artifactKey: Guid(7a9186cb69e28ba4698b2561190b9361) Importer(815301076,1909f56bfc062723c751e8b465ee728b)
Start importing Assets/Prefabs/NPCPrefabs/NPC_Mechanic.prefab using Guid(7a9186cb69e28ba4698b2561190b9361) Importer(815301076,1909f56bfc062723c751e8b465ee728b) (PreviewImporter) -> (artifact id: '4f75d96777fd609d9b40cc28bee1a2a0') in 0.0312229 seconds
Number of updated asset objects reloaded before import = 0Number of asset objects unloaded after import = 26

========================================================================
Received Import Request.
  Time since last request: 0.821287 seconds.
  path: Assets/Dialogue/Mechanic/Day 1/Sequence1/MechanicD1S1N3A.asset
  artifactKey: Guid(3ede49dab909bd04c802c73b82e03b0a) Importer(2089858483,b0f066a214c2f5e87bad3c948f4d605d)
Start importing Assets/Dialogue/Mechanic/Day 1/Sequence1/MechanicD1S1N3A.asset using Guid(3ede49dab909bd04c802c73b82e03b0a) Importer(2089858483,b0f066a214c2f5e87bad3c948f4d605d) (ScriptedImporter) -> (artifact id: '8f1ccc5ee25df75ec0fcfab8a0c564ba') in 0.0151484 seconds
Number of updated asset objects reloaded before import = 0Number of asset objects unloaded after import = 1

========================================================================
Received Import Request.
  Time since last request: 0.000031 seconds.
  path: Assets/Scenes/SampleScene.unity
  artifactKey: Guid(8c9cfa26abfee488c85f1582747f6a02) Importer(2089858483,b0f066a214c2f5e87bad3c948f4d605d)
Start importing Assets/Scenes/SampleScene.unity using Guid(8c9cfa26abfee488c85f1582747f6a02) Importer(2089858483,b0f066a214c2f5e87bad3c948f4d605d) (ScriptedImporter) -> (artifact id: '687836acf113cfebe211de7eacb204b4') in 0.0236725 seconds
Number of updated asset objects reloaded before import = 0Number of asset objects unloaded after import = 1

========================================================================
Received Import Request.
  Time since last request: 0.000034 seconds.
  path: Assets/Dialogue/Mechanic/Day 1/Sequence2/MechanicD1S2N1.asset
  artifactKey: Guid(24a6ba416e286f14a9e851ed0b5ce65b) Importer(2089858483,b0f066a214c2f5e87bad3c948f4d605d)
Start importing Assets/Dialogue/Mechanic/Day 1/Sequence2/MechanicD1S2N1.asset using Guid(24a6ba416e286f14a9e851ed0b5ce65b) Importer(2089858483,b0f066a214c2f5e87bad3c948f4d605d) (ScriptedImporter) -> (artifact id: '6a8182944ad404f90a08269b657567b0') in 0.0171903 seconds
Number of updated asset objects reloaded before import = 0Number of asset objects unloaded after import = 1

========================================================================
Received Prepare
Begin MonoManager ReloadAssembly
[Licensing::Client] Successfully resolved entitlement details
- Loaded All Assemblies, in  1.024 seconds
Refreshing native plugins compatible for Editor in 2.17 ms, found 5 plugins.
Native extension for WindowsStandalone target not found
[Package Manager] Failed to launch server process. Reason: Unity was launched with the -noUpm command-line argument
[Package Manager] Unable to send message (not connected to server process).
[Package Manager] Cannot connect to Unity Package Manager local server
[Package Manager] Failed to launch server process. Reason: Unity was launched with the -noUpm command-line argument
[Package Manager] Unable to send message (not connected to server process).
[Package Manager] Cannot connect to Unity Package Manager local server
ScheduleIndexationOnStartup MainProcess:False IndexOnStartup:True
Mono: successfully reloaded assembly
- Finished resetting the current domain, in  0.977 seconds
Domain Reload Profiling: 2000ms
	BeginReloadAssembly (311ms)
		ExecutionOrderSort (0ms)
		DisableScriptedObjects (41ms)
		BackupInstance (0ms)
		ReleaseScriptingObjects (0ms)
		CreateAndSetChildDomain (79ms)
	RebuildCommonClasses (46ms)
	RebuildNativeTypeToScriptingClass (18ms)
	initialDomainReloadingComplete (41ms)
	LoadAllAssembliesAndSetupDomain (607ms)
		LoadAssemblies (439ms)
		RebuildTransferFunctionScriptingTraits (0ms)
		AnalyzeDomain (284ms)
			TypeCache.Refresh (9ms)
				TypeCache.ScanAssembly (0ms)
			BuildScriptInfoCaches (254ms)
			ResolveRequiredComponents (14ms)
	FinalizeReload (977ms)
		ReleaseScriptCaches (0ms)
		RebuildScriptCaches (0ms)
		SetupLoadedEditorAssemblies (770ms)
			LogAssemblyErrors (0ms)
			InitializePlatformSupportModulesInManaged (3ms)
			SetLoadedEditorAssemblies (6ms)
			BeforeProcessingInitializeOnLoad (199ms)
			ProcessInitializeOnLoadAttributes (447ms)
			ProcessInitializeOnLoadMethodAttributes (103ms)
			AfterProcessingInitializeOnLoad (12ms)
			EditorAssembliesLoaded (0ms)
		ExecutionOrderSort2 (0ms)
		AwakeInstancesAfterBackupRestoration (20ms)
Refreshing native plugins compatible for Editor in 2.32 ms, found 5 plugins.
Preloading 0 native plugins for Editor in 0.00 ms.
Unloading 16 Unused Serialized files (Serialized files now loaded: 0)
Unloading 7222 unused Assets / (5.0 MB). Loaded Objects now: 8091.
Memory consumption went from 163.2 MB to 158.2 MB.
Total: 11.247200 ms (FindLiveObjects: 0.769000 ms CreateObjectMapping: 0.561500 ms MarkObjects: 6.650300 ms  DeleteObjects: 3.264900 ms)

Prepare: number of updated asset objects reloaded= 0
========================================================================
Received Import Request.
  Time since last request: 44.489524 seconds.
  path: Assets/Dialogue/Mechanic/Day 1/Sequence1/MechanicD1S1N2.asset
  artifactKey: Guid(0aeff47e973664b439cd643572f6cf0b) Importer(815301076,1909f56bfc062723c751e8b465ee728b)
Start importing Assets/Dialogue/Mechanic/Day 1/Sequence1/MechanicD1S1N2.asset using Guid(0aeff47e973664b439cd643572f6cf0b) Importer(815301076,1909f56bfc062723c751e8b465ee728b) (PreviewImporter) -> (artifact id: '0d82f8f9ac8380ac97ff3c0be6e255c2') in 0.0241119 seconds
Number of updated asset objects reloaded before import = 0Number of asset objects unloaded after import = 5

========================================================================
Received Import Request.
  Time since last request: 0.000021 seconds.
  path: Assets/Dialogue/Mechanic/Day 1/Sequence1/MechanicD1S1N3B.asset
  artifactKey: Guid(ed7aaf0c92fbc1948b5535b1374a6a0d) Importer(815301076,1909f56bfc062723c751e8b465ee728b)
Start importing Assets/Dialogue/Mechanic/Day 1/Sequence1/MechanicD1S1N3B.asset using Guid(ed7aaf0c92fbc1948b5535b1374a6a0d) Importer(815301076,1909f56bfc062723c751e8b465ee728b) (PreviewImporter) -> (artifact id: '05802445aa4f880d691f02c43d5293a0') in 0.0011764 seconds
Number of updated asset objects reloaded before import = 0Number of asset objects unloaded after import = 1

========================================================================
Received Prepare
Begin MonoManager ReloadAssembly
- Loaded All Assemblies, in  1.027 seconds
Refreshing native plugins compatible for Editor in 2.29 ms, found 5 plugins.
Native extension for WindowsStandalone target not found
[Package Manager] Failed to launch server process. Reason: Unity was launched with the -noUpm command-line argument
[Package Manager] Unable to send message (not connected to server process).
[Package Manager] Cannot connect to Unity Package Manager local server
[Package Manager] Failed to launch server process. Reason: Unity was launched with the -noUpm command-line argument
[Package Manager] Unable to send message (not connected to server process).
[Package Manager] Cannot connect to Unity Package Manager local server
ScheduleIndexationOnStartup MainProcess:False IndexOnStartup:True
Mono: successfully reloaded assembly
- Finished resetting the current domain, in  1.001 seconds
Domain Reload Profiling: 2027ms
	BeginReloadAssembly (264ms)
		ExecutionOrderSort (0ms)
		DisableScriptedObjects (18ms)
		BackupInstance (0ms)
		ReleaseScriptingObjects (0ms)
		CreateAndSetChildDomain (57ms)
	RebuildCommonClasses (47ms)
	RebuildNativeTypeToScriptingClass (17ms)
	initialDomainReloadingComplete (48ms)
	LoadAllAssembliesAndSetupDomain (649ms)
		LoadAssemblies (466ms)
		RebuildTransferFunctionScriptingTraits (0ms)
		AnalyzeDomain (306ms)
			TypeCache.Refresh (10ms)
				TypeCache.ScanAssembly (0ms)
			BuildScriptInfoCaches (274ms)
			ResolveRequiredComponents (16ms)
	FinalizeReload (1002ms)
		ReleaseScriptCaches (0ms)
		RebuildScriptCaches (0ms)
		SetupLoadedEditorAssemblies (791ms)
			LogAssemblyErrors (0ms)
			InitializePlatformSupportModulesInManaged (4ms)
			SetLoadedEditorAssemblies (6ms)
			BeforeProcessingInitializeOnLoad (199ms)
			ProcessInitializeOnLoadAttributes (458ms)
			ProcessInitializeOnLoadMethodAttributes (111ms)
			AfterProcessingInitializeOnLoad (12ms)
			EditorAssembliesLoaded (0ms)
		ExecutionOrderSort2 (0ms)
		AwakeInstancesAfterBackupRestoration (22ms)
Refreshing native plugins compatible for Editor in 4.08 ms, found 5 plugins.
Preloading 0 native plugins for Editor in 0.00 ms.
Unloading 16 Unused Serialized files (Serialized files now loaded: 0)
Unloading 7222 unused Assets / (4.9 MB). Loaded Objects now: 8094.
Memory consumption went from 163.1 MB to 158.3 MB.
Total: 12.442800 ms (FindLiveObjects: 1.450300 ms CreateObjectMapping: 0.945000 ms MarkObjects: 6.456400 ms  DeleteObjects: 3.589700 ms)

Prepare: number of updated asset objects reloaded= 0
========================================================================
Received Prepare
Begin MonoManager ReloadAssembly
[Licensing::Client] Successfully resolved entitlement details
- Loaded All Assemblies, in  0.958 seconds
Refreshing native plugins compatible for Editor in 2.77 ms, found 5 plugins.
Native extension for WindowsStandalone target not found
[Package Manager] Failed to launch server process. Reason: Unity was launched with the -noUpm command-line argument
[Package Manager] Unable to send message (not connected to server process).
[Package Manager] Cannot connect to Unity Package Manager local server
[Package Manager] Failed to launch server process. Reason: Unity was launched with the -noUpm command-line argument
[Package Manager] Unable to send message (not connected to server process).
[Package Manager] Cannot connect to Unity Package Manager local server
ScheduleIndexationOnStartup MainProcess:False IndexOnStartup:True
Mono: successfully reloaded assembly
- Finished resetting the current domain, in  1.028 seconds
Domain Reload Profiling: 1988ms
	BeginReloadAssembly (264ms)
		ExecutionOrderSort (0ms)
		DisableScriptedObjects (25ms)
		BackupInstance (0ms)
		ReleaseScriptingObjects (0ms)
		CreateAndSetChildDomain (56ms)
	RebuildCommonClasses (47ms)
	RebuildNativeTypeToScriptingClass (18ms)
	initialDomainReloadingComplete (40ms)
	LoadAllAssembliesAndSetupDomain (589ms)
		LoadAssemblies (419ms)
		RebuildTransferFunctionScriptingTraits (0ms)
		AnalyzeDomain (282ms)
			TypeCache.Refresh (8ms)
				TypeCache.ScanAssembly (0ms)
			BuildScriptInfoCaches (252ms)
			ResolveRequiredComponents (14ms)
	FinalizeReload (1029ms)
		ReleaseScriptCaches (0ms)
		RebuildScriptCaches (0ms)
		SetupLoadedEditorAssemblies (816ms)
			LogAssemblyErrors (0ms)
			InitializePlatformSupportModulesInManaged (3ms)
			SetLoadedEditorAssemblies (6ms)
			BeforeProcessingInitializeOnLoad (205ms)
			ProcessInitializeOnLoadAttributes (492ms)
			ProcessInitializeOnLoadMethodAttributes (98ms)
			AfterProcessingInitializeOnLoad (11ms)
			EditorAssembliesLoaded (0ms)
		ExecutionOrderSort2 (0ms)
		AwakeInstancesAfterBackupRestoration (22ms)
Refreshing native plugins compatible for Editor in 2.72 ms, found 5 plugins.
Preloading 0 native plugins for Editor in 0.00 ms.
Unloading 16 Unused Serialized files (Serialized files now loaded: 0)
Unloading 7222 unused Assets / (5.2 MB). Loaded Objects now: 8097.
Memory consumption went from 166.0 MB to 160.8 MB.
Total: 12.158600 ms (FindLiveObjects: 0.886700 ms CreateObjectMapping: 1.097100 ms MarkObjects: 6.407000 ms  DeleteObjects: 3.766400 ms)

Prepare: number of updated asset objects reloaded= 0
========================================================================
Received Import Request.
  Time since last request: 205.555479 seconds.
  path: Assets/Prefabs/NPCPrefabs/NPC_Otter.prefab
  artifactKey: Guid(dd7e6b47f686dfc46b51a14f233375fb) Importer(815301076,1909f56bfc062723c751e8b465ee728b)
Start importing Assets/Prefabs/NPCPrefabs/NPC_Otter.prefab using Guid(dd7e6b47f686dfc46b51a14f233375fb) Importer(815301076,1909f56bfc062723c751e8b465ee728b) (PreviewImporter) -> (artifact id: 'cecccbfccf23f82e9c698547a7106c05') in 0.5126338 seconds
Number of updated asset objects reloaded before import = 0Number of asset objects unloaded after import = 35

========================================================================
Received Prepare
Begin MonoManager ReloadAssembly
[Licensing::Client] Successfully resolved entitlement details
- Loaded All Assemblies, in  0.960 seconds
Refreshing native plugins compatible for Editor in 2.29 ms, found 5 plugins.
Native extension for WindowsStandalone target not found
[Package Manager] Failed to launch server process. Reason: Unity was launched with the -noUpm command-line argument
[Package Manager] Unable to send message (not connected to server process).
[Package Manager] Cannot connect to Unity Package Manager local server
[Package Manager] Failed to launch server process. Reason: Unity was launched with the -noUpm command-line argument
[Package Manager] Unable to send message (not connected to server process).
[Package Manager] Cannot connect to Unity Package Manager local server
ScheduleIndexationOnStartup MainProcess:False IndexOnStartup:True
Mono: successfully reloaded assembly
- Finished resetting the current domain, in  0.939 seconds
Domain Reload Profiling: 1900ms
	BeginReloadAssembly (279ms)
		ExecutionOrderSort (0ms)
		DisableScriptedObjects (38ms)
		BackupInstance (0ms)
		ReleaseScriptingObjects (0ms)
		CreateAndSetChildDomain (59ms)
	RebuildCommonClasses (52ms)
	RebuildNativeTypeToScriptingClass (15ms)
	initialDomainReloadingComplete (40ms)
	LoadAllAssembliesAndSetupDomain (573ms)
		LoadAssemblies (406ms)
		RebuildTransferFunctionScriptingTraits (0ms)
		AnalyzeDomain (281ms)
			TypeCache.Refresh (8ms)
				TypeCache.ScanAssembly (0ms)
			BuildScriptInfoCaches (253ms)
			ResolveRequiredComponents (14ms)
	FinalizeReload (940ms)
		ReleaseScriptCaches (0ms)
		RebuildScriptCaches (0ms)
		SetupLoadedEditorAssemblies (728ms)
			LogAssemblyErrors (0ms)
			InitializePlatformSupportModulesInManaged (3ms)
			SetLoadedEditorAssemblies (5ms)
			BeforeProcessingInitializeOnLoad (190ms)
			ProcessInitializeOnLoadAttributes (433ms)
			ProcessInitializeOnLoadMethodAttributes (88ms)
			AfterProcessingInitializeOnLoad (10ms)
			EditorAssembliesLoaded (0ms)
		ExecutionOrderSort2 (0ms)
		AwakeInstancesAfterBackupRestoration (17ms)
Refreshing native plugins compatible for Editor in 2.43 ms, found 5 plugins.
Preloading 0 native plugins for Editor in 0.00 ms.
Unloading 16 Unused Serialized files (Serialized files now loaded: 0)
Unloading 7222 unused Assets / (4.8 MB). Loaded Objects now: 8120.
Memory consumption went from 163.4 MB to 158.6 MB.
Total: 12.366800 ms (FindLiveObjects: 1.326800 ms CreateObjectMapping: 1.253800 ms MarkObjects: 6.818500 ms  DeleteObjects: 2.966100 ms)

Prepare: number of updated asset objects reloaded= 0
========================================================================
Received Prepare
Begin MonoManager ReloadAssembly
[Licensing::Client] Successfully resolved entitlement details
- Loaded All Assemblies, in  0.999 seconds
Refreshing native plugins compatible for Editor in 2.10 ms, found 5 plugins.
Native extension for WindowsStandalone target not found
[Package Manager] Failed to launch server process. Reason: Unity was launched with the -noUpm command-line argument
[Package Manager] Unable to send message (not connected to server process).
[Package Manager] Cannot connect to Unity Package Manager local server
[Package Manager] Failed to launch server process. Reason: Unity was launched with the -noUpm command-line argument
[Package Manager] Unable to send message (not connected to server process).
[Package Manager] Cannot connect to Unity Package Manager local server
ScheduleIndexationOnStartup MainProcess:False IndexOnStartup:True
Mono: successfully reloaded assembly
- Finished resetting the current domain, in  1.010 seconds
Domain Reload Profiling: 2009ms
	BeginReloadAssembly (271ms)
		ExecutionOrderSort (0ms)
		DisableScriptedObjects (22ms)
		BackupInstance (0ms)
		ReleaseScriptingObjects (0ms)
		CreateAndSetChildDomain (60ms)
	RebuildCommonClasses (47ms)
	RebuildNativeTypeToScriptingClass (18ms)
	initialDomainReloadingComplete (41ms)
	LoadAllAssembliesAndSetupDomain (622ms)
		LoadAssemblies (442ms)
		RebuildTransferFunctionScriptingTraits (0ms)
		AnalyzeDomain (299ms)
			TypeCache.Refresh (8ms)
				TypeCache.ScanAssembly (0ms)
			BuildScriptInfoCaches (270ms)
			ResolveRequiredComponents (15ms)
	FinalizeReload (1011ms)
		ReleaseScriptCaches (0ms)
		RebuildScriptCaches (0ms)
		SetupLoadedEditorAssemblies (806ms)
			LogAssemblyErrors (0ms)
			InitializePlatformSupportModulesInManaged (3ms)
			SetLoadedEditorAssemblies (6ms)
			BeforeProcessingInitializeOnLoad (201ms)
			ProcessInitializeOnLoadAttributes (475ms)
			ProcessInitializeOnLoadMethodAttributes (108ms)
			AfterProcessingInitializeOnLoad (12ms)
			EditorAssembliesLoaded (1ms)
		ExecutionOrderSort2 (0ms)
		AwakeInstancesAfterBackupRestoration (21ms)
Refreshing native plugins compatible for Editor in 2.97 ms, found 5 plugins.
Preloading 0 native plugins for Editor in 0.00 ms.
Unloading 16 Unused Serialized files (Serialized files now loaded: 0)
Unloading 7222 unused Assets / (4.9 MB). Loaded Objects now: 8123.
Memory consumption went from 166.1 MB to 161.2 MB.
Total: 14.028100 ms (FindLiveObjects: 0.977600 ms CreateObjectMapping: 1.331300 ms MarkObjects: 8.193500 ms  DeleteObjects: 3.523500 ms)

Prepare: number of updated asset objects reloaded= 0
========================================================================
Received Prepare
Begin MonoManager ReloadAssembly
[Licensing::Client] Successfully resolved entitlement details
- Loaded All Assemblies, in  1.037 seconds
Refreshing native plugins compatible for Editor in 2.77 ms, found 5 plugins.
Native extension for WindowsStandalone target not found
[Package Manager] Failed to launch server process. Reason: Unity was launched with the -noUpm command-line argument
[Package Manager] Unable to send message (not connected to server process).
[Package Manager] Cannot connect to Unity Package Manager local server
[Package Manager] Failed to launch server process. Reason: Unity was launched with the -noUpm command-line argument
[Package Manager] Unable to send message (not connected to server process).
[Package Manager] Cannot connect to Unity Package Manager local server
ScheduleIndexationOnStartup MainProcess:False IndexOnStartup:True
Mono: successfully reloaded assembly
- Finished resetting the current domain, in  1.080 seconds
Domain Reload Profiling: 2114ms
	BeginReloadAssembly (275ms)
		ExecutionOrderSort (0ms)
		DisableScriptedObjects (23ms)
		BackupInstance (0ms)
		ReleaseScriptingObjects (0ms)
		CreateAndSetChildDomain (52ms)
	RebuildCommonClasses (60ms)
	RebuildNativeTypeToScriptingClass (17ms)
	initialDomainReloadingComplete (48ms)
	LoadAllAssembliesAndSetupDomain (634ms)
		LoadAssemblies (466ms)
		RebuildTransferFunctionScriptingTraits (0ms)
		AnalyzeDomain (295ms)
			TypeCache.Refresh (8ms)
				TypeCache.ScanAssembly (0ms)
			BuildScriptInfoCaches (266ms)
			ResolveRequiredComponents (15ms)
	FinalizeReload (1081ms)
		ReleaseScriptCaches (0ms)
		RebuildScriptCaches (0ms)
		SetupLoadedEditorAssemblies (860ms)
			LogAssemblyErrors (0ms)
			InitializePlatformSupportModulesInManaged (3ms)
			SetLoadedEditorAssemblies (8ms)
			BeforeProcessingInitializeOnLoad (253ms)
			ProcessInitializeOnLoadAttributes (485ms)
			ProcessInitializeOnLoadMethodAttributes (100ms)
			AfterProcessingInitializeOnLoad (10ms)
			EditorAssembliesLoaded (0ms)
		ExecutionOrderSort2 (0ms)
		AwakeInstancesAfterBackupRestoration (17ms)
Refreshing native plugins compatible for Editor in 2.59 ms, found 5 plugins.
Preloading 0 native plugins for Editor in 0.00 ms.
Unloading 16 Unused Serialized files (Serialized files now loaded: 0)
Unloading 7222 unused Assets / (5.0 MB). Loaded Objects now: 8126.
Memory consumption went from 169.0 MB to 164.0 MB.
Total: 11.686700 ms (FindLiveObjects: 0.873600 ms CreateObjectMapping: 0.934100 ms MarkObjects: 6.383300 ms  DeleteObjects: 3.494100 ms)

Prepare: number of updated asset objects reloaded= 0
========================================================================
Received Prepare
Begin MonoManager ReloadAssembly
[Licensing::Client] Successfully resolved entitlement details
- Loaded All Assemblies, in  3.584 seconds
Refreshing native plugins compatible for Editor in 2.11 ms, found 5 plugins.
Native extension for WindowsStandalone target not found
[Package Manager] Failed to launch server process. Reason: Unity was launched with the -noUpm command-line argument
[Package Manager] Unable to send message (not connected to server process).
[Package Manager] Cannot connect to Unity Package Manager local server
[Package Manager] Failed to launch server process. Reason: Unity was launched with the -noUpm command-line argument
[Package Manager] Unable to send message (not connected to server process).
[Package Manager] Cannot connect to Unity Package Manager local server
ScheduleIndexationOnStartup MainProcess:False IndexOnStartup:True
Mono: successfully reloaded assembly
- Finished resetting the current domain, in  0.961 seconds
Domain Reload Profiling: 4549ms
	BeginReloadAssembly (670ms)
		ExecutionOrderSort (0ms)
		DisableScriptedObjects (47ms)
		BackupInstance (0ms)
		ReleaseScriptingObjects (1ms)
		CreateAndSetChildDomain (115ms)
	RebuildCommonClasses (162ms)
	RebuildNativeTypeToScriptingClass (14ms)
	initialDomainReloadingComplete (40ms)
	LoadAllAssembliesAndSetupDomain (2703ms)
		LoadAssemblies (2669ms)
		RebuildTransferFunctionScriptingTraits (0ms)
		AnalyzeDomain (422ms)
			TypeCache.Refresh (10ms)
				TypeCache.ScanAssembly (0ms)
			BuildScriptInfoCaches (387ms)
			ResolveRequiredComponents (15ms)
	FinalizeReload (962ms)
		ReleaseScriptCaches (0ms)
		RebuildScriptCaches (0ms)
		SetupLoadedEditorAssemblies (746ms)
			LogAssemblyErrors (0ms)
			InitializePlatformSupportModulesInManaged (4ms)
			SetLoadedEditorAssemblies (7ms)
			BeforeProcessingInitializeOnLoad (204ms)
			ProcessInitializeOnLoadAttributes (427ms)
			ProcessInitializeOnLoadMethodAttributes (93ms)
			AfterProcessingInitializeOnLoad (10ms)
			EditorAssembliesLoaded (0ms)
		ExecutionOrderSort2 (0ms)
		AwakeInstancesAfterBackupRestoration (21ms)
Refreshing native plugins compatible for Editor in 2.36 ms, found 5 plugins.
Preloading 0 native plugins for Editor in 0.00 ms.
Unloading 16 Unused Serialized files (Serialized files now loaded: 0)
Unloading 7222 unused Assets / (4.7 MB). Loaded Objects now: 8129.
Memory consumption went from 171.9 MB to 167.2 MB.
Total: 11.362300 ms (FindLiveObjects: 0.827600 ms CreateObjectMapping: 0.791200 ms MarkObjects: 6.280800 ms  DeleteObjects: 3.461300 ms)

Prepare: number of updated asset objects reloaded= 0
========================================================================
Received Import Request.
  Time since last request: 18830.546910 seconds.
  path: Assets/ItemData/Items/Cookie.asset
  artifactKey: Guid(e095afe4571b63f4aab81f863f25093a) Importer(815301076,1909f56bfc062723c751e8b465ee728b)
Start importing Assets/ItemData/Items/Cookie.asset using Guid(e095afe4571b63f4aab81f863f25093a) Importer(815301076,1909f56bfc062723c751e8b465ee728b) (PreviewImporter) -> (artifact id: 'e87dc11a415650e13992cafe7c3904ce') in 0.1698435 seconds
Number of updated asset objects reloaded before import = 0Number of asset objects unloaded after import = 2

