[Licensing::Module] Trying to connect to existing licensing client channel...
Built from '6000.3/staging' branch; Version is '6000.3.16f1 (a56f230f6470) revision 10841891'; Using compiler version '194234433'; Build Type 'Release'
OS: 'Windows 11  (10.0.26100) CoreSingleLanguage' Language: 'en' Physical Memory: 32108 MB
[Licensing::IpcConnector] Successfully connected to: "LicenseClient-User" at "2026-07-17T03:24:16.2672524Z"
BatchMode: 1, IsHumanControllingUs: 0, StartBugReporterOnCrash: 0, Is64bit: 1
System  architecture: x64
Process architecture: x64
Date: 2026-07-17T03:24:16Z

COMMAND LINE ARGUMENTS:
C:\Program Files\Unity\Hub\Editor\6000.3.16f1\Editor\Unity.exe
-adb2
-batchMode
-noUpm
-name
AssetImportWorker121
-projectPath
D:/Unity Projects/ExitAnt-IAT312-P1/312_Assignment2
-logFile
Logs/AssetImportWorker121.log
-srvPort
49722
-licensingIpc
LicenseClient-User
-job-worker-count
7
-background-job-worker-count
8
-gc-helper-count
1
-name
AssetImport
Successfully changed project path to: D:/Unity Projects/ExitAnt-IAT312-P1/312_Assignment2
D:/Unity Projects/ExitAnt-IAT312-P1/312_Assignment2
[UnityMemory] Configuration Parameters - Can be set up in boot.config
    "memorysetup-temp-allocator-size-nav-mesh-worker=65536"
    "memorysetup-temp-allocator-size-audio-worker=65536"
    "memorysetup-temp-allocator-size-gfx=262144"
    "memorysetup-allocator-temp-initial-block-size-main=262144"
    "memorysetup-allocator-temp-initial-block-size-worker=262144"
    "memorysetup-temp-allocator-size-background-worker=32768"
    "memorysetup-temp-allocator-size-job-worker=262144"
    "memorysetup-temp-allocator-size-preload-manager=33554432"
    "memorysetup-temp-allocator-size-gi-baking-worker=262144"
    "memorysetup-temp-allocator-size-gi-baking-worker=262144"
    "memorysetup-temp-allocator-size-gi-baking-worker=262144"
    "memorysetup-temp-allocator-size-gi-baking-worker=262144"
    "memorysetup-temp-allocator-size-gi-baking-worker=262144"
    "memorysetup-bucket-allocator-granularity=16"
    "memorysetup-bucket-allocator-bucket-count=8"
    "memorysetup-bucket-allocator-block-size=33554432"
    "memorysetup-bucket-allocator-block-count=8"
    "memorysetup-main-allocator-block-size=16777216"
    "memorysetup-thread-allocator-block-size=16777216"
    "memorysetup-gfx-main-allocator-block-size=16777216"
    "memorysetup-gfx-thread-allocator-block-size=16777216"
    "memorysetup-cache-allocator-block-size=4194304"
    "memorysetup-typetree-allocator-block-size=2097152"
    "memorysetup-profiler-bucket-allocator-granularity=16"
    "memorysetup-profiler-bucket-allocator-bucket-count=8"
    "memorysetup-profiler-bucket-allocator-block-size=33554432"
    "memorysetup-profiler-bucket-allocator-block-count=8"
    "memorysetup-profiler-allocator-block-size=16777216"
    "memorysetup-profiler-editor-allocator-block-size=1048576"
    "memorysetup-temp-allocator-size-main=16777216"
    "memorysetup-job-temp-allocator-block-size=2097152"
    "memorysetup-job-temp-allocator-block-size-background=1048576"
    "memorysetup-job-temp-allocator-reduction-small-platforms=262144"
    "memorysetup-temp-allocator-size-cloud-worker=32768"
Player connection [22692]  Target information:

Player connection [22692]  * "[IP] 192.168.1.97 [Port] 0 [Flags] 2 [Guid] 3420474486 [EditorId] 3420474486 [Version] 1048832 [Id] WindowsEditor(7,DESKTOP-OVH4FSK) [Debug] 1 [PackageName] WindowsEditor [ProjectName] Editor" 

Player connection [22692] Host joined multi-casting on [225.0.0.222:54997]...
Player connection [22692] Host joined alternative multi-casting on [225.0.0.222:34997]...
JobSystem: Creating JobQueue using job-worker-count value 7
Input System module state changed to: Initialized.
[Physics::Module] Initialized fallback backend.
[Physics::Module] Id: 0xdecafbad
Library Redirect Path: Library/
mdb reader table full -> cleaning up stale readers. Current readers:
    pid     thread     txnid
      8084 2a58 -
     31496 2070 -
      8084 16f4 -
      8084 6294 -
     24984 72a4 -
     29084 7a20 -
     26300 8410 -
      3936 740c -
     14496 4410 -
      8084 5dd0 -
     29312 5ab0 -
      4024 5330 -
     22192 469c -
      4648 5888 -
     22116 78e8 -
     13864 7a00 -
      9112 974 -
      4128 1960 -
     11544 87fc -
     10472 6234 -
     31676 86cc -
     20812 5274 -
     30460 13b0 -
      9744 36c0 -
      1368 305c -
     27212 66e8 -
      6216 3db0 -
     29544 617c -
     29172 5d74 -
     20320 70d8 -
       812 1fa8 -
     18836 657c -
     32540 738 -
      9864 8384 -
     11992 28f4 -
     15348 1790 -
     10288 4f80 -
     10920 52a0 -
      5288 860c -
     13728 5908 -
     14288 7dec -
     33996 3b00 -
     18508 4280 -
     23596 8100 -
     26244 1f04 -
     22920 1bb8 -
      2040 38d0 -
      9856 3d18 -
     30296 2cf0 -
     33244 527c -
     10396 81f4 -
       824 7f78 -
     28400 44cc -
     32936 1df8 -
     20708 8088 -
     29152 e80 -
     22260 5110 -
     28444 1390 -
     14080 7bc0 -
     13796 7b4c -
     21060 31a4 -
     16632 1684 -
     29660 101c -
     20336 2ef8 -
     22740 2c20 -
      3704 2c54 -
     31116 10cc -
      2024 5970 -
     27844 5118 -
     22652 d18 -
     34172 56a8 -
     27532 2fb4 -
     30212 854c -
     16156 5d9c -
      9704 3b70 -
      1196 1784 -
     21864 5770 -
      3864 6338 -
     27352 6de0 -
      8084 5ba8 -
     15552 5d4c -
     14648 42f0 -
     28184 7c8 -
     25872 6284 -
      9720 3090 -
      8552 3188 -
     35624 76ec -
     28432 1b94 -
     21744 1828 -
     33348 7d94 -
     10848 7718 -
     13892 637c -
      1612 8a64 -
      8068 52d0 -
     35516 1a4 -
     24208 5d98 -
     13280 4764 -
     35284 8fc -
     28976 5294 -
     35616 1968 -
     35068 5304 -
     35216 5a30 -
     17748 7cc0 -
      4824 8890 -
      2312 5600 -
      9348 745c -
     38832 97ac -
     38856 97c4 -
     10584 96ac -
     35880 8cf0 -
      4228 9758 -
     11772 93b4 -
     17112 1ad0 -
     11552 4478 -
     35348 8dcc -
     29888 92ac -
     37256 7308 -
     37940 31c8 -
     35704 9520 -
     15884 3924 -
     37404 5034 -
     10604 83b0 -
     38452 8ee4 9847
     13096 804c -
     38548 9338 -
     19268 3a04 -
Cleaned out 0 stale readers
[Licensing::Client] Error: HandshakeResponse reported an error:
	ResponseCode: 505
	ResponseStatus: Unsupported protocol version '1.18.1'.
[Licensing::Module] Error: Failed to handshake to channel: "LicenseClient-User"
[Licensing::IpcConnector] LicenseClient-User channel disconnected successfully.
[Licensing::IpcConnector] Successfully connected to: "LicenseClient-User-6000.3.16" at "2026-07-17T03:24:17.5943976Z"
[Licensing::Client] Code 10 while verifying Licensing Client signature (process Id: 29352, path: "C:/Program Files/Unity/Hub/Editor/6000.3.16f1/Editor/Data/Resources/Licensing/Client/Unity.Licensing.Client.exe")
[Licensing::Module] LicensingClient has failed validation; ignoring
[Licensing::Client] Handshaking with LicensingClient:
  Version:                 1.18.1+9fbee8e
  Session Id:              98a1703c70904de78c55a618afad9969
  Correlation Id:          47882071dff180c034864f0352291f7f
  External correlation Id: 2417121342627127674
  Machine Id:              NKcRUsz1GwU4Q4WJtDcG2fyxkZM=
[Licensing::Module] Successfully connected to LicensingClient on channel: "LicenseClient-User-6000.3.16" (connect: 0.00s, validation: 0.00s, handshake: 0.01s)
[Licensing::IpcConnector] Successfully connected to: "LicenseClient-User-6000.3.16-notifications" at "2026-07-17T03:24:17.6026989Z"
[Licensing::Module] Licensing Background thread has ended after 1.34s
[Physics::Module] Selected backend.
[Physics::Module] Name: PhysX
[Physics::Module] Id: 0xf2b8ea05
[Physics::Module] SDK Version: 4.1.2
[Physics::Module] Integration Version: 1.0.0
[Physics::Module] Threading Mode: Multi-Threaded
Refreshing native plugins compatible for Editor in 4.21 ms, found 5 plugins.
Preloading 0 native plugins for Editor in 0.00 ms.
Initialize engine version: 6000.3.16f1 (a56f230f6470)
[Subsystems] Discovering subsystems at path C:/Program Files/Unity/Hub/Editor/6000.3.16f1/Editor/Data/Resources/UnitySubsystems
[Subsystems] Discovering subsystems at path D:/Unity Projects/ExitAnt-IAT312-P1/312_Assignment2/Assets
GfxDevice: creating device client; kGfxThreadingModeNonThreaded
d3d12: failed to query info queue interface (0x80004002).
Direct3D:
    Version:         Direct3D 12 [level 12.2]
    Renderer:        NVIDIA GeForce RTX 3060 Laptop GPU (ID=0x2520)
    Vendor:          NVIDIA
    VRAM:            5996 MB
    App VRAM Budget: 5228 MB
    Driver:          32.0.15.8088
Initialize mono
Mono path[0] = 'C:/Program Files/Unity/Hub/Editor/6000.3.16f1/Editor/Data/Managed'
Mono path[1] = 'C:/Program Files/Unity/Hub/Editor/6000.3.16f1/Editor/Data/MonoBleedingEdge/lib/mono/unityjit-win32'
Mono config path = 'C:/Program Files/Unity/Hub/Editor/6000.3.16f1/Editor/Data/MonoBleedingEdge/etc'
Using monoOptions --debugger-agent=transport=dt_socket,embedding=1,server=y,suspend=n,address=127.0.0.1:56292
Begin MonoManager ReloadAssembly
Registering precompiled unity dll's ...
Register platform support module: C:/Program Files/Unity/Hub/Editor/6000.3.16f1/Editor/Data/PlaybackEngines/WindowsStandaloneSupport/UnityEditor.WindowsStandalone.Extensions.dll
Registered in 0.002461 seconds.
- Loaded All Assemblies, in  0.436 seconds
Native extension for WindowsStandalone target not found
Package Manager log level set to [2]
[Package Manager] Failed to launch server process. Reason: Unity was launched with the -noUpm command-line argument
[Package Manager] Unable to send message (not connected to server process).
[Package Manager] Cannot connect to Unity Package Manager local server
ScheduleIndexationOnStartup MainProcess:False IndexOnStartup:True
Mono: successfully reloaded assembly
- Finished resetting the current domain, in  0.442 seconds
Domain Reload Profiling: 872ms
	BeginReloadAssembly (134ms)
		ExecutionOrderSort (0ms)
		DisableScriptedObjects (0ms)
		BackupInstance (0ms)
		ReleaseScriptingObjects (0ms)
		CreateAndSetChildDomain (1ms)
	RebuildCommonClasses (42ms)
	RebuildNativeTypeToScriptingClass (13ms)
	initialDomainReloadingComplete (54ms)
	LoadAllAssembliesAndSetupDomain (187ms)
		LoadAssemblies (129ms)
		RebuildTransferFunctionScriptingTraits (0ms)
		AnalyzeDomain (184ms)
			TypeCache.Refresh (182ms)
				TypeCache.ScanAssembly (164ms)
			BuildScriptInfoCaches (0ms)
			ResolveRequiredComponents (0ms)
	FinalizeReload (442ms)
		ReleaseScriptCaches (0ms)
		RebuildScriptCaches (0ms)
		SetupLoadedEditorAssemblies (386ms)
			LogAssemblyErrors (0ms)
			InitializePlatformSupportModulesInManaged (60ms)
			SetLoadedEditorAssemblies (4ms)
			BeforeProcessingInitializeOnLoad (85ms)
			ProcessInitializeOnLoadAttributes (155ms)
			ProcessInitializeOnLoadMethodAttributes (82ms)
			AfterProcessingInitializeOnLoad (0ms)
			EditorAssembliesLoaded (0ms)
		ExecutionOrderSort2 (0ms)
		AwakeInstancesAfterBackupRestoration (0ms)
Assembly reference Packages/com.unity.cinemachine/Editor/Samples/ExposeHDRPInternals/HDRP-Editor-ref.asmref has no target assembly definition
========================================================================
Worker process is ready to serve import requests
Import Worker Mode flag is 0x00
Assembly reference Packages/com.unity.cinemachine/Editor/Samples/ExposeHDRPInternals/HDRP-Editor-ref.asmref has no target assembly definition
Assembly reference Packages/com.unity.cinemachine/Editor/Samples/ExposeHDRPInternals/HDRP-Editor-ref.asmref has no target assembly definition
Begin MonoManager ReloadAssembly
[Licensing::Client] Successfully resolved entitlement details
[Licensing::Module] License group:
  Id: 3574399251830-UnityPersXXXX
  Product: Unity Personal
  Type: Assigned
  Expiration: Unlimited
- Loaded All Assemblies, in  1.101 seconds
Assembly reference Packages/com.unity.cinemachine/Editor/Samples/ExposeHDRPInternals/HDRP-Editor-ref.asmref has no target assembly definition
'Packages/com.unity.cinemachine/Editor/Obsolete/CinemachineVirtualCameraBaseEditor.cs' contains partial class of Unity.Object, exactly 1 of the partial classes needs to be in a file with the same filename. This is to know the one that can be referenced from ie. GameObjects
'Packages/com.unity.cinemachine/Editor/Editors/CinemachineVirtualCameraBaseEditor.cs' contains partial class of Unity.Object, exactly 1 of the partial classes needs to be in a file with the same filename. This is to know the one that can be referenced from ie. GameObjects
Refreshing native plugins compatible for Editor in 2.29 ms, found 5 plugins.
Native extension for WindowsStandalone target not found
Assembly reference Packages/com.unity.cinemachine/Editor/Samples/ExposeHDRPInternals/HDRP-Editor-ref.asmref has no target assembly definition
[Package Manager] Failed to launch server process. Reason: Unity was launched with the -noUpm command-line argument
[Package Manager] Unable to send message (not connected to server process).
[Package Manager] Cannot connect to Unity Package Manager local server
[Package Manager] Failed to launch server process. Reason: Unity was launched with the -noUpm command-line argument
[Package Manager] Unable to send message (not connected to server process).
[Package Manager] Cannot connect to Unity Package Manager local server
[Package Manager] Failed to launch server process. Reason: Unity was launched with the -noUpm command-line argument
[Package Manager] Unable to send message (not connected to server process).
[Package Manager] Cannot connect to Unity Package Manager local server
Refreshing native plugins compatible for Editor in 2.40 ms, found 5 plugins.
ScheduleIndexationOnStartup MainProcess:False IndexOnStartup:True
Mono: successfully reloaded assembly
- Finished resetting the current domain, in  1.086 seconds
Domain Reload Profiling: 2182ms
	BeginReloadAssembly (241ms)
		ExecutionOrderSort (0ms)
		DisableScriptedObjects (8ms)
		BackupInstance (0ms)
		ReleaseScriptingObjects (0ms)
		CreateAndSetChildDomain (33ms)
	RebuildCommonClasses (43ms)
	RebuildNativeTypeToScriptingClass (15ms)
	initialDomainReloadingComplete (48ms)
	LoadAllAssembliesAndSetupDomain (748ms)
		LoadAssemblies (419ms)
		RebuildTransferFunctionScriptingTraits (0ms)
		AnalyzeDomain (463ms)
			TypeCache.Refresh (309ms)
				TypeCache.ScanAssembly (285ms)
			BuildScriptInfoCaches (129ms)
			ResolveRequiredComponents (19ms)
	FinalizeReload (1086ms)
		ReleaseScriptCaches (0ms)
		RebuildScriptCaches (0ms)
		SetupLoadedEditorAssemblies (879ms)
			LogAssemblyErrors (0ms)
			InitializePlatformSupportModulesInManaged (2ms)
			SetLoadedEditorAssemblies (6ms)
			BeforeProcessingInitializeOnLoad (204ms)
			ProcessInitializeOnLoadAttributes (518ms)
			ProcessInitializeOnLoadMethodAttributes (141ms)
			AfterProcessingInitializeOnLoad (8ms)
			EditorAssembliesLoaded (0ms)
		ExecutionOrderSort2 (0ms)
		AwakeInstancesAfterBackupRestoration (7ms)
Launched and connected shader compiler UnityShaderCompiler.exe after 0.01 seconds
Refreshing native plugins compatible for Editor in 1.98 ms, found 5 plugins.
Preloading 0 native plugins for Editor in 0.00 ms.
Unloading 17 Unused Serialized files (Serialized files now loaded: 0)
Unloading 7649 unused Assets / (5.1 MB). Loaded Objects now: 8481.
Memory consumption went from 165.7 MB to 160.6 MB.
Total: 11.655300 ms (FindLiveObjects: 1.166900 ms CreateObjectMapping: 1.589900 ms MarkObjects: 6.383800 ms  DeleteObjects: 2.513400 ms)

========================================================================
Received Import Request.
  Time since last request: 125678.130562 seconds.
  path: Assets/Dialogue/Isabelle/Day4/Seq 1/IsabellaD4S1N 5.asset
  artifactKey: Guid(278f7a2167277d048ab4adf409da8151) Importer(2089858483,b0f066a214c2f5e87bad3c948f4d605d)
Start importing Assets/Dialogue/Isabelle/Day4/Seq 1/IsabellaD4S1N 5.asset using Guid(278f7a2167277d048ab4adf409da8151) Importer(2089858483,b0f066a214c2f5e87bad3c948f4d605d) (ScriptedImporter) -> (artifact id: 'd6081ee9f1e09a8e4ea4dad14f735b34') in 0.1830436 seconds
Number of updated asset objects reloaded before import = 0Number of asset objects unloaded after import = 13

========================================================================
Received Import Request.
  Time since last request: 9.938691 seconds.
  path: Assets/Dialogue/Isabelle/Day4/Seq 1/IsabellaD4S1N 15.asset
  artifactKey: Guid(0e2d9c4f23dc06c44a4f3560ec68a837) Importer(2089858483,b0f066a214c2f5e87bad3c948f4d605d)
Start importing Assets/Dialogue/Isabelle/Day4/Seq 1/IsabellaD4S1N 15.asset using Guid(0e2d9c4f23dc06c44a4f3560ec68a837) Importer(2089858483,b0f066a214c2f5e87bad3c948f4d605d) (ScriptedImporter) -> (artifact id: '8e53210348c0b517450f126f9cab1149') in 0.0231405 seconds
Number of updated asset objects reloaded before import = 0Number of asset objects unloaded after import = 3

========================================================================
Received Import Request.
  Time since last request: 0.000020 seconds.
  path: Assets/Dialogue/Isabelle/Day4/Seq 1/IsabellaD4S1N 9.asset
  artifactKey: Guid(32d6f676a126d854b9cb840865fece50) Importer(2089858483,b0f066a214c2f5e87bad3c948f4d605d)
Start importing Assets/Dialogue/Isabelle/Day4/Seq 1/IsabellaD4S1N 9.asset using Guid(32d6f676a126d854b9cb840865fece50) Importer(2089858483,b0f066a214c2f5e87bad3c948f4d605d) (ScriptedImporter) -> (artifact id: 'e27cfea2f9fb9142ef337a77de57fd29') in 0.0183686 seconds
Number of updated asset objects reloaded before import = 0Number of asset objects unloaded after import = 9

========================================================================
Received Import Request.
  Time since last request: 0.000028 seconds.
  path: Assets/Dialogue/Isabelle/Day4/Seq 2/IsabellaD4S2N1 2.asset
  artifactKey: Guid(2628a23baf4e49c49baa7832eaf0dddc) Importer(2089858483,b0f066a214c2f5e87bad3c948f4d605d)
Start importing Assets/Dialogue/Isabelle/Day4/Seq 2/IsabellaD4S2N1 2.asset using Guid(2628a23baf4e49c49baa7832eaf0dddc) Importer(2089858483,b0f066a214c2f5e87bad3c948f4d605d) (ScriptedImporter) -> (artifact id: '96053750655a74901866cbf3a8cfc428') in 0.0162265 seconds
Number of updated asset objects reloaded before import = 0Number of asset objects unloaded after import = 1

========================================================================
Received Import Request.
  Time since last request: 0.000018 seconds.
  path: Assets/Dialogue/Isabelle/Day4/Seq 1/IsabellaD4S1N 3.asset
  artifactKey: Guid(1cafb7cf2c4b3114f9e38d584c118666) Importer(2089858483,b0f066a214c2f5e87bad3c948f4d605d)
Start importing Assets/Dialogue/Isabelle/Day4/Seq 1/IsabellaD4S1N 3.asset using Guid(1cafb7cf2c4b3114f9e38d584c118666) Importer(2089858483,b0f066a214c2f5e87bad3c948f4d605d) (ScriptedImporter) -> (artifact id: '994f7eaf3030c190df97a82e4ff42b0b') in 0.021037 seconds
Number of updated asset objects reloaded before import = 0Number of asset objects unloaded after import = 15

========================================================================
Received Import Request.
  Time since last request: 0.000024 seconds.
  path: Assets/Dialogue/Isabelle/Day4/Seq 2/IsabellaD4S2N1 4.asset
  artifactKey: Guid(ad9fc01ee1dfd6b4e8b194f7419d8be1) Importer(2089858483,b0f066a214c2f5e87bad3c948f4d605d)
Start importing Assets/Dialogue/Isabelle/Day4/Seq 2/IsabellaD4S2N1 4.asset using Guid(ad9fc01ee1dfd6b4e8b194f7419d8be1) Importer(2089858483,b0f066a214c2f5e87bad3c948f4d605d) (ScriptedImporter) -> (artifact id: '87fae7362b05304ce440a6d50ca8c50b') in 0.0165778 seconds
Number of updated asset objects reloaded before import = 0Number of asset objects unloaded after import = 1

========================================================================
Received Import Request.
  Time since last request: 0.000018 seconds.
  path: Assets/Dialogue/Isabelle/Day4/Seq 2/IsabellaD4S2N1 5.asset
  artifactKey: Guid(1c4c238fbb44a464f86914c8dcb8f97b) Importer(2089858483,b0f066a214c2f5e87bad3c948f4d605d)
Start importing Assets/Dialogue/Isabelle/Day4/Seq 2/IsabellaD4S2N1 5.asset using Guid(1c4c238fbb44a464f86914c8dcb8f97b) Importer(2089858483,b0f066a214c2f5e87bad3c948f4d605d) (ScriptedImporter) -> (artifact id: '9fd82990bbd6a00f6883fbe962925f4e') in 0.0146455 seconds
Number of updated asset objects reloaded before import = 0Number of asset objects unloaded after import = 1

========================================================================
Received Import Request.
  Time since last request: 337.817482 seconds.
  path: Assets/Dialogue/Isabelle/Day4/Seq 2/IsabellaD4S2N5A.asset
  artifactKey: Guid(1c4c238fbb44a464f86914c8dcb8f97b) Importer(2089858483,b0f066a214c2f5e87bad3c948f4d605d)
Start importing Assets/Dialogue/Isabelle/Day4/Seq 2/IsabellaD4S2N5A.asset using Guid(1c4c238fbb44a464f86914c8dcb8f97b) Importer(2089858483,b0f066a214c2f5e87bad3c948f4d605d) (ScriptedImporter) -> (artifact id: '781bf9384560350f9747c833e8c416ec') in 0.0167818 seconds
Number of updated asset objects reloaded before import = 0Number of asset objects unloaded after import = 2

========================================================================
Received Import Request.
  Time since last request: 0.000020 seconds.
  path: Assets/Dialogue/Isabelle/Day4/Seq 2/IsabellaD4S2N3A.asset
  artifactKey: Guid(9d3df9eca608cd04ea18db0c5be1c21a) Importer(2089858483,b0f066a214c2f5e87bad3c948f4d605d)
Start importing Assets/Dialogue/Isabelle/Day4/Seq 2/IsabellaD4S2N3A.asset using Guid(9d3df9eca608cd04ea18db0c5be1c21a) Importer(2089858483,b0f066a214c2f5e87bad3c948f4d605d) (ScriptedImporter) -> (artifact id: '93b3fa1fbf590d7657d637e9da827fec') in 0.0153455 seconds
Number of updated asset objects reloaded before import = 0Number of asset objects unloaded after import = 4

========================================================================
Received Import Request.
  Time since last request: 0.000026 seconds.
  path: Assets/Dialogue/Isabelle/Day4/Seq 2/IsabellaD4S2N2B.asset
  artifactKey: Guid(2628a23baf4e49c49baa7832eaf0dddc) Importer(2089858483,b0f066a214c2f5e87bad3c948f4d605d)
Start importing Assets/Dialogue/Isabelle/Day4/Seq 2/IsabellaD4S2N2B.asset using Guid(2628a23baf4e49c49baa7832eaf0dddc) Importer(2089858483,b0f066a214c2f5e87bad3c948f4d605d) (ScriptedImporter) -> (artifact id: '353936d182edd8920b11d5a5ede1005b') in 0.0149603 seconds
Number of updated asset objects reloaded before import = 0Number of asset objects unloaded after import = 1

========================================================================
Received Import Request.
  Time since last request: 0.000031 seconds.
  path: Assets/Dialogue/Isabelle/Day4/Seq 2/IsabellaD4S2N2A.asset
  artifactKey: Guid(82bddaca47898744e936e73cc8466685) Importer(2089858483,b0f066a214c2f5e87bad3c948f4d605d)
Start importing Assets/Dialogue/Isabelle/Day4/Seq 2/IsabellaD4S2N2A.asset using Guid(82bddaca47898744e936e73cc8466685) Importer(2089858483,b0f066a214c2f5e87bad3c948f4d605d) (ScriptedImporter) -> (artifact id: '5c0cfe4eacfe18d3562ffafbc8c2bc78') in 0.0180908 seconds
Number of updated asset objects reloaded before import = 0Number of asset objects unloaded after import = 5

========================================================================
Received Import Request.
  Time since last request: 59.916056 seconds.
  path: Assets/Dialogue/Heri/Day4/Seq 1/HeriD4S1N 2.asset
  artifactKey: Guid(d353adf77d809b1429f6f9f5de619620) Importer(2089858483,b0f066a214c2f5e87bad3c948f4d605d)
Start importing Assets/Dialogue/Heri/Day4/Seq 1/HeriD4S1N 2.asset using Guid(d353adf77d809b1429f6f9f5de619620) Importer(2089858483,b0f066a214c2f5e87bad3c948f4d605d) (ScriptedImporter) -> (artifact id: '7b992e7d4a7fc96ac40e0339dc695acd') in 0.0168639 seconds
Number of updated asset objects reloaded before import = 0Number of asset objects unloaded after import = 1

========================================================================
Received Import Request.
  Time since last request: 0.000021 seconds.
  path: Assets/Dialogue/Heri/Day4/Seq 1/HeriD4S1N 6.asset
  artifactKey: Guid(d10cff452841d934595b1270332d2fc8) Importer(2089858483,b0f066a214c2f5e87bad3c948f4d605d)
Start importing Assets/Dialogue/Heri/Day4/Seq 1/HeriD4S1N 6.asset using Guid(d10cff452841d934595b1270332d2fc8) Importer(2089858483,b0f066a214c2f5e87bad3c948f4d605d) (ScriptedImporter) -> (artifact id: '1ffa1c8d0576746e9bb2a7ee6e8c5b65') in 0.0196367 seconds
Number of updated asset objects reloaded before import = 0Number of asset objects unloaded after import = 1

========================================================================
Received Import Request.
  Time since last request: 0.000048 seconds.
  path: Assets/Dialogue/Heri/Day4/Seq 1/HeriD4S1N 4.asset
  artifactKey: Guid(e13200f0decdb214abec2e5817a8cdee) Importer(2089858483,b0f066a214c2f5e87bad3c948f4d605d)
Start importing Assets/Dialogue/Heri/Day4/Seq 1/HeriD4S1N 4.asset using Guid(e13200f0decdb214abec2e5817a8cdee) Importer(2089858483,b0f066a214c2f5e87bad3c948f4d605d) (ScriptedImporter) -> (artifact id: 'fdff8eca5a75b1cd31c546128c62a08b') in 0.0181348 seconds
Number of updated asset objects reloaded before import = 0Number of asset objects unloaded after import = 1

========================================================================
Received Import Request.
  Time since last request: 0.000033 seconds.
  path: Assets/Dialogue/Heri/Day4/Seq 1/HeriD4S1N 7.asset
  artifactKey: Guid(3aeabec1fdc500645b7feaa95dcaf5a8) Importer(2089858483,b0f066a214c2f5e87bad3c948f4d605d)
Start importing Assets/Dialogue/Heri/Day4/Seq 1/HeriD4S1N 7.asset using Guid(3aeabec1fdc500645b7feaa95dcaf5a8) Importer(2089858483,b0f066a214c2f5e87bad3c948f4d605d) (ScriptedImporter) -> (artifact id: '036c6912fc551e2fd9a1d0beef1b7266') in 0.0180256 seconds
Number of updated asset objects reloaded before import = 0Number of asset objects unloaded after import = 1

========================================================================
Received Import Request.
  Time since last request: 157.602697 seconds.
  path: Assets/Dialogue/Heri/Day4/Seq 2
  artifactKey: Guid(47d35596de7acce438faa7ffa7e422a3) Importer(815301076,1909f56bfc062723c751e8b465ee728b)
Start importing Assets/Dialogue/Heri/Day4/Seq 2 using Guid(47d35596de7acce438faa7ffa7e422a3) Importer(815301076,1909f56bfc062723c751e8b465ee728b) (PreviewImporter) -> (artifact id: 'f22da6128ee4a2455b3cee8be4349a26') in 0.0008414 seconds
Number of updated asset objects reloaded before import = 0Number of asset objects unloaded after import = 0

========================================================================
Received Import Request.
  Time since last request: 15.805485 seconds.
  path: Assets/Dialogue/Heri/Day4/Seq 2/HeriD4S2N1.asset
  artifactKey: Guid(17c91fe7fa42d934f9efdf51b98b8ccf) Importer(815301076,1909f56bfc062723c751e8b465ee728b)
Start importing Assets/Dialogue/Heri/Day4/Seq 2/HeriD4S2N1.asset using Guid(17c91fe7fa42d934f9efdf51b98b8ccf) Importer(815301076,1909f56bfc062723c751e8b465ee728b) (PreviewImporter) -> (artifact id: '896ada8876f9ac5066b7dc952d3cf838') in 0.0155751 seconds
Number of updated asset objects reloaded before import = 0Number of asset objects unloaded after import = 1

========================================================================
Received Import Request.
  Time since last request: 0.932263 seconds.
  path: Assets/Dialogue/Heri/Day4/Seq 2/HeriD4S2N1.asset
  artifactKey: Guid(17c91fe7fa42d934f9efdf51b98b8ccf) Importer(2089858483,b0f066a214c2f5e87bad3c948f4d605d)
Start importing Assets/Dialogue/Heri/Day4/Seq 2/HeriD4S2N1.asset using Guid(17c91fe7fa42d934f9efdf51b98b8ccf) Importer(2089858483,b0f066a214c2f5e87bad3c948f4d605d) (ScriptedImporter) -> (artifact id: '20272e5637f55be9a1b5747e85d00865') in 0.01535 seconds
Number of updated asset objects reloaded before import = 0Number of asset objects unloaded after import = 1

========================================================================
Received Import Request.
  Time since last request: 145.905135 seconds.
  path: Assets/Dialogue/Bani/Day 5/Seq 1
  artifactKey: Guid(bf1602c711138d04580f90d79823c3b4) Importer(815301076,1909f56bfc062723c751e8b465ee728b)
Start importing Assets/Dialogue/Bani/Day 5/Seq 1 using Guid(bf1602c711138d04580f90d79823c3b4) Importer(815301076,1909f56bfc062723c751e8b465ee728b) (PreviewImporter) -> (artifact id: '2b672e1db74151520772ea0a4d4d2206') in 0.0005945 seconds
Number of updated asset objects reloaded before import = 0Number of asset objects unloaded after import = 0

========================================================================
Received Import Request.
  Time since last request: 15.691292 seconds.
  path: Assets/Dialogue/Bani/Day 5/Seq 1/BaniD5S1N 1.asset
  artifactKey: Guid(0bc1dbcab3faf4b4bb55612fadedcb80) Importer(815301076,1909f56bfc062723c751e8b465ee728b)
Start importing Assets/Dialogue/Bani/Day 5/Seq 1/BaniD5S1N 1.asset using Guid(0bc1dbcab3faf4b4bb55612fadedcb80) Importer(815301076,1909f56bfc062723c751e8b465ee728b) (PreviewImporter) -> (artifact id: '7eb15593dee3067d5532afc133728150') in 0.0011232 seconds
Number of updated asset objects reloaded before import = 0Number of asset objects unloaded after import = 1

========================================================================
Received Import Request.
  Time since last request: 0.947678 seconds.
  path: Assets/Dialogue/Bani/Day 5/Seq 1/BaniD5S1N 1.asset
  artifactKey: Guid(0bc1dbcab3faf4b4bb55612fadedcb80) Importer(2089858483,b0f066a214c2f5e87bad3c948f4d605d)
Start importing Assets/Dialogue/Bani/Day 5/Seq 1/BaniD5S1N 1.asset using Guid(0bc1dbcab3faf4b4bb55612fadedcb80) Importer(2089858483,b0f066a214c2f5e87bad3c948f4d605d) (ScriptedImporter) -> (artifact id: '49411d16e1af4700428864e7dd13af37') in 0.0142716 seconds
Number of updated asset objects reloaded before import = 0Number of asset objects unloaded after import = 1

========================================================================
Received Import Request.
  Time since last request: 2.588897 seconds.
  path: Assets/Dialogue/Bani/Day 5/Seq 1/BaniD5S1N 2.asset
  artifactKey: Guid(3cb0b43f735fdeb4ebe5c64203f22aa8) Importer(815301076,1909f56bfc062723c751e8b465ee728b)
Start importing Assets/Dialogue/Bani/Day 5/Seq 1/BaniD5S1N 2.asset using Guid(3cb0b43f735fdeb4ebe5c64203f22aa8) Importer(815301076,1909f56bfc062723c751e8b465ee728b) (PreviewImporter) -> (artifact id: '3d85cffcb91922fcd9862b4dacea8210') in 0.0010749 seconds
Number of updated asset objects reloaded before import = 0Number of asset objects unloaded after import = 1

========================================================================
Received Import Request.
  Time since last request: 0.382567 seconds.
  path: Assets/Dialogue/Bani/Day 5/Seq 1/BaniD5S1N 3.asset
  artifactKey: Guid(c60a7e56cef877844b84309d16f30ce5) Importer(815301076,1909f56bfc062723c751e8b465ee728b)
Start importing Assets/Dialogue/Bani/Day 5/Seq 1/BaniD5S1N 3.asset using Guid(c60a7e56cef877844b84309d16f30ce5) Importer(815301076,1909f56bfc062723c751e8b465ee728b) (PreviewImporter) -> (artifact id: 'cbd6ce2f065848d0643c4644a5fb1173') in 0.0011384 seconds
Number of updated asset objects reloaded before import = 0Number of asset objects unloaded after import = 1

========================================================================
Received Import Request.
  Time since last request: 0.191454 seconds.
  path: Assets/Dialogue/Bani/Day 5/Seq 1/BaniD5S1N 4.asset
  artifactKey: Guid(f11ac46ddd4e42b478c0e25e5379f1f0) Importer(815301076,1909f56bfc062723c751e8b465ee728b)
Start importing Assets/Dialogue/Bani/Day 5/Seq 1/BaniD5S1N 4.asset using Guid(f11ac46ddd4e42b478c0e25e5379f1f0) Importer(815301076,1909f56bfc062723c751e8b465ee728b) (PreviewImporter) -> (artifact id: 'a22815750416bd784bf372138b0b7dfc') in 0.0011 seconds
Number of updated asset objects reloaded before import = 0Number of asset objects unloaded after import = 1

========================================================================
Received Import Request.
  Time since last request: 0.172440 seconds.
  path: Assets/Dialogue/Bani/Day 5/Seq 1/BaniD5S1N 5.asset
  artifactKey: Guid(de5ac5cb340e5844e9b538df7e820ac8) Importer(815301076,1909f56bfc062723c751e8b465ee728b)
Start importing Assets/Dialogue/Bani/Day 5/Seq 1/BaniD5S1N 5.asset using Guid(de5ac5cb340e5844e9b538df7e820ac8) Importer(815301076,1909f56bfc062723c751e8b465ee728b) (PreviewImporter) -> (artifact id: 'eaf3754679b940fc2eee0c47679d2784') in 0.0012843 seconds
Number of updated asset objects reloaded before import = 0Number of asset objects unloaded after import = 1

========================================================================
Received Import Request.
  Time since last request: 0.121183 seconds.
  path: Assets/Dialogue/Bani/Day 5/Seq 1/BaniD5S1N 6.asset
  artifactKey: Guid(482eecde01a4d454bb8c3ad0d0c623ae) Importer(815301076,1909f56bfc062723c751e8b465ee728b)
Start importing Assets/Dialogue/Bani/Day 5/Seq 1/BaniD5S1N 6.asset using Guid(482eecde01a4d454bb8c3ad0d0c623ae) Importer(815301076,1909f56bfc062723c751e8b465ee728b) (PreviewImporter) -> (artifact id: '58ae9a4520b07177376257a15a0a06f7') in 0.0010492 seconds
Number of updated asset objects reloaded before import = 0Number of asset objects unloaded after import = 1

========================================================================
Received Import Request.
  Time since last request: 1.907649 seconds.
  path: Assets/Dialogue/Heri/Day4/Seq 1/HeriD4S1N 1.asset
  artifactKey: Guid(2c155cdbda904af469590870710be81e) Importer(2089858483,b0f066a214c2f5e87bad3c948f4d605d)
Start importing Assets/Dialogue/Heri/Day4/Seq 1/HeriD4S1N 1.asset using Guid(2c155cdbda904af469590870710be81e) Importer(2089858483,b0f066a214c2f5e87bad3c948f4d605d) (ScriptedImporter) -> (artifact id: '2dc09a777841f3622d37c21b848b07ce') in 0.0223427 seconds
Number of updated asset objects reloaded before import = 0Number of asset objects unloaded after import = 10

========================================================================
Received Import Request.
  Time since last request: 0.000018 seconds.
  path: Assets/Dialogue/Bani/Day 5/Seq 1/BaniD5S1N 4.asset
  artifactKey: Guid(f11ac46ddd4e42b478c0e25e5379f1f0) Importer(2089858483,b0f066a214c2f5e87bad3c948f4d605d)
Start importing Assets/Dialogue/Bani/Day 5/Seq 1/BaniD5S1N 4.asset using Guid(f11ac46ddd4e42b478c0e25e5379f1f0) Importer(2089858483,b0f066a214c2f5e87bad3c948f4d605d) (ScriptedImporter) -> (artifact id: 'e1a9b526f74b5d14e1750c684e2c1a73') in 0.0175446 seconds
Number of updated asset objects reloaded before import = 0Number of asset objects unloaded after import = 1

========================================================================
Received Import Request.
  Time since last request: 0.000030 seconds.
  path: Assets/Dialogue/Bani/Day 5/Seq 1/BaniD5S1N 5.asset
  artifactKey: Guid(de5ac5cb340e5844e9b538df7e820ac8) Importer(2089858483,b0f066a214c2f5e87bad3c948f4d605d)
Start importing Assets/Dialogue/Bani/Day 5/Seq 1/BaniD5S1N 5.asset using Guid(de5ac5cb340e5844e9b538df7e820ac8) Importer(2089858483,b0f066a214c2f5e87bad3c948f4d605d) (ScriptedImporter) -> (artifact id: 'b1f97c9289896a0fc22b77b061efb243') in 0.0165981 seconds
Number of updated asset objects reloaded before import = 0Number of asset objects unloaded after import = 1

========================================================================
Received Import Request.
  Time since last request: 0.000017 seconds.
  path: Assets/Dialogue/Bani/Day 5/Seq 1/BaniD5S1N 3.asset
  artifactKey: Guid(c60a7e56cef877844b84309d16f30ce5) Importer(2089858483,b0f066a214c2f5e87bad3c948f4d605d)
Start importing Assets/Dialogue/Bani/Day 5/Seq 1/BaniD5S1N 3.asset using Guid(c60a7e56cef877844b84309d16f30ce5) Importer(2089858483,b0f066a214c2f5e87bad3c948f4d605d) (ScriptedImporter) -> (artifact id: '490c014f5c061beb172fa7edfd466bc7') in 0.0187416 seconds
Number of updated asset objects reloaded before import = 0Number of asset objects unloaded after import = 1

========================================================================
Received Import Request.
  Time since last request: 0.000015 seconds.
  path: Assets/Dialogue/Heri/Day4/Seq 1/HeriD4S1N 5.asset
  artifactKey: Guid(ec3bbf7eec5654f4a99e5d0312611a37) Importer(2089858483,b0f066a214c2f5e87bad3c948f4d605d)
Start importing Assets/Dialogue/Heri/Day4/Seq 1/HeriD4S1N 5.asset using Guid(ec3bbf7eec5654f4a99e5d0312611a37) Importer(2089858483,b0f066a214c2f5e87bad3c948f4d605d) (ScriptedImporter) -> (artifact id: '43d92fe5a6eae494370944887c679c29') in 0.0178083 seconds
Number of updated asset objects reloaded before import = 0Number of asset objects unloaded after import = 6

========================================================================
Received Import Request.
  Time since last request: 0.000020 seconds.
  path: Assets/Dialogue/Heri/Day4/Seq 1/HeriD4S1N 4.asset
  artifactKey: Guid(e13200f0decdb214abec2e5817a8cdee) Importer(2089858483,b0f066a214c2f5e87bad3c948f4d605d)
Start importing Assets/Dialogue/Heri/Day4/Seq 1/HeriD4S1N 4.asset using Guid(e13200f0decdb214abec2e5817a8cdee) Importer(2089858483,b0f066a214c2f5e87bad3c948f4d605d) (ScriptedImporter) -> (artifact id: 'ff1ce9ecb429a7254db6fa4926005919') in 0.0202896 seconds
Number of updated asset objects reloaded before import = 0Number of asset objects unloaded after import = 7

========================================================================
Received Import Request.
  Time since last request: 0.000024 seconds.
  path: Assets/Dialogue/Heri/Day4/Seq 1/HeriD4S1N 7.asset
  artifactKey: Guid(3aeabec1fdc500645b7feaa95dcaf5a8) Importer(2089858483,b0f066a214c2f5e87bad3c948f4d605d)
Start importing Assets/Dialogue/Heri/Day4/Seq 1/HeriD4S1N 7.asset using Guid(3aeabec1fdc500645b7feaa95dcaf5a8) Importer(2089858483,b0f066a214c2f5e87bad3c948f4d605d) (ScriptedImporter) -> (artifact id: '99f88f811843fbe39b49f103388b6546') in 0.0182855 seconds
Number of updated asset objects reloaded before import = 0Number of asset objects unloaded after import = 4

Editor requested this worker to shutdown with reason: Scaling down because of idle timeout
AssetImportWorker is now disconnected from the server
Process exiting
Exiting without the bug reporter. Application will terminate with return code 0