[Licensing::Module] Trying to connect to existing licensing client channel...
Built from '6000.3/staging' branch; Version is '6000.3.16f1 (a56f230f6470) revision 10841891'; Using compiler version '194234433'; Build Type 'Release'
OS: 'Windows 11  (10.0.26100) CoreSingleLanguage' Language: 'en' Physical Memory: 32108 MB
[Licensing::IpcConnector] Successfully connected to: "LicenseClient-User" at "2026-07-16T21:05:47.4230433Z"
BatchMode: 1, IsHumanControllingUs: 0, StartBugReporterOnCrash: 0, Is64bit: 1
System  architecture: x64
Process architecture: x64
Date: 2026-07-16T21:05:47Z

COMMAND LINE ARGUMENTS:
C:\Program Files\Unity\Hub\Editor\6000.3.16f1\Editor\Unity.exe
-adb2
-batchMode
-noUpm
-name
AssetImportWorker12
-projectPath
D:/Unity Projects/ExitAnt-IAT312-P1/312_Assignment2
-logFile
Logs/AssetImportWorker12.log
-srvPort
49722
-licensingIpc
LicenseClient-User
-job-worker-count
7
-background-job-worker-count
8
-gc-helper-count
1
-name
AssetImport
Successfully changed project path to: D:/Unity Projects/ExitAnt-IAT312-P1/312_Assignment2
D:/Unity Projects/ExitAnt-IAT312-P1/312_Assignment2
[UnityMemory] Configuration Parameters - Can be set up in boot.config
    "memorysetup-temp-allocator-size-nav-mesh-worker=65536"
    "memorysetup-temp-allocator-size-audio-worker=65536"
    "memorysetup-temp-allocator-size-gfx=262144"
    "memorysetup-allocator-temp-initial-block-size-main=262144"
    "memorysetup-allocator-temp-initial-block-size-worker=262144"
    "memorysetup-temp-allocator-size-background-worker=32768"
    "memorysetup-temp-allocator-size-job-worker=262144"
    "memorysetup-temp-allocator-size-preload-manager=33554432"
    "memorysetup-temp-allocator-size-gi-baking-worker=262144"
    "memorysetup-temp-allocator-size-gi-baking-worker=262144"
    "memorysetup-temp-allocator-size-gi-baking-worker=262144"
    "memorysetup-temp-allocator-size-gi-baking-worker=262144"
    "memorysetup-temp-allocator-size-gi-baking-worker=262144"
    "memorysetup-bucket-allocator-granularity=16"
    "memorysetup-bucket-allocator-bucket-count=8"
    "memorysetup-bucket-allocator-block-size=33554432"
    "memorysetup-bucket-allocator-block-count=8"
    "memorysetup-main-allocator-block-size=16777216"
    "memorysetup-thread-allocator-block-size=16777216"
    "memorysetup-gfx-main-allocator-block-size=16777216"
    "memorysetup-gfx-thread-allocator-block-size=16777216"
    "memorysetup-cache-allocator-block-size=4194304"
    "memorysetup-typetree-allocator-block-size=2097152"
    "memorysetup-profiler-bucket-allocator-granularity=16"
    "memorysetup-profiler-bucket-allocator-bucket-count=8"
    "memorysetup-profiler-bucket-allocator-block-size=33554432"
    "memorysetup-profiler-bucket-allocator-block-count=8"
    "memorysetup-profiler-allocator-block-size=16777216"
    "memorysetup-profiler-editor-allocator-block-size=1048576"
    "memorysetup-temp-allocator-size-main=16777216"
    "memorysetup-job-temp-allocator-block-size=2097152"
    "memorysetup-job-temp-allocator-block-size-background=1048576"
    "memorysetup-job-temp-allocator-reduction-small-platforms=262144"
    "memorysetup-temp-allocator-size-cloud-worker=32768"
Player connection [34812]  Target information:

Player connection [34812]  * "[IP] 192.168.1.97 [Port] 0 [Flags] 2 [Guid] 1080395288 [EditorId] 1080395288 [Version] 1048832 [Id] WindowsEditor(7,DESKTOP-OVH4FSK) [Debug] 1 [PackageName] WindowsEditor [ProjectName] Editor" 

Player connection [34812] Host joined multi-casting on [225.0.0.222:54997]...
Player connection [34812] Host joined alternative multi-casting on [225.0.0.222:34997]...
JobSystem: Creating JobQueue using job-worker-count value 7
Input System module state changed to: Initialized.
[Physics::Module] Initialized fallback backend.
[Physics::Module] Id: 0xdecafbad
Library Redirect Path: Library/
[Physics::Module] Selected backend.
[Physics::Module] Name: PhysX
[Physics::Module] Id: 0xf2b8ea05
[Physics::Module] SDK Version: 4.1.2
[Physics::Module] Integration Version: 1.0.0
[Physics::Module] Threading Mode: Multi-Threaded
Refreshing native plugins compatible for Editor in 8.61 ms, found 5 plugins.
Preloading 0 native plugins for Editor in 0.00 ms.
Initialize engine version: 6000.3.16f1 (a56f230f6470)
[Subsystems] Discovering subsystems at path C:/Program Files/Unity/Hub/Editor/6000.3.16f1/Editor/Data/Resources/UnitySubsystems
[Subsystems] Discovering subsystems at path D:/Unity Projects/ExitAnt-IAT312-P1/312_Assignment2/Assets
GfxDevice: creating device client; kGfxThreadingModeNonThreaded
d3d12: failed to query info queue interface (0x80004002).
Direct3D:
    Version:         Direct3D 12 [level 12.2]
    Renderer:        NVIDIA GeForce RTX 3060 Laptop GPU (ID=0x2520)
    Vendor:          NVIDIA
    VRAM:            5996 MB
    App VRAM Budget: 5228 MB
    Driver:          32.0.15.8088
Initialize mono
Mono path[0] = 'C:/Program Files/Unity/Hub/Editor/6000.3.16f1/Editor/Data/Managed'
Mono path[1] = 'C:/Program Files/Unity/Hub/Editor/6000.3.16f1/Editor/Data/MonoBleedingEdge/lib/mono/unityjit-win32'
Mono config path = 'C:/Program Files/Unity/Hub/Editor/6000.3.16f1/Editor/Data/MonoBleedingEdge/etc'
Using monoOptions --debugger-agent=transport=dt_socket,embedding=1,server=y,suspend=n,address=127.0.0.1:56544
Begin MonoManager ReloadAssembly
[Licensing::Client] Error: HandshakeResponse reported an error:
	ResponseCode: 505
	ResponseStatus: Unsupported protocol version '1.18.1'.
[Licensing::Module] Error: Failed to handshake to channel: "LicenseClient-User"
[Licensing::IpcConnector] LicenseClient-User channel disconnected successfully.
[Licensing::IpcConnector] Successfully connected to: "LicenseClient-User-6000.3.16" at "2026-07-16T21:05:49.0555569Z"
[Licensing::Client] Code 10 while verifying Licensing Client signature (process Id: 29352, path: "C:/Program Files/Unity/Hub/Editor/6000.3.16f1/Editor/Data/Resources/Licensing/Client/Unity.Licensing.Client.exe")
[Licensing::Module] LicensingClient has failed validation; ignoring
[Licensing::Client] Handshaking with LicensingClient:
  Version:                 1.18.1+9fbee8e
  Session Id:              7ce4326a03474478a6fc0fb2a589364c
  Correlation Id:          47882071dff180c034864f0352291f7f
  External correlation Id: 115197030754520514
  Machine Id:              NKcRUsz1GwU4Q4WJtDcG2fyxkZM=
[Licensing::Module] Successfully connected to LicensingClient on channel: "LicenseClient-User-6000.3.16" (connect: 0.00s, validation: 0.00s, handshake: 0.01s)
[Licensing::IpcConnector] Successfully connected to: "LicenseClient-User-6000.3.16-notifications" at "2026-07-16T21:05:49.0648186Z"
[Licensing::Module] Licensing Background thread has ended after 1.64s
Registering precompiled unity dll's ...
Register platform support module: C:/Program Files/Unity/Hub/Editor/6000.3.16f1/Editor/Data/PlaybackEngines/WindowsStandaloneSupport/UnityEditor.WindowsStandalone.Extensions.dll
Registered in 0.002925 seconds.
- Loaded All Assemblies, in  0.587 seconds
Native extension for WindowsStandalone target not found
Package Manager log level set to [2]
[Package Manager] Failed to launch server process. Reason: Unity was launched with the -noUpm command-line argument
[Package Manager] Unable to send message (not connected to server process).
[Package Manager] Cannot connect to Unity Package Manager local server
ScheduleIndexationOnStartup MainProcess:False IndexOnStartup:True
Mono: successfully reloaded assembly
- Finished resetting the current domain, in  0.540 seconds
Domain Reload Profiling: 1123ms
	BeginReloadAssembly (197ms)
		ExecutionOrderSort (0ms)
		DisableScriptedObjects (0ms)
		BackupInstance (0ms)
		ReleaseScriptingObjects (0ms)
		CreateAndSetChildDomain (1ms)
	RebuildCommonClasses (55ms)
	RebuildNativeTypeToScriptingClass (18ms)
	initialDomainReloadingComplete (70ms)
	LoadAllAssembliesAndSetupDomain (242ms)
		LoadAssemblies (190ms)
		RebuildTransferFunctionScriptingTraits (0ms)
		AnalyzeDomain (238ms)
			TypeCache.Refresh (236ms)
				TypeCache.ScanAssembly (218ms)
			BuildScriptInfoCaches (0ms)
			ResolveRequiredComponents (1ms)
	FinalizeReload (541ms)
		ReleaseScriptCaches (0ms)
		RebuildScriptCaches (0ms)
		SetupLoadedEditorAssemblies (476ms)
			LogAssemblyErrors (0ms)
			InitializePlatformSupportModulesInManaged (77ms)
			SetLoadedEditorAssemblies (5ms)
			BeforeProcessingInitializeOnLoad (117ms)
			ProcessInitializeOnLoadAttributes (184ms)
			ProcessInitializeOnLoadMethodAttributes (93ms)
			AfterProcessingInitializeOnLoad (0ms)
			EditorAssembliesLoaded (0ms)
		ExecutionOrderSort2 (0ms)
		AwakeInstancesAfterBackupRestoration (0ms)
Assembly reference Packages/com.unity.cinemachine/Editor/Samples/ExposeHDRPInternals/HDRP-Editor-ref.asmref has no target assembly definition
========================================================================
Worker process is ready to serve import requests
Import Worker Mode flag is 0x00
Assembly reference Packages/com.unity.cinemachine/Editor/Samples/ExposeHDRPInternals/HDRP-Editor-ref.asmref has no target assembly definition
Assembly reference Packages/com.unity.cinemachine/Editor/Samples/ExposeHDRPInternals/HDRP-Editor-ref.asmref has no target assembly definition
Begin MonoManager ReloadAssembly
[Licensing::Client] Successfully resolved entitlement details
[Licensing::Module] License group:
  Id: 3574399251830-UnityPersXXXX
  Product: Unity Personal
  Type: Assigned
  Expiration: Unlimited
- Loaded All Assemblies, in  1.203 seconds
Assembly reference Packages/com.unity.cinemachine/Editor/Samples/ExposeHDRPInternals/HDRP-Editor-ref.asmref has no target assembly definition
'Packages/com.unity.cinemachine/Editor/Obsolete/CinemachineVirtualCameraBaseEditor.cs' contains partial class of Unity.Object, exactly 1 of the partial classes needs to be in a file with the same filename. This is to know the one that can be referenced from ie. GameObjects
'Packages/com.unity.cinemachine/Editor/Editors/CinemachineVirtualCameraBaseEditor.cs' contains partial class of Unity.Object, exactly 1 of the partial classes needs to be in a file with the same filename. This is to know the one that can be referenced from ie. GameObjects
Refreshing native plugins compatible for Editor in 2.41 ms, found 5 plugins.
Native extension for WindowsStandalone target not found
Assembly reference Packages/com.unity.cinemachine/Editor/Samples/ExposeHDRPInternals/HDRP-Editor-ref.asmref has no target assembly definition
[Package Manager] Failed to launch server process. Reason: Unity was launched with the -noUpm command-line argument
[Package Manager] Unable to send message (not connected to server process).
[Package Manager] Cannot connect to Unity Package Manager local server
[Package Manager] Failed to launch server process. Reason: Unity was launched with the -noUpm command-line argument
[Package Manager] Unable to send message (not connected to server process).
[Package Manager] Cannot connect to Unity Package Manager local server
[Package Manager] Failed to launch server process. Reason: Unity was launched with the -noUpm command-line argument
[Package Manager] Unable to send message (not connected to server process).
[Package Manager] Cannot connect to Unity Package Manager local server
Refreshing native plugins compatible for Editor in 3.02 ms, found 5 plugins.
ScheduleIndexationOnStartup MainProcess:False IndexOnStartup:True
Mono: successfully reloaded assembly
- Finished resetting the current domain, in  1.361 seconds
Domain Reload Profiling: 2557ms
	BeginReloadAssembly (227ms)
		ExecutionOrderSort (0ms)
		DisableScriptedObjects (9ms)
		BackupInstance (0ms)
		ReleaseScriptingObjects (0ms)
		CreateAndSetChildDomain (33ms)
	RebuildCommonClasses (49ms)
	RebuildNativeTypeToScriptingClass (15ms)
	initialDomainReloadingComplete (56ms)
	LoadAllAssembliesAndSetupDomain (849ms)
		LoadAssemblies (518ms)
		RebuildTransferFunctionScriptingTraits (0ms)
		AnalyzeDomain (453ms)
			TypeCache.Refresh (315ms)
				TypeCache.ScanAssembly (292ms)
			BuildScriptInfoCaches (109ms)
			ResolveRequiredComponents (22ms)
	FinalizeReload (1361ms)
		ReleaseScriptCaches (0ms)
		RebuildScriptCaches (0ms)
		SetupLoadedEditorAssemblies (1151ms)
			LogAssemblyErrors (0ms)
			InitializePlatformSupportModulesInManaged (2ms)
			SetLoadedEditorAssemblies (6ms)
			BeforeProcessingInitializeOnLoad (252ms)
			ProcessInitializeOnLoadAttributes (692ms)
			ProcessInitializeOnLoadMethodAttributes (185ms)
			AfterProcessingInitializeOnLoad (14ms)
			EditorAssembliesLoaded (1ms)
		ExecutionOrderSort2 (0ms)
		AwakeInstancesAfterBackupRestoration (11ms)
Launched and connected shader compiler UnityShaderCompiler.exe after 0.01 seconds
Refreshing native plugins compatible for Editor in 2.69 ms, found 5 plugins.
Preloading 0 native plugins for Editor in 0.00 ms.
Unloading 17 Unused Serialized files (Serialized files now loaded: 0)
Unloading 7649 unused Assets / (5.6 MB). Loaded Objects now: 8481.
Memory consumption went from 163.9 MB to 158.3 MB.
Total: 12.244800 ms (FindLiveObjects: 0.881600 ms CreateObjectMapping: 1.019600 ms MarkObjects: 6.654300 ms  DeleteObjects: 3.688000 ms)

========================================================================
Received Import Request.
  Time since last request: 102694.070300 seconds.
  path: Assets/Dialogue/Pendi/Day1/Sequence1
  artifactKey: Guid(f8d01f7d1263327459ad09d757dc265e) Importer(2089858483,b0f066a214c2f5e87bad3c948f4d605d)
Start importing Assets/Dialogue/Pendi/Day1/Sequence1 using Guid(f8d01f7d1263327459ad09d757dc265e) Importer(2089858483,b0f066a214c2f5e87bad3c948f4d605d) (ScriptedImporter) -> (artifact id: 'f1dd9846b4c2b9802c51aa01be45b6ef') in 0.07383 seconds
Number of updated asset objects reloaded before import = 0Number of asset objects unloaded after import = 1

========================================================================
Received Import Request.
  Time since last request: 0.000021 seconds.
  path: Assets/Dialogue/Pendi/Day1/Sequence1/PendiD1S1N5B.asset
  artifactKey: Guid(b78a4e560c35fdb428a17d14332efee6) Importer(2089858483,b0f066a214c2f5e87bad3c948f4d605d)
Start importing Assets/Dialogue/Pendi/Day1/Sequence1/PendiD1S1N5B.asset using Guid(b78a4e560c35fdb428a17d14332efee6) Importer(2089858483,b0f066a214c2f5e87bad3c948f4d605d) (ScriptedImporter) -> (artifact id: '92ce8feac33e741ea365bf6e03802c41') in 0.1334954 seconds
Number of updated asset objects reloaded before import = 0Number of asset objects unloaded after import = 11

========================================================================
Received Import Request.
  Time since last request: 0.000047 seconds.
  path: Assets/Dialogue/Pendi/Day1/Sequence2/PendiD1S2N3A.asset
  artifactKey: Guid(2aba906bd5907064fb0a5b69082fb7ed) Importer(2089858483,b0f066a214c2f5e87bad3c948f4d605d)
Start importing Assets/Dialogue/Pendi/Day1/Sequence2/PendiD1S2N3A.asset using Guid(2aba906bd5907064fb0a5b69082fb7ed) Importer(2089858483,b0f066a214c2f5e87bad3c948f4d605d) (ScriptedImporter) -> (artifact id: '4bc5a541cb31030c05720b015b9e979f') in 0.0214439 seconds
Number of updated asset objects reloaded before import = 0Number of asset objects unloaded after import = 3

========================================================================
Received Import Request.
  Time since last request: 0.000034 seconds.
  path: Assets/Dialogue/Pendi/Day1/Sequence1/PendiD1S1N8B.asset
  artifactKey: Guid(3f5f2371cba5a104096727797137603a) Importer(2089858483,b0f066a214c2f5e87bad3c948f4d605d)
Start importing Assets/Dialogue/Pendi/Day1/Sequence1/PendiD1S1N8B.asset using Guid(3f5f2371cba5a104096727797137603a) Importer(2089858483,b0f066a214c2f5e87bad3c948f4d605d) (ScriptedImporter) -> (artifact id: '8cf43551d75d369660918e8821b1528a') in 0.0197487 seconds
Number of updated asset objects reloaded before import = 0Number of asset objects unloaded after import = 8

========================================================================
Received Import Request.
  Time since last request: 0.000019 seconds.
  path: Assets/Dialogue/Pendi/Day1/Sequence1/PendiD1S1N2B.asset
  artifactKey: Guid(9f00e2ace0c0afe468b2a49591db4872) Importer(2089858483,b0f066a214c2f5e87bad3c948f4d605d)
Start importing Assets/Dialogue/Pendi/Day1/Sequence1/PendiD1S1N2B.asset using Guid(9f00e2ace0c0afe468b2a49591db4872) Importer(2089858483,b0f066a214c2f5e87bad3c948f4d605d) (ScriptedImporter) -> (artifact id: '8fff47435f135d82a85935f11d4aaf75') in 0.020143 seconds
Number of updated asset objects reloaded before import = 0Number of asset objects unloaded after import = 14

========================================================================
Received Import Request.
  Time since last request: 0.000019 seconds.
  path: Assets/Dialogue/Pendi/Day1/Sequence1/PendiD1S1N12B.asset
  artifactKey: Guid(91a92b116fc928a4b9bb6b6128dfc238) Importer(2089858483,b0f066a214c2f5e87bad3c948f4d605d)
Start importing Assets/Dialogue/Pendi/Day1/Sequence1/PendiD1S1N12B.asset using Guid(91a92b116fc928a4b9bb6b6128dfc238) Importer(2089858483,b0f066a214c2f5e87bad3c948f4d605d) (ScriptedImporter) -> (artifact id: '5f62cd44436830fb44f2676d9ab18eae') in 0.0223289 seconds
Number of updated asset objects reloaded before import = 0Number of asset objects unloaded after import = 4

========================================================================
Received Import Request.
  Time since last request: 4.113354 seconds.
  path: Assets/Dialogue/Pip/Day1/Sequence2
  artifactKey: Guid(5885642a898d78a42a449657229b332e) Importer(2089858483,b0f066a214c2f5e87bad3c948f4d605d)
Start importing Assets/Dialogue/Pip/Day1/Sequence2 using Guid(5885642a898d78a42a449657229b332e) Importer(2089858483,b0f066a214c2f5e87bad3c948f4d605d) (ScriptedImporter) -> (artifact id: '9896edb254860b19f85e65e41f0f4bf6') in 0.0124995 seconds
Number of updated asset objects reloaded before import = 0Number of asset objects unloaded after import = 1

========================================================================
Received Import Request.
  Time since last request: 0.000018 seconds.
  path: Assets/Dialogue/Pip/Day1/Sequence1/PipD1S1N 3.asset
  artifactKey: Guid(7b991c078d165784ea805e88e682ca75) Importer(2089858483,b0f066a214c2f5e87bad3c948f4d605d)
Start importing Assets/Dialogue/Pip/Day1/Sequence1/PipD1S1N 3.asset using Guid(7b991c078d165784ea805e88e682ca75) Importer(2089858483,b0f066a214c2f5e87bad3c948f4d605d) (ScriptedImporter) -> (artifact id: '5642c0cb1c12aa6083cafa6c8f471450') in 0.0233219 seconds
Number of updated asset objects reloaded before import = 0Number of asset objects unloaded after import = 10

========================================================================
Received Import Request.
  Time since last request: 0.000017 seconds.
  path: Assets/Dialogue/Pip/Day1/Sequence1/PipD1S1N 1.asset
  artifactKey: Guid(f7004cee6dc05934f89b63c74af08f27) Importer(2089858483,b0f066a214c2f5e87bad3c948f4d605d)
Start importing Assets/Dialogue/Pip/Day1/Sequence1/PipD1S1N 1.asset using Guid(f7004cee6dc05934f89b63c74af08f27) Importer(2089858483,b0f066a214c2f5e87bad3c948f4d605d) (ScriptedImporter) -> (artifact id: 'cecf62e13efecf2378f0092338b7acfb') in 0.02485 seconds
Number of updated asset objects reloaded before import = 0Number of asset objects unloaded after import = 12

========================================================================
Received Import Request.
  Time since last request: 0.000024 seconds.
  path: Assets/Dialogue/Pip/Day1/Sequence1/PipD1S1N 9.asset
  artifactKey: Guid(c8a8263f9ce50a7458ec743611bc37a9) Importer(2089858483,b0f066a214c2f5e87bad3c948f4d605d)
Start importing Assets/Dialogue/Pip/Day1/Sequence1/PipD1S1N 9.asset using Guid(c8a8263f9ce50a7458ec743611bc37a9) Importer(2089858483,b0f066a214c2f5e87bad3c948f4d605d) (ScriptedImporter) -> (artifact id: 'a171d9743fd50a3ce669dbbcf5343a73') in 0.0194125 seconds
Number of updated asset objects reloaded before import = 0Number of asset objects unloaded after import = 2

========================================================================
Received Import Request.
  Time since last request: 40.788718 seconds.
  path: Assets/Dialogue/Pendi/Day1/Sequence1/PendiD1S1N 1.asset
  artifactKey: Guid(19435180799f9ed42bde1748754b2387) Importer(2089858483,b0f066a214c2f5e87bad3c948f4d605d)
Start importing Assets/Dialogue/Pendi/Day1/Sequence1/PendiD1S1N 1.asset using Guid(19435180799f9ed42bde1748754b2387) Importer(2089858483,b0f066a214c2f5e87bad3c948f4d605d) (ScriptedImporter) -> (artifact id: 'b80d4b88c52b6cf05e24f04be4cfbffe') in 0.0238744 seconds
Number of updated asset objects reloaded before import = 0Number of asset objects unloaded after import = 20

========================================================================
Received Import Request.
  Time since last request: 0.000019 seconds.
  path: Assets/Dialogue/Bani/Day2/Seq 5
  artifactKey: Guid(b91a8c842b2e13c41883a339f80b282d) Importer(2089858483,b0f066a214c2f5e87bad3c948f4d605d)
Start importing Assets/Dialogue/Bani/Day2/Seq 5 using Guid(b91a8c842b2e13c41883a339f80b282d) Importer(2089858483,b0f066a214c2f5e87bad3c948f4d605d) (ScriptedImporter) -> (artifact id: 'e7075c97a6fc2f3d876a18bf0e16a16e') in 0.0125971 seconds
Number of updated asset objects reloaded before import = 0Number of asset objects unloaded after import = 1

========================================================================
Received Import Request.
  Time since last request: 32.067451 seconds.
  path: Assets/Dialogue/Bani/Day 2/Seq 3
  artifactKey: Guid(f34393cf1d2e9f5478e0b3f61836e75d) Importer(2089858483,b0f066a214c2f5e87bad3c948f4d605d)
Start importing Assets/Dialogue/Bani/Day 2/Seq 3 using Guid(f34393cf1d2e9f5478e0b3f61836e75d) Importer(2089858483,b0f066a214c2f5e87bad3c948f4d605d) (ScriptedImporter) -> (artifact id: 'e25aa952ec9253be9e696caea4ec0d1e') in 0.0165817 seconds
Number of updated asset objects reloaded before import = 0Number of asset objects unloaded after import = 1

========================================================================
Received Import Request.
  Time since last request: 0.000019 seconds.
  path: Assets/Dialogue/Bani/Day 2/Seq 4
  artifactKey: Guid(11768982dd0e7e64681630a2de2395c6) Importer(2089858483,b0f066a214c2f5e87bad3c948f4d605d)
Start importing Assets/Dialogue/Bani/Day 2/Seq 4 using Guid(11768982dd0e7e64681630a2de2395c6) Importer(2089858483,b0f066a214c2f5e87bad3c948f4d605d) (ScriptedImporter) -> (artifact id: 'b711c52f917384d2087ec79eca8cb144') in 0.0160862 seconds
Number of updated asset objects reloaded before import = 0Number of asset objects unloaded after import = 1

========================================================================
Received Import Request.
  Time since last request: 3.493246 seconds.
  path: Assets/Dialogue/Bani/Day 3/Seq 1
  artifactKey: Guid(44983a83e50a4b5429977a345e1c7424) Importer(2089858483,b0f066a214c2f5e87bad3c948f4d605d)
Start importing Assets/Dialogue/Bani/Day 3/Seq 1 using Guid(44983a83e50a4b5429977a345e1c7424) Importer(2089858483,b0f066a214c2f5e87bad3c948f4d605d) (ScriptedImporter) -> (artifact id: '269cc1836dfa1260942971a41dc18580') in 0.0147708 seconds
Number of updated asset objects reloaded before import = 0Number of asset objects unloaded after import = 1

========================================================================
Received Import Request.
  Time since last request: 0.000028 seconds.
  path: Assets/Dialogue/Bani/Day 4/Seq 3
  artifactKey: Guid(1ce3d4ac922b26843b84a3d32fbc437c) Importer(2089858483,b0f066a214c2f5e87bad3c948f4d605d)
Start importing Assets/Dialogue/Bani/Day 4/Seq 3 using Guid(1ce3d4ac922b26843b84a3d32fbc437c) Importer(2089858483,b0f066a214c2f5e87bad3c948f4d605d) (ScriptedImporter) -> (artifact id: '7a6efe312e528df440af0293e3220b64') in 0.0175823 seconds
Number of updated asset objects reloaded before import = 0Number of asset objects unloaded after import = 1

========================================================================
Received Import Request.
  Time since last request: 0.000033 seconds.
  path: Assets/Dialogue/Bani/Day 4/Seq 1
  artifactKey: Guid(36313b6a730717945838ffd6db216f34) Importer(2089858483,b0f066a214c2f5e87bad3c948f4d605d)
Start importing Assets/Dialogue/Bani/Day 4/Seq 1 using Guid(36313b6a730717945838ffd6db216f34) Importer(2089858483,b0f066a214c2f5e87bad3c948f4d605d) (ScriptedImporter) -> (artifact id: '94888a2baab2d89f91f2ff11d418d042') in 0.0186523 seconds
Number of updated asset objects reloaded before import = 0Number of asset objects unloaded after import = 1

========================================================================
Received Import Request.
  Time since last request: 0.000020 seconds.
  path: Assets/Dialogue/Bani/Day 5/Seq 2
  artifactKey: Guid(c8bf3416a9fe3724db9c557edd28eee9) Importer(2089858483,b0f066a214c2f5e87bad3c948f4d605d)
Start importing Assets/Dialogue/Bani/Day 5/Seq 2 using Guid(c8bf3416a9fe3724db9c557edd28eee9) Importer(2089858483,b0f066a214c2f5e87bad3c948f4d605d) (ScriptedImporter) -> (artifact id: 'ad84cdf85b7d325c331e35dc774aff38') in 0.0190309 seconds
Number of updated asset objects reloaded before import = 0Number of asset objects unloaded after import = 1

========================================================================
Received Import Request.
  Time since last request: 4.097046 seconds.
  path: Assets/Dialogue/Bani/Day 1/Sequence3
  artifactKey: Guid(99898fbd842e97f448dc13018091d884) Importer(2089858483,b0f066a214c2f5e87bad3c948f4d605d)
Start importing Assets/Dialogue/Bani/Day 1/Sequence3 using Guid(99898fbd842e97f448dc13018091d884) Importer(2089858483,b0f066a214c2f5e87bad3c948f4d605d) (ScriptedImporter) -> (artifact id: '1f832e77862cffef15acefe2432457bc') in 0.0181568 seconds
Number of updated asset objects reloaded before import = 0Number of asset objects unloaded after import = 1

========================================================================
Received Import Request.
  Time since last request: 0.000021 seconds.
  path: Assets/Dialogue/Bani/Day 1/Sequence1/BaniD1S1N2.asset
  artifactKey: Guid(2abe7f2c316bcde42a03c41ea5b702d3) Importer(2089858483,b0f066a214c2f5e87bad3c948f4d605d)
Start importing Assets/Dialogue/Bani/Day 1/Sequence1/BaniD1S1N2.asset using Guid(2abe7f2c316bcde42a03c41ea5b702d3) Importer(2089858483,b0f066a214c2f5e87bad3c948f4d605d) (ScriptedImporter) -> (artifact id: 'bceb671d6c37e90a9fa429ef3d6ade51') in 0.0317079 seconds
Number of updated asset objects reloaded before import = 0Number of asset objects unloaded after import = 7

========================================================================
Received Import Request.
  Time since last request: 0.000043 seconds.
  path: Assets/Dialogue/Bani/Day 1/Sequence5/BaniD1S5N2A.asset
  artifactKey: Guid(4cc388a27f2a32349a190ddd1aae1683) Importer(2089858483,b0f066a214c2f5e87bad3c948f4d605d)
Start importing Assets/Dialogue/Bani/Day 1/Sequence5/BaniD1S5N2A.asset using Guid(4cc388a27f2a32349a190ddd1aae1683) Importer(2089858483,b0f066a214c2f5e87bad3c948f4d605d) (ScriptedImporter) -> (artifact id: '14377fac0f8d2b1f8f1d8f27595b5a39') in 0.0289084 seconds
Number of updated asset objects reloaded before import = 0Number of asset objects unloaded after import = 2

========================================================================
Received Import Request.
  Time since last request: 0.000019 seconds.
  path: Assets/Dialogue/Bani/Day 1/Sequence2/BaniD1S2N2.asset
  artifactKey: Guid(ed64b6ce2f54a5e4eb97ba6d86de20bc) Importer(2089858483,b0f066a214c2f5e87bad3c948f4d605d)
Start importing Assets/Dialogue/Bani/Day 1/Sequence2/BaniD1S2N2.asset using Guid(ed64b6ce2f54a5e4eb97ba6d86de20bc) Importer(2089858483,b0f066a214c2f5e87bad3c948f4d605d) (ScriptedImporter) -> (artifact id: 'b733d344c5992566be517a619f066d14') in 0.0260625 seconds
Number of updated asset objects reloaded before import = 0Number of asset objects unloaded after import = 6

========================================================================
Received Import Request.
  Time since last request: 0.000027 seconds.
  path: Assets/Dialogue/Bani/Day 1/Sequence1/BaniD1S1N1.asset
  artifactKey: Guid(47c2c6fa040e1d7448efc6d566e778dd) Importer(2089858483,b0f066a214c2f5e87bad3c948f4d605d)
Start importing Assets/Dialogue/Bani/Day 1/Sequence1/BaniD1S1N1.asset using Guid(47c2c6fa040e1d7448efc6d566e778dd) Importer(2089858483,b0f066a214c2f5e87bad3c948f4d605d) (ScriptedImporter) -> (artifact id: 'c44476977d131041516c401bb2cf6699') in 0.0234246 seconds
Number of updated asset objects reloaded before import = 0Number of asset objects unloaded after import = 8

========================================================================
Received Import Request.
  Time since last request: 0.000027 seconds.
  path: Assets/Dialogue/Bani/Day 1/Sequence4
  artifactKey: Guid(4d2a163687c4d4449a36e60287b9f2cf) Importer(2089858483,b0f066a214c2f5e87bad3c948f4d605d)
Start importing Assets/Dialogue/Bani/Day 1/Sequence4 using Guid(4d2a163687c4d4449a36e60287b9f2cf) Importer(2089858483,b0f066a214c2f5e87bad3c948f4d605d) (ScriptedImporter) -> (artifact id: '037c0ac9c7660e8314d1e885a6bc3bc6') in 0.0217082 seconds
Number of updated asset objects reloaded before import = 0Number of asset objects unloaded after import = 1

========================================================================
Received Import Request.
  Time since last request: 0.000030 seconds.
  path: Assets/Dialogue/Bani/Day 1/Sequence2/BaniD1S2N4.asset
  artifactKey: Guid(5afc5dfef7c6c0b46989c01794e078ef) Importer(2089858483,b0f066a214c2f5e87bad3c948f4d605d)
Start importing Assets/Dialogue/Bani/Day 1/Sequence2/BaniD1S2N4.asset using Guid(5afc5dfef7c6c0b46989c01794e078ef) Importer(2089858483,b0f066a214c2f5e87bad3c948f4d605d) (ScriptedImporter) -> (artifact id: 'fe37dc04b357ae99435680342b734e8f') in 0.0218556 seconds
Number of updated asset objects reloaded before import = 0Number of asset objects unloaded after import = 4

========================================================================
Received Import Request.
  Time since last request: 0.000025 seconds.
  path: Assets/Dialogue/Bani/Day 1/Sequence4/BaniD1S4N 3.asset
  artifactKey: Guid(53afa11f1db86784c88098d2353c823f) Importer(2089858483,b0f066a214c2f5e87bad3c948f4d605d)
Start importing Assets/Dialogue/Bani/Day 1/Sequence4/BaniD1S4N 3.asset using Guid(53afa11f1db86784c88098d2353c823f) Importer(2089858483,b0f066a214c2f5e87bad3c948f4d605d) (ScriptedImporter) -> (artifact id: '9a96f77270e734424b506c20b6c670a3') in 0.0326179 seconds
Number of updated asset objects reloaded before import = 0Number of asset objects unloaded after import = 7

========================================================================
Received Import Request.
  Time since last request: 45.330651 seconds.
  path: Assets/Dialogue/Bani/Day 2/Seq 1/BaniD2S1N1 1.asset
  artifactKey: Guid(f25b3a7aac0a4ba4cb3b5ebbb06eae47) Importer(815301076,1909f56bfc062723c751e8b465ee728b)
Start importing Assets/Dialogue/Bani/Day 2/Seq 1/BaniD2S1N1 1.asset using Guid(f25b3a7aac0a4ba4cb3b5ebbb06eae47) Importer(815301076,1909f56bfc062723c751e8b465ee728b) (PreviewImporter) -> (artifact id: '260fbf82e22a8fd12d58c3ed8de6fee5') in 0.0229211 seconds
Number of updated asset objects reloaded before import = 0Number of asset objects unloaded after import = 1

========================================================================
Received Import Request.
  Time since last request: 1.536608 seconds.
  path: Assets/Dialogue/Bani/Day 2/Seq 1/BaniD2S1N1 1.asset
  artifactKey: Guid(f25b3a7aac0a4ba4cb3b5ebbb06eae47) Importer(2089858483,b0f066a214c2f5e87bad3c948f4d605d)
Start importing Assets/Dialogue/Bani/Day 2/Seq 1/BaniD2S1N1 1.asset using Guid(f25b3a7aac0a4ba4cb3b5ebbb06eae47) Importer(2089858483,b0f066a214c2f5e87bad3c948f4d605d) (ScriptedImporter) -> (artifact id: '017ccc05925f4e1a3b879e7021a8d899') in 0.0186048 seconds
Number of updated asset objects reloaded before import = 0Number of asset objects unloaded after import = 1

========================================================================
Received Import Request.
  Time since last request: 29.196715 seconds.
  path: Assets/Dialogue/Bani/Day 2/Seq 1/BaniD2S1N 5.asset
  artifactKey: Guid(7683c4d807c48024587a69ba293d4d9a) Importer(2089858483,b0f066a214c2f5e87bad3c948f4d605d)
Start importing Assets/Dialogue/Bani/Day 2/Seq 1/BaniD2S1N 5.asset using Guid(7683c4d807c48024587a69ba293d4d9a) Importer(2089858483,b0f066a214c2f5e87bad3c948f4d605d) (ScriptedImporter) -> (artifact id: 'baa8dc5454ae597af248330d2e2641f3') in 0.0150151 seconds
Number of updated asset objects reloaded before import = 0Number of asset objects unloaded after import = 1

========================================================================
Received Import Request.
  Time since last request: 0.000023 seconds.
  path: Assets/Dialogue/Bani/Day 2/Seq 1/BaniD2S1N 7.asset
  artifactKey: Guid(36ed5e83381ad3f4f9732c5798f6a03f) Importer(2089858483,b0f066a214c2f5e87bad3c948f4d605d)
Start importing Assets/Dialogue/Bani/Day 2/Seq 1/BaniD2S1N 7.asset using Guid(36ed5e83381ad3f4f9732c5798f6a03f) Importer(2089858483,b0f066a214c2f5e87bad3c948f4d605d) (ScriptedImporter) -> (artifact id: '12c0e8e572c4b85e19968650344254b0') in 0.0191982 seconds
Number of updated asset objects reloaded before import = 0Number of asset objects unloaded after import = 1

========================================================================
Received Import Request.
  Time since last request: 0.000033 seconds.
  path: Assets/Dialogue/Bani/Day 2/Seq 1/BaniD2S1N 6.asset
  artifactKey: Guid(53bc9df3fe26e4946a552b9deacdb3ec) Importer(2089858483,b0f066a214c2f5e87bad3c948f4d605d)
Start importing Assets/Dialogue/Bani/Day 2/Seq 1/BaniD2S1N 6.asset using Guid(53bc9df3fe26e4946a552b9deacdb3ec) Importer(2089858483,b0f066a214c2f5e87bad3c948f4d605d) (ScriptedImporter) -> (artifact id: 'f79bdc86e464e7f81f54f88ec2bf972f') in 0.018998 seconds
Number of updated asset objects reloaded before import = 0Number of asset objects unloaded after import = 1

========================================================================
Received Import Request.
  Time since last request: 141.939523 seconds.
  path: Assets/Dialogue/Bani/Day 2/Seq 2/BaniD2S2N1
  artifactKey: Guid(4539f9b2ad059e04892048b9f7084c83) Importer(815301076,1909f56bfc062723c751e8b465ee728b)
Start importing Assets/Dialogue/Bani/Day 2/Seq 2/BaniD2S2N1 using Guid(4539f9b2ad059e04892048b9f7084c83) Importer(815301076,1909f56bfc062723c751e8b465ee728b) (PreviewImporter) -> (artifact id: '7f74127c64a4d9fe3da78a4503663fd8') in 0.0006456 seconds
Number of updated asset objects reloaded before import = 0Number of asset objects unloaded after import = 0

========================================================================
Received Import Request.
  Time since last request: 0.911793 seconds.
  path: Assets/Dialogue/Bani/Day 2/Seq 2/BaniD2S2N1
  artifactKey: Guid(4539f9b2ad059e04892048b9f7084c83) Importer(2089858483,b0f066a214c2f5e87bad3c948f4d605d)
Start importing Assets/Dialogue/Bani/Day 2/Seq 2/BaniD2S2N1 using Guid(4539f9b2ad059e04892048b9f7084c83) Importer(2089858483,b0f066a214c2f5e87bad3c948f4d605d) (ScriptedImporter) -> (artifact id: '21098a7d9ee72c1207049e15139f4522') in 0.013189 seconds
Number of updated asset objects reloaded before import = 0Number of asset objects unloaded after import = 1

========================================================================
Received Import Request.
  Time since last request: 20.904660 seconds.
  path: Assets/Dialogue/Bani/Day 2/Seq 2/BaniD2S2N1.asset
  artifactKey: Guid(3c132e7fc7cabe446a8cd530c394b3a4) Importer(815301076,1909f56bfc062723c751e8b465ee728b)
Start importing Assets/Dialogue/Bani/Day 2/Seq 2/BaniD2S2N1.asset using Guid(3c132e7fc7cabe446a8cd530c394b3a4) Importer(815301076,1909f56bfc062723c751e8b465ee728b) (PreviewImporter) -> (artifact id: '89c4abfc3cddf2e4b5f8bca3949ba642') in 0.001343 seconds
Number of updated asset objects reloaded before import = 0Number of asset objects unloaded after import = 1

========================================================================
Received Import Request.
  Time since last request: 0.938858 seconds.
  path: Assets/Dialogue/Bani/Day 2/Seq 2/BaniD2S2N1.asset
  artifactKey: Guid(3c132e7fc7cabe446a8cd530c394b3a4) Importer(2089858483,b0f066a214c2f5e87bad3c948f4d605d)
Start importing Assets/Dialogue/Bani/Day 2/Seq 2/BaniD2S2N1.asset using Guid(3c132e7fc7cabe446a8cd530c394b3a4) Importer(2089858483,b0f066a214c2f5e87bad3c948f4d605d) (ScriptedImporter) -> (artifact id: 'cfcd77e42f6498c3ed57f904cf8b2475') in 0.0184302 seconds
Number of updated asset objects reloaded before import = 0Number of asset objects unloaded after import = 1

========================================================================
Received Import Request.
  Time since last request: 117.383868 seconds.
  path: Assets/Dialogue/Bani/Day 2/Seq 3/BaniD2S3N 1.asset
  artifactKey: Guid(ede93c8aa2262c7458863bae29419aee) Importer(815301076,1909f56bfc062723c751e8b465ee728b)
Start importing Assets/Dialogue/Bani/Day 2/Seq 3/BaniD2S3N 1.asset using Guid(ede93c8aa2262c7458863bae29419aee) Importer(815301076,1909f56bfc062723c751e8b465ee728b) (PreviewImporter) -> (artifact id: '680aa91d287518564e955916cc1b7577') in 0.0011562 seconds
Number of updated asset objects reloaded before import = 0Number of asset objects unloaded after import = 1

========================================================================
Received Import Request.
  Time since last request: 0.942505 seconds.
  path: Assets/Dialogue/Bani/Day 2/Seq 3/BaniD2S3N 1.asset
  artifactKey: Guid(ede93c8aa2262c7458863bae29419aee) Importer(2089858483,b0f066a214c2f5e87bad3c948f4d605d)
Start importing Assets/Dialogue/Bani/Day 2/Seq 3/BaniD2S3N 1.asset using Guid(ede93c8aa2262c7458863bae29419aee) Importer(2089858483,b0f066a214c2f5e87bad3c948f4d605d) (ScriptedImporter) -> (artifact id: '3b3b1448011a5fcc36650c528c871168') in 0.0149656 seconds
Number of updated asset objects reloaded before import = 0Number of asset objects unloaded after import = 1

========================================================================
Received Import Request.
  Time since last request: 0.875230 seconds.
  path: Assets/Dialogue/Bani/Day 2/Seq 3/BaniD2S3N 2.asset
  artifactKey: Guid(a2757c79b36dae64b8af658b331f6829) Importer(815301076,1909f56bfc062723c751e8b465ee728b)
Start importing Assets/Dialogue/Bani/Day 2/Seq 3/BaniD2S3N 2.asset using Guid(a2757c79b36dae64b8af658b331f6829) Importer(815301076,1909f56bfc062723c751e8b465ee728b) (PreviewImporter) -> (artifact id: 'e756bd29325b9f521eb60ecb74743678') in 0.0030958 seconds
Number of updated asset objects reloaded before import = 0Number of asset objects unloaded after import = 1

========================================================================
Received Import Request.
  Time since last request: 0.446672 seconds.
  path: Assets/Dialogue/Bani/Day 2/Seq 3/BaniD2S3N 3.asset
  artifactKey: Guid(76b708256b2f44347a36c712eb3a6881) Importer(815301076,1909f56bfc062723c751e8b465ee728b)
Start importing Assets/Dialogue/Bani/Day 2/Seq 3/BaniD2S3N 3.asset using Guid(76b708256b2f44347a36c712eb3a6881) Importer(815301076,1909f56bfc062723c751e8b465ee728b) (PreviewImporter) -> (artifact id: 'fd7efc4b77f237f496942a2cd34d295c') in 0.0012001 seconds
Number of updated asset objects reloaded before import = 0Number of asset objects unloaded after import = 1

========================================================================
Received Import Request.
  Time since last request: 0.909506 seconds.
  path: Assets/Dialogue/Bani/Day 2/Seq 1/BaniD2S1N 4.asset
  artifactKey: Guid(f3ab1c64d0679ce49835b62046aa439d) Importer(2089858483,b0f066a214c2f5e87bad3c948f4d605d)
Start importing Assets/Dialogue/Bani/Day 2/Seq 1/BaniD2S1N 4.asset using Guid(f3ab1c64d0679ce49835b62046aa439d) Importer(2089858483,b0f066a214c2f5e87bad3c948f4d605d) (ScriptedImporter) -> (artifact id: '0868b216a102aad12c0f703ceda90e09') in 0.0187844 seconds
Number of updated asset objects reloaded before import = 0Number of asset objects unloaded after import = 5

========================================================================
Received Import Request.
  Time since last request: 0.000023 seconds.
  path: Assets/Dialogue/Bani/Day 2/Seq 1/BaniD2S1N 1.asset
  artifactKey: Guid(869ffc03ef47cf8478998b051ed9eead) Importer(2089858483,b0f066a214c2f5e87bad3c948f4d605d)
Start importing Assets/Dialogue/Bani/Day 2/Seq 1/BaniD2S1N 1.asset using Guid(869ffc03ef47cf8478998b051ed9eead) Importer(2089858483,b0f066a214c2f5e87bad3c948f4d605d) (ScriptedImporter) -> (artifact id: 'ded9c6fe1af13ff6437ea273a21ed4fb') in 0.0225803 seconds
Number of updated asset objects reloaded before import = 0Number of asset objects unloaded after import = 8

========================================================================
Received Import Request.
  Time since last request: 0.000022 seconds.
  path: Assets/Dialogue/Bani/Day 2/Seq 3/BaniD2S3N 2.asset
  artifactKey: Guid(a2757c79b36dae64b8af658b331f6829) Importer(2089858483,b0f066a214c2f5e87bad3c948f4d605d)
Start importing Assets/Dialogue/Bani/Day 2/Seq 3/BaniD2S3N 2.asset using Guid(a2757c79b36dae64b8af658b331f6829) Importer(2089858483,b0f066a214c2f5e87bad3c948f4d605d) (ScriptedImporter) -> (artifact id: '3f6a73c8e95bcd582a61f7874ccaa887') in 0.71991 seconds
Number of updated asset objects reloaded before import = 0Number of asset objects unloaded after import = 1

========================================================================
Received Import Request.
  Time since last request: 0.000024 seconds.
  path: Assets/Dialogue/Bani/Day 2/Seq 2/BaniD2S2N1.asset
  artifactKey: Guid(3c132e7fc7cabe446a8cd530c394b3a4) Importer(2089858483,b0f066a214c2f5e87bad3c948f4d605d)
Start importing Assets/Dialogue/Bani/Day 2/Seq 2/BaniD2S2N1.asset using Guid(3c132e7fc7cabe446a8cd530c394b3a4) Importer(2089858483,b0f066a214c2f5e87bad3c948f4d605d) (ScriptedImporter) -> (artifact id: 'dfc7af61af55c00861da47ff18ab00b2') in 0.0383899 seconds
Number of updated asset objects reloaded before import = 0Number of asset objects unloaded after import = 1

========================================================================
Received Import Request.
  Time since last request: 0.000028 seconds.
  path: Assets/Dialogue/Bani/Day 2/Seq 1/BaniD2S1N 2.asset
  artifactKey: Guid(f25b3a7aac0a4ba4cb3b5ebbb06eae47) Importer(2089858483,b0f066a214c2f5e87bad3c948f4d605d)
Start importing Assets/Dialogue/Bani/Day 2/Seq 1/BaniD2S1N 2.asset using Guid(f25b3a7aac0a4ba4cb3b5ebbb06eae47) Importer(2089858483,b0f066a214c2f5e87bad3c948f4d605d) (ScriptedImporter) -> (artifact id: 'e6fd24fc488c91e89041d0cf34680974') in 0.0383994 seconds
Number of updated asset objects reloaded before import = 0Number of asset objects unloaded after import = 7

========================================================================
Received Import Request.
  Time since last request: 0.000022 seconds.
  path: Assets/Dialogue/Bani/Day 2/Seq 1/BaniD2S1N 3.asset
  artifactKey: Guid(5fb8518024958e44f885899428e5b62c) Importer(2089858483,b0f066a214c2f5e87bad3c948f4d605d)
Start importing Assets/Dialogue/Bani/Day 2/Seq 1/BaniD2S1N 3.asset using Guid(5fb8518024958e44f885899428e5b62c) Importer(2089858483,b0f066a214c2f5e87bad3c948f4d605d) (ScriptedImporter) -> (artifact id: 'f6765a720b50f50d0203dfffe4a1ea92') in 0.0303935 seconds
Number of updated asset objects reloaded before import = 0Number of asset objects unloaded after import = 6

========================================================================
Received Import Request.
  Time since last request: 0.205650 seconds.
  path: Assets/Dialogue/Bani/Day 2/Seq 3/BaniD2S3N 4.asset
  artifactKey: Guid(1ddf042c5a6eb974e8b2f3164a72a6c0) Importer(815301076,1909f56bfc062723c751e8b465ee728b)
Start importing Assets/Dialogue/Bani/Day 2/Seq 3/BaniD2S3N 4.asset using Guid(1ddf042c5a6eb974e8b2f3164a72a6c0) Importer(815301076,1909f56bfc062723c751e8b465ee728b) (PreviewImporter) -> (artifact id: 'ae4c2bbea37dae584457a64839de2f0d') in 0.0018297 seconds
Number of updated asset objects reloaded before import = 0Number of asset objects unloaded after import = 1

========================================================================
Received Import Request.
  Time since last request: 0.422441 seconds.
  path: Assets/Dialogue/Bani/Day 2/Seq 3/BaniD2S3N 5.asset
  artifactKey: Guid(4e7a01ae5a282764199996ccd3e3acae) Importer(815301076,1909f56bfc062723c751e8b465ee728b)
Start importing Assets/Dialogue/Bani/Day 2/Seq 3/BaniD2S3N 5.asset using Guid(4e7a01ae5a282764199996ccd3e3acae) Importer(815301076,1909f56bfc062723c751e8b465ee728b) (PreviewImporter) -> (artifact id: '03e65bedd93636fd27df1f6717721d4b') in 0.0012993 seconds
Number of updated asset objects reloaded before import = 0Number of asset objects unloaded after import = 1

========================================================================
Received Import Request.
  Time since last request: 0.518040 seconds.
  path: Assets/Dialogue/Bani/Day 2/Seq 3/BaniD2S3N 6.asset
  artifactKey: Guid(9b732e04e9c0ca445ab96b97dc505787) Importer(815301076,1909f56bfc062723c751e8b465ee728b)
Start importing Assets/Dialogue/Bani/Day 2/Seq 3/BaniD2S3N 6.asset using Guid(9b732e04e9c0ca445ab96b97dc505787) Importer(815301076,1909f56bfc062723c751e8b465ee728b) (PreviewImporter) -> (artifact id: '220c8217d94383d1ed93afd5a11700fd') in 0.0018793 seconds
Number of updated asset objects reloaded before import = 0Number of asset objects unloaded after import = 1

========================================================================
Received Import Request.
  Time since last request: 8.719135 seconds.
  path: Assets/Dialogue/Bani/Day 2/Seq 3/BaniD2S3N 5.asset
  artifactKey: Guid(4e7a01ae5a282764199996ccd3e3acae) Importer(2089858483,b0f066a214c2f5e87bad3c948f4d605d)
Start importing Assets/Dialogue/Bani/Day 2/Seq 3/BaniD2S3N 5.asset using Guid(4e7a01ae5a282764199996ccd3e3acae) Importer(2089858483,b0f066a214c2f5e87bad3c948f4d605d) (ScriptedImporter) -> (artifact id: '330f037c01bed3f49e1baa39dc90346d') in 0.0265766 seconds
Number of updated asset objects reloaded before import = 0Number of asset objects unloaded after import = 1

Editor requested this worker to shutdown with reason: Scaling down because of idle timeout
AssetImportWorker is now disconnected from the server
Process exiting
Exiting without the bug reporter. Application will terminate with return code 0