[Licensing::Module] Trying to connect to existing licensing client channel...
Built from '6000.3/staging' branch; Version is '6000.3.16f1 (a56f230f6470) revision 10841891'; Using compiler version '194234433'; Build Type 'Release'
OS: 'Windows 11  (10.0.26100) CoreSingleLanguage' Language: 'en' Physical Memory: 32108 MB
[Licensing::IpcConnector] Successfully connected to: "LicenseClient-User" at "2026-07-17T01:31:10.2968212Z"
BatchMode: 1, IsHumanControllingUs: 0, StartBugReporterOnCrash: 0, Is64bit: 1
System  architecture: x64
Process architecture: x64
Date: 2026-07-17T01:31:10Z

COMMAND LINE ARGUMENTS:
C:\Program Files\Unity\Hub\Editor\6000.3.16f1\Editor\Unity.exe
-adb2
-batchMode
-noUpm
-name
AssetImportWorker80
-projectPath
D:/Unity Projects/ExitAnt-IAT312-P1/312_Assignment2
-logFile
Logs/AssetImportWorker80.log
-srvPort
49722
-licensingIpc
LicenseClient-User
-job-worker-count
7
-background-job-worker-count
8
-gc-helper-count
1
-name
AssetImport
Successfully changed project path to: D:/Unity Projects/ExitAnt-IAT312-P1/312_Assignment2
D:/Unity Projects/ExitAnt-IAT312-P1/312_Assignment2
[UnityMemory] Configuration Parameters - Can be set up in boot.config
    "memorysetup-temp-allocator-size-nav-mesh-worker=65536"
    "memorysetup-temp-allocator-size-audio-worker=65536"
    "memorysetup-temp-allocator-size-gfx=262144"
    "memorysetup-allocator-temp-initial-block-size-main=262144"
    "memorysetup-allocator-temp-initial-block-size-worker=262144"
    "memorysetup-temp-allocator-size-background-worker=32768"
    "memorysetup-temp-allocator-size-job-worker=262144"
    "memorysetup-temp-allocator-size-preload-manager=33554432"
    "memorysetup-temp-allocator-size-gi-baking-worker=262144"
    "memorysetup-temp-allocator-size-gi-baking-worker=262144"
    "memorysetup-temp-allocator-size-gi-baking-worker=262144"
    "memorysetup-temp-allocator-size-gi-baking-worker=262144"
    "memorysetup-temp-allocator-size-gi-baking-worker=262144"
    "memorysetup-bucket-allocator-granularity=16"
    "memorysetup-bucket-allocator-bucket-count=8"
    "memorysetup-bucket-allocator-block-size=33554432"
    "memorysetup-bucket-allocator-block-count=8"
    "memorysetup-main-allocator-block-size=16777216"
    "memorysetup-thread-allocator-block-size=16777216"
    "memorysetup-gfx-main-allocator-block-size=16777216"
    "memorysetup-gfx-thread-allocator-block-size=16777216"
    "memorysetup-cache-allocator-block-size=4194304"
    "memorysetup-typetree-allocator-block-size=2097152"
    "memorysetup-profiler-bucket-allocator-granularity=16"
    "memorysetup-profiler-bucket-allocator-bucket-count=8"
    "memorysetup-profiler-bucket-allocator-block-size=33554432"
    "memorysetup-profiler-bucket-allocator-block-count=8"
    "memorysetup-profiler-allocator-block-size=16777216"
    "memorysetup-profiler-editor-allocator-block-size=1048576"
    "memorysetup-temp-allocator-size-main=16777216"
    "memorysetup-job-temp-allocator-block-size=2097152"
    "memorysetup-job-temp-allocator-block-size-background=1048576"
    "memorysetup-job-temp-allocator-reduction-small-platforms=262144"
    "memorysetup-temp-allocator-size-cloud-worker=32768"
Player connection [12432]  Target information:

Player connection [12432]  * "[IP] 192.168.1.97 [Port] 0 [Flags] 2 [Guid] 3112261229 [EditorId] 3112261229 [Version] 1048832 [Id] WindowsEditor(7,DESKTOP-OVH4FSK) [Debug] 1 [PackageName] WindowsEditor [ProjectName] Editor" 

Player connection [12432] Host joined multi-casting on [225.0.0.222:54997]...
Player connection [12432] Host joined alternative multi-casting on [225.0.0.222:34997]...
JobSystem: Creating JobQueue using job-worker-count value 7
Input System module state changed to: Initialized.
[Physics::Module] Initialized fallback backend.
[Physics::Module] Id: 0xdecafbad
Library Redirect Path: Library/
[Physics::Module] Selected backend.
[Physics::Module] Name: PhysX
[Physics::Module] Id: 0xf2b8ea05
[Physics::Module] SDK Version: 4.1.2
[Physics::Module] Integration Version: 1.0.0
[Physics::Module] Threading Mode: Multi-Threaded
Refreshing native plugins compatible for Editor in 5.70 ms, found 5 plugins.
Preloading 0 native plugins for Editor in 0.00 ms.
Initialize engine version: 6000.3.16f1 (a56f230f6470)
[Subsystems] Discovering subsystems at path C:/Program Files/Unity/Hub/Editor/6000.3.16f1/Editor/Data/Resources/UnitySubsystems
[Subsystems] Discovering subsystems at path D:/Unity Projects/ExitAnt-IAT312-P1/312_Assignment2/Assets
GfxDevice: creating device client; kGfxThreadingModeNonThreaded
d3d12: failed to query info queue interface (0x80004002).
Direct3D:
    Version:         Direct3D 12 [level 12.2]
    Renderer:        NVIDIA GeForce RTX 3060 Laptop GPU (ID=0x2520)
    Vendor:          NVIDIA
    VRAM:            5996 MB
    App VRAM Budget: 5228 MB
    Driver:          32.0.15.8088
Initialize mono
Mono path[0] = 'C:/Program Files/Unity/Hub/Editor/6000.3.16f1/Editor/Data/Managed'
Mono path[1] = 'C:/Program Files/Unity/Hub/Editor/6000.3.16f1/Editor/Data/MonoBleedingEdge/lib/mono/unityjit-win32'
Mono config path = 'C:/Program Files/Unity/Hub/Editor/6000.3.16f1/Editor/Data/MonoBleedingEdge/etc'
Using monoOptions --debugger-agent=transport=dt_socket,embedding=1,server=y,suspend=n,address=127.0.0.1:56720
Begin MonoManager ReloadAssembly
[Licensing::Client] Error: HandshakeResponse reported an error:
	ResponseCode: 505
	ResponseStatus: Unsupported protocol version '1.18.1'.
[Licensing::Module] Error: Failed to handshake to channel: "LicenseClient-User"
[Licensing::IpcConnector] LicenseClient-User channel disconnected successfully.
[Licensing::IpcConnector] Successfully connected to: "LicenseClient-User-6000.3.16" at "2026-07-17T01:31:11.8052085Z"
[Licensing::Client] Code 10 while verifying Licensing Client signature (process Id: 29352, path: "C:/Program Files/Unity/Hub/Editor/6000.3.16f1/Editor/Data/Resources/Licensing/Client/Unity.Licensing.Client.exe")
[Licensing::Module] LicensingClient has failed validation; ignoring
[Licensing::Client] Handshaking with LicensingClient:
  Version:                 1.18.1+9fbee8e
  Session Id:              bf1d1821a74142ce837ad1382accf516
  Correlation Id:          47882071dff180c034864f0352291f7f
  External correlation Id: 1994283002033159339
  Machine Id:              NKcRUsz1GwU4Q4WJtDcG2fyxkZM=
[Licensing::Module] Successfully connected to LicensingClient on channel: "LicenseClient-User-6000.3.16" (connect: 0.00s, validation: 0.00s, handshake: 0.01s)
[Licensing::IpcConnector] Successfully connected to: "LicenseClient-User-6000.3.16-notifications" at "2026-07-17T01:31:11.8153427Z"
[Licensing::Module] Licensing Background thread has ended after 1.52s
Registering precompiled unity dll's ...
Register platform support module: C:/Program Files/Unity/Hub/Editor/6000.3.16f1/Editor/Data/PlaybackEngines/WindowsStandaloneSupport/UnityEditor.WindowsStandalone.Extensions.dll
Registered in 0.002634 seconds.
- Loaded All Assemblies, in  0.540 seconds
Native extension for WindowsStandalone target not found
Package Manager log level set to [2]
[Package Manager] Failed to launch server process. Reason: Unity was launched with the -noUpm command-line argument
[Package Manager] Unable to send message (not connected to server process).
[Package Manager] Cannot connect to Unity Package Manager local server
ScheduleIndexationOnStartup MainProcess:False IndexOnStartup:True
Mono: successfully reloaded assembly
- Finished resetting the current domain, in  0.513 seconds
Domain Reload Profiling: 1048ms
	BeginReloadAssembly (182ms)
		ExecutionOrderSort (0ms)
		DisableScriptedObjects (0ms)
		BackupInstance (0ms)
		ReleaseScriptingObjects (0ms)
		CreateAndSetChildDomain (1ms)
	RebuildCommonClasses (59ms)
	RebuildNativeTypeToScriptingClass (15ms)
	initialDomainReloadingComplete (69ms)
	LoadAllAssembliesAndSetupDomain (209ms)
		LoadAssemblies (176ms)
		RebuildTransferFunctionScriptingTraits (0ms)
		AnalyzeDomain (205ms)
			TypeCache.Refresh (203ms)
				TypeCache.ScanAssembly (187ms)
			BuildScriptInfoCaches (0ms)
			ResolveRequiredComponents (1ms)
	FinalizeReload (514ms)
		ReleaseScriptCaches (0ms)
		RebuildScriptCaches (0ms)
		SetupLoadedEditorAssemblies (448ms)
			LogAssemblyErrors (0ms)
			InitializePlatformSupportModulesInManaged (66ms)
			SetLoadedEditorAssemblies (5ms)
			BeforeProcessingInitializeOnLoad (99ms)
			ProcessInitializeOnLoadAttributes (182ms)
			ProcessInitializeOnLoadMethodAttributes (95ms)
			AfterProcessingInitializeOnLoad (0ms)
			EditorAssembliesLoaded (0ms)
		ExecutionOrderSort2 (0ms)
		AwakeInstancesAfterBackupRestoration (0ms)
Assembly reference Packages/com.unity.cinemachine/Editor/Samples/ExposeHDRPInternals/HDRP-Editor-ref.asmref has no target assembly definition
========================================================================
Worker process is ready to serve import requests
Import Worker Mode flag is 0x00
Assembly reference Packages/com.unity.cinemachine/Editor/Samples/ExposeHDRPInternals/HDRP-Editor-ref.asmref has no target assembly definition
Assembly reference Packages/com.unity.cinemachine/Editor/Samples/ExposeHDRPInternals/HDRP-Editor-ref.asmref has no target assembly definition
Begin MonoManager ReloadAssembly
[Licensing::Client] Successfully resolved entitlement details
[Licensing::Module] License group:
  Id: 3574399251830-UnityPersXXXX
  Product: Unity Personal
  Type: Assigned
  Expiration: Unlimited
- Loaded All Assemblies, in  1.164 seconds
Assembly reference Packages/com.unity.cinemachine/Editor/Samples/ExposeHDRPInternals/HDRP-Editor-ref.asmref has no target assembly definition
'Packages/com.unity.cinemachine/Editor/Obsolete/CinemachineVirtualCameraBaseEditor.cs' contains partial class of Unity.Object, exactly 1 of the partial classes needs to be in a file with the same filename. This is to know the one that can be referenced from ie. GameObjects
'Packages/com.unity.cinemachine/Editor/Editors/CinemachineVirtualCameraBaseEditor.cs' contains partial class of Unity.Object, exactly 1 of the partial classes needs to be in a file with the same filename. This is to know the one that can be referenced from ie. GameObjects
Refreshing native plugins compatible for Editor in 2.65 ms, found 5 plugins.
Native extension for WindowsStandalone target not found
Assembly reference Packages/com.unity.cinemachine/Editor/Samples/ExposeHDRPInternals/HDRP-Editor-ref.asmref has no target assembly definition
[Package Manager] Failed to launch server process. Reason: Unity was launched with the -noUpm command-line argument
[Package Manager] Unable to send message (not connected to server process).
[Package Manager] Cannot connect to Unity Package Manager local server
[Package Manager] Failed to launch server process. Reason: Unity was launched with the -noUpm command-line argument
[Package Manager] Unable to send message (not connected to server process).
[Package Manager] Cannot connect to Unity Package Manager local server
[Package Manager] Failed to launch server process. Reason: Unity was launched with the -noUpm command-line argument
[Package Manager] Unable to send message (not connected to server process).
[Package Manager] Cannot connect to Unity Package Manager local server
Refreshing native plugins compatible for Editor in 2.86 ms, found 5 plugins.
ScheduleIndexationOnStartup MainProcess:False IndexOnStartup:True
Mono: successfully reloaded assembly
- Finished resetting the current domain, in  1.088 seconds
Domain Reload Profiling: 2247ms
	BeginReloadAssembly (252ms)
		ExecutionOrderSort (0ms)
		DisableScriptedObjects (7ms)
		BackupInstance (0ms)
		ReleaseScriptingObjects (0ms)
		CreateAndSetChildDomain (37ms)
	RebuildCommonClasses (53ms)
	RebuildNativeTypeToScriptingClass (20ms)
	initialDomainReloadingComplete (55ms)
	LoadAllAssembliesAndSetupDomain (778ms)
		LoadAssemblies (489ms)
		RebuildTransferFunctionScriptingTraits (0ms)
		AnalyzeDomain (437ms)
			TypeCache.Refresh (293ms)
				TypeCache.ScanAssembly (272ms)
			BuildScriptInfoCaches (120ms)
			ResolveRequiredComponents (18ms)
	FinalizeReload (1089ms)
		ReleaseScriptCaches (0ms)
		RebuildScriptCaches (0ms)
		SetupLoadedEditorAssemblies (889ms)
			LogAssemblyErrors (0ms)
			InitializePlatformSupportModulesInManaged (2ms)
			SetLoadedEditorAssemblies (6ms)
			BeforeProcessingInitializeOnLoad (203ms)
			ProcessInitializeOnLoadAttributes (519ms)
			ProcessInitializeOnLoadMethodAttributes (148ms)
			AfterProcessingInitializeOnLoad (11ms)
			EditorAssembliesLoaded (1ms)
		ExecutionOrderSort2 (0ms)
		AwakeInstancesAfterBackupRestoration (8ms)
Launched and connected shader compiler UnityShaderCompiler.exe after 0.01 seconds
Refreshing native plugins compatible for Editor in 2.34 ms, found 5 plugins.
Preloading 0 native plugins for Editor in 0.00 ms.
Unloading 17 Unused Serialized files (Serialized files now loaded: 0)
Unloading 7649 unused Assets / (4.8 MB). Loaded Objects now: 8481.
Memory consumption went from 163.8 MB to 159.0 MB.
Total: 11.692700 ms (FindLiveObjects: 0.768900 ms CreateObjectMapping: 0.641800 ms MarkObjects: 7.569100 ms  DeleteObjects: 2.711600 ms)

========================================================================
Received Import Request.
  Time since last request: 118728.243458 seconds.
  path: Assets/Dialogue/Pendi/Day 3/Seq 1/PendiD3S1N1.asset
  artifactKey: Guid(a2bf09343942d214688150e5b33cc734) Importer(815301076,1909f56bfc062723c751e8b465ee728b)
Start importing Assets/Dialogue/Pendi/Day 3/Seq 1/PendiD3S1N1.asset using Guid(a2bf09343942d214688150e5b33cc734) Importer(815301076,1909f56bfc062723c751e8b465ee728b) (PreviewImporter) -> (artifact id: '8b71e94b761925122b002b159b23f4d8') in 0.0282876 seconds
Number of updated asset objects reloaded before import = 0Number of asset objects unloaded after import = 1

========================================================================
Received Import Request.
  Time since last request: 0.909914 seconds.
  path: Assets/Dialogue/Pendi/Day 3/Seq 1/PendiD3S1N1.asset
  artifactKey: Guid(a2bf09343942d214688150e5b33cc734) Importer(2089858483,b0f066a214c2f5e87bad3c948f4d605d)
Start importing Assets/Dialogue/Pendi/Day 3/Seq 1/PendiD3S1N1.asset using Guid(a2bf09343942d214688150e5b33cc734) Importer(2089858483,b0f066a214c2f5e87bad3c948f4d605d) (ScriptedImporter) -> (artifact id: '4a7e382713ab3d7408ed2fb261a5ae3d') in 0.1459097 seconds
Number of updated asset objects reloaded before import = 0Number of asset objects unloaded after import = 1

========================================================================
Received Import Request.
  Time since last request: 15.214948 seconds.
  path: Assets/Dialogue/Pendi/Day 3/Seq 1/PendiD3S1N1 1.asset
  artifactKey: Guid(2e11bc64a7c79e3418a97660512a3d32) Importer(815301076,1909f56bfc062723c751e8b465ee728b)
Start importing Assets/Dialogue/Pendi/Day 3/Seq 1/PendiD3S1N1 1.asset using Guid(2e11bc64a7c79e3418a97660512a3d32) Importer(815301076,1909f56bfc062723c751e8b465ee728b) (PreviewImporter) -> (artifact id: 'b7976638b458f5076e7a51bd99b113e9') in 0.0011988 seconds
Number of updated asset objects reloaded before import = 0Number of asset objects unloaded after import = 1

========================================================================
Received Import Request.
  Time since last request: 0.400366 seconds.
  path: Assets/Dialogue/Pendi/Day 3/Seq 1/PendiD3S1N1 2.asset
  artifactKey: Guid(381fc610208da6140944f9036e003c3e) Importer(815301076,1909f56bfc062723c751e8b465ee728b)
Start importing Assets/Dialogue/Pendi/Day 3/Seq 1/PendiD3S1N1 2.asset using Guid(381fc610208da6140944f9036e003c3e) Importer(815301076,1909f56bfc062723c751e8b465ee728b) (PreviewImporter) -> (artifact id: '40284417bf5a98eeada5f9ce45fae4ee') in 0.0014521 seconds
Number of updated asset objects reloaded before import = 0Number of asset objects unloaded after import = 1

========================================================================
Received Import Request.
  Time since last request: 0.834043 seconds.
  path: Assets/Dialogue/Pendi/Day 3/Seq 1/PendiD3S1N1 3.asset
  artifactKey: Guid(f0620d28808b70d48bc6d2263d26b489) Importer(815301076,1909f56bfc062723c751e8b465ee728b)
Start importing Assets/Dialogue/Pendi/Day 3/Seq 1/PendiD3S1N1 3.asset using Guid(f0620d28808b70d48bc6d2263d26b489) Importer(815301076,1909f56bfc062723c751e8b465ee728b) (PreviewImporter) -> (artifact id: '2c12709c3601182dd13297d443c8f429') in 0.0013694 seconds
Number of updated asset objects reloaded before import = 0Number of asset objects unloaded after import = 1

========================================================================
Received Import Request.
  Time since last request: 0.873331 seconds.
  path: Assets/Dialogue/Pendi/Day 3/Seq 1/PendiD3S1N1 4.asset
  artifactKey: Guid(e3d959e10913ea14a924f73b437fc1af) Importer(815301076,1909f56bfc062723c751e8b465ee728b)
Start importing Assets/Dialogue/Pendi/Day 3/Seq 1/PendiD3S1N1 4.asset using Guid(e3d959e10913ea14a924f73b437fc1af) Importer(815301076,1909f56bfc062723c751e8b465ee728b) (PreviewImporter) -> (artifact id: '1082b6a8177c3983b2f5581bcea65ccc') in 0.0012658 seconds
Number of updated asset objects reloaded before import = 0Number of asset objects unloaded after import = 1

========================================================================
Received Import Request.
  Time since last request: 0.513438 seconds.
  path: Assets/Dialogue/Pendi/Day 3/Seq 1/PendiD3S1N1 5.asset
  artifactKey: Guid(990453fc3b93cd34d8d8c55f9ab68018) Importer(815301076,1909f56bfc062723c751e8b465ee728b)
Start importing Assets/Dialogue/Pendi/Day 3/Seq 1/PendiD3S1N1 5.asset using Guid(990453fc3b93cd34d8d8c55f9ab68018) Importer(815301076,1909f56bfc062723c751e8b465ee728b) (PreviewImporter) -> (artifact id: '0938c0fda354378694cbd94fe83e2950') in 0.0013048 seconds
Number of updated asset objects reloaded before import = 0Number of asset objects unloaded after import = 1

========================================================================
Received Import Request.
  Time since last request: 0.472274 seconds.
  path: Assets/Dialogue/Pendi/Day 3/Seq 1/PendiD3S1N1 6.asset
  artifactKey: Guid(7673e5c33e8e7cd498f98df963a2b793) Importer(815301076,1909f56bfc062723c751e8b465ee728b)
Start importing Assets/Dialogue/Pendi/Day 3/Seq 1/PendiD3S1N1 6.asset using Guid(7673e5c33e8e7cd498f98df963a2b793) Importer(815301076,1909f56bfc062723c751e8b465ee728b) (PreviewImporter) -> (artifact id: 'e90d01a0653f7e6de8672aaea6e40244') in 0.0012536 seconds
Number of updated asset objects reloaded before import = 0Number of asset objects unloaded after import = 1

========================================================================
Received Import Request.
  Time since last request: 0.410661 seconds.
  path: Assets/Dialogue/Pendi/Day 3/Seq 1/PendiD3S1N1 7.asset
  artifactKey: Guid(3dd8374806c37564aad3428688b6518e) Importer(815301076,1909f56bfc062723c751e8b465ee728b)
Start importing Assets/Dialogue/Pendi/Day 3/Seq 1/PendiD3S1N1 7.asset using Guid(3dd8374806c37564aad3428688b6518e) Importer(815301076,1909f56bfc062723c751e8b465ee728b) (PreviewImporter) -> (artifact id: '3152c6dad3df255a17e12e397fafffa1') in 0.001225 seconds
Number of updated asset objects reloaded before import = 0Number of asset objects unloaded after import = 1

========================================================================
Received Import Request.
  Time since last request: 0.375233 seconds.
  path: Assets/Dialogue/Pendi/Day 3/Seq 1/PendiD3S1N1 8.asset
  artifactKey: Guid(607236c982a676c46b7e86776c5bd73d) Importer(815301076,1909f56bfc062723c751e8b465ee728b)
Start importing Assets/Dialogue/Pendi/Day 3/Seq 1/PendiD3S1N1 8.asset using Guid(607236c982a676c46b7e86776c5bd73d) Importer(815301076,1909f56bfc062723c751e8b465ee728b) (PreviewImporter) -> (artifact id: '9dc77c7b314ddeda96251d53957a7741') in 0.0011888 seconds
Number of updated asset objects reloaded before import = 0Number of asset objects unloaded after import = 1

========================================================================
Received Import Request.
  Time since last request: 0.370434 seconds.
  path: Assets/Dialogue/Pendi/Day 3/Seq 1/PendiD3S1N1 9.asset
  artifactKey: Guid(ca49f59d9a1f1624b9134a6ba5692637) Importer(815301076,1909f56bfc062723c751e8b465ee728b)
Start importing Assets/Dialogue/Pendi/Day 3/Seq 1/PendiD3S1N1 9.asset using Guid(ca49f59d9a1f1624b9134a6ba5692637) Importer(815301076,1909f56bfc062723c751e8b465ee728b) (PreviewImporter) -> (artifact id: '9c5c2325e77d4ef0d41123c061faed62') in 0.0012945 seconds
Number of updated asset objects reloaded before import = 0Number of asset objects unloaded after import = 1

========================================================================
Received Import Request.
  Time since last request: 0.378623 seconds.
  path: Assets/Dialogue/Pendi/Day 3/Seq 1/PendiD3S1N1 10.asset
  artifactKey: Guid(d0262fb8ff97c354cab2e62a15fc009e) Importer(815301076,1909f56bfc062723c751e8b465ee728b)
Start importing Assets/Dialogue/Pendi/Day 3/Seq 1/PendiD3S1N1 10.asset using Guid(d0262fb8ff97c354cab2e62a15fc009e) Importer(815301076,1909f56bfc062723c751e8b465ee728b) (PreviewImporter) -> (artifact id: 'fd35008fa6dd79f12b3bfac68a9e753b') in 0.0015177 seconds
Number of updated asset objects reloaded before import = 0Number of asset objects unloaded after import = 1

========================================================================
Received Import Request.
  Time since last request: 0.345020 seconds.
  path: Assets/Dialogue/Pendi/Day 3/Seq 1/PendiD3S1N1 11.asset
  artifactKey: Guid(ee9a0171e6ce75b4b9ecc7aa571a40fc) Importer(815301076,1909f56bfc062723c751e8b465ee728b)
Start importing Assets/Dialogue/Pendi/Day 3/Seq 1/PendiD3S1N1 11.asset using Guid(ee9a0171e6ce75b4b9ecc7aa571a40fc) Importer(815301076,1909f56bfc062723c751e8b465ee728b) (PreviewImporter) -> (artifact id: '0fb03073d37e83e063abea9227906be9') in 0.001337 seconds
Number of updated asset objects reloaded before import = 0Number of asset objects unloaded after import = 1

========================================================================
Received Import Request.
  Time since last request: 0.356913 seconds.
  path: Assets/Dialogue/Pendi/Day 3/Seq 1/PendiD3S1N1 12.asset
  artifactKey: Guid(64a2ca20df46409458cd4ca602a0299e) Importer(815301076,1909f56bfc062723c751e8b465ee728b)
Start importing Assets/Dialogue/Pendi/Day 3/Seq 1/PendiD3S1N1 12.asset using Guid(64a2ca20df46409458cd4ca602a0299e) Importer(815301076,1909f56bfc062723c751e8b465ee728b) (PreviewImporter) -> (artifact id: 'f7094ac52bd1ad05cbb9c224d8d28c5e') in 0.0013239 seconds
Number of updated asset objects reloaded before import = 0Number of asset objects unloaded after import = 1

========================================================================
Received Import Request.
  Time since last request: 0.346535 seconds.
  path: Assets/Dialogue/Pendi/Day 3/Seq 1/PendiD3S1N1 13.asset
  artifactKey: Guid(fa8fb429e04b65f41bea832bb6f4f88f) Importer(815301076,1909f56bfc062723c751e8b465ee728b)
Start importing Assets/Dialogue/Pendi/Day 3/Seq 1/PendiD3S1N1 13.asset using Guid(fa8fb429e04b65f41bea832bb6f4f88f) Importer(815301076,1909f56bfc062723c751e8b465ee728b) (PreviewImporter) -> (artifact id: 'b75c023e3cb12369ccaa286f5a7063f7') in 0.001171 seconds
Number of updated asset objects reloaded before import = 0Number of asset objects unloaded after import = 1

========================================================================
Received Import Request.
  Time since last request: 0.351634 seconds.
  path: Assets/Dialogue/Pendi/Day 3/Seq 1/PendiD3S1N1 14.asset
  artifactKey: Guid(dee8d76a05270c84181542dc24c1566a) Importer(815301076,1909f56bfc062723c751e8b465ee728b)
Start importing Assets/Dialogue/Pendi/Day 3/Seq 1/PendiD3S1N1 14.asset using Guid(dee8d76a05270c84181542dc24c1566a) Importer(815301076,1909f56bfc062723c751e8b465ee728b) (PreviewImporter) -> (artifact id: '8e59600354b41d30fd9cb6eafbeba0e6') in 0.0017144 seconds
Number of updated asset objects reloaded before import = 0Number of asset objects unloaded after import = 1

========================================================================
Received Import Request.
  Time since last request: 0.358087 seconds.
  path: Assets/Dialogue/Pendi/Day 3/Seq 1/PendiD3S1N1 15.asset
  artifactKey: Guid(833e65d5500b4ec4180e66016b8c504c) Importer(815301076,1909f56bfc062723c751e8b465ee728b)
Start importing Assets/Dialogue/Pendi/Day 3/Seq 1/PendiD3S1N1 15.asset using Guid(833e65d5500b4ec4180e66016b8c504c) Importer(815301076,1909f56bfc062723c751e8b465ee728b) (PreviewImporter) -> (artifact id: 'ed668b758f77ea89fe8acec425250da0') in 0.0013731 seconds
Number of updated asset objects reloaded before import = 0Number of asset objects unloaded after import = 1

========================================================================
Received Import Request.
  Time since last request: 0.900609 seconds.
  path: Assets/ItemData/QuestItems/Drill.asset
  artifactKey: Guid(19b85846d71ef9c4081be9fc95c6c649) Importer(2089858483,b0f066a214c2f5e87bad3c948f4d605d)
Start importing Assets/ItemData/QuestItems/Drill.asset using Guid(19b85846d71ef9c4081be9fc95c6c649) Importer(2089858483,b0f066a214c2f5e87bad3c948f4d605d) (ScriptedImporter) -> (artifact id: 'c1737bcfe870bb31b0d696e8662172b1') in 0.0197061 seconds
Number of updated asset objects reloaded before import = 0Number of asset objects unloaded after import = 2

========================================================================
Received Import Request.
  Time since last request: 0.000024 seconds.
  path: Assets/Dialogue/Pendi/Day 3/Seq 1/PendiD3S1N1 10.asset
  artifactKey: Guid(d0262fb8ff97c354cab2e62a15fc009e) Importer(2089858483,b0f066a214c2f5e87bad3c948f4d605d)
Start importing Assets/Dialogue/Pendi/Day 3/Seq 1/PendiD3S1N1 10.asset using Guid(d0262fb8ff97c354cab2e62a15fc009e) Importer(2089858483,b0f066a214c2f5e87bad3c948f4d605d) (ScriptedImporter) -> (artifact id: 'df71f6d3dec84360bafcfe7f70c7a3cf') in 0.0192559 seconds
Number of updated asset objects reloaded before import = 0Number of asset objects unloaded after import = 1

========================================================================
Received Import Request.
  Time since last request: 0.000035 seconds.
  path: Assets/Dialogue/Pendi/Day 3/Seq 1/PendiD3S1N1 8.asset
  artifactKey: Guid(607236c982a676c46b7e86776c5bd73d) Importer(2089858483,b0f066a214c2f5e87bad3c948f4d605d)
Start importing Assets/Dialogue/Pendi/Day 3/Seq 1/PendiD3S1N1 8.asset using Guid(607236c982a676c46b7e86776c5bd73d) Importer(2089858483,b0f066a214c2f5e87bad3c948f4d605d) (ScriptedImporter) -> (artifact id: '092ef35034ffc7d9f551ce3ef5b4e0b5') in 0.0219059 seconds
Number of updated asset objects reloaded before import = 0Number of asset objects unloaded after import = 1

========================================================================
Received Import Request.
  Time since last request: 0.000019 seconds.
  path: Assets/Dialogue/Pendi/Day 3/Seq 1/PendiD3S1N1 3.asset
  artifactKey: Guid(f0620d28808b70d48bc6d2263d26b489) Importer(2089858483,b0f066a214c2f5e87bad3c948f4d605d)
Start importing Assets/Dialogue/Pendi/Day 3/Seq 1/PendiD3S1N1 3.asset using Guid(f0620d28808b70d48bc6d2263d26b489) Importer(2089858483,b0f066a214c2f5e87bad3c948f4d605d) (ScriptedImporter) -> (artifact id: '6894b3c2a6542483092dd9402a7cb67e') in 0.0222233 seconds
Number of updated asset objects reloaded before import = 0Number of asset objects unloaded after import = 1

========================================================================
Received Import Request.
  Time since last request: 0.000019 seconds.
  path: Assets/Dialogue/Pendi/Day 3/Seq 1/PendiD3S1N1 7.asset
  artifactKey: Guid(3dd8374806c37564aad3428688b6518e) Importer(2089858483,b0f066a214c2f5e87bad3c948f4d605d)
Start importing Assets/Dialogue/Pendi/Day 3/Seq 1/PendiD3S1N1 7.asset using Guid(3dd8374806c37564aad3428688b6518e) Importer(2089858483,b0f066a214c2f5e87bad3c948f4d605d) (ScriptedImporter) -> (artifact id: 'cfe4854a77ba01aa0891a72fe8d230e7') in 0.0270696 seconds
Number of updated asset objects reloaded before import = 0Number of asset objects unloaded after import = 1

========================================================================
Received Import Request.
  Time since last request: 0.000024 seconds.
  path: Assets/Dialogue/Pendi/Day 3/Seq 1/PendiD3S1N1 12.asset
  artifactKey: Guid(64a2ca20df46409458cd4ca602a0299e) Importer(2089858483,b0f066a214c2f5e87bad3c948f4d605d)
Start importing Assets/Dialogue/Pendi/Day 3/Seq 1/PendiD3S1N1 12.asset using Guid(64a2ca20df46409458cd4ca602a0299e) Importer(2089858483,b0f066a214c2f5e87bad3c948f4d605d) (ScriptedImporter) -> (artifact id: 'a12fc8607e5fd8aa08addaea83ee3916') in 0.0229071 seconds
Number of updated asset objects reloaded before import = 0Number of asset objects unloaded after import = 1

========================================================================
Received Import Request.
  Time since last request: 0.000029 seconds.
  path: Assets/Dialogue/Pendi/Day 3/Seq 1/PendiD3S1N1 6.asset
  artifactKey: Guid(7673e5c33e8e7cd498f98df963a2b793) Importer(2089858483,b0f066a214c2f5e87bad3c948f4d605d)
Start importing Assets/Dialogue/Pendi/Day 3/Seq 1/PendiD3S1N1 6.asset using Guid(7673e5c33e8e7cd498f98df963a2b793) Importer(2089858483,b0f066a214c2f5e87bad3c948f4d605d) (ScriptedImporter) -> (artifact id: '6ecf623e561f98c18f89c9bcaadc85d4') in 0.0230267 seconds
Number of updated asset objects reloaded before import = 0Number of asset objects unloaded after import = 1

========================================================================
Received Import Request.
  Time since last request: 0.000017 seconds.
  path: Assets/Dialogue/Pendi/Day 3/Seq 1/PendiD3S1N1 4.asset
  artifactKey: Guid(e3d959e10913ea14a924f73b437fc1af) Importer(2089858483,b0f066a214c2f5e87bad3c948f4d605d)
Start importing Assets/Dialogue/Pendi/Day 3/Seq 1/PendiD3S1N1 4.asset using Guid(e3d959e10913ea14a924f73b437fc1af) Importer(2089858483,b0f066a214c2f5e87bad3c948f4d605d) (ScriptedImporter) -> (artifact id: '19d0b6bcaf49e016dd87cb0a36b5b335') in 0.0295282 seconds
Number of updated asset objects reloaded before import = 0Number of asset objects unloaded after import = 1

========================================================================
Received Import Request.
  Time since last request: 6.779266 seconds.
  path: Assets/Dialogue/Pendi/Day 3/Seq 1/PendiD3S1N2A.asset
  artifactKey: Guid(2e11bc64a7c79e3418a97660512a3d32) Importer(815301076,1909f56bfc062723c751e8b465ee728b)
Start importing Assets/Dialogue/Pendi/Day 3/Seq 1/PendiD3S1N2A.asset using Guid(2e11bc64a7c79e3418a97660512a3d32) Importer(815301076,1909f56bfc062723c751e8b465ee728b) (PreviewImporter) -> (artifact id: '6a3a44deef05bfd888ee252fe64c66f4') in 0.001148 seconds
Number of updated asset objects reloaded before import = 0Number of asset objects unloaded after import = 1

========================================================================
Received Import Request.
  Time since last request: 0.919387 seconds.
  path: Assets/Dialogue/Pendi/Day 3/Seq 1/PendiD3S1N2A.asset
  artifactKey: Guid(2e11bc64a7c79e3418a97660512a3d32) Importer(2089858483,b0f066a214c2f5e87bad3c948f4d605d)
Start importing Assets/Dialogue/Pendi/Day 3/Seq 1/PendiD3S1N2A.asset using Guid(2e11bc64a7c79e3418a97660512a3d32) Importer(2089858483,b0f066a214c2f5e87bad3c948f4d605d) (ScriptedImporter) -> (artifact id: '5b9b15b06aaa8e178a29350941c86e10') in 0.0147401 seconds
Number of updated asset objects reloaded before import = 0Number of asset objects unloaded after import = 1

========================================================================
Received Import Request.
  Time since last request: 5.584044 seconds.
  path: Assets/Dialogue/Pendi/Day 3/Seq 1/PendiD3S1N2B.asset
  artifactKey: Guid(381fc610208da6140944f9036e003c3e) Importer(815301076,1909f56bfc062723c751e8b465ee728b)
Start importing Assets/Dialogue/Pendi/Day 3/Seq 1/PendiD3S1N2B.asset using Guid(381fc610208da6140944f9036e003c3e) Importer(815301076,1909f56bfc062723c751e8b465ee728b) (PreviewImporter) -> (artifact id: 'bb75a391cbaf0c7c3a940a95deed1ee1') in 0.0012044 seconds
Number of updated asset objects reloaded before import = 0Number of asset objects unloaded after import = 1

========================================================================
Received Import Request.
  Time since last request: 0.925131 seconds.
  path: Assets/Dialogue/Pendi/Day 3/Seq 1/PendiD3S1N2B.asset
  artifactKey: Guid(381fc610208da6140944f9036e003c3e) Importer(2089858483,b0f066a214c2f5e87bad3c948f4d605d)
Start importing Assets/Dialogue/Pendi/Day 3/Seq 1/PendiD3S1N2B.asset using Guid(381fc610208da6140944f9036e003c3e) Importer(2089858483,b0f066a214c2f5e87bad3c948f4d605d) (ScriptedImporter) -> (artifact id: '2ebd502ea7b8c19183e956e741f2dca0') in 0.0147919 seconds
Number of updated asset objects reloaded before import = 0Number of asset objects unloaded after import = 1

========================================================================
Received Import Request.
  Time since last request: 9.666287 seconds.
  path: Assets/Dialogue/Pendi/Day 3/Seq 1/PendiD3S1N2C.asset
  artifactKey: Guid(f0620d28808b70d48bc6d2263d26b489) Importer(815301076,1909f56bfc062723c751e8b465ee728b)
Start importing Assets/Dialogue/Pendi/Day 3/Seq 1/PendiD3S1N2C.asset using Guid(f0620d28808b70d48bc6d2263d26b489) Importer(815301076,1909f56bfc062723c751e8b465ee728b) (PreviewImporter) -> (artifact id: '8057611ba57b2217d922b00567689367') in 0.0011275 seconds
Number of updated asset objects reloaded before import = 0Number of asset objects unloaded after import = 1

========================================================================
Received Import Request.
  Time since last request: 0.923922 seconds.
  path: Assets/Dialogue/Pendi/Day 3/Seq 1/PendiD3S1N2C.asset
  artifactKey: Guid(f0620d28808b70d48bc6d2263d26b489) Importer(2089858483,b0f066a214c2f5e87bad3c948f4d605d)
Start importing Assets/Dialogue/Pendi/Day 3/Seq 1/PendiD3S1N2C.asset using Guid(f0620d28808b70d48bc6d2263d26b489) Importer(2089858483,b0f066a214c2f5e87bad3c948f4d605d) (ScriptedImporter) -> (artifact id: '7f9d83ab404203169373ed70e1e0606f') in 0.0122483 seconds
Number of updated asset objects reloaded before import = 0Number of asset objects unloaded after import = 1

========================================================================
Received Import Request.
  Time since last request: 6.848636 seconds.
  path: Assets/Dialogue/Pendi/Day 3/Seq 1/PendiD3S1N3A.asset
  artifactKey: Guid(e3d959e10913ea14a924f73b437fc1af) Importer(815301076,1909f56bfc062723c751e8b465ee728b)
Start importing Assets/Dialogue/Pendi/Day 3/Seq 1/PendiD3S1N3A.asset using Guid(e3d959e10913ea14a924f73b437fc1af) Importer(815301076,1909f56bfc062723c751e8b465ee728b) (PreviewImporter) -> (artifact id: '1d5a1f6f7b89d13d5ad968222c162c40') in 0.0012202 seconds
Number of updated asset objects reloaded before import = 0Number of asset objects unloaded after import = 1

========================================================================
Received Import Request.
  Time since last request: 0.925038 seconds.
  path: Assets/Dialogue/Pendi/Day 3/Seq 1/PendiD3S1N3A.asset
  artifactKey: Guid(e3d959e10913ea14a924f73b437fc1af) Importer(2089858483,b0f066a214c2f5e87bad3c948f4d605d)
Start importing Assets/Dialogue/Pendi/Day 3/Seq 1/PendiD3S1N3A.asset using Guid(e3d959e10913ea14a924f73b437fc1af) Importer(2089858483,b0f066a214c2f5e87bad3c948f4d605d) (ScriptedImporter) -> (artifact id: '0b6b7a62047f690754da61888748004d') in 0.0132398 seconds
Number of updated asset objects reloaded before import = 0Number of asset objects unloaded after import = 1

========================================================================
Received Import Request.
  Time since last request: 2.991346 seconds.
  path: Assets/Dialogue/Pendi/Day 3/Seq 1/PendiD3S1N4A.asset
  artifactKey: Guid(990453fc3b93cd34d8d8c55f9ab68018) Importer(815301076,1909f56bfc062723c751e8b465ee728b)
Start importing Assets/Dialogue/Pendi/Day 3/Seq 1/PendiD3S1N4A.asset using Guid(990453fc3b93cd34d8d8c55f9ab68018) Importer(815301076,1909f56bfc062723c751e8b465ee728b) (PreviewImporter) -> (artifact id: '45335ed0ddcc78ed48e7782c2b53ae08') in 0.001146 seconds
Number of updated asset objects reloaded before import = 0Number of asset objects unloaded after import = 1

========================================================================
Received Import Request.
  Time since last request: 1.592415 seconds.
  path: Assets/Dialogue/Pendi/Day 3/Seq 1/PendiD3S1N4A.asset
  artifactKey: Guid(990453fc3b93cd34d8d8c55f9ab68018) Importer(2089858483,b0f066a214c2f5e87bad3c948f4d605d)
Start importing Assets/Dialogue/Pendi/Day 3/Seq 1/PendiD3S1N4A.asset using Guid(990453fc3b93cd34d8d8c55f9ab68018) Importer(2089858483,b0f066a214c2f5e87bad3c948f4d605d) (ScriptedImporter) -> (artifact id: 'af53ac2e4c38ed8a3e728a9116bc5642') in 0.0151988 seconds
Number of updated asset objects reloaded before import = 0Number of asset objects unloaded after import = 1

========================================================================
Received Import Request.
  Time since last request: 14.433303 seconds.
  path: Assets/Dialogue/Pendi/Day 3/Seq 1/PendiD3S1N5A.asset
  artifactKey: Guid(7673e5c33e8e7cd498f98df963a2b793) Importer(815301076,1909f56bfc062723c751e8b465ee728b)
Start importing Assets/Dialogue/Pendi/Day 3/Seq 1/PendiD3S1N5A.asset using Guid(7673e5c33e8e7cd498f98df963a2b793) Importer(815301076,1909f56bfc062723c751e8b465ee728b) (PreviewImporter) -> (artifact id: 'a980f80ce9c88381a5c693b339981e5b') in 0.0012132 seconds
Number of updated asset objects reloaded before import = 0Number of asset objects unloaded after import = 1

========================================================================
Received Import Request.
  Time since last request: 0.921147 seconds.
  path: Assets/Dialogue/Pendi/Day 3/Seq 1/PendiD3S1N5A.asset
  artifactKey: Guid(7673e5c33e8e7cd498f98df963a2b793) Importer(2089858483,b0f066a214c2f5e87bad3c948f4d605d)
Start importing Assets/Dialogue/Pendi/Day 3/Seq 1/PendiD3S1N5A.asset using Guid(7673e5c33e8e7cd498f98df963a2b793) Importer(2089858483,b0f066a214c2f5e87bad3c948f4d605d) (ScriptedImporter) -> (artifact id: '0c72164d6dfe6ba15281a8db2ab7b08b') in 0.0117141 seconds
Number of updated asset objects reloaded before import = 0Number of asset objects unloaded after import = 1

========================================================================
Received Import Request.
  Time since last request: 13.066002 seconds.
  path: Assets/Dialogue/Pendi/Day 3/Seq 1/PendiD3S1N6A.asset
  artifactKey: Guid(3dd8374806c37564aad3428688b6518e) Importer(815301076,1909f56bfc062723c751e8b465ee728b)
Start importing Assets/Dialogue/Pendi/Day 3/Seq 1/PendiD3S1N6A.asset using Guid(3dd8374806c37564aad3428688b6518e) Importer(815301076,1909f56bfc062723c751e8b465ee728b) (PreviewImporter) -> (artifact id: '82b73ed61311e99576531f63f8d41754') in 0.00112 seconds
Number of updated asset objects reloaded before import = 0Number of asset objects unloaded after import = 1

========================================================================
Received Import Request.
  Time since last request: 0.923692 seconds.
  path: Assets/Dialogue/Pendi/Day 3/Seq 1/PendiD3S1N6A.asset
  artifactKey: Guid(3dd8374806c37564aad3428688b6518e) Importer(2089858483,b0f066a214c2f5e87bad3c948f4d605d)
Start importing Assets/Dialogue/Pendi/Day 3/Seq 1/PendiD3S1N6A.asset using Guid(3dd8374806c37564aad3428688b6518e) Importer(2089858483,b0f066a214c2f5e87bad3c948f4d605d) (ScriptedImporter) -> (artifact id: 'b5ba30959a7d509ee3d794d82dc07032') in 0.0129169 seconds
Number of updated asset objects reloaded before import = 0Number of asset objects unloaded after import = 1

========================================================================
Received Import Request.
  Time since last request: 2.924285 seconds.
  path: Assets/Dialogue/Pendi/Day 3/Seq 1/PendiD3S1N7A.asset
  artifactKey: Guid(607236c982a676c46b7e86776c5bd73d) Importer(815301076,1909f56bfc062723c751e8b465ee728b)
Start importing Assets/Dialogue/Pendi/Day 3/Seq 1/PendiD3S1N7A.asset using Guid(607236c982a676c46b7e86776c5bd73d) Importer(815301076,1909f56bfc062723c751e8b465ee728b) (PreviewImporter) -> (artifact id: 'c93931d08b615a4913d0d4d100089fcf') in 0.0016205 seconds
Number of updated asset objects reloaded before import = 0Number of asset objects unloaded after import = 1

========================================================================
Received Import Request.
  Time since last request: 1.923860 seconds.
  path: Assets/Dialogue/Pendi/Day 3/Seq 1/PendiD3S1N7A.asset
  artifactKey: Guid(607236c982a676c46b7e86776c5bd73d) Importer(2089858483,b0f066a214c2f5e87bad3c948f4d605d)
Start importing Assets/Dialogue/Pendi/Day 3/Seq 1/PendiD3S1N7A.asset using Guid(607236c982a676c46b7e86776c5bd73d) Importer(2089858483,b0f066a214c2f5e87bad3c948f4d605d) (ScriptedImporter) -> (artifact id: '48014b85f7d08214348a435cd2e699a3') in 0.0133732 seconds
Number of updated asset objects reloaded before import = 0Number of asset objects unloaded after import = 1

========================================================================
Received Import Request.
  Time since last request: 2.076153 seconds.
  path: Assets/Dialogue/Pendi/Day 3/Seq 1/PendiD3S1N8A.asset
  artifactKey: Guid(ca49f59d9a1f1624b9134a6ba5692637) Importer(815301076,1909f56bfc062723c751e8b465ee728b)
Start importing Assets/Dialogue/Pendi/Day 3/Seq 1/PendiD3S1N8A.asset using Guid(ca49f59d9a1f1624b9134a6ba5692637) Importer(815301076,1909f56bfc062723c751e8b465ee728b) (PreviewImporter) -> (artifact id: '34d72ec3608d06c566c436453010ae27') in 0.0015169 seconds
Number of updated asset objects reloaded before import = 0Number of asset objects unloaded after import = 1

========================================================================
Received Import Request.
  Time since last request: 0.926106 seconds.
  path: Assets/Dialogue/Pendi/Day 3/Seq 1/PendiD3S1N8A.asset
  artifactKey: Guid(ca49f59d9a1f1624b9134a6ba5692637) Importer(2089858483,b0f066a214c2f5e87bad3c948f4d605d)
Start importing Assets/Dialogue/Pendi/Day 3/Seq 1/PendiD3S1N8A.asset using Guid(ca49f59d9a1f1624b9134a6ba5692637) Importer(2089858483,b0f066a214c2f5e87bad3c948f4d605d) (ScriptedImporter) -> (artifact id: 'ad8a4e6db4aac03da9b21d71590b2655') in 0.0131006 seconds
Number of updated asset objects reloaded before import = 0Number of asset objects unloaded after import = 1

========================================================================
Received Import Request.
  Time since last request: 3.396424 seconds.
  path: Assets/Dialogue/Pendi/Day 3/Seq 1/PendiD3S1N9A.asset
  artifactKey: Guid(d0262fb8ff97c354cab2e62a15fc009e) Importer(815301076,1909f56bfc062723c751e8b465ee728b)
Start importing Assets/Dialogue/Pendi/Day 3/Seq 1/PendiD3S1N9A.asset using Guid(d0262fb8ff97c354cab2e62a15fc009e) Importer(815301076,1909f56bfc062723c751e8b465ee728b) (PreviewImporter) -> (artifact id: 'e7aa3c3ba292081f5d0adae47c286321') in 0.0012405 seconds
Number of updated asset objects reloaded before import = 0Number of asset objects unloaded after import = 1

========================================================================
Received Import Request.
  Time since last request: 1.829209 seconds.
  path: Assets/Dialogue/Pendi/Day 3/Seq 1/PendiD3S1N9A.asset
  artifactKey: Guid(d0262fb8ff97c354cab2e62a15fc009e) Importer(2089858483,b0f066a214c2f5e87bad3c948f4d605d)
Start importing Assets/Dialogue/Pendi/Day 3/Seq 1/PendiD3S1N9A.asset using Guid(d0262fb8ff97c354cab2e62a15fc009e) Importer(2089858483,b0f066a214c2f5e87bad3c948f4d605d) (ScriptedImporter) -> (artifact id: 'c8ab093a0bf8e2654a8ef4f726810042') in 0.0134996 seconds
Number of updated asset objects reloaded before import = 0Number of asset objects unloaded after import = 1

========================================================================
Received Import Request.
  Time since last request: 2.603080 seconds.
  path: Assets/Dialogue/Pendi/Day 3/Seq 1/PendiD3S1N10A.asset
  artifactKey: Guid(ee9a0171e6ce75b4b9ecc7aa571a40fc) Importer(815301076,1909f56bfc062723c751e8b465ee728b)
Start importing Assets/Dialogue/Pendi/Day 3/Seq 1/PendiD3S1N10A.asset using Guid(ee9a0171e6ce75b4b9ecc7aa571a40fc) Importer(815301076,1909f56bfc062723c751e8b465ee728b) (PreviewImporter) -> (artifact id: '65d4620b9ac7a5bb977836dbb8256dae') in 0.0720925 seconds
Number of updated asset objects reloaded before import = 0Number of asset objects unloaded after import = 1

========================================================================
Received Import Request.
  Time since last request: 0.850827 seconds.
  path: Assets/Dialogue/Pendi/Day 3/Seq 1/PendiD3S1N10A.asset
  artifactKey: Guid(ee9a0171e6ce75b4b9ecc7aa571a40fc) Importer(2089858483,b0f066a214c2f5e87bad3c948f4d605d)
Start importing Assets/Dialogue/Pendi/Day 3/Seq 1/PendiD3S1N10A.asset using Guid(ee9a0171e6ce75b4b9ecc7aa571a40fc) Importer(2089858483,b0f066a214c2f5e87bad3c948f4d605d) (ScriptedImporter) -> (artifact id: '1cea843e597ead0d9f05e46476d6cb82') in 0.0171784 seconds
Number of updated asset objects reloaded before import = 0Number of asset objects unloaded after import = 1

========================================================================
Received Import Request.
  Time since last request: 10.672588 seconds.
  path: Assets/Dialogue/Pendi/Day 3/Seq 1/PendiD3S1N11A.asset
  artifactKey: Guid(64a2ca20df46409458cd4ca602a0299e) Importer(815301076,1909f56bfc062723c751e8b465ee728b)
Start importing Assets/Dialogue/Pendi/Day 3/Seq 1/PendiD3S1N11A.asset using Guid(64a2ca20df46409458cd4ca602a0299e) Importer(815301076,1909f56bfc062723c751e8b465ee728b) (PreviewImporter) -> (artifact id: '1b4915435529a20df46b7a65499a9359') in 0.001231 seconds
Number of updated asset objects reloaded before import = 0Number of asset objects unloaded after import = 1

========================================================================
Received Import Request.
  Time since last request: 0.922469 seconds.
  path: Assets/Dialogue/Pendi/Day 3/Seq 1/PendiD3S1N11A.asset
  artifactKey: Guid(64a2ca20df46409458cd4ca602a0299e) Importer(2089858483,b0f066a214c2f5e87bad3c948f4d605d)
Start importing Assets/Dialogue/Pendi/Day 3/Seq 1/PendiD3S1N11A.asset using Guid(64a2ca20df46409458cd4ca602a0299e) Importer(2089858483,b0f066a214c2f5e87bad3c948f4d605d) (ScriptedImporter) -> (artifact id: '044e4bcd25406d54db43c2b4c1e7a74c') in 0.01325 seconds
Number of updated asset objects reloaded before import = 0Number of asset objects unloaded after import = 1

========================================================================
Received Import Request.
  Time since last request: 3.320165 seconds.
  path: Assets/Dialogue/Pendi/Day 3/Seq 1/PendiD3S1N11B.asset
  artifactKey: Guid(fa8fb429e04b65f41bea832bb6f4f88f) Importer(815301076,1909f56bfc062723c751e8b465ee728b)
Start importing Assets/Dialogue/Pendi/Day 3/Seq 1/PendiD3S1N11B.asset using Guid(fa8fb429e04b65f41bea832bb6f4f88f) Importer(815301076,1909f56bfc062723c751e8b465ee728b) (PreviewImporter) -> (artifact id: '69761c383699de5d08a59a83c7da2925') in 0.0011431 seconds
Number of updated asset objects reloaded before import = 0Number of asset objects unloaded after import = 1

========================================================================
Received Import Request.
  Time since last request: 0.926856 seconds.
  path: Assets/Dialogue/Pendi/Day 3/Seq 1/PendiD3S1N11B.asset
  artifactKey: Guid(fa8fb429e04b65f41bea832bb6f4f88f) Importer(2089858483,b0f066a214c2f5e87bad3c948f4d605d)
Start importing Assets/Dialogue/Pendi/Day 3/Seq 1/PendiD3S1N11B.asset using Guid(fa8fb429e04b65f41bea832bb6f4f88f) Importer(2089858483,b0f066a214c2f5e87bad3c948f4d605d) (ScriptedImporter) -> (artifact id: '0435ff8458801aa32c614f9089c70e68') in 0.0185608 seconds
Number of updated asset objects reloaded before import = 0Number of asset objects unloaded after import = 1

========================================================================
Received Import Request.
  Time since last request: 9.347105 seconds.
  path: Assets/Dialogue/Pendi/Day 3/Seq 1/PendiD3S1N12.asset
  artifactKey: Guid(dee8d76a05270c84181542dc24c1566a) Importer(815301076,1909f56bfc062723c751e8b465ee728b)
Start importing Assets/Dialogue/Pendi/Day 3/Seq 1/PendiD3S1N12.asset using Guid(dee8d76a05270c84181542dc24c1566a) Importer(815301076,1909f56bfc062723c751e8b465ee728b) (PreviewImporter) -> (artifact id: '5871807f8d1ac791510c66aaf4641b22') in 0.0011499 seconds
Number of updated asset objects reloaded before import = 0Number of asset objects unloaded after import = 1

========================================================================
Received Import Request.
  Time since last request: 0.921927 seconds.
  path: Assets/Dialogue/Pendi/Day 3/Seq 1/PendiD3S1N12.asset
  artifactKey: Guid(dee8d76a05270c84181542dc24c1566a) Importer(2089858483,b0f066a214c2f5e87bad3c948f4d605d)
Start importing Assets/Dialogue/Pendi/Day 3/Seq 1/PendiD3S1N12.asset using Guid(dee8d76a05270c84181542dc24c1566a) Importer(2089858483,b0f066a214c2f5e87bad3c948f4d605d) (ScriptedImporter) -> (artifact id: '668e57b9e59d5ec202453c6de7cb152d') in 0.0152666 seconds
Number of updated asset objects reloaded before import = 0Number of asset objects unloaded after import = 1

========================================================================
Received Import Request.
  Time since last request: 46.326079 seconds.
  path: Assets/Dialogue/Pendi/Day 3/Seq 1/PendiD3S1N13.asset
  artifactKey: Guid(833e65d5500b4ec4180e66016b8c504c) Importer(815301076,1909f56bfc062723c751e8b465ee728b)
Start importing Assets/Dialogue/Pendi/Day 3/Seq 1/PendiD3S1N13.asset using Guid(833e65d5500b4ec4180e66016b8c504c) Importer(815301076,1909f56bfc062723c751e8b465ee728b) (PreviewImporter) -> (artifact id: '37394bb449b3e298c37beadb9c394e48') in 0.0012038 seconds
Number of updated asset objects reloaded before import = 0Number of asset objects unloaded after import = 1

========================================================================
Received Import Request.
  Time since last request: 0.924224 seconds.
  path: Assets/Dialogue/Pendi/Day 3/Seq 1/PendiD3S1N13.asset
  artifactKey: Guid(833e65d5500b4ec4180e66016b8c504c) Importer(2089858483,b0f066a214c2f5e87bad3c948f4d605d)
Start importing Assets/Dialogue/Pendi/Day 3/Seq 1/PendiD3S1N13.asset using Guid(833e65d5500b4ec4180e66016b8c504c) Importer(2089858483,b0f066a214c2f5e87bad3c948f4d605d) (ScriptedImporter) -> (artifact id: 'b529f526bae56774698ac6bf4763ac12') in 0.0156652 seconds
Number of updated asset objects reloaded before import = 0Number of asset objects unloaded after import = 1

========================================================================
Received Import Request.
  Time since last request: 326.182964 seconds.
  path: Assets/ItemData/QuestItems/Drill.asset
  artifactKey: Guid(19b85846d71ef9c4081be9fc95c6c649) Importer(815301076,1909f56bfc062723c751e8b465ee728b)
Start importing Assets/ItemData/QuestItems/Drill.asset using Guid(19b85846d71ef9c4081be9fc95c6c649) Importer(815301076,1909f56bfc062723c751e8b465ee728b) (PreviewImporter) -> (artifact id: '204cf3863ac1262b25622a4bd737ca75') in 0.001551 seconds
Number of updated asset objects reloaded before import = 0Number of asset objects unloaded after import = 2

========================================================================
Received Import Request.
  Time since last request: 274.743981 seconds.
  path: Assets/Scripts/Task-handling/TaskDatabase.asset
  artifactKey: Guid(45cd809b1d8c8408080ff51ecab0f937) Importer(815301076,1909f56bfc062723c751e8b465ee728b)
Start importing Assets/Scripts/Task-handling/TaskDatabase.asset using Guid(45cd809b1d8c8408080ff51ecab0f937) Importer(815301076,1909f56bfc062723c751e8b465ee728b) (PreviewImporter) -> (artifact id: '2305f6975b80559927d00052020d414a') in 0.0019512 seconds
Number of updated asset objects reloaded before import = 0Number of asset objects unloaded after import = 1

========================================================================
Received Import Request.
  Time since last request: 239.081324 seconds.
  path: Assets/Dialogue/Pendi/Day 3/Seq 2
  artifactKey: Guid(7ba41f1d3146b814da172ddf274a4f5f) Importer(815301076,1909f56bfc062723c751e8b465ee728b)
Start importing Assets/Dialogue/Pendi/Day 3/Seq 2 using Guid(7ba41f1d3146b814da172ddf274a4f5f) Importer(815301076,1909f56bfc062723c751e8b465ee728b) (PreviewImporter) -> (artifact id: '6d15394d9e1afed0361bbe108461b381') in 0.0008351 seconds
Number of updated asset objects reloaded before import = 0Number of asset objects unloaded after import = 0

========================================================================
Received Import Request.
  Time since last request: 13.461087 seconds.
  path: Assets/Dialogue/Pendi/Day 3/Seq 2/PendiD3S2N1.asset
  artifactKey: Guid(0dee6a964b8a3fd4e9123916266fbda1) Importer(815301076,1909f56bfc062723c751e8b465ee728b)
Start importing Assets/Dialogue/Pendi/Day 3/Seq 2/PendiD3S2N1.asset using Guid(0dee6a964b8a3fd4e9123916266fbda1) Importer(815301076,1909f56bfc062723c751e8b465ee728b) (PreviewImporter) -> (artifact id: 'ee4fb15fb41bf927d971afffad839b99') in 0.001267 seconds
Number of updated asset objects reloaded before import = 0Number of asset objects unloaded after import = 1

========================================================================
Received Import Request.
  Time since last request: 0.941458 seconds.
  path: Assets/Dialogue/Pendi/Day 3/Seq 2/PendiD3S2N1.asset
  artifactKey: Guid(0dee6a964b8a3fd4e9123916266fbda1) Importer(2089858483,b0f066a214c2f5e87bad3c948f4d605d)
Start importing Assets/Dialogue/Pendi/Day 3/Seq 2/PendiD3S2N1.asset using Guid(0dee6a964b8a3fd4e9123916266fbda1) Importer(2089858483,b0f066a214c2f5e87bad3c948f4d605d) (ScriptedImporter) -> (artifact id: '2b84d99c800dfe14995b4cf1b35d77ba') in 0.0166545 seconds
Number of updated asset objects reloaded before import = 0Number of asset objects unloaded after import = 1

========================================================================
Received Import Request.
  Time since last request: 6.064458 seconds.
  path: Assets/Dialogue/Pendi/Day 3/Seq 2/PendiD3S2N1 1.asset
  artifactKey: Guid(af5781912bb3d3d409f95042f73d4817) Importer(815301076,1909f56bfc062723c751e8b465ee728b)
Start importing Assets/Dialogue/Pendi/Day 3/Seq 2/PendiD3S2N1 1.asset using Guid(af5781912bb3d3d409f95042f73d4817) Importer(815301076,1909f56bfc062723c751e8b465ee728b) (PreviewImporter) -> (artifact id: '5d19b5cf7237ef70445199db7fb6790c') in 0.0013589 seconds
Number of updated asset objects reloaded before import = 0Number of asset objects unloaded after import = 1

========================================================================
Received Import Request.
  Time since last request: 0.330195 seconds.
  path: Assets/Dialogue/Pendi/Day 3/Seq 2/PendiD3S2N1 2.asset
  artifactKey: Guid(5d04f0cd1697f3a468009ca6f517c5d7) Importer(815301076,1909f56bfc062723c751e8b465ee728b)
Start importing Assets/Dialogue/Pendi/Day 3/Seq 2/PendiD3S2N1 2.asset using Guid(5d04f0cd1697f3a468009ca6f517c5d7) Importer(815301076,1909f56bfc062723c751e8b465ee728b) (PreviewImporter) -> (artifact id: '07bf2e3902b963c5da4777c0969db3cb') in 0.0012185 seconds
Number of updated asset objects reloaded before import = 0Number of asset objects unloaded after import = 1

========================================================================
Received Import Request.
  Time since last request: 1.582760 seconds.
  path: Assets/Dialogue/Pendi/Day 3/Seq 1/PendiD3S1N2A.asset
  artifactKey: Guid(2e11bc64a7c79e3418a97660512a3d32) Importer(2089858483,b0f066a214c2f5e87bad3c948f4d605d)
Start importing Assets/Dialogue/Pendi/Day 3/Seq 1/PendiD3S1N2A.asset using Guid(2e11bc64a7c79e3418a97660512a3d32) Importer(2089858483,b0f066a214c2f5e87bad3c948f4d605d) (ScriptedImporter) -> (artifact id: '4a4c768f91e08899ffd9d72f006b7403') in 0.0198522 seconds
Number of updated asset objects reloaded before import = 0Number of asset objects unloaded after import = 12

========================================================================
Received Import Request.
  Time since last request: 0.000028 seconds.
  path: Assets/Dialogue/Pendi/Day 3/Seq 2/PendiD3S2N1 2.asset
  artifactKey: Guid(5d04f0cd1697f3a468009ca6f517c5d7) Importer(2089858483,b0f066a214c2f5e87bad3c948f4d605d)
Start importing Assets/Dialogue/Pendi/Day 3/Seq 2/PendiD3S2N1 2.asset using Guid(5d04f0cd1697f3a468009ca6f517c5d7) Importer(2089858483,b0f066a214c2f5e87bad3c948f4d605d) (ScriptedImporter) -> (artifact id: '364f4a319f8f33624349df2d89407232') in 0.0193408 seconds
Number of updated asset objects reloaded before import = 0Number of asset objects unloaded after import = 1

========================================================================
Received Import Request.
  Time since last request: 0.000031 seconds.
  path: Assets/Dialogue/Pendi/Day 3/Seq 1/PendiD3S1N9A.asset
  artifactKey: Guid(d0262fb8ff97c354cab2e62a15fc009e) Importer(2089858483,b0f066a214c2f5e87bad3c948f4d605d)
Start importing Assets/Dialogue/Pendi/Day 3/Seq 1/PendiD3S1N9A.asset using Guid(d0262fb8ff97c354cab2e62a15fc009e) Importer(2089858483,b0f066a214c2f5e87bad3c948f4d605d) (ScriptedImporter) -> (artifact id: '2c8bd8a6de8950ab585f02fc6f8fd509') in 0.0295636 seconds
Number of updated asset objects reloaded before import = 0Number of asset objects unloaded after import = 5

========================================================================
Received Import Request.
  Time since last request: 0.000034 seconds.
  path: Assets/Dialogue/Pendi/Day 3/Seq 1/PendiD3S1N10A.asset
  artifactKey: Guid(ee9a0171e6ce75b4b9ecc7aa571a40fc) Importer(2089858483,b0f066a214c2f5e87bad3c948f4d605d)
Start importing Assets/Dialogue/Pendi/Day 3/Seq 1/PendiD3S1N10A.asset using Guid(ee9a0171e6ce75b4b9ecc7aa571a40fc) Importer(2089858483,b0f066a214c2f5e87bad3c948f4d605d) (ScriptedImporter) -> (artifact id: 'f9e2fb40dbdce88d4114547f94ba5efd') in 0.0202707 seconds
Number of updated asset objects reloaded before import = 0Number of asset objects unloaded after import = 4

========================================================================
Received Import Request.
  Time since last request: 0.000032 seconds.
  path: Assets/Dialogue/Pendi/Day 3/Seq 1/PendiD3S1N7A.asset
  artifactKey: Guid(607236c982a676c46b7e86776c5bd73d) Importer(2089858483,b0f066a214c2f5e87bad3c948f4d605d)
Start importing Assets/Dialogue/Pendi/Day 3/Seq 1/PendiD3S1N7A.asset using Guid(607236c982a676c46b7e86776c5bd73d) Importer(2089858483,b0f066a214c2f5e87bad3c948f4d605d) (ScriptedImporter) -> (artifact id: 'aa678ca8cf3b390804e66d0421ae23c7') in 0.0209783 seconds
Number of updated asset objects reloaded before import = 0Number of asset objects unloaded after import = 7

========================================================================
Received Import Request.
  Time since last request: 0.000032 seconds.
  path: Assets/Dialogue/Pendi/Day 3/Seq 1/PendiD3S1N2C.asset
  artifactKey: Guid(f0620d28808b70d48bc6d2263d26b489) Importer(2089858483,b0f066a214c2f5e87bad3c948f4d605d)
Start importing Assets/Dialogue/Pendi/Day 3/Seq 1/PendiD3S1N2C.asset using Guid(f0620d28808b70d48bc6d2263d26b489) Importer(2089858483,b0f066a214c2f5e87bad3c948f4d605d) (ScriptedImporter) -> (artifact id: 'b8c6060a224cf22152e91b1c2369b50a') in 0.0205205 seconds
Number of updated asset objects reloaded before import = 0Number of asset objects unloaded after import = 1

========================================================================
Received Import Request.
  Time since last request: 0.000025 seconds.
  path: Assets/Dialogue/Pendi/Day 3/Seq 1/PendiD3S1N6A.asset
  artifactKey: Guid(3dd8374806c37564aad3428688b6518e) Importer(2089858483,b0f066a214c2f5e87bad3c948f4d605d)
Start importing Assets/Dialogue/Pendi/Day 3/Seq 1/PendiD3S1N6A.asset using Guid(3dd8374806c37564aad3428688b6518e) Importer(2089858483,b0f066a214c2f5e87bad3c948f4d605d) (ScriptedImporter) -> (artifact id: 'db778c513c98a7be842fcf07ceef89e5') in 0.0243021 seconds
Number of updated asset objects reloaded before import = 0Number of asset objects unloaded after import = 8

========================================================================
Received Import Request.
  Time since last request: 0.000040 seconds.
  path: Assets/Dialogue/Pendi/Day 3/Seq 1/PendiD3S1N13.asset
  artifactKey: Guid(833e65d5500b4ec4180e66016b8c504c) Importer(2089858483,b0f066a214c2f5e87bad3c948f4d605d)
Start importing Assets/Dialogue/Pendi/Day 3/Seq 1/PendiD3S1N13.asset using Guid(833e65d5500b4ec4180e66016b8c504c) Importer(2089858483,b0f066a214c2f5e87bad3c948f4d605d) (ScriptedImporter) -> (artifact id: '65e553e612267207d16bc0305c81ebdc') in 0.0274546 seconds
Number of updated asset objects reloaded before import = 0Number of asset objects unloaded after import = 4

========================================================================
Received Import Request.
  Time since last request: 0.000021 seconds.
  path: Assets/Dialogue/Pendi/Day 3/Seq 1/PendiD3S1N5A.asset
  artifactKey: Guid(7673e5c33e8e7cd498f98df963a2b793) Importer(2089858483,b0f066a214c2f5e87bad3c948f4d605d)
Start importing Assets/Dialogue/Pendi/Day 3/Seq 1/PendiD3S1N5A.asset using Guid(7673e5c33e8e7cd498f98df963a2b793) Importer(2089858483,b0f066a214c2f5e87bad3c948f4d605d) (ScriptedImporter) -> (artifact id: '72a104f9040cee0c2c91b0d79de419b6') in 0.024698 seconds
Number of updated asset objects reloaded before import = 0Number of asset objects unloaded after import = 9

========================================================================
Received Import Request.
  Time since last request: 0.000024 seconds.
  path: Assets/Dialogue/Pendi/Day 3/Seq 1/PendiD3S1N11B.asset
  artifactKey: Guid(fa8fb429e04b65f41bea832bb6f4f88f) Importer(2089858483,b0f066a214c2f5e87bad3c948f4d605d)
Start importing Assets/Dialogue/Pendi/Day 3/Seq 1/PendiD3S1N11B.asset using Guid(fa8fb429e04b65f41bea832bb6f4f88f) Importer(2089858483,b0f066a214c2f5e87bad3c948f4d605d) (ScriptedImporter) -> (artifact id: 'd1ff1aee082828c9ff955243b2b214ba') in 0.020503 seconds
Number of updated asset objects reloaded before import = 0Number of asset objects unloaded after import = 2

========================================================================
Received Import Request.
  Time since last request: 2.287811 seconds.
  path: Assets/Dialogue/Pendi/Day 3/Seq 2/PendiD3S2N2A.asset
  artifactKey: Guid(af5781912bb3d3d409f95042f73d4817) Importer(815301076,1909f56bfc062723c751e8b465ee728b)
Start importing Assets/Dialogue/Pendi/Day 3/Seq 2/PendiD3S2N2A.asset using Guid(af5781912bb3d3d409f95042f73d4817) Importer(815301076,1909f56bfc062723c751e8b465ee728b) (PreviewImporter) -> (artifact id: '9f526d64ca1d2608d79db5bb80d6e49d') in 0.0014437 seconds
Number of updated asset objects reloaded before import = 0Number of asset objects unloaded after import = 1

========================================================================
Received Import Request.
  Time since last request: 0.905652 seconds.
  path: Assets/Dialogue/Pendi/Day 3/Seq 2/PendiD3S2N2A.asset
  artifactKey: Guid(af5781912bb3d3d409f95042f73d4817) Importer(2089858483,b0f066a214c2f5e87bad3c948f4d605d)
Start importing Assets/Dialogue/Pendi/Day 3/Seq 2/PendiD3S2N2A.asset using Guid(af5781912bb3d3d409f95042f73d4817) Importer(2089858483,b0f066a214c2f5e87bad3c948f4d605d) (ScriptedImporter) -> (artifact id: '685074f91126659a27e68ac27b45bc87') in 0.0199383 seconds
Number of updated asset objects reloaded before import = 0Number of asset objects unloaded after import = 1

========================================================================
Received Import Request.
  Time since last request: 2.705330 seconds.
  path: Assets/Dialogue/Pendi/Day 3/Seq 2/PendiD3S2N2B.asset
  artifactKey: Guid(5d04f0cd1697f3a468009ca6f517c5d7) Importer(815301076,1909f56bfc062723c751e8b465ee728b)
Start importing Assets/Dialogue/Pendi/Day 3/Seq 2/PendiD3S2N2B.asset using Guid(5d04f0cd1697f3a468009ca6f517c5d7) Importer(815301076,1909f56bfc062723c751e8b465ee728b) (PreviewImporter) -> (artifact id: 'afc8b4bc83ae87f2974d3562e51e76e2') in 0.0014484 seconds
Number of updated asset objects reloaded before import = 0Number of asset objects unloaded after import = 1

========================================================================
Received Import Request.
  Time since last request: 0.938722 seconds.
  path: Assets/Dialogue/Pendi/Day 3/Seq 2/PendiD3S2N2B.asset
  artifactKey: Guid(5d04f0cd1697f3a468009ca6f517c5d7) Importer(2089858483,b0f066a214c2f5e87bad3c948f4d605d)
Start importing Assets/Dialogue/Pendi/Day 3/Seq 2/PendiD3S2N2B.asset using Guid(5d04f0cd1697f3a468009ca6f517c5d7) Importer(2089858483,b0f066a214c2f5e87bad3c948f4d605d) (ScriptedImporter) -> (artifact id: '557e91c772d964e6893a3372bf9fc159') in 0.0144605 seconds
Number of updated asset objects reloaded before import = 0Number of asset objects unloaded after import = 1

========================================================================
Received Import Request.
  Time since last request: 58.952236 seconds.
  path: Assets/Dialogue/Pendi/Day 3/Seq 1/PendiD3S1N1.asset
  artifactKey: Guid(a2bf09343942d214688150e5b33cc734) Importer(815301076,1909f56bfc062723c751e8b465ee728b)
Start importing Assets/Dialogue/Pendi/Day 3/Seq 1/PendiD3S1N1.asset using Guid(a2bf09343942d214688150e5b33cc734) Importer(815301076,1909f56bfc062723c751e8b465ee728b) (PreviewImporter) -> (artifact id: '42f6435bcff17f84f49f1accf83b2840') in 0.0069369 seconds
Number of updated asset objects reloaded before import = 0Number of asset objects unloaded after import = 22

========================================================================
Received Import Request.
  Time since last request: 0.000026 seconds.
  path: Assets/Dialogue/Pendi/Day 3/Seq 1/PendiD3S1N5A.asset
  artifactKey: Guid(7673e5c33e8e7cd498f98df963a2b793) Importer(815301076,1909f56bfc062723c751e8b465ee728b)
Start importing Assets/Dialogue/Pendi/Day 3/Seq 1/PendiD3S1N5A.asset using Guid(7673e5c33e8e7cd498f98df963a2b793) Importer(815301076,1909f56bfc062723c751e8b465ee728b) (PreviewImporter) -> (artifact id: '12faab8af5c98463a44e472a7a172229') in 0.0038233 seconds
Number of updated asset objects reloaded before import = 0Number of asset objects unloaded after import = 9

========================================================================
Received Import Request.
  Time since last request: 0.000034 seconds.
  path: Assets/Dialogue/Pendi/Day 3/Seq 1/PendiD3S1N2B.asset
  artifactKey: Guid(381fc610208da6140944f9036e003c3e) Importer(815301076,1909f56bfc062723c751e8b465ee728b)
Start importing Assets/Dialogue/Pendi/Day 3/Seq 1/PendiD3S1N2B.asset using Guid(381fc610208da6140944f9036e003c3e) Importer(815301076,1909f56bfc062723c751e8b465ee728b) (PreviewImporter) -> (artifact id: '4935833eb0b07b2fab110344089837a4') in 0.0027083 seconds
Number of updated asset objects reloaded before import = 0Number of asset objects unloaded after import = 6

========================================================================
Received Import Request.
  Time since last request: 0.000028 seconds.
  path: Assets/Dialogue/Pendi/Day 3/Seq 1/PendiD3S1N10A.asset
  artifactKey: Guid(ee9a0171e6ce75b4b9ecc7aa571a40fc) Importer(815301076,1909f56bfc062723c751e8b465ee728b)
Start importing Assets/Dialogue/Pendi/Day 3/Seq 1/PendiD3S1N10A.asset using Guid(ee9a0171e6ce75b4b9ecc7aa571a40fc) Importer(815301076,1909f56bfc062723c751e8b465ee728b) (PreviewImporter) -> (artifact id: 'bc459e6f89d472032b5d7cfc64539715') in 0.0023511 seconds
Number of updated asset objects reloaded before import = 0Number of asset objects unloaded after import = 4

========================================================================
Received Import Request.
  Time since last request: 0.000044 seconds.
  path: Assets/Dialogue/Pendi/Day 3/Seq 1/PendiD3S1N4A.asset
  artifactKey: Guid(990453fc3b93cd34d8d8c55f9ab68018) Importer(815301076,1909f56bfc062723c751e8b465ee728b)
Start importing Assets/Dialogue/Pendi/Day 3/Seq 1/PendiD3S1N4A.asset using Guid(990453fc3b93cd34d8d8c55f9ab68018) Importer(815301076,1909f56bfc062723c751e8b465ee728b) (PreviewImporter) -> (artifact id: 'e5ee099b5b06b9630cb1d62c162e8e9a') in 0.0049648 seconds
Number of updated asset objects reloaded before import = 0Number of asset objects unloaded after import = 10

========================================================================
Received Import Request.
  Time since last request: 0.000023 seconds.
  path: Assets/Dialogue/Pendi/Day 3/Seq 1/PendiD3S1N8A.asset
  artifactKey: Guid(ca49f59d9a1f1624b9134a6ba5692637) Importer(815301076,1909f56bfc062723c751e8b465ee728b)
Start importing Assets/Dialogue/Pendi/Day 3/Seq 1/PendiD3S1N8A.asset using Guid(ca49f59d9a1f1624b9134a6ba5692637) Importer(815301076,1909f56bfc062723c751e8b465ee728b) (PreviewImporter) -> (artifact id: '1d249e6f919fdacd4fe3c5e3301d8865') in 0.0026799 seconds
Number of updated asset objects reloaded before import = 0Number of asset objects unloaded after import = 6

========================================================================
Received Import Request.
  Time since last request: 0.000024 seconds.
  path: Assets/Dialogue/Pendi/Day 3/Seq 1/PendiD3S1N12.asset
  artifactKey: Guid(dee8d76a05270c84181542dc24c1566a) Importer(815301076,1909f56bfc062723c751e8b465ee728b)
Start importing Assets/Dialogue/Pendi/Day 3/Seq 1/PendiD3S1N12.asset using Guid(dee8d76a05270c84181542dc24c1566a) Importer(815301076,1909f56bfc062723c751e8b465ee728b) (PreviewImporter) -> (artifact id: 'e5ca9f80bc1605c47afd50810503c6dc') in 0.0013703 seconds
Number of updated asset objects reloaded before import = 0Number of asset objects unloaded after import = 1

========================================================================
Received Import Request.
  Time since last request: 0.000025 seconds.
  path: Assets/Dialogue/Pendi/Day 3/Seq 1/PendiD3S1N11B.asset
  artifactKey: Guid(fa8fb429e04b65f41bea832bb6f4f88f) Importer(815301076,1909f56bfc062723c751e8b465ee728b)
Start importing Assets/Dialogue/Pendi/Day 3/Seq 1/PendiD3S1N11B.asset using Guid(fa8fb429e04b65f41bea832bb6f4f88f) Importer(815301076,1909f56bfc062723c751e8b465ee728b) (PreviewImporter) -> (artifact id: '48a2fab76786107e56749c26cc7d9793') in 0.0016952 seconds
Number of updated asset objects reloaded before import = 0Number of asset objects unloaded after import = 2

Editor requested this worker to shutdown with reason: Scaling down because of idle timeout
AssetImportWorker is now disconnected from the server
Process exiting
Exiting without the bug reporter. Application will terminate with return code 0