[Licensing::Module] Trying to connect to existing licensing client channel...
Built from '6000.3/staging' branch; Version is '6000.3.16f1 (a56f230f6470) revision 10841891'; Using compiler version '194234433'; Build Type 'Release'
[Licensing::IpcConnector] Successfully connected to: "LicenseClient-User" at "2026-07-17T04:14:50.1809385Z"
OS: 'Windows 11  (10.0.26100) CoreSingleLanguage' Language: 'en' Physical Memory: 32108 MB
BatchMode: 1, IsHumanControllingUs: 0, StartBugReporterOnCrash: 0, Is64bit: 1
System  architecture: x64
Process architecture: x64
Date: 2026-07-17T04:14:50Z

COMMAND LINE ARGUMENTS:
C:\Program Files\Unity\Hub\Editor\6000.3.16f1\Editor\Unity.exe
-adb2
-batchMode
-noUpm
-name
AssetImportWorker140
-projectPath
D:/Unity Projects/ExitAnt-IAT312-P1/312_Assignment2
-logFile
Logs/AssetImportWorker140.log
-srvPort
49722
-licensingIpc
LicenseClient-User
-job-worker-count
7
-background-job-worker-count
8
-gc-helper-count
1
-name
AssetImport
Successfully changed project path to: D:/Unity Projects/ExitAnt-IAT312-P1/312_Assignment2
D:/Unity Projects/ExitAnt-IAT312-P1/312_Assignment2
[UnityMemory] Configuration Parameters - Can be set up in boot.config
    "memorysetup-temp-allocator-size-nav-mesh-worker=65536"
    "memorysetup-temp-allocator-size-audio-worker=65536"
    "memorysetup-temp-allocator-size-gfx=262144"
    "memorysetup-allocator-temp-initial-block-size-main=262144"
    "memorysetup-allocator-temp-initial-block-size-worker=262144"
    "memorysetup-temp-allocator-size-background-worker=32768"
    "memorysetup-temp-allocator-size-job-worker=262144"
    "memorysetup-temp-allocator-size-preload-manager=33554432"
    "memorysetup-temp-allocator-size-gi-baking-worker=262144"
    "memorysetup-temp-allocator-size-gi-baking-worker=262144"
    "memorysetup-temp-allocator-size-gi-baking-worker=262144"
    "memorysetup-temp-allocator-size-gi-baking-worker=262144"
    "memorysetup-temp-allocator-size-gi-baking-worker=262144"
    "memorysetup-bucket-allocator-granularity=16"
    "memorysetup-bucket-allocator-bucket-count=8"
    "memorysetup-bucket-allocator-block-size=33554432"
    "memorysetup-bucket-allocator-block-count=8"
    "memorysetup-main-allocator-block-size=16777216"
    "memorysetup-thread-allocator-block-size=16777216"
    "memorysetup-gfx-main-allocator-block-size=16777216"
    "memorysetup-gfx-thread-allocator-block-size=16777216"
    "memorysetup-cache-allocator-block-size=4194304"
    "memorysetup-typetree-allocator-block-size=2097152"
    "memorysetup-profiler-bucket-allocator-granularity=16"
    "memorysetup-profiler-bucket-allocator-bucket-count=8"
    "memorysetup-profiler-bucket-allocator-block-size=33554432"
    "memorysetup-profiler-bucket-allocator-block-count=8"
    "memorysetup-profiler-allocator-block-size=16777216"
    "memorysetup-profiler-editor-allocator-block-size=1048576"
    "memorysetup-temp-allocator-size-main=16777216"
    "memorysetup-job-temp-allocator-block-size=2097152"
    "memorysetup-job-temp-allocator-block-size-background=1048576"
    "memorysetup-job-temp-allocator-reduction-small-platforms=262144"
    "memorysetup-temp-allocator-size-cloud-worker=32768"
Player connection [38496]  Target information:

Player connection [38496]  * "[IP] 192.168.1.97 [Port] 0 [Flags] 2 [Guid] 952250824 [EditorId] 952250824 [Version] 1048832 [Id] WindowsEditor(7,DESKTOP-OVH4FSK) [Debug] 1 [PackageName] WindowsEditor [ProjectName] Editor" 

Player connection [38496] Host joined multi-casting on [225.0.0.222:54997]...
Player connection [38496] Host joined alternative multi-casting on [225.0.0.222:34997]...
JobSystem: Creating JobQueue using job-worker-count value 7
Input System module state changed to: Initialized.
[Physics::Module] Initialized fallback backend.
[Physics::Module] Id: 0xdecafbad
Library Redirect Path: Library/
[Physics::Module] Selected backend.
[Physics::Module] Name: PhysX
[Physics::Module] Id: 0xf2b8ea05
[Physics::Module] SDK Version: 4.1.2
[Physics::Module] Integration Version: 1.0.0
[Physics::Module] Threading Mode: Multi-Threaded
Refreshing native plugins compatible for Editor in 6.18 ms, found 5 plugins.
Preloading 0 native plugins for Editor in 0.00 ms.
Initialize engine version: 6000.3.16f1 (a56f230f6470)
[Subsystems] Discovering subsystems at path C:/Program Files/Unity/Hub/Editor/6000.3.16f1/Editor/Data/Resources/UnitySubsystems
[Subsystems] Discovering subsystems at path D:/Unity Projects/ExitAnt-IAT312-P1/312_Assignment2/Assets
GfxDevice: creating device client; kGfxThreadingModeNonThreaded
d3d12: failed to query info queue interface (0x80004002).
Direct3D:
    Version:         Direct3D 12 [level 12.2]
    Renderer:        NVIDIA GeForce RTX 3060 Laptop GPU (ID=0x2520)
    Vendor:          NVIDIA
    VRAM:            5996 MB
    App VRAM Budget: 5228 MB
    Driver:          32.0.15.8088
Initialize mono
Mono path[0] = 'C:/Program Files/Unity/Hub/Editor/6000.3.16f1/Editor/Data/Managed'
Mono path[1] = 'C:/Program Files/Unity/Hub/Editor/6000.3.16f1/Editor/Data/MonoBleedingEdge/lib/mono/unityjit-win32'
Mono config path = 'C:/Program Files/Unity/Hub/Editor/6000.3.16f1/Editor/Data/MonoBleedingEdge/etc'
Using monoOptions --debugger-agent=transport=dt_socket,embedding=1,server=y,suspend=n,address=127.0.0.1:56160
Begin MonoManager ReloadAssembly
[Licensing::Client] Error: HandshakeResponse reported an error:
	ResponseCode: 505
	ResponseStatus: Unsupported protocol version '1.18.1'.
[Licensing::Module] Error: Failed to handshake to channel: "LicenseClient-User"
[Licensing::IpcConnector] LicenseClient-User channel disconnected successfully.
[Licensing::IpcConnector] Successfully connected to: "LicenseClient-User-6000.3.16" at "2026-07-17T04:14:51.6224855Z"
[Licensing::Client] Code 10 while verifying Licensing Client signature (process Id: 29352, path: "C:/Program Files/Unity/Hub/Editor/6000.3.16f1/Editor/Data/Resources/Licensing/Client/Unity.Licensing.Client.exe")
[Licensing::Module] LicensingClient has failed validation; ignoring
[Licensing::Client] Handshaking with LicensingClient:
  Version:                 1.18.1+9fbee8e
  Session Id:              8f1a1b6d7473426fa7296978df82f3d4
  Correlation Id:          47882071dff180c034864f0352291f7f
  External correlation Id: 5983285007480785442
  Machine Id:              NKcRUsz1GwU4Q4WJtDcG2fyxkZM=
[Licensing::Module] Successfully connected to LicensingClient on channel: "LicenseClient-User-6000.3.16" (connect: 0.00s, validation: 0.01s, handshake: 0.01s)
[Licensing::IpcConnector] Successfully connected to: "LicenseClient-User-6000.3.16-notifications" at "2026-07-17T04:14:51.6364877Z"
[Licensing::Module] Licensing Background thread has ended after 1.46s
Registering precompiled unity dll's ...
Register platform support module: C:/Program Files/Unity/Hub/Editor/6000.3.16f1/Editor/Data/PlaybackEngines/WindowsStandaloneSupport/UnityEditor.WindowsStandalone.Extensions.dll
Registered in 0.002382 seconds.
- Loaded All Assemblies, in  0.533 seconds
Native extension for WindowsStandalone target not found
Package Manager log level set to [2]
[Package Manager] Failed to launch server process. Reason: Unity was launched with the -noUpm command-line argument
[Package Manager] Unable to send message (not connected to server process).
[Package Manager] Cannot connect to Unity Package Manager local server
ScheduleIndexationOnStartup MainProcess:False IndexOnStartup:True
Mono: successfully reloaded assembly
- Finished resetting the current domain, in  0.506 seconds
Domain Reload Profiling: 1036ms
	BeginReloadAssembly (180ms)
		ExecutionOrderSort (0ms)
		DisableScriptedObjects (0ms)
		BackupInstance (0ms)
		ReleaseScriptingObjects (0ms)
		CreateAndSetChildDomain (1ms)
	RebuildCommonClasses (46ms)
	RebuildNativeTypeToScriptingClass (14ms)
	initialDomainReloadingComplete (60ms)
	LoadAllAssembliesAndSetupDomain (228ms)
		LoadAssemblies (175ms)
		RebuildTransferFunctionScriptingTraits (0ms)
		AnalyzeDomain (224ms)
			TypeCache.Refresh (222ms)
				TypeCache.ScanAssembly (203ms)
			BuildScriptInfoCaches (0ms)
			ResolveRequiredComponents (0ms)
	FinalizeReload (507ms)
		ReleaseScriptCaches (0ms)
		RebuildScriptCaches (0ms)
		SetupLoadedEditorAssemblies (439ms)
			LogAssemblyErrors (0ms)
			InitializePlatformSupportModulesInManaged (66ms)
			SetLoadedEditorAssemblies (4ms)
			BeforeProcessingInitializeOnLoad (114ms)
			ProcessInitializeOnLoadAttributes (165ms)
			ProcessInitializeOnLoadMethodAttributes (88ms)
			AfterProcessingInitializeOnLoad (0ms)
			EditorAssembliesLoaded (0ms)
		ExecutionOrderSort2 (0ms)
		AwakeInstancesAfterBackupRestoration (0ms)
Assembly reference Packages/com.unity.cinemachine/Editor/Samples/ExposeHDRPInternals/HDRP-Editor-ref.asmref has no target assembly definition
========================================================================
Worker process is ready to serve import requests
Import Worker Mode flag is 0x00
Assembly reference Packages/com.unity.cinemachine/Editor/Samples/ExposeHDRPInternals/HDRP-Editor-ref.asmref has no target assembly definition
Assembly reference Packages/com.unity.cinemachine/Editor/Samples/ExposeHDRPInternals/HDRP-Editor-ref.asmref has no target assembly definition
Begin MonoManager ReloadAssembly
[Licensing::Client] Successfully resolved entitlement details
[Licensing::Module] License group:
  Id: 3574399251830-UnityPersXXXX
  Product: Unity Personal
  Type: Assigned
  Expiration: Unlimited
- Loaded All Assemblies, in  0.921 seconds
Assembly reference Packages/com.unity.cinemachine/Editor/Samples/ExposeHDRPInternals/HDRP-Editor-ref.asmref has no target assembly definition
'Packages/com.unity.cinemachine/Editor/Obsolete/CinemachineVirtualCameraBaseEditor.cs' contains partial class of Unity.Object, exactly 1 of the partial classes needs to be in a file with the same filename. This is to know the one that can be referenced from ie. GameObjects
'Packages/com.unity.cinemachine/Editor/Editors/CinemachineVirtualCameraBaseEditor.cs' contains partial class of Unity.Object, exactly 1 of the partial classes needs to be in a file with the same filename. This is to know the one that can be referenced from ie. GameObjects
Refreshing native plugins compatible for Editor in 2.54 ms, found 5 plugins.
Native extension for WindowsStandalone target not found
Assembly reference Packages/com.unity.cinemachine/Editor/Samples/ExposeHDRPInternals/HDRP-Editor-ref.asmref has no target assembly definition
[Package Manager] Failed to launch server process. Reason: Unity was launched with the -noUpm command-line argument
[Package Manager] Unable to send message (not connected to server process).
[Package Manager] Cannot connect to Unity Package Manager local server
[Package Manager] Failed to launch server process. Reason: Unity was launched with the -noUpm command-line argument
[Package Manager] Unable to send message (not connected to server process).
[Package Manager] Cannot connect to Unity Package Manager local server
[Package Manager] Failed to launch server process. Reason: Unity was launched with the -noUpm command-line argument
[Package Manager] Unable to send message (not connected to server process).
[Package Manager] Cannot connect to Unity Package Manager local server
Refreshing native plugins compatible for Editor in 2.60 ms, found 5 plugins.
ScheduleIndexationOnStartup MainProcess:False IndexOnStartup:True
Mono: successfully reloaded assembly
- Finished resetting the current domain, in  1.142 seconds
Domain Reload Profiling: 2058ms
	BeginReloadAssembly (217ms)
		ExecutionOrderSort (0ms)
		DisableScriptedObjects (7ms)
		BackupInstance (0ms)
		ReleaseScriptingObjects (0ms)
		CreateAndSetChildDomain (35ms)
	RebuildCommonClasses (43ms)
	RebuildNativeTypeToScriptingClass (12ms)
	initialDomainReloadingComplete (45ms)
	LoadAllAssembliesAndSetupDomain (597ms)
		LoadAssemblies (395ms)
		RebuildTransferFunctionScriptingTraits (0ms)
		AnalyzeDomain (323ms)
			TypeCache.Refresh (220ms)
				TypeCache.ScanAssembly (202ms)
			BuildScriptInfoCaches (86ms)
			ResolveRequiredComponents (13ms)
	FinalizeReload (1143ms)
		ReleaseScriptCaches (0ms)
		RebuildScriptCaches (0ms)
		SetupLoadedEditorAssemblies (936ms)
			LogAssemblyErrors (0ms)
			InitializePlatformSupportModulesInManaged (2ms)
			SetLoadedEditorAssemblies (6ms)
			BeforeProcessingInitializeOnLoad (241ms)
			ProcessInitializeOnLoadAttributes (533ms)
			ProcessInitializeOnLoadMethodAttributes (144ms)
			AfterProcessingInitializeOnLoad (10ms)
			EditorAssembliesLoaded (1ms)
		ExecutionOrderSort2 (0ms)
		AwakeInstancesAfterBackupRestoration (8ms)
Launched and connected shader compiler UnityShaderCompiler.exe after 0.11 seconds
Refreshing native plugins compatible for Editor in 2.65 ms, found 5 plugins.
Preloading 0 native plugins for Editor in 0.00 ms.
Unloading 17 Unused Serialized files (Serialized files now loaded: 0)
Unloading 7649 unused Assets / (5.4 MB). Loaded Objects now: 8481.
Memory consumption went from 163.8 MB to 158.3 MB.
Total: 11.369000 ms (FindLiveObjects: 0.803300 ms CreateObjectMapping: 1.019800 ms MarkObjects: 6.433800 ms  DeleteObjects: 3.110800 ms)

========================================================================
Received Import Request.
  Time since last request: 128711.458530 seconds.
  path: Assets/Dialogue/Herald/Day5/Seq 2/HeraldD5S1N 26.asset
  artifactKey: Guid(2558ba24b7db51c4fb0c3c43cd5bbbd4) Importer(2089858483,b0f066a214c2f5e87bad3c948f4d605d)
Start importing Assets/Dialogue/Herald/Day5/Seq 2/HeraldD5S1N 26.asset using Guid(2558ba24b7db51c4fb0c3c43cd5bbbd4) Importer(2089858483,b0f066a214c2f5e87bad3c948f4d605d) (ScriptedImporter) -> (artifact id: 'f1bac3c5376ec0862abea20c775f7042') in 0.1662043 seconds
Number of updated asset objects reloaded before import = 0Number of asset objects unloaded after import = 14

========================================================================
Received Import Request.
  Time since last request: 0.000023 seconds.
  path: Assets/Dialogue/Herald/Day5/Seq 2/HeraldD5S1N 21.asset
  artifactKey: Guid(7acd9a09b86ba254f89214d4dc4b4f92) Importer(2089858483,b0f066a214c2f5e87bad3c948f4d605d)
Start importing Assets/Dialogue/Herald/Day5/Seq 2/HeraldD5S1N 21.asset using Guid(7acd9a09b86ba254f89214d4dc4b4f92) Importer(2089858483,b0f066a214c2f5e87bad3c948f4d605d) (ScriptedImporter) -> (artifact id: 'b57cd7ddc9b0b85ccfef997a9eb33978') in 0.0215504 seconds
Number of updated asset objects reloaded before import = 0Number of asset objects unloaded after import = 1

========================================================================
Received Import Request.
  Time since last request: 0.000030 seconds.
  path: Assets/Dialogue/Herald/Day5/Seq 2/HeraldD5S1N 28.asset
  artifactKey: Guid(a44dab21791be144faf787dc2f4f16e5) Importer(2089858483,b0f066a214c2f5e87bad3c948f4d605d)
Start importing Assets/Dialogue/Herald/Day5/Seq 2/HeraldD5S1N 28.asset using Guid(a44dab21791be144faf787dc2f4f16e5) Importer(2089858483,b0f066a214c2f5e87bad3c948f4d605d) (ScriptedImporter) -> (artifact id: 'd941fc51611cd646988e5360132be9cc') in 0.0210202 seconds
Number of updated asset objects reloaded before import = 0Number of asset objects unloaded after import = 12

========================================================================
Received Import Request.
  Time since last request: 0.000021 seconds.
  path: Assets/Dialogue/Herald/Day5/Seq 2/HeraldD5S1N 18.asset
  artifactKey: Guid(060df376de4ee0444af0019255b355ac) Importer(2089858483,b0f066a214c2f5e87bad3c948f4d605d)
Start importing Assets/Dialogue/Herald/Day5/Seq 2/HeraldD5S1N 18.asset using Guid(060df376de4ee0444af0019255b355ac) Importer(2089858483,b0f066a214c2f5e87bad3c948f4d605d) (ScriptedImporter) -> (artifact id: '343a6f73ff8a18c3db48ecd90ee8b636') in 0.022165 seconds
Number of updated asset objects reloaded before import = 0Number of asset objects unloaded after import = 4

========================================================================
Received Import Request.
  Time since last request: 0.000026 seconds.
  path: Assets/Dialogue/Herald/Day5/Seq 2/HeraldD5S1N 49.asset
  artifactKey: Guid(f3b2fd6ac54bf75488f719354b96e74d) Importer(2089858483,b0f066a214c2f5e87bad3c948f4d605d)
Start importing Assets/Dialogue/Herald/Day5/Seq 2/HeraldD5S1N 49.asset using Guid(f3b2fd6ac54bf75488f719354b96e74d) Importer(2089858483,b0f066a214c2f5e87bad3c948f4d605d) (ScriptedImporter) -> (artifact id: 'e245e9000ab4fa51355f4fe0b7512184') in 0.017749 seconds
Number of updated asset objects reloaded before import = 0Number of asset objects unloaded after import = 7

========================================================================
Received Import Request.
  Time since last request: 0.000025 seconds.
  path: Assets/Dialogue/Herald/Day5/Seq 2/HeraldD5S1N 42.asset
  artifactKey: Guid(83cf21f48e7ca3648af35b00a03a55a8) Importer(2089858483,b0f066a214c2f5e87bad3c948f4d605d)
Start importing Assets/Dialogue/Herald/Day5/Seq 2/HeraldD5S1N 42.asset using Guid(83cf21f48e7ca3648af35b00a03a55a8) Importer(2089858483,b0f066a214c2f5e87bad3c948f4d605d) (ScriptedImporter) -> (artifact id: '7c63291c776f8483d7c50839db31cc50') in 0.0200533 seconds
Number of updated asset objects reloaded before import = 0Number of asset objects unloaded after import = 14

========================================================================
Received Import Request.
  Time since last request: 0.000037 seconds.
  path: Assets/Dialogue/Herald/Day5/Seq 2/HeraldD5S1N 31.asset
  artifactKey: Guid(790ac1029a232214ca9df9b35ef45079) Importer(2089858483,b0f066a214c2f5e87bad3c948f4d605d)
Start importing Assets/Dialogue/Herald/Day5/Seq 2/HeraldD5S1N 31.asset using Guid(790ac1029a232214ca9df9b35ef45079) Importer(2089858483,b0f066a214c2f5e87bad3c948f4d605d) (ScriptedImporter) -> (artifact id: 'e56a4c33d5bb0429d42addd5a3c6c1c0') in 0.0192605 seconds
Number of updated asset objects reloaded before import = 0Number of asset objects unloaded after import = 9

========================================================================
Received Import Request.
  Time since last request: 0.000019 seconds.
  path: Assets/Dialogue/Herald/Day5/Seq 2/HeraldD5S1N 49.asset
  artifactKey: Guid(f3b2fd6ac54bf75488f719354b96e74d) Importer(815301076,1909f56bfc062723c751e8b465ee728b)
Start importing Assets/Dialogue/Herald/Day5/Seq 2/HeraldD5S1N 49.asset using Guid(f3b2fd6ac54bf75488f719354b96e74d) Importer(815301076,1909f56bfc062723c751e8b465ee728b) (PreviewImporter) -> (artifact id: '1a9b717dd529ef22af9400f4073fbeae') in 0.0193877 seconds
Number of updated asset objects reloaded before import = 0Number of asset objects unloaded after import = 7

========================================================================
Received Import Request.
  Time since last request: 0.000027 seconds.
  path: Assets/Dialogue/Herald/Day5/Seq 2/HeraldD5S1N 44.asset
  artifactKey: Guid(51af4bdbda6579c4a90d756368b5f478) Importer(815301076,1909f56bfc062723c751e8b465ee728b)
Start importing Assets/Dialogue/Herald/Day5/Seq 2/HeraldD5S1N 44.asset using Guid(51af4bdbda6579c4a90d756368b5f478) Importer(815301076,1909f56bfc062723c751e8b465ee728b) (PreviewImporter) -> (artifact id: '96cc70a755357728d575b69880578834') in 0.0038675 seconds
Number of updated asset objects reloaded before import = 0Number of asset objects unloaded after import = 12

========================================================================
Received Import Request.
  Time since last request: 0.000023 seconds.
  path: Assets/Dialogue/Herald/Day5/Seq 2/HeraldD5S1N 35.asset
  artifactKey: Guid(8826a0f6856b37346ab6f4d309adee41) Importer(815301076,1909f56bfc062723c751e8b465ee728b)
Start importing Assets/Dialogue/Herald/Day5/Seq 2/HeraldD5S1N 35.asset using Guid(8826a0f6856b37346ab6f4d309adee41) Importer(815301076,1909f56bfc062723c751e8b465ee728b) (PreviewImporter) -> (artifact id: '03710cac01d6012adadf1f964e75759c') in 0.0029993 seconds
Number of updated asset objects reloaded before import = 0Number of asset objects unloaded after import = 5

========================================================================
Received Import Request.
  Time since last request: 0.000033 seconds.
  path: Assets/Dialogue/Herald/Day5/Seq 2/HeraldD5S1N 37.asset
  artifactKey: Guid(dc778031169aa0c44b996cffef1c8415) Importer(815301076,1909f56bfc062723c751e8b465ee728b)
Start importing Assets/Dialogue/Herald/Day5/Seq 2/HeraldD5S1N 37.asset using Guid(dc778031169aa0c44b996cffef1c8415) Importer(815301076,1909f56bfc062723c751e8b465ee728b) (PreviewImporter) -> (artifact id: '443f3c0556f0cc06ee5f8bce90a742c4') in 0.0018432 seconds
Number of updated asset objects reloaded before import = 0Number of asset objects unloaded after import = 3

========================================================================
Received Import Request.
  Time since last request: 0.000035 seconds.
  path: Assets/Dialogue/Herald/Day5/Seq 2/HeraldD5S1N 11.asset
  artifactKey: Guid(c66010f2c7720f6419703f7cf31751b0) Importer(815301076,1909f56bfc062723c751e8b465ee728b)
Start importing Assets/Dialogue/Herald/Day5/Seq 2/HeraldD5S1N 11.asset using Guid(c66010f2c7720f6419703f7cf31751b0) Importer(815301076,1909f56bfc062723c751e8b465ee728b) (PreviewImporter) -> (artifact id: '7e6d35a2329c2355a996cb1aab153b2b') in 0.0031928 seconds
Number of updated asset objects reloaded before import = 0Number of asset objects unloaded after import = 11

========================================================================
Received Import Request.
  Time since last request: 0.000020 seconds.
  path: Assets/Dialogue/Herald/Day5/Seq 2/HeraldD5S1N 18.asset
  artifactKey: Guid(060df376de4ee0444af0019255b355ac) Importer(815301076,1909f56bfc062723c751e8b465ee728b)
Start importing Assets/Dialogue/Herald/Day5/Seq 2/HeraldD5S1N 18.asset using Guid(060df376de4ee0444af0019255b355ac) Importer(815301076,1909f56bfc062723c751e8b465ee728b) (PreviewImporter) -> (artifact id: 'dbbea197235189223c3a3b268832dc7f') in 0.0019793 seconds
Number of updated asset objects reloaded before import = 0Number of asset objects unloaded after import = 4

========================================================================
Received Import Request.
  Time since last request: 0.000019 seconds.
  path: Assets/Dialogue/Herald/Day5/Seq 2/HeraldD5S1N 50.asset
  artifactKey: Guid(e85558c0ffeccd04f8ad47db6c25c8db) Importer(815301076,1909f56bfc062723c751e8b465ee728b)
Start importing Assets/Dialogue/Herald/Day5/Seq 2/HeraldD5S1N 50.asset using Guid(e85558c0ffeccd04f8ad47db6c25c8db) Importer(815301076,1909f56bfc062723c751e8b465ee728b) (PreviewImporter) -> (artifact id: '0e668c3bce095e49143099664b04034c') in 0.0026711 seconds
Number of updated asset objects reloaded before import = 0Number of asset objects unloaded after import = 6

========================================================================
Received Import Request.
  Time since last request: 0.000022 seconds.
  path: Assets/Dialogue/Herald/Day5/Seq 2/HeraldD5S1N 54.asset
  artifactKey: Guid(8db5531dc84ab93439530c7f8ca19634) Importer(815301076,1909f56bfc062723c751e8b465ee728b)
Start importing Assets/Dialogue/Herald/Day5/Seq 2/HeraldD5S1N 54.asset using Guid(8db5531dc84ab93439530c7f8ca19634) Importer(815301076,1909f56bfc062723c751e8b465ee728b) (PreviewImporter) -> (artifact id: 'c0d686a13e26bc16163b294f3631963e') in 0.0014532 seconds
Number of updated asset objects reloaded before import = 0Number of asset objects unloaded after import = 2

========================================================================
Received Import Request.
  Time since last request: 0.000040 seconds.
  path: Assets/Dialogue/Herald/Day5/Seq 2/HeraldD5S1N 24.asset
  artifactKey: Guid(4bb2394136e8ec64f928e2821581a5f9) Importer(2089858483,b0f066a214c2f5e87bad3c948f4d605d)
Start importing Assets/Dialogue/Herald/Day5/Seq 2/HeraldD5S1N 24.asset using Guid(4bb2394136e8ec64f928e2821581a5f9) Importer(2089858483,b0f066a214c2f5e87bad3c948f4d605d) (ScriptedImporter) -> (artifact id: '57d160ed5eedb9b42bfa6a7bb4d4da92') in 0.0237466 seconds
Number of updated asset objects reloaded before import = 0Number of asset objects unloaded after import = 16

========================================================================
Received Import Request.
  Time since last request: 0.000019 seconds.
  path: Assets/Dialogue/Herald/Day5/Seq 2/HeraldD5S1N 10.asset
  artifactKey: Guid(492a457997b0c6647aff298d9d42280d) Importer(2089858483,b0f066a214c2f5e87bad3c948f4d605d)
Start importing Assets/Dialogue/Herald/Day5/Seq 2/HeraldD5S1N 10.asset using Guid(492a457997b0c6647aff298d9d42280d) Importer(2089858483,b0f066a214c2f5e87bad3c948f4d605d) (ScriptedImporter) -> (artifact id: 'a7bb8251eba4aa4b8a8d2f28d7fd1404') in 0.0234074 seconds
Number of updated asset objects reloaded before import = 0Number of asset objects unloaded after import = 12

========================================================================
Received Import Request.
  Time since last request: 0.000020 seconds.
  path: Assets/Dialogue/Herald/Day5/Seq 2/HeraldD5S1N 33.asset
  artifactKey: Guid(17678a6c749773b4daa3fecec72d7aad) Importer(2089858483,b0f066a214c2f5e87bad3c948f4d605d)
Start importing Assets/Dialogue/Herald/Day5/Seq 2/HeraldD5S1N 33.asset using Guid(17678a6c749773b4daa3fecec72d7aad) Importer(2089858483,b0f066a214c2f5e87bad3c948f4d605d) (ScriptedImporter) -> (artifact id: '6caa9a3e194c6bbfef3c15f8a8337909') in 0.0211402 seconds
Number of updated asset objects reloaded before import = 0Number of asset objects unloaded after import = 7

========================================================================
Received Import Request.
  Time since last request: 0.000021 seconds.
  path: Assets/Dialogue/Herald/Day5/Seq 2/HeraldD5S1N 43.asset
  artifactKey: Guid(e28fff0b2665c95439273ae4a4e05b72) Importer(815301076,1909f56bfc062723c751e8b465ee728b)
Start importing Assets/Dialogue/Herald/Day5/Seq 2/HeraldD5S1N 43.asset using Guid(e28fff0b2665c95439273ae4a4e05b72) Importer(815301076,1909f56bfc062723c751e8b465ee728b) (PreviewImporter) -> (artifact id: '55f87d7d08e4bc9d5c00750372448f35') in 0.0046046 seconds
Number of updated asset objects reloaded before import = 0Number of asset objects unloaded after import = 13

========================================================================
Received Import Request.
  Time since last request: 0.000034 seconds.
  path: Assets/Dialogue/Herald/Day5/Seq 2/HeraldD5S1N 46.asset
  artifactKey: Guid(9db1336f8aee75f498e021f08563e7d3) Importer(2089858483,b0f066a214c2f5e87bad3c948f4d605d)
Start importing Assets/Dialogue/Herald/Day5/Seq 2/HeraldD5S1N 46.asset using Guid(9db1336f8aee75f498e021f08563e7d3) Importer(2089858483,b0f066a214c2f5e87bad3c948f4d605d) (ScriptedImporter) -> (artifact id: 'bde96928e1a82fed62ca95ab5e0ca2ae') in 0.0219629 seconds
Number of updated asset objects reloaded before import = 0Number of asset objects unloaded after import = 10

========================================================================
Received Import Request.
  Time since last request: 0.000022 seconds.
  path: Assets/Dialogue/Herald/Day5/Seq 2/HeraldD5S1N 53.asset
  artifactKey: Guid(ef84b8681a40cba40ac77deeda74eefa) Importer(815301076,1909f56bfc062723c751e8b465ee728b)
Start importing Assets/Dialogue/Herald/Day5/Seq 2/HeraldD5S1N 53.asset using Guid(ef84b8681a40cba40ac77deeda74eefa) Importer(815301076,1909f56bfc062723c751e8b465ee728b) (PreviewImporter) -> (artifact id: '15fa495b405566a008e3e6d46274a941') in 0.0016104 seconds
Number of updated asset objects reloaded before import = 0Number of asset objects unloaded after import = 3

========================================================================
Received Import Request.
  Time since last request: 0.000019 seconds.
  path: Assets/Dialogue/Herald/Day5/Seq 2/HeraldD5S1N 14.asset
  artifactKey: Guid(0d03e204248f65641a20f9bb1f7ad2c7) Importer(2089858483,b0f066a214c2f5e87bad3c948f4d605d)
Start importing Assets/Dialogue/Herald/Day5/Seq 2/HeraldD5S1N 14.asset using Guid(0d03e204248f65641a20f9bb1f7ad2c7) Importer(2089858483,b0f066a214c2f5e87bad3c948f4d605d) (ScriptedImporter) -> (artifact id: '472bfcbb0547550679ae67d8e35a303c') in 0.0171584 seconds
Number of updated asset objects reloaded before import = 0Number of asset objects unloaded after import = 8

========================================================================
Received Import Request.
  Time since last request: 0.000025 seconds.
  path: Assets/Dialogue/Herald/Day5/Seq 2/HeraldD5S1N 47.asset
  artifactKey: Guid(81464185d6ed25845bbc9e968a9c6a63) Importer(2089858483,b0f066a214c2f5e87bad3c948f4d605d)
Start importing Assets/Dialogue/Herald/Day5/Seq 2/HeraldD5S1N 47.asset using Guid(81464185d6ed25845bbc9e968a9c6a63) Importer(2089858483,b0f066a214c2f5e87bad3c948f4d605d) (ScriptedImporter) -> (artifact id: '40adc27d42b8a41fe3ebca9c4ebef684') in 0.0187699 seconds
Number of updated asset objects reloaded before import = 0Number of asset objects unloaded after import = 9

========================================================================
Received Import Request.
  Time since last request: 0.000029 seconds.
  path: Assets/Dialogue/Herald/Day5/Seq 2/HeraldD5S1N 16.asset
  artifactKey: Guid(35ee5c903bd8eb4479381a1d37012843) Importer(815301076,1909f56bfc062723c751e8b465ee728b)
Start importing Assets/Dialogue/Herald/Day5/Seq 2/HeraldD5S1N 16.asset using Guid(35ee5c903bd8eb4479381a1d37012843) Importer(815301076,1909f56bfc062723c751e8b465ee728b) (PreviewImporter) -> (artifact id: '1518cabe8c1f0000f66c965eb5d4b5e1') in 0.0023839 seconds
Number of updated asset objects reloaded before import = 0Number of asset objects unloaded after import = 6

========================================================================
Received Import Request.
  Time since last request: 0.000018 seconds.
  path: Assets/Dialogue/Herald/Day5/Seq 2/HeraldD5S1N 13.asset
  artifactKey: Guid(34c7d67119fc3cd4d96e422a5178817e) Importer(2089858483,b0f066a214c2f5e87bad3c948f4d605d)
Start importing Assets/Dialogue/Herald/Day5/Seq 2/HeraldD5S1N 13.asset using Guid(34c7d67119fc3cd4d96e422a5178817e) Importer(2089858483,b0f066a214c2f5e87bad3c948f4d605d) (ScriptedImporter) -> (artifact id: '4ba7193599d3ca52364fb2fe7bd68060') in 0.01954 seconds
Number of updated asset objects reloaded before import = 0Number of asset objects unloaded after import = 9

========================================================================
Received Import Request.
  Time since last request: 0.000019 seconds.
  path: Assets/Dialogue/Herald/Day5/Seq 2/HeraldD5S1N 41.asset
  artifactKey: Guid(e23e7d45676ad1440867c74d4f1c59d4) Importer(815301076,1909f56bfc062723c751e8b465ee728b)
Start importing Assets/Dialogue/Herald/Day5/Seq 2/HeraldD5S1N 41.asset using Guid(e23e7d45676ad1440867c74d4f1c59d4) Importer(815301076,1909f56bfc062723c751e8b465ee728b) (PreviewImporter) -> (artifact id: '77d46abad9b7e40ff71b9f52b943c4c7') in 0.0039043 seconds
Number of updated asset objects reloaded before import = 0Number of asset objects unloaded after import = 15

========================================================================
Received Import Request.
  Time since last request: 0.000019 seconds.
  path: Assets/Dialogue/Herald/Day5/Seq 2/HeraldD5S1N 12.asset
  artifactKey: Guid(c14ee4f92a798944f8e04e2707419e84) Importer(815301076,1909f56bfc062723c751e8b465ee728b)
Start importing Assets/Dialogue/Herald/Day5/Seq 2/HeraldD5S1N 12.asset using Guid(c14ee4f92a798944f8e04e2707419e84) Importer(815301076,1909f56bfc062723c751e8b465ee728b) (PreviewImporter) -> (artifact id: '3a9005e81ee47a43e19b7a5e8acdc4d5') in 0.0032902 seconds
Number of updated asset objects reloaded before import = 0Number of asset objects unloaded after import = 10

========================================================================
Received Import Request.
  Time since last request: 0.000022 seconds.
  path: Assets/Dialogue/Herald/Day5/Seq 2/HeraldD5S1N 45.asset
  artifactKey: Guid(bb24a44866817f047ab86f0d4a0acf49) Importer(2089858483,b0f066a214c2f5e87bad3c948f4d605d)
Start importing Assets/Dialogue/Herald/Day5/Seq 2/HeraldD5S1N 45.asset using Guid(bb24a44866817f047ab86f0d4a0acf49) Importer(2089858483,b0f066a214c2f5e87bad3c948f4d605d) (ScriptedImporter) -> (artifact id: 'c4cb552470ed1bed8caaf2710abd1c99') in 0.0199742 seconds
Number of updated asset objects reloaded before import = 0Number of asset objects unloaded after import = 11

========================================================================
Received Import Request.
  Time since last request: 0.000046 seconds.
  path: Assets/Dialogue/Herald/Day5/Seq 2/HeraldD5S1N 36.asset
  artifactKey: Guid(946f1b2cfb062744387c8705d6af5267) Importer(815301076,1909f56bfc062723c751e8b465ee728b)
Start importing Assets/Dialogue/Herald/Day5/Seq 2/HeraldD5S1N 36.asset using Guid(946f1b2cfb062744387c8705d6af5267) Importer(815301076,1909f56bfc062723c751e8b465ee728b) (PreviewImporter) -> (artifact id: '0450a4903c328e96a1586db54e332a02') in 0.001711 seconds
Number of updated asset objects reloaded before import = 0Number of asset objects unloaded after import = 4

========================================================================
Received Import Request.
  Time since last request: 0.000018 seconds.
  path: Assets/Dialogue/Herald/Day5/Seq 2/HeraldD5S1N 42.asset
  artifactKey: Guid(83cf21f48e7ca3648af35b00a03a55a8) Importer(815301076,1909f56bfc062723c751e8b465ee728b)
Start importing Assets/Dialogue/Herald/Day5/Seq 2/HeraldD5S1N 42.asset using Guid(83cf21f48e7ca3648af35b00a03a55a8) Importer(815301076,1909f56bfc062723c751e8b465ee728b) (PreviewImporter) -> (artifact id: '3691bd4af9635b2ac8819b89a2f06b76') in 0.0036323 seconds
Number of updated asset objects reloaded before import = 0Number of asset objects unloaded after import = 14

========================================================================
Received Import Request.
  Time since last request: 0.000019 seconds.
  path: Assets/Dialogue/Herald/Day5/Seq 2/HeraldD5S1N 32.asset
  artifactKey: Guid(738a34200acdad74fb9a033b4894d1b7) Importer(2089858483,b0f066a214c2f5e87bad3c948f4d605d)
Start importing Assets/Dialogue/Herald/Day5/Seq 2/HeraldD5S1N 32.asset using Guid(738a34200acdad74fb9a033b4894d1b7) Importer(2089858483,b0f066a214c2f5e87bad3c948f4d605d) (ScriptedImporter) -> (artifact id: '5146de355293286b005cad42c13b9085') in 0.0170357 seconds
Number of updated asset objects reloaded before import = 0Number of asset objects unloaded after import = 8

========================================================================
Received Import Request.
  Time since last request: 0.000019 seconds.
  path: Assets/Dialogue/Herald/Day5/Seq 2/HeraldD5S1N 20.asset
  artifactKey: Guid(fd00f4d6cb18d8943a18a786ac82585f) Importer(815301076,1909f56bfc062723c751e8b465ee728b)
Start importing Assets/Dialogue/Herald/Day5/Seq 2/HeraldD5S1N 20.asset using Guid(fd00f4d6cb18d8943a18a786ac82585f) Importer(815301076,1909f56bfc062723c751e8b465ee728b) (PreviewImporter) -> (artifact id: '67652034235a0aa633f1c7060d39009d') in 0.0016353 seconds
Number of updated asset objects reloaded before import = 0Number of asset objects unloaded after import = 2

========================================================================
Received Import Request.
  Time since last request: 0.000018 seconds.
  path: Assets/Dialogue/Herald/Day5/Seq 2/HeraldD5S1N 16.asset
  artifactKey: Guid(35ee5c903bd8eb4479381a1d37012843) Importer(2089858483,b0f066a214c2f5e87bad3c948f4d605d)
Start importing Assets/Dialogue/Herald/Day5/Seq 2/HeraldD5S1N 16.asset using Guid(35ee5c903bd8eb4479381a1d37012843) Importer(2089858483,b0f066a214c2f5e87bad3c948f4d605d) (ScriptedImporter) -> (artifact id: '527ece137b6620b458282c4f7e0c7a3d') in 0.0160761 seconds
Number of updated asset objects reloaded before import = 0Number of asset objects unloaded after import = 6

========================================================================
Received Import Request.
  Time since last request: 0.000020 seconds.
  path: Assets/Dialogue/Herald/Day5/Seq 2/HeraldD5S1N 52.asset
  artifactKey: Guid(7d3a76f79e0fc8a4fbc30d7e1d00bcfd) Importer(2089858483,b0f066a214c2f5e87bad3c948f4d605d)
Start importing Assets/Dialogue/Herald/Day5/Seq 2/HeraldD5S1N 52.asset using Guid(7d3a76f79e0fc8a4fbc30d7e1d00bcfd) Importer(2089858483,b0f066a214c2f5e87bad3c948f4d605d) (ScriptedImporter) -> (artifact id: '742b36f388cfe627ea8e1199580fd0a4') in 0.0163806 seconds
Number of updated asset objects reloaded before import = 0Number of asset objects unloaded after import = 4

========================================================================
Received Import Request.
  Time since last request: 0.000027 seconds.
  path: Assets/Dialogue/Herald/Day5/Seq 2/HeraldD5S1N 43.asset
  artifactKey: Guid(e28fff0b2665c95439273ae4a4e05b72) Importer(2089858483,b0f066a214c2f5e87bad3c948f4d605d)
Start importing Assets/Dialogue/Herald/Day5/Seq 2/HeraldD5S1N 43.asset using Guid(e28fff0b2665c95439273ae4a4e05b72) Importer(2089858483,b0f066a214c2f5e87bad3c948f4d605d) (ScriptedImporter) -> (artifact id: 'c850c8fb9e930859ea38dcacc8ca39f5') in 0.0199252 seconds
Number of updated asset objects reloaded before import = 0Number of asset objects unloaded after import = 13

========================================================================
Received Import Request.
  Time since last request: 0.000024 seconds.
  path: Assets/Dialogue/Herald/Day5/Seq 2/HeraldD5S1N 22.asset
  artifactKey: Guid(b98db7b627b6e4a4d93033e33015c6fb) Importer(2089858483,b0f066a214c2f5e87bad3c948f4d605d)
Start importing Assets/Dialogue/Herald/Day5/Seq 2/HeraldD5S1N 22.asset using Guid(b98db7b627b6e4a4d93033e33015c6fb) Importer(2089858483,b0f066a214c2f5e87bad3c948f4d605d) (ScriptedImporter) -> (artifact id: 'be65167de59cd020881671a55248644a') in 0.0205865 seconds
Number of updated asset objects reloaded before import = 0Number of asset objects unloaded after import = 18

========================================================================
Received Import Request.
  Time since last request: 0.000019 seconds.
  path: Assets/Dialogue/Herald/Day5/Seq 2/HeraldD5S1N 48.asset
  artifactKey: Guid(52aedffa9e504e943943fa8acebb2c05) Importer(815301076,1909f56bfc062723c751e8b465ee728b)
Start importing Assets/Dialogue/Herald/Day5/Seq 2/HeraldD5S1N 48.asset using Guid(52aedffa9e504e943943fa8acebb2c05) Importer(815301076,1909f56bfc062723c751e8b465ee728b) (PreviewImporter) -> (artifact id: 'd6624a874259f0a08dd117c569ed7304') in 0.0026167 seconds
Number of updated asset objects reloaded before import = 0Number of asset objects unloaded after import = 8

========================================================================
Received Import Request.
  Time since last request: 0.000020 seconds.
  path: Assets/Dialogue/Herald/Day5/Seq 2/HeraldD5S1N 30.asset
  artifactKey: Guid(ee404335fd2f75b40981b4903432f229) Importer(815301076,1909f56bfc062723c751e8b465ee728b)
Start importing Assets/Dialogue/Herald/Day5/Seq 2/HeraldD5S1N 30.asset using Guid(ee404335fd2f75b40981b4903432f229) Importer(815301076,1909f56bfc062723c751e8b465ee728b) (PreviewImporter) -> (artifact id: '4c09f8e4152c41a7d321c7bfc702000b') in 0.0036646 seconds
Number of updated asset objects reloaded before import = 0Number of asset objects unloaded after import = 10

========================================================================
Received Import Request.
  Time since last request: 0.000019 seconds.
  path: Assets/Dialogue/Herald/Day5/Seq 2/HeraldD5S1N 19.asset
  artifactKey: Guid(88318fb76873af64e9710df34f48a4b8) Importer(815301076,1909f56bfc062723c751e8b465ee728b)
Start importing Assets/Dialogue/Herald/Day5/Seq 2/HeraldD5S1N 19.asset using Guid(88318fb76873af64e9710df34f48a4b8) Importer(815301076,1909f56bfc062723c751e8b465ee728b) (PreviewImporter) -> (artifact id: '256c92974071c9564792c26ff760dea2') in 0.0017529 seconds
Number of updated asset objects reloaded before import = 0Number of asset objects unloaded after import = 3

========================================================================
Received Import Request.
  Time since last request: 0.000029 seconds.
  path: Assets/Dialogue/Herald/Day5/Seq 2/HeraldD5S1N 45.asset
  artifactKey: Guid(bb24a44866817f047ab86f0d4a0acf49) Importer(815301076,1909f56bfc062723c751e8b465ee728b)
Start importing Assets/Dialogue/Herald/Day5/Seq 2/HeraldD5S1N 45.asset using Guid(bb24a44866817f047ab86f0d4a0acf49) Importer(815301076,1909f56bfc062723c751e8b465ee728b) (PreviewImporter) -> (artifact id: '66ec37ee280db347d36bbb45c2d2b16f') in 0.003763 seconds
Number of updated asset objects reloaded before import = 0Number of asset objects unloaded after import = 11

========================================================================
Received Import Request.
  Time since last request: 0.000024 seconds.
  path: Assets/Dialogue/Herald/Day5/Seq 2/HeraldD5S1N 31.asset
  artifactKey: Guid(790ac1029a232214ca9df9b35ef45079) Importer(815301076,1909f56bfc062723c751e8b465ee728b)
Start importing Assets/Dialogue/Herald/Day5/Seq 2/HeraldD5S1N 31.asset using Guid(790ac1029a232214ca9df9b35ef45079) Importer(815301076,1909f56bfc062723c751e8b465ee728b) (PreviewImporter) -> (artifact id: '18f184144385d2b53bdd42d6cb660688') in 0.0027476 seconds
Number of updated asset objects reloaded before import = 0Number of asset objects unloaded after import = 9

========================================================================
Received Import Request.
  Time since last request: 0.000023 seconds.
  path: Assets/Dialogue/Herald/Day5/Seq 2/HeraldD5S1N 55.asset
  artifactKey: Guid(593ad478b2ac0fd40865dd9eeedb3240) Importer(2089858483,b0f066a214c2f5e87bad3c948f4d605d)
Start importing Assets/Dialogue/Herald/Day5/Seq 2/HeraldD5S1N 55.asset using Guid(593ad478b2ac0fd40865dd9eeedb3240) Importer(2089858483,b0f066a214c2f5e87bad3c948f4d605d) (ScriptedImporter) -> (artifact id: '4103423b8e0cf47ed124373fcfde1613') in 0.014979 seconds
Number of updated asset objects reloaded before import = 0Number of asset objects unloaded after import = 1

========================================================================
Received Import Request.
  Time since last request: 0.000023 seconds.
  path: Assets/Dialogue/Herald/Day5/Seq 2/HeraldD5S1N 41.asset
  artifactKey: Guid(e23e7d45676ad1440867c74d4f1c59d4) Importer(2089858483,b0f066a214c2f5e87bad3c948f4d605d)
Start importing Assets/Dialogue/Herald/Day5/Seq 2/HeraldD5S1N 41.asset using Guid(e23e7d45676ad1440867c74d4f1c59d4) Importer(2089858483,b0f066a214c2f5e87bad3c948f4d605d) (ScriptedImporter) -> (artifact id: 'bdc99fd65828ed5a6c62acfe244c108e') in 0.0188437 seconds
Number of updated asset objects reloaded before import = 0Number of asset objects unloaded after import = 15

========================================================================
Received Import Request.
  Time since last request: 0.000019 seconds.
  path: Assets/Dialogue/Herald/Day5/Seq 2/HeraldD5S1N 54.asset
  artifactKey: Guid(8db5531dc84ab93439530c7f8ca19634) Importer(2089858483,b0f066a214c2f5e87bad3c948f4d605d)
Start importing Assets/Dialogue/Herald/Day5/Seq 2/HeraldD5S1N 54.asset using Guid(8db5531dc84ab93439530c7f8ca19634) Importer(2089858483,b0f066a214c2f5e87bad3c948f4d605d) (ScriptedImporter) -> (artifact id: '14bf5f36b59fc12afb0710e436698a16') in 0.0178085 seconds
Number of updated asset objects reloaded before import = 0Number of asset objects unloaded after import = 2

========================================================================
Received Import Request.
  Time since last request: 198.816351 seconds.
  path: Assets/Dialogue/Kev/Day5/Seq 1/KevD5S1N 2.asset
  artifactKey: Guid(698808ae4ae1f26409a84c2bc53ea4ac) Importer(815301076,1909f56bfc062723c751e8b465ee728b)
Start importing Assets/Dialogue/Kev/Day5/Seq 1/KevD5S1N 2.asset using Guid(698808ae4ae1f26409a84c2bc53ea4ac) Importer(815301076,1909f56bfc062723c751e8b465ee728b) (PreviewImporter) -> (artifact id: '21a3dd082ebf63960586edda440f0494') in 0.0012501 seconds
Number of updated asset objects reloaded before import = 0Number of asset objects unloaded after import = 1

========================================================================
Received Import Request.
  Time since last request: 7.578781 seconds.
  path: Assets/Dialogue/Herald/Day5/Seq 3/HeraldD5S1N 50.asset
  artifactKey: Guid(e85558c0ffeccd04f8ad47db6c25c8db) Importer(2089858483,b0f066a214c2f5e87bad3c948f4d605d)
Start importing Assets/Dialogue/Herald/Day5/Seq 3/HeraldD5S1N 50.asset using Guid(e85558c0ffeccd04f8ad47db6c25c8db) Importer(2089858483,b0f066a214c2f5e87bad3c948f4d605d) (ScriptedImporter) -> (artifact id: '15fc834bd02b7c498943c577fd6d195a') in 0.0179055 seconds
Number of updated asset objects reloaded before import = 0Number of asset objects unloaded after import = 6

========================================================================
Received Import Request.
  Time since last request: 0.000021 seconds.
  path: Assets/Dialogue/Herald/Day5/Seq 3/HeraldD5S1N 36.asset
  artifactKey: Guid(946f1b2cfb062744387c8705d6af5267) Importer(2089858483,b0f066a214c2f5e87bad3c948f4d605d)
Start importing Assets/Dialogue/Herald/Day5/Seq 3/HeraldD5S1N 36.asset using Guid(946f1b2cfb062744387c8705d6af5267) Importer(2089858483,b0f066a214c2f5e87bad3c948f4d605d) (ScriptedImporter) -> (artifact id: '3680f5215d0949878aca8589fbf278e3') in 0.0332294 seconds
Number of updated asset objects reloaded before import = 0Number of asset objects unloaded after import = 4

========================================================================
Received Import Request.
  Time since last request: 0.000024 seconds.
  path: Assets/Dialogue/Herald/Day5/Seq 3/HeraldD5S1N 35.asset
  artifactKey: Guid(8826a0f6856b37346ab6f4d309adee41) Importer(2089858483,b0f066a214c2f5e87bad3c948f4d605d)
Start importing Assets/Dialogue/Herald/Day5/Seq 3/HeraldD5S1N 35.asset using Guid(8826a0f6856b37346ab6f4d309adee41) Importer(2089858483,b0f066a214c2f5e87bad3c948f4d605d) (ScriptedImporter) -> (artifact id: 'a5ab35e5d41b6f38f21bb6ad27479edf') in 0.0191515 seconds
Number of updated asset objects reloaded before import = 0Number of asset objects unloaded after import = 5

========================================================================
Received Import Request.
  Time since last request: 0.000029 seconds.
  path: Assets/Dialogue/Herald/Day5/Seq 3/HeraldD5S1N 42.asset
  artifactKey: Guid(83cf21f48e7ca3648af35b00a03a55a8) Importer(2089858483,b0f066a214c2f5e87bad3c948f4d605d)
Start importing Assets/Dialogue/Herald/Day5/Seq 3/HeraldD5S1N 42.asset using Guid(83cf21f48e7ca3648af35b00a03a55a8) Importer(2089858483,b0f066a214c2f5e87bad3c948f4d605d) (ScriptedImporter) -> (artifact id: '86c048beabe2d84b95af685ff387a0ec') in 0.0219553 seconds
Number of updated asset objects reloaded before import = 0Number of asset objects unloaded after import = 14

========================================================================
Received Import Request.
  Time since last request: 0.000031 seconds.
  path: Assets/Dialogue/Herald/Day5/Seq 3/HeraldD5S1N 31.asset
  artifactKey: Guid(790ac1029a232214ca9df9b35ef45079) Importer(2089858483,b0f066a214c2f5e87bad3c948f4d605d)
Start importing Assets/Dialogue/Herald/Day5/Seq 3/HeraldD5S1N 31.asset using Guid(790ac1029a232214ca9df9b35ef45079) Importer(2089858483,b0f066a214c2f5e87bad3c948f4d605d) (ScriptedImporter) -> (artifact id: 'add6c31c954b849b54292bd486701176') in 0.0178636 seconds
Number of updated asset objects reloaded before import = 0Number of asset objects unloaded after import = 9

========================================================================
Received Import Request.
  Time since last request: 0.000024 seconds.
  path: Assets/Dialogue/Herald/Day5/Seq 3/HeraldD5S1N 24.asset
  artifactKey: Guid(4bb2394136e8ec64f928e2821581a5f9) Importer(2089858483,b0f066a214c2f5e87bad3c948f4d605d)
Start importing Assets/Dialogue/Herald/Day5/Seq 3/HeraldD5S1N 24.asset using Guid(4bb2394136e8ec64f928e2821581a5f9) Importer(2089858483,b0f066a214c2f5e87bad3c948f4d605d) (ScriptedImporter) -> (artifact id: '7a35fdd5f5e484d17bdf2f969d55af6d') in 0.0212931 seconds
Number of updated asset objects reloaded before import = 0Number of asset objects unloaded after import = 16

========================================================================
Received Import Request.
  Time since last request: 0.000022 seconds.
  path: Assets/Dialogue/Herald/Day5/Seq 3/HeraldD5S1N 33.asset
  artifactKey: Guid(17678a6c749773b4daa3fecec72d7aad) Importer(2089858483,b0f066a214c2f5e87bad3c948f4d605d)
Start importing Assets/Dialogue/Herald/Day5/Seq 3/HeraldD5S1N 33.asset using Guid(17678a6c749773b4daa3fecec72d7aad) Importer(2089858483,b0f066a214c2f5e87bad3c948f4d605d) (ScriptedImporter) -> (artifact id: '9588d72a548e6269a5749297eae937f2') in 0.0156705 seconds
Number of updated asset objects reloaded before import = 0Number of asset objects unloaded after import = 7

========================================================================
Received Import Request.
  Time since last request: 0.000032 seconds.
  path: Assets/Dialogue/Herald/Day5/Seq 3/HeraldD5S1N 46.asset
  artifactKey: Guid(9db1336f8aee75f498e021f08563e7d3) Importer(2089858483,b0f066a214c2f5e87bad3c948f4d605d)
Start importing Assets/Dialogue/Herald/Day5/Seq 3/HeraldD5S1N 46.asset using Guid(9db1336f8aee75f498e021f08563e7d3) Importer(2089858483,b0f066a214c2f5e87bad3c948f4d605d) (ScriptedImporter) -> (artifact id: '7cbc6471b8888d97787d2e40f306f761') in 0.020821 seconds
Number of updated asset objects reloaded before import = 0Number of asset objects unloaded after import = 10

========================================================================
Received Import Request.
  Time since last request: 0.000021 seconds.
  path: Assets/Dialogue/Herald/Day5/Seq 3/HeraldD5S1N 51.asset
  artifactKey: Guid(d2afb1ffb9dcb614bbb273d125347369) Importer(2089858483,b0f066a214c2f5e87bad3c948f4d605d)
Start importing Assets/Dialogue/Herald/Day5/Seq 3/HeraldD5S1N 51.asset using Guid(d2afb1ffb9dcb614bbb273d125347369) Importer(2089858483,b0f066a214c2f5e87bad3c948f4d605d) (ScriptedImporter) -> (artifact id: '24717cf51f15d9c296230867c19cf654') in 0.0209814 seconds
Number of updated asset objects reloaded before import = 0Number of asset objects unloaded after import = 5

========================================================================
Received Import Request.
  Time since last request: 0.000020 seconds.
  path: Assets/Dialogue/Herald/Day5/Seq 3/HeraldD5S1N 38.asset
  artifactKey: Guid(f92d820376033d8408a6b9e118907588) Importer(2089858483,b0f066a214c2f5e87bad3c948f4d605d)
Start importing Assets/Dialogue/Herald/Day5/Seq 3/HeraldD5S1N 38.asset using Guid(f92d820376033d8408a6b9e118907588) Importer(2089858483,b0f066a214c2f5e87bad3c948f4d605d) (ScriptedImporter) -> (artifact id: 'af2e7ea979170d444b56b69f140dfb32') in 0.0161181 seconds
Number of updated asset objects reloaded before import = 0Number of asset objects unloaded after import = 2

========================================================================
Received Import Request.
  Time since last request: 0.000026 seconds.
  path: Assets/Dialogue/Herald/Day5/Seq 3/HeraldD5S1N 30.asset
  artifactKey: Guid(ee404335fd2f75b40981b4903432f229) Importer(2089858483,b0f066a214c2f5e87bad3c948f4d605d)
Start importing Assets/Dialogue/Herald/Day5/Seq 3/HeraldD5S1N 30.asset using Guid(ee404335fd2f75b40981b4903432f229) Importer(2089858483,b0f066a214c2f5e87bad3c948f4d605d) (ScriptedImporter) -> (artifact id: 'a153ebfea7fbddd757e389ae08b49aec') in 0.0206441 seconds
Number of updated asset objects reloaded before import = 0Number of asset objects unloaded after import = 10

========================================================================
Received Import Request.
  Time since last request: 0.000029 seconds.
  path: Assets/Dialogue/Herald/Day5/Seq 3/HeraldD5S1N 40.asset
  artifactKey: Guid(13f834f5157be9a4386ce6de9917430a) Importer(2089858483,b0f066a214c2f5e87bad3c948f4d605d)
Start importing Assets/Dialogue/Herald/Day5/Seq 3/HeraldD5S1N 40.asset using Guid(13f834f5157be9a4386ce6de9917430a) Importer(2089858483,b0f066a214c2f5e87bad3c948f4d605d) (ScriptedImporter) -> (artifact id: '6c1ad5daa9b27963ea0dbeb1650a6071') in 0.0230587 seconds
Number of updated asset objects reloaded before import = 0Number of asset objects unloaded after import = 16

========================================================================
Received Import Request.
  Time since last request: 0.000021 seconds.
  path: Assets/Dialogue/Herald/Day5/Seq 3/HeraldD5S1N 52.asset
  artifactKey: Guid(7d3a76f79e0fc8a4fbc30d7e1d00bcfd) Importer(2089858483,b0f066a214c2f5e87bad3c948f4d605d)
Start importing Assets/Dialogue/Herald/Day5/Seq 3/HeraldD5S1N 52.asset using Guid(7d3a76f79e0fc8a4fbc30d7e1d00bcfd) Importer(2089858483,b0f066a214c2f5e87bad3c948f4d605d) (ScriptedImporter) -> (artifact id: 'c268f236769ce406888a335befe4e052') in 0.0186587 seconds
Number of updated asset objects reloaded before import = 0Number of asset objects unloaded after import = 4

========================================================================
Received Import Request.
  Time since last request: 0.000017 seconds.
  path: Assets/Dialogue/Herald/Day5/Seq 3/HeraldD5S1N 27.asset
  artifactKey: Guid(17993a330cc40ca429853151fead3762) Importer(2089858483,b0f066a214c2f5e87bad3c948f4d605d)
Start importing Assets/Dialogue/Herald/Day5/Seq 3/HeraldD5S1N 27.asset using Guid(17993a330cc40ca429853151fead3762) Importer(2089858483,b0f066a214c2f5e87bad3c948f4d605d) (ScriptedImporter) -> (artifact id: '5c0e466b4b50dfe7e8d17d7c61b518ae') in 0.0206016 seconds
Number of updated asset objects reloaded before import = 0Number of asset objects unloaded after import = 13

========================================================================
Received Import Request.
  Time since last request: 0.000030 seconds.
  path: Assets/Dialogue/Herald/Day5/Seq 3/HeraldD5S1N 23.asset
  artifactKey: Guid(1fd3b3ac2c2445845a49a65002a51483) Importer(2089858483,b0f066a214c2f5e87bad3c948f4d605d)
Start importing Assets/Dialogue/Herald/Day5/Seq 3/HeraldD5S1N 23.asset using Guid(1fd3b3ac2c2445845a49a65002a51483) Importer(2089858483,b0f066a214c2f5e87bad3c948f4d605d) (ScriptedImporter) -> (artifact id: '5acbc0bbc37a0165e69bcf1de85cf394') in 0.0205705 seconds
Number of updated asset objects reloaded before import = 0Number of asset objects unloaded after import = 17

========================================================================
Received Import Request.
  Time since last request: 0.000028 seconds.
  path: Assets/Dialogue/Herald/Day5/Seq 3/HeraldD5S1N 41.asset
  artifactKey: Guid(e23e7d45676ad1440867c74d4f1c59d4) Importer(2089858483,b0f066a214c2f5e87bad3c948f4d605d)
Start importing Assets/Dialogue/Herald/Day5/Seq 3/HeraldD5S1N 41.asset using Guid(e23e7d45676ad1440867c74d4f1c59d4) Importer(2089858483,b0f066a214c2f5e87bad3c948f4d605d) (ScriptedImporter) -> (artifact id: 'ef6a86854b02e9c29a59b135317a59e4') in 0.0201957 seconds
Number of updated asset objects reloaded before import = 0Number of asset objects unloaded after import = 15

Editor requested this worker to shutdown with reason: Scaling down because of idle timeout
AssetImportWorker is now disconnected from the server
Process exiting
Exiting without the bug reporter. Application will terminate with return code 0