[Licensing::Module] Trying to connect to existing licensing client channel...
Built from '6000.3/staging' branch; Version is '6000.3.16f1 (a56f230f6470) revision 10841891'; Using compiler version '194234433'; Build Type 'Release'
OS: 'Windows 11  (10.0.26100) CoreSingleLanguage' Language: 'en' Physical Memory: 32108 MB
BatchMode: 1, IsHumanControllingUs: 0, StartBugReporterOnCrash: 0, Is64bit: 1
[Licensing::IpcConnector] Successfully connected to: "LicenseClient-User" at "2026-07-17T04:08:47.9539375Z"
System  architecture: x64
Process architecture: x64
Date: 2026-07-17T04:08:47Z

COMMAND LINE ARGUMENTS:
C:\Program Files\Unity\Hub\Editor\6000.3.16f1\Editor\Unity.exe
-adb2
-batchMode
-noUpm
-name
AssetImportWorker136
-projectPath
D:/Unity Projects/ExitAnt-IAT312-P1/312_Assignment2
-logFile
Logs/AssetImportWorker136.log
-srvPort
49722
-licensingIpc
LicenseClient-User
-job-worker-count
7
-background-job-worker-count
8
-gc-helper-count
1
-name
AssetImport
Successfully changed project path to: D:/Unity Projects/ExitAnt-IAT312-P1/312_Assignment2
D:/Unity Projects/ExitAnt-IAT312-P1/312_Assignment2
[UnityMemory] Configuration Parameters - Can be set up in boot.config
    "memorysetup-temp-allocator-size-nav-mesh-worker=65536"
    "memorysetup-temp-allocator-size-audio-worker=65536"
    "memorysetup-temp-allocator-size-gfx=262144"
    "memorysetup-allocator-temp-initial-block-size-main=262144"
    "memorysetup-allocator-temp-initial-block-size-worker=262144"
    "memorysetup-temp-allocator-size-background-worker=32768"
    "memorysetup-temp-allocator-size-job-worker=262144"
    "memorysetup-temp-allocator-size-preload-manager=33554432"
    "memorysetup-temp-allocator-size-gi-baking-worker=262144"
    "memorysetup-temp-allocator-size-gi-baking-worker=262144"
    "memorysetup-temp-allocator-size-gi-baking-worker=262144"
    "memorysetup-temp-allocator-size-gi-baking-worker=262144"
    "memorysetup-temp-allocator-size-gi-baking-worker=262144"
    "memorysetup-bucket-allocator-granularity=16"
    "memorysetup-bucket-allocator-bucket-count=8"
    "memorysetup-bucket-allocator-block-size=33554432"
    "memorysetup-bucket-allocator-block-count=8"
    "memorysetup-main-allocator-block-size=16777216"
    "memorysetup-thread-allocator-block-size=16777216"
    "memorysetup-gfx-main-allocator-block-size=16777216"
    "memorysetup-gfx-thread-allocator-block-size=16777216"
    "memorysetup-cache-allocator-block-size=4194304"
    "memorysetup-typetree-allocator-block-size=2097152"
    "memorysetup-profiler-bucket-allocator-granularity=16"
    "memorysetup-profiler-bucket-allocator-bucket-count=8"
    "memorysetup-profiler-bucket-allocator-block-size=33554432"
    "memorysetup-profiler-bucket-allocator-block-count=8"
    "memorysetup-profiler-allocator-block-size=16777216"
    "memorysetup-profiler-editor-allocator-block-size=1048576"
    "memorysetup-temp-allocator-size-main=16777216"
    "memorysetup-job-temp-allocator-block-size=2097152"
    "memorysetup-job-temp-allocator-block-size-background=1048576"
    "memorysetup-job-temp-allocator-reduction-small-platforms=262144"
    "memorysetup-temp-allocator-size-cloud-worker=32768"
Player connection [30092]  Target information:

Player connection [30092]  * "[IP] 192.168.1.97 [Port] 0 [Flags] 2 [Guid] 2263884096 [EditorId] 2263884096 [Version] 1048832 [Id] WindowsEditor(7,DESKTOP-OVH4FSK) [Debug] 1 [PackageName] WindowsEditor [ProjectName] Editor" 

Player connection [30092] Host joined multi-casting on [225.0.0.222:54997]...
Player connection [30092] Host joined alternative multi-casting on [225.0.0.222:34997]...
JobSystem: Creating JobQueue using job-worker-count value 7
Input System module state changed to: Initialized.
[Physics::Module] Initialized fallback backend.
[Physics::Module] Id: 0xdecafbad
Library Redirect Path: Library/
[Physics::Module] Selected backend.
[Physics::Module] Name: PhysX
[Physics::Module] Id: 0xf2b8ea05
[Physics::Module] SDK Version: 4.1.2
[Physics::Module] Integration Version: 1.0.0
[Physics::Module] Threading Mode: Multi-Threaded
Refreshing native plugins compatible for Editor in 4.98 ms, found 5 plugins.
Preloading 0 native plugins for Editor in 0.00 ms.
Initialize engine version: 6000.3.16f1 (a56f230f6470)
[Subsystems] Discovering subsystems at path C:/Program Files/Unity/Hub/Editor/6000.3.16f1/Editor/Data/Resources/UnitySubsystems
[Subsystems] Discovering subsystems at path D:/Unity Projects/ExitAnt-IAT312-P1/312_Assignment2/Assets
GfxDevice: creating device client; kGfxThreadingModeNonThreaded
d3d12: failed to query info queue interface (0x80004002).
Direct3D:
    Version:         Direct3D 12 [level 12.2]
    Renderer:        NVIDIA GeForce RTX 3060 Laptop GPU (ID=0x2520)
    Vendor:          NVIDIA
    VRAM:            5996 MB
    App VRAM Budget: 5228 MB
    Driver:          32.0.15.8088
Initialize mono
Mono path[0] = 'C:/Program Files/Unity/Hub/Editor/6000.3.16f1/Editor/Data/Managed'
Mono path[1] = 'C:/Program Files/Unity/Hub/Editor/6000.3.16f1/Editor/Data/MonoBleedingEdge/lib/mono/unityjit-win32'
Mono config path = 'C:/Program Files/Unity/Hub/Editor/6000.3.16f1/Editor/Data/MonoBleedingEdge/etc'
Using monoOptions --debugger-agent=transport=dt_socket,embedding=1,server=y,suspend=n,address=127.0.0.1:56620
Begin MonoManager ReloadAssembly
[Licensing::Client] Error: HandshakeResponse reported an error:
	ResponseCode: 505
	ResponseStatus: Unsupported protocol version '1.18.1'.
[Licensing::Module] Error: Failed to handshake to channel: "LicenseClient-User"
[Licensing::IpcConnector] LicenseClient-User channel disconnected successfully.
[Licensing::IpcConnector] Successfully connected to: "LicenseClient-User-6000.3.16" at "2026-07-17T04:08:49.2513157Z"
[Licensing::Client] Code 10 while verifying Licensing Client signature (process Id: 29352, path: "C:/Program Files/Unity/Hub/Editor/6000.3.16f1/Editor/Data/Resources/Licensing/Client/Unity.Licensing.Client.exe")
[Licensing::Module] LicensingClient has failed validation; ignoring
[Licensing::Client] Handshaking with LicensingClient:
  Version:                 1.18.1+9fbee8e
  Session Id:              286c021b47ec4d8889aa74f9e71f6716
  Correlation Id:          47882071dff180c034864f0352291f7f
  External correlation Id: 5606760154520231600
  Machine Id:              NKcRUsz1GwU4Q4WJtDcG2fyxkZM=
[Licensing::Module] Successfully connected to LicensingClient on channel: "LicenseClient-User-6000.3.16" (connect: 0.00s, validation: 0.00s, handshake: 0.01s)
[Licensing::IpcConnector] Successfully connected to: "LicenseClient-User-6000.3.16-notifications" at "2026-07-17T04:08:49.2592125Z"
[Licensing::Module] Licensing Background thread has ended after 1.31s
Registering precompiled unity dll's ...
Register platform support module: C:/Program Files/Unity/Hub/Editor/6000.3.16f1/Editor/Data/PlaybackEngines/WindowsStandaloneSupport/UnityEditor.WindowsStandalone.Extensions.dll
Registered in 0.002332 seconds.
- Loaded All Assemblies, in  0.468 seconds
Native extension for WindowsStandalone target not found
Package Manager log level set to [2]
[Package Manager] Failed to launch server process. Reason: Unity was launched with the -noUpm command-line argument
[Package Manager] Unable to send message (not connected to server process).
[Package Manager] Cannot connect to Unity Package Manager local server
ScheduleIndexationOnStartup MainProcess:False IndexOnStartup:True
Mono: successfully reloaded assembly
- Finished resetting the current domain, in  0.497 seconds
Domain Reload Profiling: 961ms
	BeginReloadAssembly (159ms)
		ExecutionOrderSort (0ms)
		DisableScriptedObjects (0ms)
		BackupInstance (0ms)
		ReleaseScriptingObjects (0ms)
		CreateAndSetChildDomain (1ms)
	RebuildCommonClasses (58ms)
	RebuildNativeTypeToScriptingClass (15ms)
	initialDomainReloadingComplete (54ms)
	LoadAllAssembliesAndSetupDomain (177ms)
		LoadAssemblies (154ms)
		RebuildTransferFunctionScriptingTraits (0ms)
		AnalyzeDomain (174ms)
			TypeCache.Refresh (171ms)
				TypeCache.ScanAssembly (156ms)
			BuildScriptInfoCaches (0ms)
			ResolveRequiredComponents (0ms)
	FinalizeReload (498ms)
		ReleaseScriptCaches (0ms)
		RebuildScriptCaches (0ms)
		SetupLoadedEditorAssemblies (440ms)
			LogAssemblyErrors (0ms)
			InitializePlatformSupportModulesInManaged (62ms)
			SetLoadedEditorAssemblies (5ms)
			BeforeProcessingInitializeOnLoad (102ms)
			ProcessInitializeOnLoadAttributes (181ms)
			ProcessInitializeOnLoadMethodAttributes (90ms)
			AfterProcessingInitializeOnLoad (0ms)
			EditorAssembliesLoaded (0ms)
		ExecutionOrderSort2 (0ms)
		AwakeInstancesAfterBackupRestoration (0ms)
Assembly reference Packages/com.unity.cinemachine/Editor/Samples/ExposeHDRPInternals/HDRP-Editor-ref.asmref has no target assembly definition
========================================================================
Worker process is ready to serve import requests
Import Worker Mode flag is 0x00
Assembly reference Packages/com.unity.cinemachine/Editor/Samples/ExposeHDRPInternals/HDRP-Editor-ref.asmref has no target assembly definition
Assembly reference Packages/com.unity.cinemachine/Editor/Samples/ExposeHDRPInternals/HDRP-Editor-ref.asmref has no target assembly definition
Begin MonoManager ReloadAssembly
[Licensing::Client] Successfully resolved entitlement details
[Licensing::Module] License group:
  Id: 3574399251830-UnityPersXXXX
  Product: Unity Personal
  Type: Assigned
  Expiration: Unlimited
- Loaded All Assemblies, in  0.962 seconds
Assembly reference Packages/com.unity.cinemachine/Editor/Samples/ExposeHDRPInternals/HDRP-Editor-ref.asmref has no target assembly definition
'Packages/com.unity.cinemachine/Editor/Obsolete/CinemachineVirtualCameraBaseEditor.cs' contains partial class of Unity.Object, exactly 1 of the partial classes needs to be in a file with the same filename. This is to know the one that can be referenced from ie. GameObjects
'Packages/com.unity.cinemachine/Editor/Editors/CinemachineVirtualCameraBaseEditor.cs' contains partial class of Unity.Object, exactly 1 of the partial classes needs to be in a file with the same filename. This is to know the one that can be referenced from ie. GameObjects
Refreshing native plugins compatible for Editor in 1.84 ms, found 5 plugins.
Native extension for WindowsStandalone target not found
Assembly reference Packages/com.unity.cinemachine/Editor/Samples/ExposeHDRPInternals/HDRP-Editor-ref.asmref has no target assembly definition
[Package Manager] Failed to launch server process. Reason: Unity was launched with the -noUpm command-line argument
[Package Manager] Unable to send message (not connected to server process).
[Package Manager] Cannot connect to Unity Package Manager local server
[Package Manager] Failed to launch server process. Reason: Unity was launched with the -noUpm command-line argument
[Package Manager] Unable to send message (not connected to server process).
[Package Manager] Cannot connect to Unity Package Manager local server
[Package Manager] Failed to launch server process. Reason: Unity was launched with the -noUpm command-line argument
[Package Manager] Unable to send message (not connected to server process).
[Package Manager] Cannot connect to Unity Package Manager local server
Refreshing native plugins compatible for Editor in 2.27 ms, found 5 plugins.
ScheduleIndexationOnStartup MainProcess:False IndexOnStartup:True
Mono: successfully reloaded assembly
- Finished resetting the current domain, in  1.010 seconds
Domain Reload Profiling: 1968ms
	BeginReloadAssembly (196ms)
		ExecutionOrderSort (0ms)
		DisableScriptedObjects (6ms)
		BackupInstance (0ms)
		ReleaseScriptingObjects (0ms)
		CreateAndSetChildDomain (31ms)
	RebuildCommonClasses (43ms)
	RebuildNativeTypeToScriptingClass (14ms)
	initialDomainReloadingComplete (45ms)
	LoadAllAssembliesAndSetupDomain (659ms)
		LoadAssemblies (419ms)
		RebuildTransferFunctionScriptingTraits (0ms)
		AnalyzeDomain (349ms)
			TypeCache.Refresh (224ms)
				TypeCache.ScanAssembly (208ms)
			BuildScriptInfoCaches (103ms)
			ResolveRequiredComponents (16ms)
	FinalizeReload (1011ms)
		ReleaseScriptCaches (0ms)
		RebuildScriptCaches (0ms)
		SetupLoadedEditorAssemblies (849ms)
			LogAssemblyErrors (0ms)
			InitializePlatformSupportModulesInManaged (2ms)
			SetLoadedEditorAssemblies (5ms)
			BeforeProcessingInitializeOnLoad (158ms)
			ProcessInitializeOnLoadAttributes (517ms)
			ProcessInitializeOnLoadMethodAttributes (157ms)
			AfterProcessingInitializeOnLoad (10ms)
			EditorAssembliesLoaded (0ms)
		ExecutionOrderSort2 (0ms)
		AwakeInstancesAfterBackupRestoration (8ms)
Launched and connected shader compiler UnityShaderCompiler.exe after 0.01 seconds
Refreshing native plugins compatible for Editor in 3.04 ms, found 5 plugins.
Preloading 0 native plugins for Editor in 0.00 ms.
Unloading 17 Unused Serialized files (Serialized files now loaded: 0)
Unloading 7649 unused Assets / (5.4 MB). Loaded Objects now: 8481.
Memory consumption went from 165.6 MB to 160.2 MB.
Total: 13.118500 ms (FindLiveObjects: 0.819800 ms CreateObjectMapping: 0.733700 ms MarkObjects: 6.887600 ms  DeleteObjects: 4.675600 ms)

========================================================================
Received Import Request.
  Time since last request: 128069.817265 seconds.
  path: Assets/Dialogue/Isabelle/Day4/Seq 1/IsabellaD4S1N 6.asset
  artifactKey: Guid(c19d40e1439b7f44899483cad3bc3412) Importer(815301076,1909f56bfc062723c751e8b465ee728b)
Start importing Assets/Dialogue/Isabelle/Day4/Seq 1/IsabellaD4S1N 6.asset using Guid(c19d40e1439b7f44899483cad3bc3412) Importer(815301076,1909f56bfc062723c751e8b465ee728b) (PreviewImporter) -> (artifact id: '3c975111271edbf9a0d90f3500b9e79f') in 0.0347654 seconds
Number of updated asset objects reloaded before import = 0Number of asset objects unloaded after import = 12

========================================================================
Received Import Request.
  Time since last request: 0.000016 seconds.
  path: Assets/Dialogue/Heri/Day4/Seq 1/HeriD4S1N 3.asset
  artifactKey: Guid(50f09c37d9d79d5408bc8f08a42a1995) Importer(815301076,1909f56bfc062723c751e8b465ee728b)
Start importing Assets/Dialogue/Heri/Day4/Seq 1/HeriD4S1N 3.asset using Guid(50f09c37d9d79d5408bc8f08a42a1995) Importer(815301076,1909f56bfc062723c751e8b465ee728b) (PreviewImporter) -> (artifact id: '9d8a97564d87ce318bff0133bb5299c9') in 0.0029261 seconds
Number of updated asset objects reloaded before import = 0Number of asset objects unloaded after import = 8

========================================================================
Received Import Request.
  Time since last request: 0.000019 seconds.
  path: Assets/Dialogue/Isabelle/Day4/Seq 1/IsabellaD4S1N 12.asset
  artifactKey: Guid(044746819c8258a498144da0e5a2e6c5) Importer(815301076,1909f56bfc062723c751e8b465ee728b)
Start importing Assets/Dialogue/Isabelle/Day4/Seq 1/IsabellaD4S1N 12.asset using Guid(044746819c8258a498144da0e5a2e6c5) Importer(815301076,1909f56bfc062723c751e8b465ee728b) (PreviewImporter) -> (artifact id: 'aa1c1fe990f84d6383a42c58e64e4da0') in 0.0020216 seconds
Number of updated asset objects reloaded before import = 0Number of asset objects unloaded after import = 6

========================================================================
Received Import Request.
  Time since last request: 0.000020 seconds.
  path: Assets/Dialogue/Bor/Day4/Seq 2/BorD4S2N 3.asset
  artifactKey: Guid(71fceabe4a5a93f45ace7ea9b5469a59) Importer(815301076,1909f56bfc062723c751e8b465ee728b)
Start importing Assets/Dialogue/Bor/Day4/Seq 2/BorD4S2N 3.asset using Guid(71fceabe4a5a93f45ace7ea9b5469a59) Importer(815301076,1909f56bfc062723c751e8b465ee728b) (PreviewImporter) -> (artifact id: 'd6ebee82e51e68c248da2ecd02f07d56') in 0.0027438 seconds
Number of updated asset objects reloaded before import = 0Number of asset objects unloaded after import = 8

========================================================================
Received Import Request.
  Time since last request: 0.000019 seconds.
  path: Assets/Dialogue/Bor/Day3/Seq 2/BorD3S2N8A.asset
  artifactKey: Guid(9c9416b7590966542ae766d9b80348b3) Importer(815301076,1909f56bfc062723c751e8b465ee728b)
Start importing Assets/Dialogue/Bor/Day3/Seq 2/BorD3S2N8A.asset using Guid(9c9416b7590966542ae766d9b80348b3) Importer(815301076,1909f56bfc062723c751e8b465ee728b) (PreviewImporter) -> (artifact id: '9561393d65f472e72c076b3e57f68b08') in 0.0060055 seconds
Number of updated asset objects reloaded before import = 0Number of asset objects unloaded after import = 12

========================================================================
Received Import Request.
  Time since last request: 0.000031 seconds.
  path: Assets/Dialogue/Coco/Day4/Seq 1/CocoDay4S1N2B.asset
  artifactKey: Guid(e35d82029b97c274899729c1fd6e0123) Importer(815301076,1909f56bfc062723c751e8b465ee728b)
Start importing Assets/Dialogue/Coco/Day4/Seq 1/CocoDay4S1N2B.asset using Guid(e35d82029b97c274899729c1fd6e0123) Importer(815301076,1909f56bfc062723c751e8b465ee728b) (PreviewImporter) -> (artifact id: '927abf836f4efd5d1f493b87a916dbdc') in 0.0011355 seconds
Number of updated asset objects reloaded before import = 0Number of asset objects unloaded after import = 1

========================================================================
Received Import Request.
  Time since last request: 0.000020 seconds.
  path: Assets/Dialogue/Isabelle/Day4/Seq 1/IsabellaD4S1N 14.asset
  artifactKey: Guid(83217599d6b0a734a99028518bf63c60) Importer(815301076,1909f56bfc062723c751e8b465ee728b)
Start importing Assets/Dialogue/Isabelle/Day4/Seq 1/IsabellaD4S1N 14.asset using Guid(83217599d6b0a734a99028518bf63c60) Importer(815301076,1909f56bfc062723c751e8b465ee728b) (PreviewImporter) -> (artifact id: 'c9a064c41cfa6288b712204bbbfaa3dc') in 0.0020522 seconds
Number of updated asset objects reloaded before import = 0Number of asset objects unloaded after import = 4

========================================================================
Received Import Request.
  Time since last request: 0.000024 seconds.
  path: Assets/Dialogue/Bani/Day 3/Seq 1/BaniD3S1N 4.asset
  artifactKey: Guid(f38872f0ad8cb2a4e97d57c7348a9c1a) Importer(815301076,1909f56bfc062723c751e8b465ee728b)
Start importing Assets/Dialogue/Bani/Day 3/Seq 1/BaniD3S1N 4.asset using Guid(f38872f0ad8cb2a4e97d57c7348a9c1a) Importer(815301076,1909f56bfc062723c751e8b465ee728b) (PreviewImporter) -> (artifact id: '0edd9afa349f8c602c8db80d266b7952') in 0.0018761 seconds
Number of updated asset objects reloaded before import = 0Number of asset objects unloaded after import = 5

========================================================================
Received Import Request.
  Time since last request: 0.000021 seconds.
  path: Assets/Dialogue/Bor/Day4/Seq 2/BorD4S2N 9.asset
  artifactKey: Guid(e7f36a749e8fcc445823535deada856d) Importer(815301076,1909f56bfc062723c751e8b465ee728b)
Start importing Assets/Dialogue/Bor/Day4/Seq 2/BorD4S2N 9.asset using Guid(e7f36a749e8fcc445823535deada856d) Importer(815301076,1909f56bfc062723c751e8b465ee728b) (PreviewImporter) -> (artifact id: 'c68fba4c38c279dd87169f4852ebcf69') in 0.0014175 seconds
Number of updated asset objects reloaded before import = 0Number of asset objects unloaded after import = 2

========================================================================
Received Import Request.
  Time since last request: 0.000021 seconds.
  path: Assets/Dialogue/Artur/Day 3/Seq 1/ArturD3S1N 5.asset
  artifactKey: Guid(c55187cf77e826e4793152c32522f41a) Importer(815301076,1909f56bfc062723c751e8b465ee728b)
Start importing Assets/Dialogue/Artur/Day 3/Seq 1/ArturD3S1N 5.asset using Guid(c55187cf77e826e4793152c32522f41a) Importer(815301076,1909f56bfc062723c751e8b465ee728b) (PreviewImporter) -> (artifact id: 'd4d442201c910f3204466462b85d8bf4') in 0.0014495 seconds
Number of updated asset objects reloaded before import = 0Number of asset objects unloaded after import = 2

========================================================================
Received Import Request.
  Time since last request: 0.000017 seconds.
  path: Assets/Dialogue/Bani/Day 3/Seq 2/BaniD3S2N 9.asset
  artifactKey: Guid(47ff1bac77ea58d40a6fbc0a7c8bb92f) Importer(815301076,1909f56bfc062723c751e8b465ee728b)
Start importing Assets/Dialogue/Bani/Day 3/Seq 2/BaniD3S2N 9.asset using Guid(47ff1bac77ea58d40a6fbc0a7c8bb92f) Importer(815301076,1909f56bfc062723c751e8b465ee728b) (PreviewImporter) -> (artifact id: '14171ea8b72c2f6bc4fa468fb94395a0') in 0.0020428 seconds
Number of updated asset objects reloaded before import = 0Number of asset objects unloaded after import = 4

========================================================================
Received Import Request.
  Time since last request: 0.000027 seconds.
  path: Assets/Dialogue/Isabelle/Day4/Seq 1/IsabellaD4S1N 9.asset
  artifactKey: Guid(32d6f676a126d854b9cb840865fece50) Importer(815301076,1909f56bfc062723c751e8b465ee728b)
Start importing Assets/Dialogue/Isabelle/Day4/Seq 1/IsabellaD4S1N 9.asset using Guid(32d6f676a126d854b9cb840865fece50) Importer(815301076,1909f56bfc062723c751e8b465ee728b) (PreviewImporter) -> (artifact id: '7c692e0499488efd87325edac867d152') in 0.0030611 seconds
Number of updated asset objects reloaded before import = 0Number of asset objects unloaded after import = 9

========================================================================
Received Import Request.
  Time since last request: 0.000020 seconds.
  path: Assets/Dialogue/Bani/Day 3/Seq 1/BaniD3S1N 5.asset
  artifactKey: Guid(15d9503e7588b724c92cd92f41e471b0) Importer(815301076,1909f56bfc062723c751e8b465ee728b)
Start importing Assets/Dialogue/Bani/Day 3/Seq 1/BaniD3S1N 5.asset using Guid(15d9503e7588b724c92cd92f41e471b0) Importer(815301076,1909f56bfc062723c751e8b465ee728b) (PreviewImporter) -> (artifact id: '53f0b3c103aa3e3dad425b2f0ab58a4c') in 0.0015899 seconds
Number of updated asset objects reloaded before import = 0Number of asset objects unloaded after import = 4

========================================================================
Received Import Request.
  Time since last request: 0.000017 seconds.
  path: Assets/Dialogue/Coco/Day3/Seq 1/CocoD3S1N 3.asset
  artifactKey: Guid(f15060ece3114e84db5b9f4cef594743) Importer(815301076,1909f56bfc062723c751e8b465ee728b)
Start importing Assets/Dialogue/Coco/Day3/Seq 1/CocoD3S1N 3.asset using Guid(f15060ece3114e84db5b9f4cef594743) Importer(815301076,1909f56bfc062723c751e8b465ee728b) (PreviewImporter) -> (artifact id: 'f226e8d31fd85617f427dc5ae7f5401e') in 0.0024404 seconds
Number of updated asset objects reloaded before import = 0Number of asset objects unloaded after import = 8

========================================================================
Received Import Request.
  Time since last request: 0.000016 seconds.
  path: Assets/Dialogue/Heri/Day4/Seq 1/HeriD4S1N 7.asset
  artifactKey: Guid(3aeabec1fdc500645b7feaa95dcaf5a8) Importer(815301076,1909f56bfc062723c751e8b465ee728b)
Start importing Assets/Dialogue/Heri/Day4/Seq 1/HeriD4S1N 7.asset using Guid(3aeabec1fdc500645b7feaa95dcaf5a8) Importer(815301076,1909f56bfc062723c751e8b465ee728b) (PreviewImporter) -> (artifact id: '731d395e9da9a23f6a9b8b7dff03bde5') in 0.0017613 seconds
Number of updated asset objects reloaded before import = 0Number of asset objects unloaded after import = 4

========================================================================
Received Import Request.
  Time since last request: 0.000015 seconds.
  path: Assets/Dialogue/Isabelle/Day4/Seq 1/IsabellaD4S1N 5.asset
  artifactKey: Guid(278f7a2167277d048ab4adf409da8151) Importer(815301076,1909f56bfc062723c751e8b465ee728b)
Start importing Assets/Dialogue/Isabelle/Day4/Seq 1/IsabellaD4S1N 5.asset using Guid(278f7a2167277d048ab4adf409da8151) Importer(815301076,1909f56bfc062723c751e8b465ee728b) (PreviewImporter) -> (artifact id: '830634ca5b0217395c205a92683642de') in 0.0035342 seconds
Number of updated asset objects reloaded before import = 0Number of asset objects unloaded after import = 13

========================================================================
Received Import Request.
  Time since last request: 0.000018 seconds.
  path: Assets/Dialogue/Bani/Day 3/Seq 2/BaniD3S2N 4.asset
  artifactKey: Guid(0844cf0caecb91d4bac4262148e1887f) Importer(815301076,1909f56bfc062723c751e8b465ee728b)
Start importing Assets/Dialogue/Bani/Day 3/Seq 2/BaniD3S2N 4.asset using Guid(0844cf0caecb91d4bac4262148e1887f) Importer(815301076,1909f56bfc062723c751e8b465ee728b) (PreviewImporter) -> (artifact id: '6c982727fdd5738d58f05c28a9ec1f01') in 0.0031306 seconds
Number of updated asset objects reloaded before import = 0Number of asset objects unloaded after import = 9

========================================================================
Received Import Request.
  Time since last request: 0.000026 seconds.
  path: Assets/Dialogue/Heri/Day4/Seq 1/HeriD4S1N 6.asset
  artifactKey: Guid(d10cff452841d934595b1270332d2fc8) Importer(815301076,1909f56bfc062723c751e8b465ee728b)
Start importing Assets/Dialogue/Heri/Day4/Seq 1/HeriD4S1N 6.asset using Guid(d10cff452841d934595b1270332d2fc8) Importer(815301076,1909f56bfc062723c751e8b465ee728b) (PreviewImporter) -> (artifact id: 'f96dc785ec7f7bb34dcbd6932d77510c') in 0.0018684 seconds
Number of updated asset objects reloaded before import = 0Number of asset objects unloaded after import = 5

========================================================================
Received Import Request.
  Time since last request: 0.000017 seconds.
  path: Assets/Dialogue/Bor/Day3/Seq 2/BorD3S2N15A.asset
  artifactKey: Guid(297d5ea7c9b3cf241b5e3d622145acb8) Importer(815301076,1909f56bfc062723c751e8b465ee728b)
Start importing Assets/Dialogue/Bor/Day3/Seq 2/BorD3S2N15A.asset using Guid(297d5ea7c9b3cf241b5e3d622145acb8) Importer(815301076,1909f56bfc062723c751e8b465ee728b) (PreviewImporter) -> (artifact id: 'bde7552b9cba6e43414a86bde3d27d11') in 0.0019049 seconds
Number of updated asset objects reloaded before import = 0Number of asset objects unloaded after import = 5

========================================================================
Received Import Request.
  Time since last request: 0.000015 seconds.
  path: Assets/Dialogue/Artur/Day 5/Seq 1/ArturD5S1N 1.asset
  artifactKey: Guid(47b3b8abd5e092048a146884f4f5404d) Importer(815301076,1909f56bfc062723c751e8b465ee728b)
Start importing Assets/Dialogue/Artur/Day 5/Seq 1/ArturD5S1N 1.asset using Guid(47b3b8abd5e092048a146884f4f5404d) Importer(815301076,1909f56bfc062723c751e8b465ee728b) (PreviewImporter) -> (artifact id: 'a1bf2926c8d3eeeacf21492579ed2570') in 0.0016022 seconds
Number of updated asset objects reloaded before import = 0Number of asset objects unloaded after import = 2

========================================================================
Received Import Request.
  Time since last request: 0.000022 seconds.
  path: Assets/Dialogue/Artur/Day 3/Seq 1/ArturD3S1N 1.asset
  artifactKey: Guid(6a9acaf87e43e8b4c827295f5d374b07) Importer(815301076,1909f56bfc062723c751e8b465ee728b)
Start importing Assets/Dialogue/Artur/Day 3/Seq 1/ArturD3S1N 1.asset using Guid(6a9acaf87e43e8b4c827295f5d374b07) Importer(815301076,1909f56bfc062723c751e8b465ee728b) (PreviewImporter) -> (artifact id: '39859664aace9a0e444596b31e09c107') in 0.0024354 seconds
Number of updated asset objects reloaded before import = 0Number of asset objects unloaded after import = 6

========================================================================
Received Import Request.
  Time since last request: 0.000022 seconds.
  path: Assets/Dialogue/Bor/Day3/Seq 2/BorD3S2N5A.asset
  artifactKey: Guid(14b4753b46c27cc4fa52b77208b8f55b) Importer(815301076,1909f56bfc062723c751e8b465ee728b)
Start importing Assets/Dialogue/Bor/Day3/Seq 2/BorD3S2N5A.asset using Guid(14b4753b46c27cc4fa52b77208b8f55b) Importer(815301076,1909f56bfc062723c751e8b465ee728b) (PreviewImporter) -> (artifact id: 'ad108876c67f7ea08a5320259ec6689a') in 0.0038491 seconds
Number of updated asset objects reloaded before import = 0Number of asset objects unloaded after import = 15

========================================================================
Received Import Request.
  Time since last request: 0.000020 seconds.
  path: Assets/Dialogue/Bor/Day4/Seq 2/BorD4S2N 6.asset
  artifactKey: Guid(194b0b85d5908334d8977e55dd6c948b) Importer(815301076,1909f56bfc062723c751e8b465ee728b)
Start importing Assets/Dialogue/Bor/Day4/Seq 2/BorD4S2N 6.asset using Guid(194b0b85d5908334d8977e55dd6c948b) Importer(815301076,1909f56bfc062723c751e8b465ee728b) (PreviewImporter) -> (artifact id: 'de17a4f1ff3a7287df49d75960d439cb') in 0.0016697 seconds
Number of updated asset objects reloaded before import = 0Number of asset objects unloaded after import = 5

========================================================================
Received Import Request.
  Time since last request: 38.219905 seconds.
  path: Assets/Dialogue/Isabelle/Day5/Seq 1/IsabellaD5S1N 1.asset
  artifactKey: Guid(c8f0ae23f343e3a41aad0bf31b5cca14) Importer(2089858483,b0f066a214c2f5e87bad3c948f4d605d)
Start importing Assets/Dialogue/Isabelle/Day5/Seq 1/IsabellaD5S1N 1.asset using Guid(c8f0ae23f343e3a41aad0bf31b5cca14) Importer(2089858483,b0f066a214c2f5e87bad3c948f4d605d) (ScriptedImporter) -> (artifact id: '8c0a48a38b3f66198db22a61db8a8a14') in 0.1276777 seconds
Number of updated asset objects reloaded before import = 0Number of asset objects unloaded after import = 2

========================================================================
Received Import Request.
  Time since last request: 91.524901 seconds.
  path: Assets/Dialogue/Isabelle/Day5/Seq 1/IsabellaD5S1N 1.asset
  artifactKey: Guid(c8f0ae23f343e3a41aad0bf31b5cca14) Importer(815301076,1909f56bfc062723c751e8b465ee728b)
Start importing Assets/Dialogue/Isabelle/Day5/Seq 1/IsabellaD5S1N 1.asset using Guid(c8f0ae23f343e3a41aad0bf31b5cca14) Importer(815301076,1909f56bfc062723c751e8b465ee728b) (PreviewImporter) -> (artifact id: '70f7eac89ed3a25dab1616a430e94863') in 0.0012926 seconds
Number of updated asset objects reloaded before import = 0Number of asset objects unloaded after import = 2

========================================================================
Received Import Request.
  Time since last request: 0.008943 seconds.
  path: Assets/Dialogue/Bor/Day3/Seq 1/BorD3S1N 1.asset
  artifactKey: Guid(93dbe9df7ecffa54aaecd4d48a407bf5) Importer(815301076,1909f56bfc062723c751e8b465ee728b)
Start importing Assets/Dialogue/Bor/Day3/Seq 1/BorD3S1N 1.asset using Guid(93dbe9df7ecffa54aaecd4d48a407bf5) Importer(815301076,1909f56bfc062723c751e8b465ee728b) (PreviewImporter) -> (artifact id: '86d7a55de3376badf3131afcf7c4e3f3') in 0.0015015 seconds
Number of updated asset objects reloaded before import = 0Number of asset objects unloaded after import = 4

========================================================================
Received Import Request.
  Time since last request: 0.000024 seconds.
  path: Assets/Dialogue/Bor/Day3/Seq 2/BorD3S2N1.asset
  artifactKey: Guid(7809d8d3ba2a14b46b09eef895146a0d) Importer(815301076,1909f56bfc062723c751e8b465ee728b)
Start importing Assets/Dialogue/Bor/Day3/Seq 2/BorD3S2N1.asset using Guid(7809d8d3ba2a14b46b09eef895146a0d) Importer(815301076,1909f56bfc062723c751e8b465ee728b) (PreviewImporter) -> (artifact id: 'd458ec5f21086fbfdd493311dd195151') in 0.0067655 seconds
Number of updated asset objects reloaded before import = 0Number of asset objects unloaded after import = 22

========================================================================
Received Import Request.
  Time since last request: 0.000032 seconds.
  path: Assets/Dialogue/Bani/Day 3/Seq 5/BaniD3S5N2B.asset
  artifactKey: Guid(b695589b340374e46962ccc98fa4981d) Importer(815301076,1909f56bfc062723c751e8b465ee728b)
Start importing Assets/Dialogue/Bani/Day 3/Seq 5/BaniD3S5N2B.asset using Guid(b695589b340374e46962ccc98fa4981d) Importer(815301076,1909f56bfc062723c751e8b465ee728b) (PreviewImporter) -> (artifact id: '38ab3469f2798ddea295a5825feab11a') in 0.0013848 seconds
Number of updated asset objects reloaded before import = 0Number of asset objects unloaded after import = 1

========================================================================
Received Import Request.
  Time since last request: 0.000024 seconds.
  path: Assets/Dialogue/Bor/Day3/Seq 2/BorD3S2N2A.asset
  artifactKey: Guid(a159d662db8a0c44681043f1e3b7b0f6) Importer(815301076,1909f56bfc062723c751e8b465ee728b)
Start importing Assets/Dialogue/Bor/Day3/Seq 2/BorD3S2N2A.asset using Guid(a159d662db8a0c44681043f1e3b7b0f6) Importer(815301076,1909f56bfc062723c751e8b465ee728b) (PreviewImporter) -> (artifact id: 'fd88fdab1cc061b0c2d45cf2d044f093') in 0.0053016 seconds
Number of updated asset objects reloaded before import = 0Number of asset objects unloaded after import = 18

========================================================================
Received Import Request.
  Time since last request: 0.000018 seconds.
  path: Assets/Dialogue/Bani/Day 3/Seq 6/BaniD3S6N 1.asset
  artifactKey: Guid(328887b14563d3741829aedb8ae70a8b) Importer(815301076,1909f56bfc062723c751e8b465ee728b)
Start importing Assets/Dialogue/Bani/Day 3/Seq 6/BaniD3S6N 1.asset using Guid(328887b14563d3741829aedb8ae70a8b) Importer(815301076,1909f56bfc062723c751e8b465ee728b) (PreviewImporter) -> (artifact id: '93a182281a7a7177d4298ad40c8f4fb2') in 0.0022011 seconds
Number of updated asset objects reloaded before import = 0Number of asset objects unloaded after import = 6

========================================================================
Received Import Request.
  Time since last request: 0.000027 seconds.
  path: Assets/Dialogue/Bani/Day 3/Seq 6/BaniD3S6N4A.asset
  artifactKey: Guid(4c4213bb2bcfb9f4e9f6b08bb87aeff8) Importer(815301076,1909f56bfc062723c751e8b465ee728b)
Start importing Assets/Dialogue/Bani/Day 3/Seq 6/BaniD3S6N4A.asset using Guid(4c4213bb2bcfb9f4e9f6b08bb87aeff8) Importer(815301076,1909f56bfc062723c751e8b465ee728b) (PreviewImporter) -> (artifact id: '458aeb2adf9fde598942a2560f8f3685') in 0.0014654 seconds
Number of updated asset objects reloaded before import = 0Number of asset objects unloaded after import = 2

========================================================================
Received Import Request.
  Time since last request: 0.000019 seconds.
  path: Assets/Dialogue/Bani/Day 3/Seq 6/BaniD3S6N 2.asset
  artifactKey: Guid(a1e77110c9edc3341807ba6ee6db4170) Importer(815301076,1909f56bfc062723c751e8b465ee728b)
Start importing Assets/Dialogue/Bani/Day 3/Seq 6/BaniD3S6N 2.asset using Guid(a1e77110c9edc3341807ba6ee6db4170) Importer(815301076,1909f56bfc062723c751e8b465ee728b) (PreviewImporter) -> (artifact id: '7f296ed8bf89a841219641a1dca8d13e') in 0.0019448 seconds
Number of updated asset objects reloaded before import = 0Number of asset objects unloaded after import = 5

========================================================================
Received Import Request.
  Time since last request: 24.679766 seconds.
  path: Assets/Dialogue/Herald/Day5
  artifactKey: Guid(ae414aa0a5ca4bf4d88de2e19b0c8df7) Importer(815301076,1909f56bfc062723c751e8b465ee728b)
Start importing Assets/Dialogue/Herald/Day5 using Guid(ae414aa0a5ca4bf4d88de2e19b0c8df7) Importer(815301076,1909f56bfc062723c751e8b465ee728b) (PreviewImporter) -> (artifact id: 'd6689e9b676a81611522767c358d906a') in 0.0005487 seconds
Number of updated asset objects reloaded before import = 0Number of asset objects unloaded after import = 0

========================================================================
Received Import Request.
  Time since last request: 66.142320 seconds.
  path: Assets/Dialogue/Herald/Day5/Seq 1
  artifactKey: Guid(e7a556dca4c27744e9b5b1fcf3e736c7) Importer(815301076,1909f56bfc062723c751e8b465ee728b)
Start importing Assets/Dialogue/Herald/Day5/Seq 1 using Guid(e7a556dca4c27744e9b5b1fcf3e736c7) Importer(815301076,1909f56bfc062723c751e8b465ee728b) (PreviewImporter) -> (artifact id: '644ec403ddf41902c630ecab3713ef2b') in 0.0005092 seconds
Number of updated asset objects reloaded before import = 0Number of asset objects unloaded after import = 0

========================================================================
Received Import Request.
  Time since last request: 112.709790 seconds.
  path: Assets/Dialogue/Herald/Day5/Seq 1/HeraldD5S1N 1.asset
  artifactKey: Guid(9484f0f5f57a07a45b3d5ec1acd154a3) Importer(815301076,1909f56bfc062723c751e8b465ee728b)
Start importing Assets/Dialogue/Herald/Day5/Seq 1/HeraldD5S1N 1.asset using Guid(9484f0f5f57a07a45b3d5ec1acd154a3) Importer(815301076,1909f56bfc062723c751e8b465ee728b) (PreviewImporter) -> (artifact id: '45bceb1b9f0a705d3efb802007d3ca8e') in 0.0012259 seconds
Number of updated asset objects reloaded before import = 0Number of asset objects unloaded after import = 1

========================================================================
Received Import Request.
  Time since last request: 0.948594 seconds.
  path: Assets/Dialogue/Herald/Day5/Seq 1/HeraldD5S1N 1.asset
  artifactKey: Guid(9484f0f5f57a07a45b3d5ec1acd154a3) Importer(2089858483,b0f066a214c2f5e87bad3c948f4d605d)
Start importing Assets/Dialogue/Herald/Day5/Seq 1/HeraldD5S1N 1.asset using Guid(9484f0f5f57a07a45b3d5ec1acd154a3) Importer(2089858483,b0f066a214c2f5e87bad3c948f4d605d) (ScriptedImporter) -> (artifact id: '80402d3b25df1fe35afcb1c3d1a474f3') in 0.017517 seconds
Number of updated asset objects reloaded before import = 0Number of asset objects unloaded after import = 1

========================================================================
Received Import Request.
  Time since last request: 1.704107 seconds.
  path: Assets/Dialogue/Herald/Day5/Seq 1/HeraldD5S1N 2.asset
  artifactKey: Guid(3b7d61bac2d9eb94bb940bd1a4497a04) Importer(815301076,1909f56bfc062723c751e8b465ee728b)
Start importing Assets/Dialogue/Herald/Day5/Seq 1/HeraldD5S1N 2.asset using Guid(3b7d61bac2d9eb94bb940bd1a4497a04) Importer(815301076,1909f56bfc062723c751e8b465ee728b) (PreviewImporter) -> (artifact id: 'b3ec4b23f7497a9fe73648db75b9366f') in 0.0011374 seconds
Number of updated asset objects reloaded before import = 0Number of asset objects unloaded after import = 1

========================================================================
Received Import Request.
  Time since last request: 0.698769 seconds.
  path: Assets/Dialogue/Herald/Day5/Seq 1/HeraldD5S1N 3.asset
  artifactKey: Guid(124d52fe8bc857b41bd7564afd4ea681) Importer(815301076,1909f56bfc062723c751e8b465ee728b)
Start importing Assets/Dialogue/Herald/Day5/Seq 1/HeraldD5S1N 3.asset using Guid(124d52fe8bc857b41bd7564afd4ea681) Importer(815301076,1909f56bfc062723c751e8b465ee728b) (PreviewImporter) -> (artifact id: '4c215a4579b85a1966abf79bd6fa5dba') in 0.001387 seconds
Number of updated asset objects reloaded before import = 0Number of asset objects unloaded after import = 1

========================================================================
Received Import Request.
  Time since last request: 0.439622 seconds.
  path: Assets/Dialogue/Herald/Day5/Seq 1/HeraldD5S1N 4.asset
  artifactKey: Guid(4029a7d60c43cd94ba3dd7f8c68353ca) Importer(815301076,1909f56bfc062723c751e8b465ee728b)
Start importing Assets/Dialogue/Herald/Day5/Seq 1/HeraldD5S1N 4.asset using Guid(4029a7d60c43cd94ba3dd7f8c68353ca) Importer(815301076,1909f56bfc062723c751e8b465ee728b) (PreviewImporter) -> (artifact id: '439c4dfe14d1396ad5af42db07a3b85c') in 0.0011694 seconds
Number of updated asset objects reloaded before import = 0Number of asset objects unloaded after import = 1

========================================================================
Received Import Request.
  Time since last request: 0.345892 seconds.
  path: Assets/Dialogue/Herald/Day5/Seq 1/HeraldD5S1N 5.asset
  artifactKey: Guid(07377691a9cb5c04d9ddec9eb4dce2be) Importer(815301076,1909f56bfc062723c751e8b465ee728b)
Start importing Assets/Dialogue/Herald/Day5/Seq 1/HeraldD5S1N 5.asset using Guid(07377691a9cb5c04d9ddec9eb4dce2be) Importer(815301076,1909f56bfc062723c751e8b465ee728b) (PreviewImporter) -> (artifact id: 'a40d122588ee96c32471efc4fdb6ff7d') in 0.0011021 seconds
Number of updated asset objects reloaded before import = 0Number of asset objects unloaded after import = 1

========================================================================
Received Import Request.
  Time since last request: 0.339000 seconds.
  path: Assets/Dialogue/Herald/Day5/Seq 1/HeraldD5S1N 6.asset
  artifactKey: Guid(c8bc4f992e13fe744a3a38e1c34e0a51) Importer(815301076,1909f56bfc062723c751e8b465ee728b)
Start importing Assets/Dialogue/Herald/Day5/Seq 1/HeraldD5S1N 6.asset using Guid(c8bc4f992e13fe744a3a38e1c34e0a51) Importer(815301076,1909f56bfc062723c751e8b465ee728b) (PreviewImporter) -> (artifact id: '9443f00e7b523d171c56362006db4d06') in 0.0011261 seconds
Number of updated asset objects reloaded before import = 0Number of asset objects unloaded after import = 1

========================================================================
Received Import Request.
  Time since last request: 0.298381 seconds.
  path: Assets/Dialogue/Herald/Day5/Seq 1/HeraldD5S1N 7.asset
  artifactKey: Guid(d17b63778590c144980c8179856afa82) Importer(815301076,1909f56bfc062723c751e8b465ee728b)
Start importing Assets/Dialogue/Herald/Day5/Seq 1/HeraldD5S1N 7.asset using Guid(d17b63778590c144980c8179856afa82) Importer(815301076,1909f56bfc062723c751e8b465ee728b) (PreviewImporter) -> (artifact id: '1879012bba9ab6854ff9ace8ead9bfd5') in 0.0011483 seconds
Number of updated asset objects reloaded before import = 0Number of asset objects unloaded after import = 1

========================================================================
Received Import Request.
  Time since last request: 0.309851 seconds.
  path: Assets/Dialogue/Herald/Day5/Seq 1/HeraldD5S1N 8.asset
  artifactKey: Guid(99e4b4bc0c5d63e43b3f594ef0251e92) Importer(815301076,1909f56bfc062723c751e8b465ee728b)
Start importing Assets/Dialogue/Herald/Day5/Seq 1/HeraldD5S1N 8.asset using Guid(99e4b4bc0c5d63e43b3f594ef0251e92) Importer(815301076,1909f56bfc062723c751e8b465ee728b) (PreviewImporter) -> (artifact id: '3056a3a043854c311960a0541a5b831a') in 0.0010833 seconds
Number of updated asset objects reloaded before import = 0Number of asset objects unloaded after import = 1

========================================================================
Received Import Request.
  Time since last request: 0.355826 seconds.
  path: Assets/Dialogue/Herald/Day5/Seq 1/HeraldD5S1N 9.asset
  artifactKey: Guid(ac7f0eefdb482234eb19390eb55b5ad9) Importer(815301076,1909f56bfc062723c751e8b465ee728b)
Start importing Assets/Dialogue/Herald/Day5/Seq 1/HeraldD5S1N 9.asset using Guid(ac7f0eefdb482234eb19390eb55b5ad9) Importer(815301076,1909f56bfc062723c751e8b465ee728b) (PreviewImporter) -> (artifact id: '9a9967ae1ed12a3eb1a32940c694a628') in 0.001114 seconds
Number of updated asset objects reloaded before import = 0Number of asset objects unloaded after import = 1

========================================================================
Received Import Request.
  Time since last request: 0.300090 seconds.
  path: Assets/Dialogue/Herald/Day5/Seq 1/HeraldD5S1N 10.asset
  artifactKey: Guid(492a457997b0c6647aff298d9d42280d) Importer(815301076,1909f56bfc062723c751e8b465ee728b)
Start importing Assets/Dialogue/Herald/Day5/Seq 1/HeraldD5S1N 10.asset using Guid(492a457997b0c6647aff298d9d42280d) Importer(815301076,1909f56bfc062723c751e8b465ee728b) (PreviewImporter) -> (artifact id: 'eb54861fd627205f1d284d4108224696') in 0.0011069 seconds
Number of updated asset objects reloaded before import = 0Number of asset objects unloaded after import = 1

========================================================================
Received Import Request.
  Time since last request: 0.381792 seconds.
  path: Assets/Dialogue/Herald/Day5/Seq 1/HeraldD5S1N 11.asset
  artifactKey: Guid(c66010f2c7720f6419703f7cf31751b0) Importer(815301076,1909f56bfc062723c751e8b465ee728b)
Start importing Assets/Dialogue/Herald/Day5/Seq 1/HeraldD5S1N 11.asset using Guid(c66010f2c7720f6419703f7cf31751b0) Importer(815301076,1909f56bfc062723c751e8b465ee728b) (PreviewImporter) -> (artifact id: 'dfa29a49e77f9725fdafd3add149df14') in 0.0010748 seconds
Number of updated asset objects reloaded before import = 0Number of asset objects unloaded after import = 1

========================================================================
Received Import Request.
  Time since last request: 0.369315 seconds.
  path: Assets/Dialogue/Herald/Day5/Seq 1/HeraldD5S1N 12.asset
  artifactKey: Guid(c14ee4f92a798944f8e04e2707419e84) Importer(815301076,1909f56bfc062723c751e8b465ee728b)
Start importing Assets/Dialogue/Herald/Day5/Seq 1/HeraldD5S1N 12.asset using Guid(c14ee4f92a798944f8e04e2707419e84) Importer(815301076,1909f56bfc062723c751e8b465ee728b) (PreviewImporter) -> (artifact id: 'a9c44be2f8ba235c96cf9b033e6412bb') in 0.0011224 seconds
Number of updated asset objects reloaded before import = 0Number of asset objects unloaded after import = 1

========================================================================
Received Import Request.
  Time since last request: 0.406429 seconds.
  path: Assets/Dialogue/Herald/Day5/Seq 1/HeraldD5S1N 13.asset
  artifactKey: Guid(34c7d67119fc3cd4d96e422a5178817e) Importer(815301076,1909f56bfc062723c751e8b465ee728b)
Start importing Assets/Dialogue/Herald/Day5/Seq 1/HeraldD5S1N 13.asset using Guid(34c7d67119fc3cd4d96e422a5178817e) Importer(815301076,1909f56bfc062723c751e8b465ee728b) (PreviewImporter) -> (artifact id: '0f7d7f1b16750b2a7f4a581d82ff8cef') in 0.0011777 seconds
Number of updated asset objects reloaded before import = 0Number of asset objects unloaded after import = 1

========================================================================
Received Import Request.
  Time since last request: 0.388250 seconds.
  path: Assets/Dialogue/Herald/Day5/Seq 1/HeraldD5S1N 14.asset
  artifactKey: Guid(0d03e204248f65641a20f9bb1f7ad2c7) Importer(815301076,1909f56bfc062723c751e8b465ee728b)
Start importing Assets/Dialogue/Herald/Day5/Seq 1/HeraldD5S1N 14.asset using Guid(0d03e204248f65641a20f9bb1f7ad2c7) Importer(815301076,1909f56bfc062723c751e8b465ee728b) (PreviewImporter) -> (artifact id: '8d2f7c6000987b5e06af8775549dd85e') in 0.0011445 seconds
Number of updated asset objects reloaded before import = 0Number of asset objects unloaded after import = 1

========================================================================
Received Import Request.
  Time since last request: 0.379548 seconds.
  path: Assets/Dialogue/Herald/Day5/Seq 1/HeraldD5S1N 15.asset
  artifactKey: Guid(1f611479844ffe942be3f7b1aa59aa33) Importer(815301076,1909f56bfc062723c751e8b465ee728b)
Start importing Assets/Dialogue/Herald/Day5/Seq 1/HeraldD5S1N 15.asset using Guid(1f611479844ffe942be3f7b1aa59aa33) Importer(815301076,1909f56bfc062723c751e8b465ee728b) (PreviewImporter) -> (artifact id: 'b6170863ae570e542985b9b328a4e7c5') in 0.0011618 seconds
Number of updated asset objects reloaded before import = 0Number of asset objects unloaded after import = 1

========================================================================
Received Import Request.
  Time since last request: 0.378800 seconds.
  path: Assets/Dialogue/Herald/Day5/Seq 1/HeraldD5S1N 16.asset
  artifactKey: Guid(35ee5c903bd8eb4479381a1d37012843) Importer(815301076,1909f56bfc062723c751e8b465ee728b)
Start importing Assets/Dialogue/Herald/Day5/Seq 1/HeraldD5S1N 16.asset using Guid(35ee5c903bd8eb4479381a1d37012843) Importer(815301076,1909f56bfc062723c751e8b465ee728b) (PreviewImporter) -> (artifact id: '7acf4ef6d14bd9eeed157d3cc1ed83f6') in 0.001073 seconds
Number of updated asset objects reloaded before import = 0Number of asset objects unloaded after import = 1

========================================================================
Received Import Request.
  Time since last request: 0.341578 seconds.
  path: Assets/Dialogue/Herald/Day5/Seq 1/HeraldD5S1N 17.asset
  artifactKey: Guid(2b1f5c2d79de26c4da918cb69411b502) Importer(815301076,1909f56bfc062723c751e8b465ee728b)
Start importing Assets/Dialogue/Herald/Day5/Seq 1/HeraldD5S1N 17.asset using Guid(2b1f5c2d79de26c4da918cb69411b502) Importer(815301076,1909f56bfc062723c751e8b465ee728b) (PreviewImporter) -> (artifact id: 'be673d08b1e04b956c556511bce2ae57') in 0.0011804 seconds
Number of updated asset objects reloaded before import = 0Number of asset objects unloaded after import = 1

========================================================================
Received Import Request.
  Time since last request: 0.306069 seconds.
  path: Assets/Dialogue/Herald/Day5/Seq 1/HeraldD5S1N 18.asset
  artifactKey: Guid(060df376de4ee0444af0019255b355ac) Importer(815301076,1909f56bfc062723c751e8b465ee728b)
Start importing Assets/Dialogue/Herald/Day5/Seq 1/HeraldD5S1N 18.asset using Guid(060df376de4ee0444af0019255b355ac) Importer(815301076,1909f56bfc062723c751e8b465ee728b) (PreviewImporter) -> (artifact id: 'af4f7ffbe02a0981cb38798ab07bdd32') in 0.0011051 seconds
Number of updated asset objects reloaded before import = 0Number of asset objects unloaded after import = 1

========================================================================
Received Import Request.
  Time since last request: 0.348025 seconds.
  path: Assets/Dialogue/Herald/Day5/Seq 1/HeraldD5S1N 19.asset
  artifactKey: Guid(88318fb76873af64e9710df34f48a4b8) Importer(815301076,1909f56bfc062723c751e8b465ee728b)
Start importing Assets/Dialogue/Herald/Day5/Seq 1/HeraldD5S1N 19.asset using Guid(88318fb76873af64e9710df34f48a4b8) Importer(815301076,1909f56bfc062723c751e8b465ee728b) (PreviewImporter) -> (artifact id: '45ecfc650e4400a030a63c55a00666ca') in 0.0010791 seconds
Number of updated asset objects reloaded before import = 0Number of asset objects unloaded after import = 1

========================================================================
Received Import Request.
  Time since last request: 0.316175 seconds.
  path: Assets/Dialogue/Herald/Day5/Seq 1/HeraldD5S1N 20.asset
  artifactKey: Guid(fd00f4d6cb18d8943a18a786ac82585f) Importer(815301076,1909f56bfc062723c751e8b465ee728b)
Start importing Assets/Dialogue/Herald/Day5/Seq 1/HeraldD5S1N 20.asset using Guid(fd00f4d6cb18d8943a18a786ac82585f) Importer(815301076,1909f56bfc062723c751e8b465ee728b) (PreviewImporter) -> (artifact id: 'e9652350f61e2dd3325cc00c641bf659') in 0.0014627 seconds
Number of updated asset objects reloaded before import = 0Number of asset objects unloaded after import = 1

========================================================================
Received Import Request.
  Time since last request: 0.334531 seconds.
  path: Assets/Dialogue/Herald/Day5/Seq 1/HeraldD5S1N 21.asset
  artifactKey: Guid(7acd9a09b86ba254f89214d4dc4b4f92) Importer(815301076,1909f56bfc062723c751e8b465ee728b)
Start importing Assets/Dialogue/Herald/Day5/Seq 1/HeraldD5S1N 21.asset using Guid(7acd9a09b86ba254f89214d4dc4b4f92) Importer(815301076,1909f56bfc062723c751e8b465ee728b) (PreviewImporter) -> (artifact id: '4b353d9e3352d987da37ecca5b078c83') in 0.0011613 seconds
Number of updated asset objects reloaded before import = 0Number of asset objects unloaded after import = 1

========================================================================
Received Import Request.
  Time since last request: 0.307010 seconds.
  path: Assets/Dialogue/Herald/Day5/Seq 1/HeraldD5S1N 22.asset
  artifactKey: Guid(b98db7b627b6e4a4d93033e33015c6fb) Importer(815301076,1909f56bfc062723c751e8b465ee728b)
Start importing Assets/Dialogue/Herald/Day5/Seq 1/HeraldD5S1N 22.asset using Guid(b98db7b627b6e4a4d93033e33015c6fb) Importer(815301076,1909f56bfc062723c751e8b465ee728b) (PreviewImporter) -> (artifact id: 'aaef0a6b7a2175301a98e28ffe2fdfb9') in 0.0011304 seconds
Number of updated asset objects reloaded before import = 0Number of asset objects unloaded after import = 1

========================================================================
Received Import Request.
  Time since last request: 0.338274 seconds.
  path: Assets/Dialogue/Herald/Day5/Seq 1/HeraldD5S1N 23.asset
  artifactKey: Guid(1fd3b3ac2c2445845a49a65002a51483) Importer(815301076,1909f56bfc062723c751e8b465ee728b)
Start importing Assets/Dialogue/Herald/Day5/Seq 1/HeraldD5S1N 23.asset using Guid(1fd3b3ac2c2445845a49a65002a51483) Importer(815301076,1909f56bfc062723c751e8b465ee728b) (PreviewImporter) -> (artifact id: '3d700696b76fafcdd0d8dbedf2fad73a') in 0.0011115 seconds
Number of updated asset objects reloaded before import = 0Number of asset objects unloaded after import = 1

========================================================================
Received Import Request.
  Time since last request: 0.347921 seconds.
  path: Assets/Dialogue/Herald/Day5/Seq 1/HeraldD5S1N 24.asset
  artifactKey: Guid(4bb2394136e8ec64f928e2821581a5f9) Importer(815301076,1909f56bfc062723c751e8b465ee728b)
Start importing Assets/Dialogue/Herald/Day5/Seq 1/HeraldD5S1N 24.asset using Guid(4bb2394136e8ec64f928e2821581a5f9) Importer(815301076,1909f56bfc062723c751e8b465ee728b) (PreviewImporter) -> (artifact id: '7f956dc7afc243124658a8a484460aab') in 0.0012105 seconds
Number of updated asset objects reloaded before import = 0Number of asset objects unloaded after import = 1

========================================================================
Received Import Request.
  Time since last request: 0.345839 seconds.
  path: Assets/Dialogue/Herald/Day5/Seq 1/HeraldD5S1N 25.asset
  artifactKey: Guid(b83b23c45bdbe394f98d821589baefcc) Importer(815301076,1909f56bfc062723c751e8b465ee728b)
Start importing Assets/Dialogue/Herald/Day5/Seq 1/HeraldD5S1N 25.asset using Guid(b83b23c45bdbe394f98d821589baefcc) Importer(815301076,1909f56bfc062723c751e8b465ee728b) (PreviewImporter) -> (artifact id: 'dfb9e1c28f49bfa90a0396a5d1fbf492') in 0.0010746 seconds
Number of updated asset objects reloaded before import = 0Number of asset objects unloaded after import = 1

========================================================================
Received Import Request.
  Time since last request: 0.320910 seconds.
  path: Assets/Dialogue/Herald/Day5/Seq 1/HeraldD5S1N 26.asset
  artifactKey: Guid(2558ba24b7db51c4fb0c3c43cd5bbbd4) Importer(815301076,1909f56bfc062723c751e8b465ee728b)
Start importing Assets/Dialogue/Herald/Day5/Seq 1/HeraldD5S1N 26.asset using Guid(2558ba24b7db51c4fb0c3c43cd5bbbd4) Importer(815301076,1909f56bfc062723c751e8b465ee728b) (PreviewImporter) -> (artifact id: '0cc519d4542e06f2f253c427c781ba98') in 0.0011224 seconds
Number of updated asset objects reloaded before import = 0Number of asset objects unloaded after import = 1

========================================================================
Received Import Request.
  Time since last request: 0.369063 seconds.
  path: Assets/Dialogue/Herald/Day5/Seq 1/HeraldD5S1N 27.asset
  artifactKey: Guid(17993a330cc40ca429853151fead3762) Importer(815301076,1909f56bfc062723c751e8b465ee728b)
Start importing Assets/Dialogue/Herald/Day5/Seq 1/HeraldD5S1N 27.asset using Guid(17993a330cc40ca429853151fead3762) Importer(815301076,1909f56bfc062723c751e8b465ee728b) (PreviewImporter) -> (artifact id: 'd3bb42cfbc4bf35ce8a84a6172c7f25d') in 0.0010915 seconds
Number of updated asset objects reloaded before import = 0Number of asset objects unloaded after import = 1

========================================================================
Received Import Request.
  Time since last request: 0.355817 seconds.
  path: Assets/Dialogue/Herald/Day5/Seq 1/HeraldD5S1N 28.asset
  artifactKey: Guid(a44dab21791be144faf787dc2f4f16e5) Importer(815301076,1909f56bfc062723c751e8b465ee728b)
Start importing Assets/Dialogue/Herald/Day5/Seq 1/HeraldD5S1N 28.asset using Guid(a44dab21791be144faf787dc2f4f16e5) Importer(815301076,1909f56bfc062723c751e8b465ee728b) (PreviewImporter) -> (artifact id: 'c644b5a441b2cae3d1e54edf774a8071') in 0.001276 seconds
Number of updated asset objects reloaded before import = 0Number of asset objects unloaded after import = 1

========================================================================
Received Import Request.
  Time since last request: 0.353415 seconds.
  path: Assets/Dialogue/Herald/Day5/Seq 1/HeraldD5S1N 29.asset
  artifactKey: Guid(3cc5eddbba049d74399734c8701864b6) Importer(815301076,1909f56bfc062723c751e8b465ee728b)
Start importing Assets/Dialogue/Herald/Day5/Seq 1/HeraldD5S1N 29.asset using Guid(3cc5eddbba049d74399734c8701864b6) Importer(815301076,1909f56bfc062723c751e8b465ee728b) (PreviewImporter) -> (artifact id: '2dfd66ce544f8d27947ad23973781422') in 0.0011045 seconds
Number of updated asset objects reloaded before import = 0Number of asset objects unloaded after import = 1

========================================================================
Received Import Request.
  Time since last request: 0.362105 seconds.
  path: Assets/Dialogue/Herald/Day5/Seq 1/HeraldD5S1N 30.asset
  artifactKey: Guid(ee404335fd2f75b40981b4903432f229) Importer(815301076,1909f56bfc062723c751e8b465ee728b)
Start importing Assets/Dialogue/Herald/Day5/Seq 1/HeraldD5S1N 30.asset using Guid(ee404335fd2f75b40981b4903432f229) Importer(815301076,1909f56bfc062723c751e8b465ee728b) (PreviewImporter) -> (artifact id: '4237cd7ff751d24990d85755c0f35664') in 0.0010785 seconds
Number of updated asset objects reloaded before import = 0Number of asset objects unloaded after import = 1

========================================================================
Received Import Request.
  Time since last request: 0.329896 seconds.
  path: Assets/Dialogue/Herald/Day5/Seq 1/HeraldD5S1N 31.asset
  artifactKey: Guid(790ac1029a232214ca9df9b35ef45079) Importer(815301076,1909f56bfc062723c751e8b465ee728b)
Start importing Assets/Dialogue/Herald/Day5/Seq 1/HeraldD5S1N 31.asset using Guid(790ac1029a232214ca9df9b35ef45079) Importer(815301076,1909f56bfc062723c751e8b465ee728b) (PreviewImporter) -> (artifact id: '0c1f6f1c62baf567cd709f1774caad7a') in 0.0010446 seconds
Number of updated asset objects reloaded before import = 0Number of asset objects unloaded after import = 1

========================================================================
Received Import Request.
  Time since last request: 0.309934 seconds.
  path: Assets/Dialogue/Herald/Day5/Seq 1/HeraldD5S1N 32.asset
  artifactKey: Guid(738a34200acdad74fb9a033b4894d1b7) Importer(815301076,1909f56bfc062723c751e8b465ee728b)
Start importing Assets/Dialogue/Herald/Day5/Seq 1/HeraldD5S1N 32.asset using Guid(738a34200acdad74fb9a033b4894d1b7) Importer(815301076,1909f56bfc062723c751e8b465ee728b) (PreviewImporter) -> (artifact id: 'f98d8aed2e7fd6e4f3e1b537a7264c44') in 0.0010693 seconds
Number of updated asset objects reloaded before import = 0Number of asset objects unloaded after import = 1

========================================================================
Received Import Request.
  Time since last request: 0.375539 seconds.
  path: Assets/Dialogue/Herald/Day5/Seq 1/HeraldD5S1N 33.asset
  artifactKey: Guid(17678a6c749773b4daa3fecec72d7aad) Importer(815301076,1909f56bfc062723c751e8b465ee728b)
Start importing Assets/Dialogue/Herald/Day5/Seq 1/HeraldD5S1N 33.asset using Guid(17678a6c749773b4daa3fecec72d7aad) Importer(815301076,1909f56bfc062723c751e8b465ee728b) (PreviewImporter) -> (artifact id: '014a5875b545e770d0f64343869b3666') in 0.0010709 seconds
Number of updated asset objects reloaded before import = 0Number of asset objects unloaded after import = 1

========================================================================
Received Import Request.
  Time since last request: 0.320307 seconds.
  path: Assets/Dialogue/Herald/Day5/Seq 1/HeraldD5S1N 34.asset
  artifactKey: Guid(b80086a76918ade45a7bc837cdd3c02d) Importer(815301076,1909f56bfc062723c751e8b465ee728b)
Start importing Assets/Dialogue/Herald/Day5/Seq 1/HeraldD5S1N 34.asset using Guid(b80086a76918ade45a7bc837cdd3c02d) Importer(815301076,1909f56bfc062723c751e8b465ee728b) (PreviewImporter) -> (artifact id: 'cab197005c3d9ca29c62617162c6a69a') in 0.0012819 seconds
Number of updated asset objects reloaded before import = 0Number of asset objects unloaded after import = 1

========================================================================
Received Import Request.
  Time since last request: 0.273753 seconds.
  path: Assets/Dialogue/Herald/Day5/Seq 1/HeraldD5S1N 35.asset
  artifactKey: Guid(8826a0f6856b37346ab6f4d309adee41) Importer(815301076,1909f56bfc062723c751e8b465ee728b)
Start importing Assets/Dialogue/Herald/Day5/Seq 1/HeraldD5S1N 35.asset using Guid(8826a0f6856b37346ab6f4d309adee41) Importer(815301076,1909f56bfc062723c751e8b465ee728b) (PreviewImporter) -> (artifact id: '87183adec7177c77670b71df960c574c') in 0.0012592 seconds
Number of updated asset objects reloaded before import = 0Number of asset objects unloaded after import = 1

========================================================================
Received Import Request.
  Time since last request: 0.265485 seconds.
  path: Assets/Dialogue/Herald/Day5/Seq 1/HeraldD5S1N 36.asset
  artifactKey: Guid(946f1b2cfb062744387c8705d6af5267) Importer(815301076,1909f56bfc062723c751e8b465ee728b)
Start importing Assets/Dialogue/Herald/Day5/Seq 1/HeraldD5S1N 36.asset using Guid(946f1b2cfb062744387c8705d6af5267) Importer(815301076,1909f56bfc062723c751e8b465ee728b) (PreviewImporter) -> (artifact id: 'd01479de96bf252723f02ee13135c903') in 0.0011225 seconds
Number of updated asset objects reloaded before import = 0Number of asset objects unloaded after import = 1

========================================================================
Received Import Request.
  Time since last request: 0.290336 seconds.
  path: Assets/Dialogue/Herald/Day5/Seq 1/HeraldD5S1N 37.asset
  artifactKey: Guid(dc778031169aa0c44b996cffef1c8415) Importer(815301076,1909f56bfc062723c751e8b465ee728b)
Start importing Assets/Dialogue/Herald/Day5/Seq 1/HeraldD5S1N 37.asset using Guid(dc778031169aa0c44b996cffef1c8415) Importer(815301076,1909f56bfc062723c751e8b465ee728b) (PreviewImporter) -> (artifact id: 'a10691d1695d2e3dc0edf47bd12ebdf2') in 0.0010545 seconds
Number of updated asset objects reloaded before import = 0Number of asset objects unloaded after import = 1

========================================================================
Received Import Request.
  Time since last request: 0.377494 seconds.
  path: Assets/Dialogue/Herald/Day5/Seq 1/HeraldD5S1N 38.asset
  artifactKey: Guid(f92d820376033d8408a6b9e118907588) Importer(815301076,1909f56bfc062723c751e8b465ee728b)
Start importing Assets/Dialogue/Herald/Day5/Seq 1/HeraldD5S1N 38.asset using Guid(f92d820376033d8408a6b9e118907588) Importer(815301076,1909f56bfc062723c751e8b465ee728b) (PreviewImporter) -> (artifact id: '31f7c5ed51ce7a25e985412cd4494435') in 0.0010726 seconds
Number of updated asset objects reloaded before import = 0Number of asset objects unloaded after import = 1

========================================================================
Received Import Request.
  Time since last request: 0.047107 seconds.
  path: Assets/Dialogue/Herald/Day5/Seq 1/HeraldD5S1N 39.asset
  artifactKey: Guid(7d9a50f94d0cf484794e3352a762912a) Importer(815301076,1909f56bfc062723c751e8b465ee728b)
Start importing Assets/Dialogue/Herald/Day5/Seq 1/HeraldD5S1N 39.asset using Guid(7d9a50f94d0cf484794e3352a762912a) Importer(815301076,1909f56bfc062723c751e8b465ee728b) (PreviewImporter) -> (artifact id: 'a0d9245564e1c09c3c465530a306056e') in 0.0011003 seconds
Number of updated asset objects reloaded before import = 0Number of asset objects unloaded after import = 1

========================================================================
Received Import Request.
  Time since last request: 0.231003 seconds.
  path: Assets/Dialogue/Herald/Day5/Seq 1/HeraldD5S1N 40.asset
  artifactKey: Guid(13f834f5157be9a4386ce6de9917430a) Importer(815301076,1909f56bfc062723c751e8b465ee728b)
Start importing Assets/Dialogue/Herald/Day5/Seq 1/HeraldD5S1N 40.asset using Guid(13f834f5157be9a4386ce6de9917430a) Importer(815301076,1909f56bfc062723c751e8b465ee728b) (PreviewImporter) -> (artifact id: '330491083e0fae40b2e47c635538e5ab') in 0.0010665 seconds
Number of updated asset objects reloaded before import = 0Number of asset objects unloaded after import = 1

========================================================================
Received Import Request.
  Time since last request: 0.189041 seconds.
  path: Assets/Dialogue/Herald/Day5/Seq 1/HeraldD5S1N 41.asset
  artifactKey: Guid(e23e7d45676ad1440867c74d4f1c59d4) Importer(815301076,1909f56bfc062723c751e8b465ee728b)
Start importing Assets/Dialogue/Herald/Day5/Seq 1/HeraldD5S1N 41.asset using Guid(e23e7d45676ad1440867c74d4f1c59d4) Importer(815301076,1909f56bfc062723c751e8b465ee728b) (PreviewImporter) -> (artifact id: '1f31a0a26a590fc44fa7ce783b340880') in 0.0010928 seconds
Number of updated asset objects reloaded before import = 0Number of asset objects unloaded after import = 1

========================================================================
Received Import Request.
  Time since last request: 0.130810 seconds.
  path: Assets/Dialogue/Herald/Day5/Seq 1/HeraldD5S1N 42.asset
  artifactKey: Guid(83cf21f48e7ca3648af35b00a03a55a8) Importer(815301076,1909f56bfc062723c751e8b465ee728b)
Start importing Assets/Dialogue/Herald/Day5/Seq 1/HeraldD5S1N 42.asset using Guid(83cf21f48e7ca3648af35b00a03a55a8) Importer(815301076,1909f56bfc062723c751e8b465ee728b) (PreviewImporter) -> (artifact id: 'e849d5cf552294c410a759341e998db6') in 0.0013928 seconds
Number of updated asset objects reloaded before import = 0Number of asset objects unloaded after import = 1

========================================================================
Received Import Request.
  Time since last request: 0.163411 seconds.
  path: Assets/Dialogue/Herald/Day5/Seq 1/HeraldD5S1N 43.asset
  artifactKey: Guid(e28fff0b2665c95439273ae4a4e05b72) Importer(815301076,1909f56bfc062723c751e8b465ee728b)
Start importing Assets/Dialogue/Herald/Day5/Seq 1/HeraldD5S1N 43.asset using Guid(e28fff0b2665c95439273ae4a4e05b72) Importer(815301076,1909f56bfc062723c751e8b465ee728b) (PreviewImporter) -> (artifact id: 'b7e51bb222542cba7a78e7b621e6c23f') in 0.0011448 seconds
Number of updated asset objects reloaded before import = 0Number of asset objects unloaded after import = 1

========================================================================
Received Import Request.
  Time since last request: 0.136839 seconds.
  path: Assets/Dialogue/Herald/Day5/Seq 1/HeraldD5S1N 44.asset
  artifactKey: Guid(51af4bdbda6579c4a90d756368b5f478) Importer(815301076,1909f56bfc062723c751e8b465ee728b)
Start importing Assets/Dialogue/Herald/Day5/Seq 1/HeraldD5S1N 44.asset using Guid(51af4bdbda6579c4a90d756368b5f478) Importer(815301076,1909f56bfc062723c751e8b465ee728b) (PreviewImporter) -> (artifact id: '16b96d1a5ab8492fec0368926f0f4a6c') in 0.0011651 seconds
Number of updated asset objects reloaded before import = 0Number of asset objects unloaded after import = 1

========================================================================
Received Import Request.
  Time since last request: 0.122749 seconds.
  path: Assets/Dialogue/Herald/Day5/Seq 1/HeraldD5S1N 45.asset
  artifactKey: Guid(bb24a44866817f047ab86f0d4a0acf49) Importer(815301076,1909f56bfc062723c751e8b465ee728b)
Start importing Assets/Dialogue/Herald/Day5/Seq 1/HeraldD5S1N 45.asset using Guid(bb24a44866817f047ab86f0d4a0acf49) Importer(815301076,1909f56bfc062723c751e8b465ee728b) (PreviewImporter) -> (artifact id: '417910a42c74efae351680b5ccd9b923') in 0.0011232 seconds
Number of updated asset objects reloaded before import = 0Number of asset objects unloaded after import = 1

========================================================================
Received Import Request.
  Time since last request: 0.124171 seconds.
  path: Assets/Dialogue/Herald/Day5/Seq 1/HeraldD5S1N 46.asset
  artifactKey: Guid(9db1336f8aee75f498e021f08563e7d3) Importer(815301076,1909f56bfc062723c751e8b465ee728b)
Start importing Assets/Dialogue/Herald/Day5/Seq 1/HeraldD5S1N 46.asset using Guid(9db1336f8aee75f498e021f08563e7d3) Importer(815301076,1909f56bfc062723c751e8b465ee728b) (PreviewImporter) -> (artifact id: '4407d7594af6507c7cacbe3a27404a25') in 0.0010944 seconds
Number of updated asset objects reloaded before import = 0Number of asset objects unloaded after import = 1

========================================================================
Received Import Request.
  Time since last request: 0.132222 seconds.
  path: Assets/Dialogue/Herald/Day5/Seq 1/HeraldD5S1N 47.asset
  artifactKey: Guid(81464185d6ed25845bbc9e968a9c6a63) Importer(815301076,1909f56bfc062723c751e8b465ee728b)
Start importing Assets/Dialogue/Herald/Day5/Seq 1/HeraldD5S1N 47.asset using Guid(81464185d6ed25845bbc9e968a9c6a63) Importer(815301076,1909f56bfc062723c751e8b465ee728b) (PreviewImporter) -> (artifact id: 'a93f9b284e9528096b66c28b8c4b11c4') in 0.0010643 seconds
Number of updated asset objects reloaded before import = 0Number of asset objects unloaded after import = 1

========================================================================
Received Import Request.
  Time since last request: 0.124410 seconds.
  path: Assets/Dialogue/Herald/Day5/Seq 1/HeraldD5S1N 48.asset
  artifactKey: Guid(52aedffa9e504e943943fa8acebb2c05) Importer(815301076,1909f56bfc062723c751e8b465ee728b)
Start importing Assets/Dialogue/Herald/Day5/Seq 1/HeraldD5S1N 48.asset using Guid(52aedffa9e504e943943fa8acebb2c05) Importer(815301076,1909f56bfc062723c751e8b465ee728b) (PreviewImporter) -> (artifact id: 'e97c8e4a54e0e40e6941032e9e633cfb') in 0.0010647 seconds
Number of updated asset objects reloaded before import = 0Number of asset objects unloaded after import = 1

========================================================================
Received Import Request.
  Time since last request: 0.119767 seconds.
  path: Assets/Dialogue/Herald/Day5/Seq 1/HeraldD5S1N 49.asset
  artifactKey: Guid(f3b2fd6ac54bf75488f719354b96e74d) Importer(815301076,1909f56bfc062723c751e8b465ee728b)
Start importing Assets/Dialogue/Herald/Day5/Seq 1/HeraldD5S1N 49.asset using Guid(f3b2fd6ac54bf75488f719354b96e74d) Importer(815301076,1909f56bfc062723c751e8b465ee728b) (PreviewImporter) -> (artifact id: '101540101e56d40707dd663981a596a4') in 0.0011337 seconds
Number of updated asset objects reloaded before import = 0Number of asset objects unloaded after import = 1

========================================================================
Received Import Request.
  Time since last request: 0.156471 seconds.
  path: Assets/Dialogue/Herald/Day5/Seq 1/HeraldD5S1N 50.asset
  artifactKey: Guid(e85558c0ffeccd04f8ad47db6c25c8db) Importer(815301076,1909f56bfc062723c751e8b465ee728b)
Start importing Assets/Dialogue/Herald/Day5/Seq 1/HeraldD5S1N 50.asset using Guid(e85558c0ffeccd04f8ad47db6c25c8db) Importer(815301076,1909f56bfc062723c751e8b465ee728b) (PreviewImporter) -> (artifact id: 'b461d77596137efdb04de01431f125d9') in 0.0010783 seconds
Number of updated asset objects reloaded before import = 0Number of asset objects unloaded after import = 1

========================================================================
Received Import Request.
  Time since last request: 0.181348 seconds.
  path: Assets/Dialogue/Herald/Day5/Seq 1/HeraldD5S1N 51.asset
  artifactKey: Guid(d2afb1ffb9dcb614bbb273d125347369) Importer(815301076,1909f56bfc062723c751e8b465ee728b)
Start importing Assets/Dialogue/Herald/Day5/Seq 1/HeraldD5S1N 51.asset using Guid(d2afb1ffb9dcb614bbb273d125347369) Importer(815301076,1909f56bfc062723c751e8b465ee728b) (PreviewImporter) -> (artifact id: '74f95df95631f7f7734ac0ddfc864781') in 0.0010579 seconds
Number of updated asset objects reloaded before import = 0Number of asset objects unloaded after import = 1

========================================================================
Received Import Request.
  Time since last request: 0.144829 seconds.
  path: Assets/Dialogue/Herald/Day5/Seq 1/HeraldD5S1N 52.asset
  artifactKey: Guid(7d3a76f79e0fc8a4fbc30d7e1d00bcfd) Importer(815301076,1909f56bfc062723c751e8b465ee728b)
Start importing Assets/Dialogue/Herald/Day5/Seq 1/HeraldD5S1N 52.asset using Guid(7d3a76f79e0fc8a4fbc30d7e1d00bcfd) Importer(815301076,1909f56bfc062723c751e8b465ee728b) (PreviewImporter) -> (artifact id: 'ab7289532836a1b37f094caa015bfd65') in 0.0011927 seconds
Number of updated asset objects reloaded before import = 0Number of asset objects unloaded after import = 1

========================================================================
Received Import Request.
  Time since last request: 0.164080 seconds.
  path: Assets/Dialogue/Herald/Day5/Seq 1/HeraldD5S1N 53.asset
  artifactKey: Guid(ef84b8681a40cba40ac77deeda74eefa) Importer(815301076,1909f56bfc062723c751e8b465ee728b)
Start importing Assets/Dialogue/Herald/Day5/Seq 1/HeraldD5S1N 53.asset using Guid(ef84b8681a40cba40ac77deeda74eefa) Importer(815301076,1909f56bfc062723c751e8b465ee728b) (PreviewImporter) -> (artifact id: '800869b586eb02589d7ccf1ce7029d15') in 0.001071 seconds
Number of updated asset objects reloaded before import = 0Number of asset objects unloaded after import = 1

========================================================================
Received Import Request.
  Time since last request: 0.823627 seconds.
  path: Assets/Dialogue/Herald/Day5/Seq 1/HeraldD5S1N 54.asset
  artifactKey: Guid(8db5531dc84ab93439530c7f8ca19634) Importer(815301076,1909f56bfc062723c751e8b465ee728b)
Start importing Assets/Dialogue/Herald/Day5/Seq 1/HeraldD5S1N 54.asset using Guid(8db5531dc84ab93439530c7f8ca19634) Importer(815301076,1909f56bfc062723c751e8b465ee728b) (PreviewImporter) -> (artifact id: 'd92544cd2640ddf569d8376e1dcbc0c6') in 0.0013068 seconds
Number of updated asset objects reloaded before import = 0Number of asset objects unloaded after import = 1

========================================================================
Received Import Request.
  Time since last request: 0.436454 seconds.
  path: Assets/Dialogue/Herald/Day5/Seq 1/HeraldD5S1N 55.asset
  artifactKey: Guid(593ad478b2ac0fd40865dd9eeedb3240) Importer(815301076,1909f56bfc062723c751e8b465ee728b)
Start importing Assets/Dialogue/Herald/Day5/Seq 1/HeraldD5S1N 55.asset using Guid(593ad478b2ac0fd40865dd9eeedb3240) Importer(815301076,1909f56bfc062723c751e8b465ee728b) (PreviewImporter) -> (artifact id: 'be9717296853c5625ef4ea1122bcd8f6') in 0.0010629 seconds
Number of updated asset objects reloaded before import = 0Number of asset objects unloaded after import = 1

========================================================================
Received Import Request.
  Time since last request: 0.909379 seconds.
  path: Assets/Dialogue/Kev/Day5/Seq 1/KevD5S1N 2.asset
  artifactKey: Guid(698808ae4ae1f26409a84c2bc53ea4ac) Importer(2089858483,b0f066a214c2f5e87bad3c948f4d605d)
Start importing Assets/Dialogue/Kev/Day5/Seq 1/KevD5S1N 2.asset using Guid(698808ae4ae1f26409a84c2bc53ea4ac) Importer(2089858483,b0f066a214c2f5e87bad3c948f4d605d) (ScriptedImporter) -> (artifact id: 'c55f5751c6a37a45db5aab2f626ab496') in 0.0192031 seconds
Number of updated asset objects reloaded before import = 0Number of asset objects unloaded after import = 1

========================================================================
Received Import Request.
  Time since last request: 0.000018 seconds.
  path: Assets/Dialogue/Herald/Day5/Seq 1/HeraldD5S1N 8.asset
  artifactKey: Guid(99e4b4bc0c5d63e43b3f594ef0251e92) Importer(2089858483,b0f066a214c2f5e87bad3c948f4d605d)
Start importing Assets/Dialogue/Herald/Day5/Seq 1/HeraldD5S1N 8.asset using Guid(99e4b4bc0c5d63e43b3f594ef0251e92) Importer(2089858483,b0f066a214c2f5e87bad3c948f4d605d) (ScriptedImporter) -> (artifact id: '2fb79e7d233bd5b6f4eef55bb04e61bb') in 0.0154564 seconds
Number of updated asset objects reloaded before import = 0Number of asset objects unloaded after import = 1

========================================================================
Received Import Request.
  Time since last request: 0.000034 seconds.
  path: Assets/Dialogue/Herald/Day5/Seq 1/HeraldD5S1N 36.asset
  artifactKey: Guid(946f1b2cfb062744387c8705d6af5267) Importer(2089858483,b0f066a214c2f5e87bad3c948f4d605d)
Start importing Assets/Dialogue/Herald/Day5/Seq 1/HeraldD5S1N 36.asset using Guid(946f1b2cfb062744387c8705d6af5267) Importer(2089858483,b0f066a214c2f5e87bad3c948f4d605d) (ScriptedImporter) -> (artifact id: 'ce5145485719f7b1b1f5ed50de76e2c9') in 0.0181175 seconds
Number of updated asset objects reloaded before import = 0Number of asset objects unloaded after import = 1

========================================================================
Received Import Request.
  Time since last request: 0.000023 seconds.
  path: Assets/Dialogue/Herald/Day5/Seq 1/HeraldD5S1N 4.asset
  artifactKey: Guid(4029a7d60c43cd94ba3dd7f8c68353ca) Importer(2089858483,b0f066a214c2f5e87bad3c948f4d605d)
Start importing Assets/Dialogue/Herald/Day5/Seq 1/HeraldD5S1N 4.asset using Guid(4029a7d60c43cd94ba3dd7f8c68353ca) Importer(2089858483,b0f066a214c2f5e87bad3c948f4d605d) (ScriptedImporter) -> (artifact id: 'aad7fb047781a9f3ca1487fe20f59b18') in 0.0140424 seconds
Number of updated asset objects reloaded before import = 0Number of asset objects unloaded after import = 1

========================================================================
Received Import Request.
  Time since last request: 0.000023 seconds.
  path: Assets/Dialogue/Herald/Day5/Seq 1/HeraldD5S1N 34.asset
  artifactKey: Guid(b80086a76918ade45a7bc837cdd3c02d) Importer(2089858483,b0f066a214c2f5e87bad3c948f4d605d)
Start importing Assets/Dialogue/Herald/Day5/Seq 1/HeraldD5S1N 34.asset using Guid(b80086a76918ade45a7bc837cdd3c02d) Importer(2089858483,b0f066a214c2f5e87bad3c948f4d605d) (ScriptedImporter) -> (artifact id: '70b3f82e6c3b7f6f1c57004389642a9c') in 0.0165557 seconds
Number of updated asset objects reloaded before import = 0Number of asset objects unloaded after import = 1

========================================================================
Received Import Request.
  Time since last request: 0.000033 seconds.
  path: Assets/Dialogue/Herald/Day5/Seq 1/HeraldD5S1N 35.asset
  artifactKey: Guid(8826a0f6856b37346ab6f4d309adee41) Importer(2089858483,b0f066a214c2f5e87bad3c948f4d605d)
Start importing Assets/Dialogue/Herald/Day5/Seq 1/HeraldD5S1N 35.asset using Guid(8826a0f6856b37346ab6f4d309adee41) Importer(2089858483,b0f066a214c2f5e87bad3c948f4d605d) (ScriptedImporter) -> (artifact id: 'fec1963f559dd099a486f52dd8684041') in 0.0180029 seconds
Number of updated asset objects reloaded before import = 0Number of asset objects unloaded after import = 1

========================================================================
Received Import Request.
  Time since last request: 0.000032 seconds.
  path: Assets/Dialogue/Herald/Day5/Seq 1/HeraldD5S1N 12.asset
  artifactKey: Guid(c14ee4f92a798944f8e04e2707419e84) Importer(2089858483,b0f066a214c2f5e87bad3c948f4d605d)
Start importing Assets/Dialogue/Herald/Day5/Seq 1/HeraldD5S1N 12.asset using Guid(c14ee4f92a798944f8e04e2707419e84) Importer(2089858483,b0f066a214c2f5e87bad3c948f4d605d) (ScriptedImporter) -> (artifact id: '023c0f19b326617c85f483859ac9e4c2') in 0.0143653 seconds
Number of updated asset objects reloaded before import = 0Number of asset objects unloaded after import = 1

========================================================================
Received Import Request.
  Time since last request: 0.000020 seconds.
  path: Assets/Dialogue/Herald/Day5/Seq 1/HeraldD5S1N 19.asset
  artifactKey: Guid(88318fb76873af64e9710df34f48a4b8) Importer(2089858483,b0f066a214c2f5e87bad3c948f4d605d)
Start importing Assets/Dialogue/Herald/Day5/Seq 1/HeraldD5S1N 19.asset using Guid(88318fb76873af64e9710df34f48a4b8) Importer(2089858483,b0f066a214c2f5e87bad3c948f4d605d) (ScriptedImporter) -> (artifact id: '2a6eb48e2db501249152ac403cbb6c46') in 0.0169499 seconds
Number of updated asset objects reloaded before import = 0Number of asset objects unloaded after import = 1

========================================================================
Received Import Request.
  Time since last request: 0.000018 seconds.
  path: Assets/Dialogue/Herald/Day5/Seq 1/HeraldD5S1N 15.asset
  artifactKey: Guid(1f611479844ffe942be3f7b1aa59aa33) Importer(2089858483,b0f066a214c2f5e87bad3c948f4d605d)
Start importing Assets/Dialogue/Herald/Day5/Seq 1/HeraldD5S1N 15.asset using Guid(1f611479844ffe942be3f7b1aa59aa33) Importer(2089858483,b0f066a214c2f5e87bad3c948f4d605d) (ScriptedImporter) -> (artifact id: '8903dda5ecbce492ed69dfff5f5eb87e') in 0.014826 seconds
Number of updated asset objects reloaded before import = 0Number of asset objects unloaded after import = 1

========================================================================
Received Import Request.
  Time since last request: 0.000019 seconds.
  path: Assets/Dialogue/Herald/Day5/Seq 1/HeraldD5S1N 53.asset
  artifactKey: Guid(ef84b8681a40cba40ac77deeda74eefa) Importer(2089858483,b0f066a214c2f5e87bad3c948f4d605d)
Start importing Assets/Dialogue/Herald/Day5/Seq 1/HeraldD5S1N 53.asset using Guid(ef84b8681a40cba40ac77deeda74eefa) Importer(2089858483,b0f066a214c2f5e87bad3c948f4d605d) (ScriptedImporter) -> (artifact id: 'c7626097d0b65eacd050d8888400c69b') in 0.0179869 seconds
Number of updated asset objects reloaded before import = 0Number of asset objects unloaded after import = 1

========================================================================
Received Import Request.
  Time since last request: 0.000040 seconds.
  path: Assets/Dialogue/Herald/Day5/Seq 1/HeraldD5S1N 17.asset
  artifactKey: Guid(2b1f5c2d79de26c4da918cb69411b502) Importer(2089858483,b0f066a214c2f5e87bad3c948f4d605d)
Start importing Assets/Dialogue/Herald/Day5/Seq 1/HeraldD5S1N 17.asset using Guid(2b1f5c2d79de26c4da918cb69411b502) Importer(2089858483,b0f066a214c2f5e87bad3c948f4d605d) (ScriptedImporter) -> (artifact id: '5efc6831ba12daeb7c6c59c9e2053a4a') in 0.0181834 seconds
Number of updated asset objects reloaded before import = 0Number of asset objects unloaded after import = 1

========================================================================
Received Import Request.
  Time since last request: 0.000029 seconds.
  path: Assets/Dialogue/Herald/Day5/Seq 1/HeraldD5S1N 24.asset
  artifactKey: Guid(4bb2394136e8ec64f928e2821581a5f9) Importer(2089858483,b0f066a214c2f5e87bad3c948f4d605d)
Start importing Assets/Dialogue/Herald/Day5/Seq 1/HeraldD5S1N 24.asset using Guid(4bb2394136e8ec64f928e2821581a5f9) Importer(2089858483,b0f066a214c2f5e87bad3c948f4d605d) (ScriptedImporter) -> (artifact id: 'c21009c842b55718d117155dcc8209da') in 0.0227011 seconds
Number of updated asset objects reloaded before import = 0Number of asset objects unloaded after import = 1

========================================================================
Received Import Request.
  Time since last request: 0.000022 seconds.
  path: Assets/Dialogue/Herald/Day5/Seq 1/HeraldD5S1N 9.asset
  artifactKey: Guid(ac7f0eefdb482234eb19390eb55b5ad9) Importer(2089858483,b0f066a214c2f5e87bad3c948f4d605d)
Start importing Assets/Dialogue/Herald/Day5/Seq 1/HeraldD5S1N 9.asset using Guid(ac7f0eefdb482234eb19390eb55b5ad9) Importer(2089858483,b0f066a214c2f5e87bad3c948f4d605d) (ScriptedImporter) -> (artifact id: '5d235471e8aec54ea5bd0e4ba11034b4') in 0.0185487 seconds
Number of updated asset objects reloaded before import = 0Number of asset objects unloaded after import = 1

========================================================================
Received Import Request.
  Time since last request: 0.000023 seconds.
  path: Assets/Dialogue/Herald/Day5/Seq 1/HeraldD5S1N 29.asset
  artifactKey: Guid(3cc5eddbba049d74399734c8701864b6) Importer(2089858483,b0f066a214c2f5e87bad3c948f4d605d)
Start importing Assets/Dialogue/Herald/Day5/Seq 1/HeraldD5S1N 29.asset using Guid(3cc5eddbba049d74399734c8701864b6) Importer(2089858483,b0f066a214c2f5e87bad3c948f4d605d) (ScriptedImporter) -> (artifact id: '2247a92e2d0a3b2f591e0d0c2c19e2cc') in 0.0166746 seconds
Number of updated asset objects reloaded before import = 0Number of asset objects unloaded after import = 1

========================================================================
Received Import Request.
  Time since last request: 0.000030 seconds.
  path: Assets/Dialogue/Herald/Day5/Seq 1/HeraldD5S1N 25.asset
  artifactKey: Guid(b83b23c45bdbe394f98d821589baefcc) Importer(2089858483,b0f066a214c2f5e87bad3c948f4d605d)
Start importing Assets/Dialogue/Herald/Day5/Seq 1/HeraldD5S1N 25.asset using Guid(b83b23c45bdbe394f98d821589baefcc) Importer(2089858483,b0f066a214c2f5e87bad3c948f4d605d) (ScriptedImporter) -> (artifact id: 'e9d61d193c5095b4fece55c45898c7af') in 0.0186883 seconds
Number of updated asset objects reloaded before import = 0Number of asset objects unloaded after import = 1

========================================================================
Received Import Request.
  Time since last request: 0.000032 seconds.
  path: Assets/Dialogue/Herald/Day5/Seq 1/HeraldD5S1N 14.asset
  artifactKey: Guid(0d03e204248f65641a20f9bb1f7ad2c7) Importer(2089858483,b0f066a214c2f5e87bad3c948f4d605d)
Start importing Assets/Dialogue/Herald/Day5/Seq 1/HeraldD5S1N 14.asset using Guid(0d03e204248f65641a20f9bb1f7ad2c7) Importer(2089858483,b0f066a214c2f5e87bad3c948f4d605d) (ScriptedImporter) -> (artifact id: '285479f1f6a3bfb5f045ef09da4a6ab9') in 0.0194684 seconds
Number of updated asset objects reloaded before import = 0Number of asset objects unloaded after import = 1

========================================================================
Received Import Request.
  Time since last request: 0.000018 seconds.
  path: Assets/Dialogue/Herald/Day5/Seq 1/HeraldD5S1N 51.asset
  artifactKey: Guid(d2afb1ffb9dcb614bbb273d125347369) Importer(2089858483,b0f066a214c2f5e87bad3c948f4d605d)
Start importing Assets/Dialogue/Herald/Day5/Seq 1/HeraldD5S1N 51.asset using Guid(d2afb1ffb9dcb614bbb273d125347369) Importer(2089858483,b0f066a214c2f5e87bad3c948f4d605d) (ScriptedImporter) -> (artifact id: '0dda9b0b42f78c78d2fe1ac8b4bfdea3') in 0.0162458 seconds
Number of updated asset objects reloaded before import = 0Number of asset objects unloaded after import = 1

========================================================================
Received Import Request.
  Time since last request: 0.000018 seconds.
  path: Assets/Dialogue/Herald/Day5/Seq 1/HeraldD5S1N 13.asset
  artifactKey: Guid(34c7d67119fc3cd4d96e422a5178817e) Importer(2089858483,b0f066a214c2f5e87bad3c948f4d605d)
Start importing Assets/Dialogue/Herald/Day5/Seq 1/HeraldD5S1N 13.asset using Guid(34c7d67119fc3cd4d96e422a5178817e) Importer(2089858483,b0f066a214c2f5e87bad3c948f4d605d) (ScriptedImporter) -> (artifact id: '496608d6fff8bf896caf9e7ad1b6aed8') in 0.0193814 seconds
Number of updated asset objects reloaded before import = 0Number of asset objects unloaded after import = 1

========================================================================
Received Import Request.
  Time since last request: 0.000020 seconds.
  path: Assets/Dialogue/Herald/Day5/Seq 1/HeraldD5S1N 3.asset
  artifactKey: Guid(124d52fe8bc857b41bd7564afd4ea681) Importer(2089858483,b0f066a214c2f5e87bad3c948f4d605d)
Start importing Assets/Dialogue/Herald/Day5/Seq 1/HeraldD5S1N 3.asset using Guid(124d52fe8bc857b41bd7564afd4ea681) Importer(2089858483,b0f066a214c2f5e87bad3c948f4d605d) (ScriptedImporter) -> (artifact id: 'aa730a01d9f7de2aaa2e05f21989d73c') in 0.0165421 seconds
Number of updated asset objects reloaded before import = 0Number of asset objects unloaded after import = 1

========================================================================
Received Import Request.
  Time since last request: 0.000025 seconds.
  path: Assets/Dialogue/Herald/Day5/Seq 1/HeraldD5S1N 50.asset
  artifactKey: Guid(e85558c0ffeccd04f8ad47db6c25c8db) Importer(2089858483,b0f066a214c2f5e87bad3c948f4d605d)
Start importing Assets/Dialogue/Herald/Day5/Seq 1/HeraldD5S1N 50.asset using Guid(e85558c0ffeccd04f8ad47db6c25c8db) Importer(2089858483,b0f066a214c2f5e87bad3c948f4d605d) (ScriptedImporter) -> (artifact id: 'b1e3f3c2479b7b7e321a62e629119823') in 0.0180863 seconds
Number of updated asset objects reloaded before import = 0Number of asset objects unloaded after import = 1

========================================================================
Received Import Request.
  Time since last request: 0.000032 seconds.
  path: Assets/Dialogue/Herald/Day5/Seq 1/HeraldD5S1N 30.asset
  artifactKey: Guid(ee404335fd2f75b40981b4903432f229) Importer(2089858483,b0f066a214c2f5e87bad3c948f4d605d)
Start importing Assets/Dialogue/Herald/Day5/Seq 1/HeraldD5S1N 30.asset using Guid(ee404335fd2f75b40981b4903432f229) Importer(2089858483,b0f066a214c2f5e87bad3c948f4d605d) (ScriptedImporter) -> (artifact id: 'dc90e8d37301ad66a8d595bbc4f48dcf') in 0.0172818 seconds
Number of updated asset objects reloaded before import = 0Number of asset objects unloaded after import = 1

========================================================================
Received Import Request.
  Time since last request: 0.000018 seconds.
  path: Assets/Dialogue/Herald/Day5/Seq 1/HeraldD5S1N 6.asset
  artifactKey: Guid(c8bc4f992e13fe744a3a38e1c34e0a51) Importer(2089858483,b0f066a214c2f5e87bad3c948f4d605d)
Start importing Assets/Dialogue/Herald/Day5/Seq 1/HeraldD5S1N 6.asset using Guid(c8bc4f992e13fe744a3a38e1c34e0a51) Importer(2089858483,b0f066a214c2f5e87bad3c948f4d605d) (ScriptedImporter) -> (artifact id: '759dd452a95ec62f041457c12aef634c') in 0.0146788 seconds
Number of updated asset objects reloaded before import = 0Number of asset objects unloaded after import = 1

========================================================================
Received Import Request.
  Time since last request: 0.000018 seconds.
  path: Assets/Dialogue/Herald/Day5/Seq 1/HeraldD5S1N 40.asset
  artifactKey: Guid(13f834f5157be9a4386ce6de9917430a) Importer(2089858483,b0f066a214c2f5e87bad3c948f4d605d)
Start importing Assets/Dialogue/Herald/Day5/Seq 1/HeraldD5S1N 40.asset using Guid(13f834f5157be9a4386ce6de9917430a) Importer(2089858483,b0f066a214c2f5e87bad3c948f4d605d) (ScriptedImporter) -> (artifact id: '9a7329d6492439b7ecaf8eb057162d37') in 0.0143688 seconds
Number of updated asset objects reloaded before import = 0Number of asset objects unloaded after import = 1

========================================================================
Received Import Request.
  Time since last request: 0.000020 seconds.
  path: Assets/Dialogue/Herald/Day5/Seq 1/HeraldD5S1N 32.asset
  artifactKey: Guid(738a34200acdad74fb9a033b4894d1b7) Importer(2089858483,b0f066a214c2f5e87bad3c948f4d605d)
Start importing Assets/Dialogue/Herald/Day5/Seq 1/HeraldD5S1N 32.asset using Guid(738a34200acdad74fb9a033b4894d1b7) Importer(2089858483,b0f066a214c2f5e87bad3c948f4d605d) (ScriptedImporter) -> (artifact id: '22cdd9076b2b051282fe8616ff2cc5e0') in 0.0128546 seconds
Number of updated asset objects reloaded before import = 0Number of asset objects unloaded after import = 1

========================================================================
Received Import Request.
  Time since last request: 0.000023 seconds.
  path: Assets/Dialogue/Herald/Day5/Seq 1/HeraldD5S1N 26.asset
  artifactKey: Guid(2558ba24b7db51c4fb0c3c43cd5bbbd4) Importer(2089858483,b0f066a214c2f5e87bad3c948f4d605d)
Start importing Assets/Dialogue/Herald/Day5/Seq 1/HeraldD5S1N 26.asset using Guid(2558ba24b7db51c4fb0c3c43cd5bbbd4) Importer(2089858483,b0f066a214c2f5e87bad3c948f4d605d) (ScriptedImporter) -> (artifact id: '1eacd88749edab197a36a883d053d337') in 0.0149973 seconds
Number of updated asset objects reloaded before import = 0Number of asset objects unloaded after import = 1

========================================================================
Received Import Request.
  Time since last request: 0.000028 seconds.
  path: Assets/Dialogue/Herald/Day5/Seq 1/HeraldD5S1N 16.asset
  artifactKey: Guid(35ee5c903bd8eb4479381a1d37012843) Importer(2089858483,b0f066a214c2f5e87bad3c948f4d605d)
Start importing Assets/Dialogue/Herald/Day5/Seq 1/HeraldD5S1N 16.asset using Guid(35ee5c903bd8eb4479381a1d37012843) Importer(2089858483,b0f066a214c2f5e87bad3c948f4d605d) (ScriptedImporter) -> (artifact id: 'edc6f048cd17998f1938fd110953309e') in 0.01236 seconds
Number of updated asset objects reloaded before import = 0Number of asset objects unloaded after import = 1

========================================================================
Received Import Request.
  Time since last request: 0.000017 seconds.
  path: Assets/Dialogue/Herald/Day5/Seq 1/HeraldD5S1N 20.asset
  artifactKey: Guid(fd00f4d6cb18d8943a18a786ac82585f) Importer(2089858483,b0f066a214c2f5e87bad3c948f4d605d)
Start importing Assets/Dialogue/Herald/Day5/Seq 1/HeraldD5S1N 20.asset using Guid(fd00f4d6cb18d8943a18a786ac82585f) Importer(2089858483,b0f066a214c2f5e87bad3c948f4d605d) (ScriptedImporter) -> (artifact id: 'e80eabf61de9de1193e34892000d356f') in 0.051046 seconds
Number of updated asset objects reloaded before import = 0Number of asset objects unloaded after import = 1

========================================================================
Received Import Request.
  Time since last request: 0.000016 seconds.
  path: Assets/Dialogue/Herald/Day5/Seq 1/HeraldD5S1N 52.asset
  artifactKey: Guid(7d3a76f79e0fc8a4fbc30d7e1d00bcfd) Importer(2089858483,b0f066a214c2f5e87bad3c948f4d605d)
Start importing Assets/Dialogue/Herald/Day5/Seq 1/HeraldD5S1N 52.asset using Guid(7d3a76f79e0fc8a4fbc30d7e1d00bcfd) Importer(2089858483,b0f066a214c2f5e87bad3c948f4d605d) (ScriptedImporter) -> (artifact id: '3db2813b48fda248d10637c64bfc962f') in 0.0194649 seconds
Number of updated asset objects reloaded before import = 0Number of asset objects unloaded after import = 1

========================================================================
Received Import Request.
  Time since last request: 0.000027 seconds.
  path: Assets/Dialogue/Herald/Day5/Seq 1/HeraldD5S1N 22.asset
  artifactKey: Guid(b98db7b627b6e4a4d93033e33015c6fb) Importer(2089858483,b0f066a214c2f5e87bad3c948f4d605d)
Start importing Assets/Dialogue/Herald/Day5/Seq 1/HeraldD5S1N 22.asset using Guid(b98db7b627b6e4a4d93033e33015c6fb) Importer(2089858483,b0f066a214c2f5e87bad3c948f4d605d) (ScriptedImporter) -> (artifact id: '8f40b08e1b4d972458cd88e5aa0a307e') in 0.0154892 seconds
Number of updated asset objects reloaded before import = 0Number of asset objects unloaded after import = 1

========================================================================
Received Import Request.
  Time since last request: 0.000028 seconds.
  path: Assets/Dialogue/Herald/Day5/Seq 1/HeraldD5S1N 5.asset
  artifactKey: Guid(07377691a9cb5c04d9ddec9eb4dce2be) Importer(2089858483,b0f066a214c2f5e87bad3c948f4d605d)
Start importing Assets/Dialogue/Herald/Day5/Seq 1/HeraldD5S1N 5.asset using Guid(07377691a9cb5c04d9ddec9eb4dce2be) Importer(2089858483,b0f066a214c2f5e87bad3c948f4d605d) (ScriptedImporter) -> (artifact id: 'd3e134535041b1e23c88e9cdbff7551f') in 0.0152268 seconds
Number of updated asset objects reloaded before import = 0Number of asset objects unloaded after import = 1

========================================================================
Received Import Request.
  Time since last request: 0.000021 seconds.
  path: Assets/Dialogue/Herald/Day5/Seq 1/HeraldD5S1N 48.asset
  artifactKey: Guid(52aedffa9e504e943943fa8acebb2c05) Importer(2089858483,b0f066a214c2f5e87bad3c948f4d605d)
Start importing Assets/Dialogue/Herald/Day5/Seq 1/HeraldD5S1N 48.asset using Guid(52aedffa9e504e943943fa8acebb2c05) Importer(2089858483,b0f066a214c2f5e87bad3c948f4d605d) (ScriptedImporter) -> (artifact id: '62877e4fea3c12e09a79982a73212eda') in 0.0171698 seconds
Number of updated asset objects reloaded before import = 0Number of asset objects unloaded after import = 1

========================================================================
Received Import Request.
  Time since last request: 0.000017 seconds.
  path: Assets/Dialogue/Herald/Day5/Seq 1/HeraldD5S1N 41.asset
  artifactKey: Guid(e23e7d45676ad1440867c74d4f1c59d4) Importer(2089858483,b0f066a214c2f5e87bad3c948f4d605d)
Start importing Assets/Dialogue/Herald/Day5/Seq 1/HeraldD5S1N 41.asset using Guid(e23e7d45676ad1440867c74d4f1c59d4) Importer(2089858483,b0f066a214c2f5e87bad3c948f4d605d) (ScriptedImporter) -> (artifact id: '997a076281192d8fda1e187252ee2e4b') in 0.0146319 seconds
Number of updated asset objects reloaded before import = 0Number of asset objects unloaded after import = 1

Editor requested this worker to shutdown with reason: Scaling down because of idle timeout
AssetImportWorker is now disconnected from the server
Process exiting
Exiting without the bug reporter. Application will terminate with return code 0