[Licensing::Module] Trying to connect to existing licensing client channel...
Built from '6000.3/staging' branch; Version is '6000.3.16f1 (a56f230f6470) revision 10841891'; Using compiler version '194234433'; Build Type 'Release'
OS: 'Windows 11  (10.0.26100) CoreSingleLanguage' Language: 'en' Physical Memory: 32108 MB
[Licensing::IpcConnector] Successfully connected to: "LicenseClient-User" at "2026-07-17T03:11:40.1365374Z"
BatchMode: 1, IsHumanControllingUs: 0, StartBugReporterOnCrash: 0, Is64bit: 1
System  architecture: x64
Process architecture: x64
Date: 2026-07-17T03:11:40Z

COMMAND LINE ARGUMENTS:
C:\Program Files\Unity\Hub\Editor\6000.3.16f1\Editor\Unity.exe
-adb2
-batchMode
-noUpm
-name
AssetImportWorker117
-projectPath
D:/Unity Projects/ExitAnt-IAT312-P1/312_Assignment2
-logFile
Logs/AssetImportWorker117.log
-srvPort
49722
-licensingIpc
LicenseClient-User
-job-worker-count
7
-background-job-worker-count
8
-gc-helper-count
1
-name
AssetImport
Successfully changed project path to: D:/Unity Projects/ExitAnt-IAT312-P1/312_Assignment2
D:/Unity Projects/ExitAnt-IAT312-P1/312_Assignment2
[UnityMemory] Configuration Parameters - Can be set up in boot.config
    "memorysetup-temp-allocator-size-nav-mesh-worker=65536"
    "memorysetup-temp-allocator-size-audio-worker=65536"
    "memorysetup-temp-allocator-size-gfx=262144"
    "memorysetup-allocator-temp-initial-block-size-main=262144"
    "memorysetup-allocator-temp-initial-block-size-worker=262144"
    "memorysetup-temp-allocator-size-background-worker=32768"
    "memorysetup-temp-allocator-size-job-worker=262144"
    "memorysetup-temp-allocator-size-preload-manager=33554432"
    "memorysetup-temp-allocator-size-gi-baking-worker=262144"
    "memorysetup-temp-allocator-size-gi-baking-worker=262144"
    "memorysetup-temp-allocator-size-gi-baking-worker=262144"
    "memorysetup-temp-allocator-size-gi-baking-worker=262144"
    "memorysetup-temp-allocator-size-gi-baking-worker=262144"
    "memorysetup-bucket-allocator-granularity=16"
    "memorysetup-bucket-allocator-bucket-count=8"
    "memorysetup-bucket-allocator-block-size=33554432"
    "memorysetup-bucket-allocator-block-count=8"
    "memorysetup-main-allocator-block-size=16777216"
    "memorysetup-thread-allocator-block-size=16777216"
    "memorysetup-gfx-main-allocator-block-size=16777216"
    "memorysetup-gfx-thread-allocator-block-size=16777216"
    "memorysetup-cache-allocator-block-size=4194304"
    "memorysetup-typetree-allocator-block-size=2097152"
    "memorysetup-profiler-bucket-allocator-granularity=16"
    "memorysetup-profiler-bucket-allocator-bucket-count=8"
    "memorysetup-profiler-bucket-allocator-block-size=33554432"
    "memorysetup-profiler-bucket-allocator-block-count=8"
    "memorysetup-profiler-allocator-block-size=16777216"
    "memorysetup-profiler-editor-allocator-block-size=1048576"
    "memorysetup-temp-allocator-size-main=16777216"
    "memorysetup-job-temp-allocator-block-size=2097152"
    "memorysetup-job-temp-allocator-block-size-background=1048576"
    "memorysetup-job-temp-allocator-reduction-small-platforms=262144"
    "memorysetup-temp-allocator-size-cloud-worker=32768"
Player connection [36580]  Target information:

Player connection [36580]  * "[IP] 192.168.1.97 [Port] 0 [Flags] 2 [Guid] 2176649684 [EditorId] 2176649684 [Version] 1048832 [Id] WindowsEditor(7,DESKTOP-OVH4FSK) [Debug] 1 [PackageName] WindowsEditor [ProjectName] Editor" 

Player connection [36580] Host joined multi-casting on [225.0.0.222:54997]...
Player connection [36580] Host joined alternative multi-casting on [225.0.0.222:34997]...
JobSystem: Creating JobQueue using job-worker-count value 7
Input System module state changed to: Initialized.
[Physics::Module] Initialized fallback backend.
[Physics::Module] Id: 0xdecafbad
Library Redirect Path: Library/
[Physics::Module] Selected backend.
[Physics::Module] Name: PhysX
[Physics::Module] Id: 0xf2b8ea05
[Physics::Module] SDK Version: 4.1.2
[Physics::Module] Integration Version: 1.0.0
[Physics::Module] Threading Mode: Multi-Threaded
Refreshing native plugins compatible for Editor in 6.24 ms, found 5 plugins.
Preloading 0 native plugins for Editor in 0.00 ms.
Initialize engine version: 6000.3.16f1 (a56f230f6470)
[Subsystems] Discovering subsystems at path C:/Program Files/Unity/Hub/Editor/6000.3.16f1/Editor/Data/Resources/UnitySubsystems
[Subsystems] Discovering subsystems at path D:/Unity Projects/ExitAnt-IAT312-P1/312_Assignment2/Assets
GfxDevice: creating device client; kGfxThreadingModeNonThreaded
d3d12: failed to query info queue interface (0x80004002).
Direct3D:
    Version:         Direct3D 12 [level 12.2]
    Renderer:        NVIDIA GeForce RTX 3060 Laptop GPU (ID=0x2520)
    Vendor:          NVIDIA
    VRAM:            5996 MB
    App VRAM Budget: 5228 MB
    Driver:          32.0.15.8088
Initialize mono
Mono path[0] = 'C:/Program Files/Unity/Hub/Editor/6000.3.16f1/Editor/Data/Managed'
Mono path[1] = 'C:/Program Files/Unity/Hub/Editor/6000.3.16f1/Editor/Data/MonoBleedingEdge/lib/mono/unityjit-win32'
Mono config path = 'C:/Program Files/Unity/Hub/Editor/6000.3.16f1/Editor/Data/MonoBleedingEdge/etc'
Using monoOptions --debugger-agent=transport=dt_socket,embedding=1,server=y,suspend=n,address=127.0.0.1:56452
Begin MonoManager ReloadAssembly
[Licensing::Client] Error: HandshakeResponse reported an error:
	ResponseCode: 505
	ResponseStatus: Unsupported protocol version '1.18.1'.
[Licensing::Module] Error: Failed to handshake to channel: "LicenseClient-User"
[Licensing::IpcConnector] LicenseClient-User channel disconnected successfully.
[Licensing::IpcConnector] Successfully connected to: "LicenseClient-User-6000.3.16" at "2026-07-17T03:11:41.4782882Z"
[Licensing::Client] Code 10 while verifying Licensing Client signature (process Id: 29352, path: "C:/Program Files/Unity/Hub/Editor/6000.3.16f1/Editor/Data/Resources/Licensing/Client/Unity.Licensing.Client.exe")
[Licensing::Module] LicensingClient has failed validation; ignoring
[Licensing::Client] Handshaking with LicensingClient:
  Version:                 1.18.1+9fbee8e
  Session Id:              eeb0abb9cde24240a05d4a1ba6366bea
  Correlation Id:          47882071dff180c034864f0352291f7f
  External correlation Id: 4818823320472358733
  Machine Id:              NKcRUsz1GwU4Q4WJtDcG2fyxkZM=
[Licensing::Module] Successfully connected to LicensingClient on channel: "LicenseClient-User-6000.3.16" (connect: 0.00s, validation: 0.00s, handshake: 0.01s)
[Licensing::IpcConnector] Successfully connected to: "LicenseClient-User-6000.3.16-notifications" at "2026-07-17T03:11:41.486906Z"
[Licensing::Module] Licensing Background thread has ended after 1.35s
Registering precompiled unity dll's ...
Register platform support module: C:/Program Files/Unity/Hub/Editor/6000.3.16f1/Editor/Data/PlaybackEngines/WindowsStandaloneSupport/UnityEditor.WindowsStandalone.Extensions.dll
Registered in 0.003127 seconds.
- Loaded All Assemblies, in  0.478 seconds
Native extension for WindowsStandalone target not found
Package Manager log level set to [2]
[Package Manager] Failed to launch server process. Reason: Unity was launched with the -noUpm command-line argument
[Package Manager] Unable to send message (not connected to server process).
[Package Manager] Cannot connect to Unity Package Manager local server
ScheduleIndexationOnStartup MainProcess:False IndexOnStartup:True
Mono: successfully reloaded assembly
- Finished resetting the current domain, in  0.444 seconds
Domain Reload Profiling: 918ms
	BeginReloadAssembly (167ms)
		ExecutionOrderSort (0ms)
		DisableScriptedObjects (0ms)
		BackupInstance (0ms)
		ReleaseScriptingObjects (0ms)
		CreateAndSetChildDomain (1ms)
	RebuildCommonClasses (48ms)
	RebuildNativeTypeToScriptingClass (16ms)
	initialDomainReloadingComplete (62ms)
	LoadAllAssembliesAndSetupDomain (181ms)
		LoadAssemblies (162ms)
		RebuildTransferFunctionScriptingTraits (0ms)
		AnalyzeDomain (177ms)
			TypeCache.Refresh (175ms)
				TypeCache.ScanAssembly (160ms)
			BuildScriptInfoCaches (0ms)
			ResolveRequiredComponents (1ms)
	FinalizeReload (444ms)
		ReleaseScriptCaches (0ms)
		RebuildScriptCaches (0ms)
		SetupLoadedEditorAssemblies (386ms)
			LogAssemblyErrors (0ms)
			InitializePlatformSupportModulesInManaged (52ms)
			SetLoadedEditorAssemblies (4ms)
			BeforeProcessingInitializeOnLoad (86ms)
			ProcessInitializeOnLoadAttributes (152ms)
			ProcessInitializeOnLoadMethodAttributes (91ms)
			AfterProcessingInitializeOnLoad (0ms)
			EditorAssembliesLoaded (0ms)
		ExecutionOrderSort2 (0ms)
		AwakeInstancesAfterBackupRestoration (0ms)
Assembly reference Packages/com.unity.cinemachine/Editor/Samples/ExposeHDRPInternals/HDRP-Editor-ref.asmref has no target assembly definition
========================================================================
Worker process is ready to serve import requests
Import Worker Mode flag is 0x00
Assembly reference Packages/com.unity.cinemachine/Editor/Samples/ExposeHDRPInternals/HDRP-Editor-ref.asmref has no target assembly definition
Assembly reference Packages/com.unity.cinemachine/Editor/Samples/ExposeHDRPInternals/HDRP-Editor-ref.asmref has no target assembly definition
Begin MonoManager ReloadAssembly
[Licensing::Client] Successfully resolved entitlement details
[Licensing::Module] License group:
  Id: 3574399251830-UnityPersXXXX
  Product: Unity Personal
  Type: Assigned
  Expiration: Unlimited
- Loaded All Assemblies, in  0.965 seconds
Assembly reference Packages/com.unity.cinemachine/Editor/Samples/ExposeHDRPInternals/HDRP-Editor-ref.asmref has no target assembly definition
'Packages/com.unity.cinemachine/Editor/Obsolete/CinemachineVirtualCameraBaseEditor.cs' contains partial class of Unity.Object, exactly 1 of the partial classes needs to be in a file with the same filename. This is to know the one that can be referenced from ie. GameObjects
'Packages/com.unity.cinemachine/Editor/Editors/CinemachineVirtualCameraBaseEditor.cs' contains partial class of Unity.Object, exactly 1 of the partial classes needs to be in a file with the same filename. This is to know the one that can be referenced from ie. GameObjects
Refreshing native plugins compatible for Editor in 2.48 ms, found 5 plugins.
Native extension for WindowsStandalone target not found
Assembly reference Packages/com.unity.cinemachine/Editor/Samples/ExposeHDRPInternals/HDRP-Editor-ref.asmref has no target assembly definition
[Package Manager] Failed to launch server process. Reason: Unity was launched with the -noUpm command-line argument
[Package Manager] Unable to send message (not connected to server process).
[Package Manager] Cannot connect to Unity Package Manager local server
[Package Manager] Failed to launch server process. Reason: Unity was launched with the -noUpm command-line argument
[Package Manager] Unable to send message (not connected to server process).
[Package Manager] Cannot connect to Unity Package Manager local server
[Package Manager] Failed to launch server process. Reason: Unity was launched with the -noUpm command-line argument
[Package Manager] Unable to send message (not connected to server process).
[Package Manager] Cannot connect to Unity Package Manager local server
Refreshing native plugins compatible for Editor in 2.18 ms, found 5 plugins.
ScheduleIndexationOnStartup MainProcess:False IndexOnStartup:True
Mono: successfully reloaded assembly
- Finished resetting the current domain, in  0.946 seconds
Domain Reload Profiling: 1906ms
	BeginReloadAssembly (207ms)
		ExecutionOrderSort (0ms)
		DisableScriptedObjects (6ms)
		BackupInstance (0ms)
		ReleaseScriptingObjects (0ms)
		CreateAndSetChildDomain (34ms)
	RebuildCommonClasses (50ms)
	RebuildNativeTypeToScriptingClass (14ms)
	initialDomainReloadingComplete (49ms)
	LoadAllAssembliesAndSetupDomain (639ms)
		LoadAssemblies (381ms)
		RebuildTransferFunctionScriptingTraits (0ms)
		AnalyzeDomain (369ms)
			TypeCache.Refresh (244ms)
				TypeCache.ScanAssembly (226ms)
			BuildScriptInfoCaches (105ms)
			ResolveRequiredComponents (15ms)
	FinalizeReload (946ms)
		ReleaseScriptCaches (0ms)
		RebuildScriptCaches (0ms)
		SetupLoadedEditorAssemblies (768ms)
			LogAssemblyErrors (0ms)
			InitializePlatformSupportModulesInManaged (2ms)
			SetLoadedEditorAssemblies (5ms)
			BeforeProcessingInitializeOnLoad (164ms)
			ProcessInitializeOnLoadAttributes (443ms)
			ProcessInitializeOnLoadMethodAttributes (144ms)
			AfterProcessingInitializeOnLoad (11ms)
			EditorAssembliesLoaded (0ms)
		ExecutionOrderSort2 (0ms)
		AwakeInstancesAfterBackupRestoration (7ms)
Launched and connected shader compiler UnityShaderCompiler.exe after 0.01 seconds
Refreshing native plugins compatible for Editor in 2.05 ms, found 5 plugins.
Preloading 0 native plugins for Editor in 0.00 ms.
Unloading 17 Unused Serialized files (Serialized files now loaded: 0)
Unloading 7649 unused Assets / (5.6 MB). Loaded Objects now: 8481.
Memory consumption went from 165.5 MB to 159.8 MB.
Total: 10.580000 ms (FindLiveObjects: 0.791800 ms CreateObjectMapping: 0.966800 ms MarkObjects: 5.757300 ms  DeleteObjects: 3.062900 ms)

========================================================================
Received Import Request.
  Time since last request: 124695.719843 seconds.
  path: Assets/Dialogue/Kev/Day4/Seq 2
  artifactKey: Guid(dfab716a034a284429c45eb6bcc39625) Importer(815301076,1909f56bfc062723c751e8b465ee728b)
Start importing Assets/Dialogue/Kev/Day4/Seq 2 using Guid(dfab716a034a284429c45eb6bcc39625) Importer(815301076,1909f56bfc062723c751e8b465ee728b) (PreviewImporter) -> (artifact id: '767f647a9280cc89a1d537bae1d0a86d') in 0.0071165 seconds
Number of updated asset objects reloaded before import = 0Number of asset objects unloaded after import = 0

========================================================================
Received Import Request.
  Time since last request: 19.911299 seconds.
  path: Assets/Dialogue/Kev/Day4/Seq 2/KevD4S2N1.asset
  artifactKey: Guid(f5233e0539f68c64999dfba2307b3a76) Importer(815301076,1909f56bfc062723c751e8b465ee728b)
Start importing Assets/Dialogue/Kev/Day4/Seq 2/KevD4S2N1.asset using Guid(f5233e0539f68c64999dfba2307b3a76) Importer(815301076,1909f56bfc062723c751e8b465ee728b) (PreviewImporter) -> (artifact id: '63499e894cd3bc8af7361144f26e6227') in 0.018794 seconds
Number of updated asset objects reloaded before import = 0Number of asset objects unloaded after import = 1

========================================================================
Received Import Request.
  Time since last request: 0.928692 seconds.
  path: Assets/Dialogue/Kev/Day4/Seq 2/KevD4S2N1.asset
  artifactKey: Guid(f5233e0539f68c64999dfba2307b3a76) Importer(2089858483,b0f066a214c2f5e87bad3c948f4d605d)
Start importing Assets/Dialogue/Kev/Day4/Seq 2/KevD4S2N1.asset using Guid(f5233e0539f68c64999dfba2307b3a76) Importer(2089858483,b0f066a214c2f5e87bad3c948f4d605d) (ScriptedImporter) -> (artifact id: 'd9d61d1614a8d36da6aff855532471f9') in 0.1363354 seconds
Number of updated asset objects reloaded before import = 0Number of asset objects unloaded after import = 1

========================================================================
Received Import Request.
  Time since last request: 74.175400 seconds.
  path: Assets/Dialogue/Coco/Day4/Seq 1
  artifactKey: Guid(8879e217da034f44483abb5ae5358f39) Importer(815301076,1909f56bfc062723c751e8b465ee728b)
Start importing Assets/Dialogue/Coco/Day4/Seq 1 using Guid(8879e217da034f44483abb5ae5358f39) Importer(815301076,1909f56bfc062723c751e8b465ee728b) (PreviewImporter) -> (artifact id: '299c8caaf571658d21ac9da3bb7335c8') in 0.000726 seconds
Number of updated asset objects reloaded before import = 0Number of asset objects unloaded after import = 0

========================================================================
Received Import Request.
  Time since last request: 10.914414 seconds.
  path: Assets/Dialogue/Coco/Day4/Seq 1/CocoDay4S1N1.asset
  artifactKey: Guid(9a5d90d793d377a4d84470ad91f98149) Importer(815301076,1909f56bfc062723c751e8b465ee728b)
Start importing Assets/Dialogue/Coco/Day4/Seq 1/CocoDay4S1N1.asset using Guid(9a5d90d793d377a4d84470ad91f98149) Importer(815301076,1909f56bfc062723c751e8b465ee728b) (PreviewImporter) -> (artifact id: '1f6748072cee69d2176427a41b69e55e') in 0.0012853 seconds
Number of updated asset objects reloaded before import = 0Number of asset objects unloaded after import = 1

========================================================================
Received Import Request.
  Time since last request: 0.948803 seconds.
  path: Assets/Dialogue/Coco/Day4/Seq 1/CocoDay4S1N1.asset
  artifactKey: Guid(9a5d90d793d377a4d84470ad91f98149) Importer(2089858483,b0f066a214c2f5e87bad3c948f4d605d)
Start importing Assets/Dialogue/Coco/Day4/Seq 1/CocoDay4S1N1.asset using Guid(9a5d90d793d377a4d84470ad91f98149) Importer(2089858483,b0f066a214c2f5e87bad3c948f4d605d) (ScriptedImporter) -> (artifact id: 'b03a8b67962af11e7b928f03e36daa3e') in 0.0141782 seconds
Number of updated asset objects reloaded before import = 0Number of asset objects unloaded after import = 1

========================================================================
Received Import Request.
  Time since last request: 0.330843 seconds.
  path: Assets/Dialogue/Coco/Day4/Seq 1/CocoDay4S1N1 1.asset
  artifactKey: Guid(94e49ea98f9b9c145bf04463f150c0aa) Importer(815301076,1909f56bfc062723c751e8b465ee728b)
Start importing Assets/Dialogue/Coco/Day4/Seq 1/CocoDay4S1N1 1.asset using Guid(94e49ea98f9b9c145bf04463f150c0aa) Importer(815301076,1909f56bfc062723c751e8b465ee728b) (PreviewImporter) -> (artifact id: '7a6e25591ca71bd26af1f33a618def12') in 0.0011525 seconds
Number of updated asset objects reloaded before import = 0Number of asset objects unloaded after import = 1

========================================================================
Received Import Request.
  Time since last request: 0.917022 seconds.
  path: Assets/Dialogue/Kev/Day4/Seq 1/KevD4S1N 5.asset
  artifactKey: Guid(45260d0f6d8d1554ebdea9852277976d) Importer(2089858483,b0f066a214c2f5e87bad3c948f4d605d)
Start importing Assets/Dialogue/Kev/Day4/Seq 1/KevD4S1N 5.asset using Guid(45260d0f6d8d1554ebdea9852277976d) Importer(2089858483,b0f066a214c2f5e87bad3c948f4d605d) (ScriptedImporter) -> (artifact id: '1bc054e476f9dc7675d94c3106e2da46') in 0.0180613 seconds
Number of updated asset objects reloaded before import = 0Number of asset objects unloaded after import = 2

========================================================================
Received Import Request.
  Time since last request: 0.000019 seconds.
  path: Assets/Dialogue/Kev/Day4/Seq 1/KevD4S1N 6.asset
  artifactKey: Guid(ae1005c686431d64ca59e55d40f0a991) Importer(2089858483,b0f066a214c2f5e87bad3c948f4d605d)
Start importing Assets/Dialogue/Kev/Day4/Seq 1/KevD4S1N 6.asset using Guid(ae1005c686431d64ca59e55d40f0a991) Importer(2089858483,b0f066a214c2f5e87bad3c948f4d605d) (ScriptedImporter) -> (artifact id: 'db57913cb9d53167362f759a6ca325b6') in 0.0213036 seconds
Number of updated asset objects reloaded before import = 0Number of asset objects unloaded after import = 1

========================================================================
Received Import Request.
  Time since last request: 0.000023 seconds.
  path: Assets/Dialogue/Kev/Day4/Seq 1/KevD4S1N 4.asset
  artifactKey: Guid(3166f6aefb64d734e8285dff0a96e3dd) Importer(2089858483,b0f066a214c2f5e87bad3c948f4d605d)
Start importing Assets/Dialogue/Kev/Day4/Seq 1/KevD4S1N 4.asset using Guid(3166f6aefb64d734e8285dff0a96e3dd) Importer(2089858483,b0f066a214c2f5e87bad3c948f4d605d) (ScriptedImporter) -> (artifact id: 'e5222cd8ca58a8995a9dacc38428038e') in 0.0173331 seconds
Number of updated asset objects reloaded before import = 0Number of asset objects unloaded after import = 3

========================================================================
Received Import Request.
  Time since last request: 0.000043 seconds.
  path: Assets/Dialogue/Kev/Day4/Seq 1/KevD4S1N 1.asset
  artifactKey: Guid(f196ea05d7f2861489395a8ef9941a2b) Importer(2089858483,b0f066a214c2f5e87bad3c948f4d605d)
Start importing Assets/Dialogue/Kev/Day4/Seq 1/KevD4S1N 1.asset using Guid(f196ea05d7f2861489395a8ef9941a2b) Importer(2089858483,b0f066a214c2f5e87bad3c948f4d605d) (ScriptedImporter) -> (artifact id: '985ee1aff89682efd7865de854689ee7') in 0.0178589 seconds
Number of updated asset objects reloaded before import = 0Number of asset objects unloaded after import = 6

========================================================================
Received Import Request.
  Time since last request: 0.000018 seconds.
  path: Assets/Dialogue/Kev/Day4/Seq 2/KevD4S2N1.asset
  artifactKey: Guid(f5233e0539f68c64999dfba2307b3a76) Importer(2089858483,b0f066a214c2f5e87bad3c948f4d605d)
Start importing Assets/Dialogue/Kev/Day4/Seq 2/KevD4S2N1.asset using Guid(f5233e0539f68c64999dfba2307b3a76) Importer(2089858483,b0f066a214c2f5e87bad3c948f4d605d) (ScriptedImporter) -> (artifact id: '4ed9c76e6a0cad7a8e55592255455753') in 0.01478 seconds
Number of updated asset objects reloaded before import = 0Number of asset objects unloaded after import = 1

========================================================================
Received Import Request.
  Time since last request: 1.727756 seconds.
  path: Assets/Dialogue/Coco/Day4/Seq 1/CocoDay4S1N1 2.asset
  artifactKey: Guid(e35d82029b97c274899729c1fd6e0123) Importer(815301076,1909f56bfc062723c751e8b465ee728b)
Start importing Assets/Dialogue/Coco/Day4/Seq 1/CocoDay4S1N1 2.asset using Guid(e35d82029b97c274899729c1fd6e0123) Importer(815301076,1909f56bfc062723c751e8b465ee728b) (PreviewImporter) -> (artifact id: 'dff8396a48dbb5336ca99655603a5cab') in 0.0014161 seconds
Number of updated asset objects reloaded before import = 0Number of asset objects unloaded after import = 1

========================================================================
Received Import Request.
  Time since last request: 0.556194 seconds.
  path: Assets/Dialogue/Coco/Day4/Seq 1/CocoDay4S1N1 3.asset
  artifactKey: Guid(15871b51d7165ec4a9b4f7c9583297d0) Importer(815301076,1909f56bfc062723c751e8b465ee728b)
Start importing Assets/Dialogue/Coco/Day4/Seq 1/CocoDay4S1N1 3.asset using Guid(15871b51d7165ec4a9b4f7c9583297d0) Importer(815301076,1909f56bfc062723c751e8b465ee728b) (PreviewImporter) -> (artifact id: 'c87cfb1672e5cbe4edde9898da8343e0') in 0.0015645 seconds
Number of updated asset objects reloaded before import = 0Number of asset objects unloaded after import = 1

========================================================================
Received Import Request.
  Time since last request: 0.895982 seconds.
  path: Assets/Dialogue/Coco/Day4/Seq 1/CocoDay4S1N1 2.asset
  artifactKey: Guid(e35d82029b97c274899729c1fd6e0123) Importer(2089858483,b0f066a214c2f5e87bad3c948f4d605d)
Start importing Assets/Dialogue/Coco/Day4/Seq 1/CocoDay4S1N1 2.asset using Guid(e35d82029b97c274899729c1fd6e0123) Importer(2089858483,b0f066a214c2f5e87bad3c948f4d605d) (ScriptedImporter) -> (artifact id: '30b8b7a160ce341d400468647b81be69') in 0.0175728 seconds
Number of updated asset objects reloaded before import = 0Number of asset objects unloaded after import = 1

========================================================================
Received Import Request.
  Time since last request: 14.922932 seconds.
  path: Assets/Dialogue/Coco/Day4/Seq 1/CocoDay4S1N1 4.asset
  artifactKey: Guid(be677f698320f7c42bb554c93d17a95b) Importer(815301076,1909f56bfc062723c751e8b465ee728b)
Start importing Assets/Dialogue/Coco/Day4/Seq 1/CocoDay4S1N1 4.asset using Guid(be677f698320f7c42bb554c93d17a95b) Importer(815301076,1909f56bfc062723c751e8b465ee728b) (PreviewImporter) -> (artifact id: '3e14c2302e99e7f2644d75177760dcf3') in 0.0010956 seconds
Number of updated asset objects reloaded before import = 0Number of asset objects unloaded after import = 1

========================================================================
Received Import Request.
  Time since last request: 0.329657 seconds.
  path: Assets/Dialogue/Coco/Day4/Seq 1/CocoDay4S1N1 5.asset
  artifactKey: Guid(f8361a8da063e03478f3d58816d287e0) Importer(815301076,1909f56bfc062723c751e8b465ee728b)
Start importing Assets/Dialogue/Coco/Day4/Seq 1/CocoDay4S1N1 5.asset using Guid(f8361a8da063e03478f3d58816d287e0) Importer(815301076,1909f56bfc062723c751e8b465ee728b) (PreviewImporter) -> (artifact id: '13a5de812348613389723272fdde9669') in 0.0012062 seconds
Number of updated asset objects reloaded before import = 0Number of asset objects unloaded after import = 1

========================================================================
Received Import Request.
  Time since last request: 0.377087 seconds.
  path: Assets/Dialogue/Coco/Day4/Seq 1/CocoDay4S1N1 6.asset
  artifactKey: Guid(fd45bc66285cc964cb69cf2ff818d07e) Importer(815301076,1909f56bfc062723c751e8b465ee728b)
Start importing Assets/Dialogue/Coco/Day4/Seq 1/CocoDay4S1N1 6.asset using Guid(fd45bc66285cc964cb69cf2ff818d07e) Importer(815301076,1909f56bfc062723c751e8b465ee728b) (PreviewImporter) -> (artifact id: '726e1fe2b3bd67e21e4a6112ae9bc814') in 0.0011678 seconds
Number of updated asset objects reloaded before import = 0Number of asset objects unloaded after import = 1

========================================================================
Received Import Request.
  Time since last request: 0.531402 seconds.
  path: Assets/Dialogue/Coco/Day4/Seq 1/CocoDay4S1N1 7.asset
  artifactKey: Guid(c80151e35172c1d4aa9597621cef8a79) Importer(815301076,1909f56bfc062723c751e8b465ee728b)
Start importing Assets/Dialogue/Coco/Day4/Seq 1/CocoDay4S1N1 7.asset using Guid(c80151e35172c1d4aa9597621cef8a79) Importer(815301076,1909f56bfc062723c751e8b465ee728b) (PreviewImporter) -> (artifact id: '2b5b4960a3944d9b3bba4c7f6fea5006') in 0.0012641 seconds
Number of updated asset objects reloaded before import = 0Number of asset objects unloaded after import = 1

========================================================================
Received Import Request.
  Time since last request: 0.584326 seconds.
  path: Assets/Dialogue/Coco/Day4/Seq 1/CocoDay4S1N1 8.asset
  artifactKey: Guid(8f530bc74e2a2b64caab825ba9af4dfb) Importer(815301076,1909f56bfc062723c751e8b465ee728b)
Start importing Assets/Dialogue/Coco/Day4/Seq 1/CocoDay4S1N1 8.asset using Guid(8f530bc74e2a2b64caab825ba9af4dfb) Importer(815301076,1909f56bfc062723c751e8b465ee728b) (PreviewImporter) -> (artifact id: 'bf8d18ac3cb6c1ae4d6158ecb677f743') in 0.0010703 seconds
Number of updated asset objects reloaded before import = 0Number of asset objects unloaded after import = 1

========================================================================
Received Import Request.
  Time since last request: 0.330166 seconds.
  path: Assets/Dialogue/Coco/Day4/Seq 1/CocoDay4S1N1 9.asset
  artifactKey: Guid(a8e969cc6020a11409d701fcf9382455) Importer(815301076,1909f56bfc062723c751e8b465ee728b)
Start importing Assets/Dialogue/Coco/Day4/Seq 1/CocoDay4S1N1 9.asset using Guid(a8e969cc6020a11409d701fcf9382455) Importer(815301076,1909f56bfc062723c751e8b465ee728b) (PreviewImporter) -> (artifact id: '88139cc42e14a8f90f368127515f3ad4') in 0.0010952 seconds
Number of updated asset objects reloaded before import = 0Number of asset objects unloaded after import = 1

========================================================================
Received Import Request.
  Time since last request: 0.426384 seconds.
  path: Assets/Dialogue/Coco/Day4/Seq 1/CocoDay4S1N1 10.asset
  artifactKey: Guid(560aeee5d3e6c7b48b1d60e0e84d5c44) Importer(815301076,1909f56bfc062723c751e8b465ee728b)
Start importing Assets/Dialogue/Coco/Day4/Seq 1/CocoDay4S1N1 10.asset using Guid(560aeee5d3e6c7b48b1d60e0e84d5c44) Importer(815301076,1909f56bfc062723c751e8b465ee728b) (PreviewImporter) -> (artifact id: 'debed80f629da7f8ae9c8abc9436a653') in 0.0011351 seconds
Number of updated asset objects reloaded before import = 0Number of asset objects unloaded after import = 1

========================================================================
Received Import Request.
  Time since last request: 0.909168 seconds.
  path: Assets/Dialogue/Coco/Day4/Seq 1/CocoDay4S1N1 4.asset
  artifactKey: Guid(be677f698320f7c42bb554c93d17a95b) Importer(2089858483,b0f066a214c2f5e87bad3c948f4d605d)
Start importing Assets/Dialogue/Coco/Day4/Seq 1/CocoDay4S1N1 4.asset using Guid(be677f698320f7c42bb554c93d17a95b) Importer(2089858483,b0f066a214c2f5e87bad3c948f4d605d) (ScriptedImporter) -> (artifact id: '63bd4c175c52d393759a8ccb69e1dedd') in 0.017378 seconds
Number of updated asset objects reloaded before import = 0Number of asset objects unloaded after import = 1

========================================================================
Received Import Request.
  Time since last request: 0.000018 seconds.
  path: Assets/Dialogue/Coco/Day4/Seq 1/CocoDay4S1N1 10.asset
  artifactKey: Guid(560aeee5d3e6c7b48b1d60e0e84d5c44) Importer(2089858483,b0f066a214c2f5e87bad3c948f4d605d)
Start importing Assets/Dialogue/Coco/Day4/Seq 1/CocoDay4S1N1 10.asset using Guid(560aeee5d3e6c7b48b1d60e0e84d5c44) Importer(2089858483,b0f066a214c2f5e87bad3c948f4d605d) (ScriptedImporter) -> (artifact id: '22ee0b83c0d1d35bc820588e3b090cee') in 0.0179608 seconds
Number of updated asset objects reloaded before import = 0Number of asset objects unloaded after import = 1

========================================================================
Received Import Request.
  Time since last request: 5.267043 seconds.
  path: Assets/Dialogue/Coco/Day4/Seq 1/CocoDay4S1N2A.asset
  artifactKey: Guid(94e49ea98f9b9c145bf04463f150c0aa) Importer(815301076,1909f56bfc062723c751e8b465ee728b)
Start importing Assets/Dialogue/Coco/Day4/Seq 1/CocoDay4S1N2A.asset using Guid(94e49ea98f9b9c145bf04463f150c0aa) Importer(815301076,1909f56bfc062723c751e8b465ee728b) (PreviewImporter) -> (artifact id: '378850de465e10892e59ca0c766df173') in 0.0011542 seconds
Number of updated asset objects reloaded before import = 0Number of asset objects unloaded after import = 1

========================================================================
Received Import Request.
  Time since last request: 0.669706 seconds.
  path: Assets/Dialogue/Coco/Day4/Seq 1/CocoDay4S1N2A.asset
  artifactKey: Guid(94e49ea98f9b9c145bf04463f150c0aa) Importer(2089858483,b0f066a214c2f5e87bad3c948f4d605d)
Start importing Assets/Dialogue/Coco/Day4/Seq 1/CocoDay4S1N2A.asset using Guid(94e49ea98f9b9c145bf04463f150c0aa) Importer(2089858483,b0f066a214c2f5e87bad3c948f4d605d) (ScriptedImporter) -> (artifact id: '466a138047967f54278fe089852fbb18') in 0.0129688 seconds
Number of updated asset objects reloaded before import = 0Number of asset objects unloaded after import = 1

========================================================================
Received Import Request.
  Time since last request: 5.374997 seconds.
  path: Assets/Dialogue/Coco/Day4/Seq 1/CocoDay4S1N2B.asset
  artifactKey: Guid(e35d82029b97c274899729c1fd6e0123) Importer(815301076,1909f56bfc062723c751e8b465ee728b)
Start importing Assets/Dialogue/Coco/Day4/Seq 1/CocoDay4S1N2B.asset using Guid(e35d82029b97c274899729c1fd6e0123) Importer(815301076,1909f56bfc062723c751e8b465ee728b) (PreviewImporter) -> (artifact id: 'c03959614cc8e448d3d777b80168c5b6') in 0.0011327 seconds
Number of updated asset objects reloaded before import = 0Number of asset objects unloaded after import = 1

========================================================================
Received Import Request.
  Time since last request: 1.534981 seconds.
  path: Assets/Dialogue/Coco/Day4/Seq 1/CocoDay4S1N2B.asset
  artifactKey: Guid(e35d82029b97c274899729c1fd6e0123) Importer(2089858483,b0f066a214c2f5e87bad3c948f4d605d)
Start importing Assets/Dialogue/Coco/Day4/Seq 1/CocoDay4S1N2B.asset using Guid(e35d82029b97c274899729c1fd6e0123) Importer(2089858483,b0f066a214c2f5e87bad3c948f4d605d) (ScriptedImporter) -> (artifact id: '5e0903cce0614feffbfc0f41dfd90d01') in 0.0127961 seconds
Number of updated asset objects reloaded before import = 0Number of asset objects unloaded after import = 1

========================================================================
Received Import Request.
  Time since last request: 2.725382 seconds.
  path: Assets/Dialogue/Coco/Day4/Seq 1/CocoDay4S1N3A.asset
  artifactKey: Guid(15871b51d7165ec4a9b4f7c9583297d0) Importer(815301076,1909f56bfc062723c751e8b465ee728b)
Start importing Assets/Dialogue/Coco/Day4/Seq 1/CocoDay4S1N3A.asset using Guid(15871b51d7165ec4a9b4f7c9583297d0) Importer(815301076,1909f56bfc062723c751e8b465ee728b) (PreviewImporter) -> (artifact id: '7fc1762b804df47df0d5b03bad2d572b') in 0.0012077 seconds
Number of updated asset objects reloaded before import = 0Number of asset objects unloaded after import = 1

========================================================================
Received Import Request.
  Time since last request: 0.930749 seconds.
  path: Assets/Dialogue/Coco/Day4/Seq 1/CocoDay4S1N3A.asset
  artifactKey: Guid(15871b51d7165ec4a9b4f7c9583297d0) Importer(2089858483,b0f066a214c2f5e87bad3c948f4d605d)
Start importing Assets/Dialogue/Coco/Day4/Seq 1/CocoDay4S1N3A.asset using Guid(15871b51d7165ec4a9b4f7c9583297d0) Importer(2089858483,b0f066a214c2f5e87bad3c948f4d605d) (ScriptedImporter) -> (artifact id: 'c8fb406413da02633a5193ebc30c807a') in 0.0132555 seconds
Number of updated asset objects reloaded before import = 0Number of asset objects unloaded after import = 1

========================================================================
Received Import Request.
  Time since last request: 2.387640 seconds.
  path: Assets/Dialogue/Coco/Day4/Seq 1/CocoDay4S1N4A.asset
  artifactKey: Guid(be677f698320f7c42bb554c93d17a95b) Importer(815301076,1909f56bfc062723c751e8b465ee728b)
Start importing Assets/Dialogue/Coco/Day4/Seq 1/CocoDay4S1N4A.asset using Guid(be677f698320f7c42bb554c93d17a95b) Importer(815301076,1909f56bfc062723c751e8b465ee728b) (PreviewImporter) -> (artifact id: 'b995a3e70a847173cd1bad426d5fa37e') in 0.0010728 seconds
Number of updated asset objects reloaded before import = 0Number of asset objects unloaded after import = 1

========================================================================
Received Import Request.
  Time since last request: 0.926299 seconds.
  path: Assets/Dialogue/Coco/Day4/Seq 1/CocoDay4S1N4A.asset
  artifactKey: Guid(be677f698320f7c42bb554c93d17a95b) Importer(2089858483,b0f066a214c2f5e87bad3c948f4d605d)
Start importing Assets/Dialogue/Coco/Day4/Seq 1/CocoDay4S1N4A.asset using Guid(be677f698320f7c42bb554c93d17a95b) Importer(2089858483,b0f066a214c2f5e87bad3c948f4d605d) (ScriptedImporter) -> (artifact id: '8b5ea5fae2cc7e72f1fd8dc799567ffb') in 0.0123897 seconds
Number of updated asset objects reloaded before import = 0Number of asset objects unloaded after import = 1

========================================================================
Received Import Request.
  Time since last request: 2.744931 seconds.
  path: Assets/Dialogue/Coco/Day4/Seq 1/CocoDay4S1N5A.asset
  artifactKey: Guid(f8361a8da063e03478f3d58816d287e0) Importer(815301076,1909f56bfc062723c751e8b465ee728b)
Start importing Assets/Dialogue/Coco/Day4/Seq 1/CocoDay4S1N5A.asset using Guid(f8361a8da063e03478f3d58816d287e0) Importer(815301076,1909f56bfc062723c751e8b465ee728b) (PreviewImporter) -> (artifact id: '8c21dc408cbe1a9f7fd211488f6213a2') in 0.0011477 seconds
Number of updated asset objects reloaded before import = 0Number of asset objects unloaded after import = 1

========================================================================
Received Import Request.
  Time since last request: 1.676909 seconds.
  path: Assets/Dialogue/Coco/Day4/Seq 1/CocoDay4S1N5A.asset
  artifactKey: Guid(f8361a8da063e03478f3d58816d287e0) Importer(2089858483,b0f066a214c2f5e87bad3c948f4d605d)
Start importing Assets/Dialogue/Coco/Day4/Seq 1/CocoDay4S1N5A.asset using Guid(f8361a8da063e03478f3d58816d287e0) Importer(2089858483,b0f066a214c2f5e87bad3c948f4d605d) (ScriptedImporter) -> (artifact id: '0ab3a1c4d589e195c9ba36c409ae69e1') in 0.0133464 seconds
Number of updated asset objects reloaded before import = 0Number of asset objects unloaded after import = 1

========================================================================
Received Import Request.
  Time since last request: 2.030280 seconds.
  path: Assets/Dialogue/Coco/Day4/Seq 1/CocoDay4S1N6A.asset
  artifactKey: Guid(fd45bc66285cc964cb69cf2ff818d07e) Importer(815301076,1909f56bfc062723c751e8b465ee728b)
Start importing Assets/Dialogue/Coco/Day4/Seq 1/CocoDay4S1N6A.asset using Guid(fd45bc66285cc964cb69cf2ff818d07e) Importer(815301076,1909f56bfc062723c751e8b465ee728b) (PreviewImporter) -> (artifact id: '831eba7c3d9dd98a6ef4cbb6e292802f') in 0.0011473 seconds
Number of updated asset objects reloaded before import = 0Number of asset objects unloaded after import = 1

========================================================================
Received Import Request.
  Time since last request: 0.932244 seconds.
  path: Assets/Dialogue/Coco/Day4/Seq 1/CocoDay4S1N6A.asset
  artifactKey: Guid(fd45bc66285cc964cb69cf2ff818d07e) Importer(2089858483,b0f066a214c2f5e87bad3c948f4d605d)
Start importing Assets/Dialogue/Coco/Day4/Seq 1/CocoDay4S1N6A.asset using Guid(fd45bc66285cc964cb69cf2ff818d07e) Importer(2089858483,b0f066a214c2f5e87bad3c948f4d605d) (ScriptedImporter) -> (artifact id: 'c8eaa723587991b25ec6d9f1b253acc5') in 0.0127844 seconds
Number of updated asset objects reloaded before import = 0Number of asset objects unloaded after import = 1

========================================================================
Received Import Request.
  Time since last request: 5.604667 seconds.
  path: Assets/Dialogue/Coco/Day4/Seq 1/CocoDay4S1N7A.asset
  artifactKey: Guid(c80151e35172c1d4aa9597621cef8a79) Importer(815301076,1909f56bfc062723c751e8b465ee728b)
Start importing Assets/Dialogue/Coco/Day4/Seq 1/CocoDay4S1N7A.asset using Guid(c80151e35172c1d4aa9597621cef8a79) Importer(815301076,1909f56bfc062723c751e8b465ee728b) (PreviewImporter) -> (artifact id: '61cf1a214b14dad6873a2599a6290220') in 0.0011362 seconds
Number of updated asset objects reloaded before import = 0Number of asset objects unloaded after import = 1

========================================================================
Received Import Request.
  Time since last request: 1.551416 seconds.
  path: Assets/Dialogue/Coco/Day4/Seq 1/CocoDay4S1N7A.asset
  artifactKey: Guid(c80151e35172c1d4aa9597621cef8a79) Importer(2089858483,b0f066a214c2f5e87bad3c948f4d605d)
Start importing Assets/Dialogue/Coco/Day4/Seq 1/CocoDay4S1N7A.asset using Guid(c80151e35172c1d4aa9597621cef8a79) Importer(2089858483,b0f066a214c2f5e87bad3c948f4d605d) (ScriptedImporter) -> (artifact id: '59b105c9118ad82ede0f9c89d1cf7ba5') in 0.0134833 seconds
Number of updated asset objects reloaded before import = 0Number of asset objects unloaded after import = 1

========================================================================
Received Import Request.
  Time since last request: 2.232804 seconds.
  path: Assets/Dialogue/Coco/Day4/Seq 1/CocoDay4S1N8A.asset
  artifactKey: Guid(8f530bc74e2a2b64caab825ba9af4dfb) Importer(815301076,1909f56bfc062723c751e8b465ee728b)
Start importing Assets/Dialogue/Coco/Day4/Seq 1/CocoDay4S1N8A.asset using Guid(8f530bc74e2a2b64caab825ba9af4dfb) Importer(815301076,1909f56bfc062723c751e8b465ee728b) (PreviewImporter) -> (artifact id: '4073d45d3de3a0e86ec4c89aa0d7cb64') in 0.0011824 seconds
Number of updated asset objects reloaded before import = 0Number of asset objects unloaded after import = 1

========================================================================
Received Import Request.
  Time since last request: 0.929798 seconds.
  path: Assets/Dialogue/Coco/Day4/Seq 1/CocoDay4S1N8A.asset
  artifactKey: Guid(8f530bc74e2a2b64caab825ba9af4dfb) Importer(2089858483,b0f066a214c2f5e87bad3c948f4d605d)
Start importing Assets/Dialogue/Coco/Day4/Seq 1/CocoDay4S1N8A.asset using Guid(8f530bc74e2a2b64caab825ba9af4dfb) Importer(2089858483,b0f066a214c2f5e87bad3c948f4d605d) (ScriptedImporter) -> (artifact id: '26598dbefe767a534c92571c2a26379a') in 0.0145906 seconds
Number of updated asset objects reloaded before import = 0Number of asset objects unloaded after import = 1

========================================================================
Received Import Request.
  Time since last request: 3.590361 seconds.
  path: Assets/Dialogue/Coco/Day4/Seq 1/CocoDay4S1N9A.asset
  artifactKey: Guid(a8e969cc6020a11409d701fcf9382455) Importer(815301076,1909f56bfc062723c751e8b465ee728b)
Start importing Assets/Dialogue/Coco/Day4/Seq 1/CocoDay4S1N9A.asset using Guid(a8e969cc6020a11409d701fcf9382455) Importer(815301076,1909f56bfc062723c751e8b465ee728b) (PreviewImporter) -> (artifact id: '16756e528653d84c0eecadfb953fa086') in 0.7587511 seconds
Number of updated asset objects reloaded before import = 0Number of asset objects unloaded after import = 1

========================================================================
Received Import Request.
  Time since last request: 0.743527 seconds.
  path: Assets/Dialogue/Coco/Day4/Seq 1/CocoDay4S1N9A.asset
  artifactKey: Guid(a8e969cc6020a11409d701fcf9382455) Importer(2089858483,b0f066a214c2f5e87bad3c948f4d605d)
Start importing Assets/Dialogue/Coco/Day4/Seq 1/CocoDay4S1N9A.asset using Guid(a8e969cc6020a11409d701fcf9382455) Importer(2089858483,b0f066a214c2f5e87bad3c948f4d605d) (ScriptedImporter) -> (artifact id: '301b56dd98c353689b762a6f619cabc4') in 0.012344 seconds
Number of updated asset objects reloaded before import = 0Number of asset objects unloaded after import = 1

========================================================================
Received Import Request.
  Time since last request: 1.904064 seconds.
  path: Assets/Dialogue/Coco/Day4/Seq 1/CocoDay4S1N10A.asset
  artifactKey: Guid(560aeee5d3e6c7b48b1d60e0e84d5c44) Importer(815301076,1909f56bfc062723c751e8b465ee728b)
Start importing Assets/Dialogue/Coco/Day4/Seq 1/CocoDay4S1N10A.asset using Guid(560aeee5d3e6c7b48b1d60e0e84d5c44) Importer(815301076,1909f56bfc062723c751e8b465ee728b) (PreviewImporter) -> (artifact id: 'a000d5f68fa5b04265ff431fddf7e458') in 0.0010913 seconds
Number of updated asset objects reloaded before import = 0Number of asset objects unloaded after import = 1

========================================================================
Received Import Request.
  Time since last request: 0.932555 seconds.
  path: Assets/Dialogue/Coco/Day4/Seq 1/CocoDay4S1N10A.asset
  artifactKey: Guid(560aeee5d3e6c7b48b1d60e0e84d5c44) Importer(2089858483,b0f066a214c2f5e87bad3c948f4d605d)
Start importing Assets/Dialogue/Coco/Day4/Seq 1/CocoDay4S1N10A.asset using Guid(560aeee5d3e6c7b48b1d60e0e84d5c44) Importer(2089858483,b0f066a214c2f5e87bad3c948f4d605d) (ScriptedImporter) -> (artifact id: 'f113055bbc2b41b57fde29364d79152f') in 0.0178955 seconds
Number of updated asset objects reloaded before import = 0Number of asset objects unloaded after import = 1

========================================================================
Received Import Request.
  Time since last request: 438.955436 seconds.
  path: Assets/Dialogue/Coco/Day4/Seq 2
  artifactKey: Guid(4fbdfb82358f4cd4caae2b84abe3a777) Importer(815301076,1909f56bfc062723c751e8b465ee728b)
Start importing Assets/Dialogue/Coco/Day4/Seq 2 using Guid(4fbdfb82358f4cd4caae2b84abe3a777) Importer(815301076,1909f56bfc062723c751e8b465ee728b) (PreviewImporter) -> (artifact id: '65c49c290a9f787769760f697a210405') in 0.0006138 seconds
Number of updated asset objects reloaded before import = 0Number of asset objects unloaded after import = 0

========================================================================
Received Import Request.
  Time since last request: 11.875817 seconds.
  path: Assets/Dialogue/Coco/Day4/Seq 2/CocoD4S2N1.asset
  artifactKey: Guid(b56afa964f4990c478fa366eb3201dc2) Importer(815301076,1909f56bfc062723c751e8b465ee728b)
Start importing Assets/Dialogue/Coco/Day4/Seq 2/CocoD4S2N1.asset using Guid(b56afa964f4990c478fa366eb3201dc2) Importer(815301076,1909f56bfc062723c751e8b465ee728b) (PreviewImporter) -> (artifact id: 'be7a4af7d85b88946a9a2370820c801d') in 0.0011135 seconds
Number of updated asset objects reloaded before import = 0Number of asset objects unloaded after import = 1

========================================================================
Received Import Request.
  Time since last request: 0.947729 seconds.
  path: Assets/Dialogue/Coco/Day4/Seq 2/CocoD4S2N1.asset
  artifactKey: Guid(b56afa964f4990c478fa366eb3201dc2) Importer(2089858483,b0f066a214c2f5e87bad3c948f4d605d)
Start importing Assets/Dialogue/Coco/Day4/Seq 2/CocoD4S2N1.asset using Guid(b56afa964f4990c478fa366eb3201dc2) Importer(2089858483,b0f066a214c2f5e87bad3c948f4d605d) (ScriptedImporter) -> (artifact id: 'a04d8bc7ee7e362f37831ada9fff0d82') in 0.0136619 seconds
Number of updated asset objects reloaded before import = 0Number of asset objects unloaded after import = 1

========================================================================
Received Import Request.
  Time since last request: 31.009915 seconds.
  path: Assets/Dialogue/Isabelle/Day4
  artifactKey: Guid(b1ae73136f0ef5c488bee6c909a03b06) Importer(815301076,1909f56bfc062723c751e8b465ee728b)
Start importing Assets/Dialogue/Isabelle/Day4 using Guid(b1ae73136f0ef5c488bee6c909a03b06) Importer(815301076,1909f56bfc062723c751e8b465ee728b) (PreviewImporter) -> (artifact id: '577d0836da15a6969b86edd5c3ca80fa') in 0.0005154 seconds
Number of updated asset objects reloaded before import = 0Number of asset objects unloaded after import = 0

========================================================================
Received Import Request.
  Time since last request: 0.676324 seconds.
  path: Assets/Dialogue/Isabelle/Day4/Seq 1
  artifactKey: Guid(301881063c8e6f748805dc944dc6b42c) Importer(815301076,1909f56bfc062723c751e8b465ee728b)
Start importing Assets/Dialogue/Isabelle/Day4/Seq 1 using Guid(301881063c8e6f748805dc944dc6b42c) Importer(815301076,1909f56bfc062723c751e8b465ee728b) (PreviewImporter) -> (artifact id: 'daf51af369e56e911d79558d7520bea5') in 0.0005371 seconds
Number of updated asset objects reloaded before import = 0Number of asset objects unloaded after import = 0

========================================================================
Received Import Request.
  Time since last request: 14.702564 seconds.
  path: Assets/Dialogue/Isabelle/Day4/Seq 1/IsabellaD4S1N 1.asset
  artifactKey: Guid(35067db3d8ab8af4690419bde7c5fa00) Importer(815301076,1909f56bfc062723c751e8b465ee728b)
Start importing Assets/Dialogue/Isabelle/Day4/Seq 1/IsabellaD4S1N 1.asset using Guid(35067db3d8ab8af4690419bde7c5fa00) Importer(815301076,1909f56bfc062723c751e8b465ee728b) (PreviewImporter) -> (artifact id: '736509c82ba9e6b8ad985022b4a4359c') in 0.0012589 seconds
Number of updated asset objects reloaded before import = 0Number of asset objects unloaded after import = 1

========================================================================
Received Import Request.
  Time since last request: 0.947371 seconds.
  path: Assets/Dialogue/Isabelle/Day4/Seq 1/IsabellaD4S1N 1.asset
  artifactKey: Guid(35067db3d8ab8af4690419bde7c5fa00) Importer(2089858483,b0f066a214c2f5e87bad3c948f4d605d)
Start importing Assets/Dialogue/Isabelle/Day4/Seq 1/IsabellaD4S1N 1.asset using Guid(35067db3d8ab8af4690419bde7c5fa00) Importer(2089858483,b0f066a214c2f5e87bad3c948f4d605d) (ScriptedImporter) -> (artifact id: '8ff46884ee8dee4c2b04b87687bcd762') in 0.0174629 seconds
Number of updated asset objects reloaded before import = 0Number of asset objects unloaded after import = 1

========================================================================
Received Import Request.
  Time since last request: 13.160107 seconds.
  path: Assets/Dialogue/Isabelle/Day4/Seq 1/IsabellaD4S1N 2.asset
  artifactKey: Guid(01c7fc4e18cdce14fa0069efda674fc9) Importer(815301076,1909f56bfc062723c751e8b465ee728b)
Start importing Assets/Dialogue/Isabelle/Day4/Seq 1/IsabellaD4S1N 2.asset using Guid(01c7fc4e18cdce14fa0069efda674fc9) Importer(815301076,1909f56bfc062723c751e8b465ee728b) (PreviewImporter) -> (artifact id: 'bd71e622c8d5b2d2defce4cd84d70851') in 0.001316 seconds
Number of updated asset objects reloaded before import = 0Number of asset objects unloaded after import = 1

========================================================================
Received Import Request.
  Time since last request: 0.530640 seconds.
  path: Assets/Dialogue/Isabelle/Day4/Seq 1/IsabellaD4S1N 3.asset
  artifactKey: Guid(1cafb7cf2c4b3114f9e38d584c118666) Importer(815301076,1909f56bfc062723c751e8b465ee728b)
Start importing Assets/Dialogue/Isabelle/Day4/Seq 1/IsabellaD4S1N 3.asset using Guid(1cafb7cf2c4b3114f9e38d584c118666) Importer(815301076,1909f56bfc062723c751e8b465ee728b) (PreviewImporter) -> (artifact id: '96e76d1c5173df6668988552fcec1ab7') in 0.0011723 seconds
Number of updated asset objects reloaded before import = 0Number of asset objects unloaded after import = 1

========================================================================
Received Import Request.
  Time since last request: 0.396228 seconds.
  path: Assets/Dialogue/Isabelle/Day4/Seq 1/IsabellaD4S1N 4.asset
  artifactKey: Guid(5241a5249bfce44498f8e5ca4380ff0d) Importer(815301076,1909f56bfc062723c751e8b465ee728b)
Start importing Assets/Dialogue/Isabelle/Day4/Seq 1/IsabellaD4S1N 4.asset using Guid(5241a5249bfce44498f8e5ca4380ff0d) Importer(815301076,1909f56bfc062723c751e8b465ee728b) (PreviewImporter) -> (artifact id: '42bee8348cb8ca148906fdb7b2ad8a75') in 0.0012394 seconds
Number of updated asset objects reloaded before import = 0Number of asset objects unloaded after import = 1

========================================================================
Received Import Request.
  Time since last request: 0.418462 seconds.
  path: Assets/Dialogue/Isabelle/Day4/Seq 1/IsabellaD4S1N 5.asset
  artifactKey: Guid(278f7a2167277d048ab4adf409da8151) Importer(815301076,1909f56bfc062723c751e8b465ee728b)
Start importing Assets/Dialogue/Isabelle/Day4/Seq 1/IsabellaD4S1N 5.asset using Guid(278f7a2167277d048ab4adf409da8151) Importer(815301076,1909f56bfc062723c751e8b465ee728b) (PreviewImporter) -> (artifact id: 'f076014ac4ff80c62ae83cd063c92ed6') in 0.0011684 seconds
Number of updated asset objects reloaded before import = 0Number of asset objects unloaded after import = 1

========================================================================
Received Import Request.
  Time since last request: 0.434414 seconds.
  path: Assets/Dialogue/Isabelle/Day4/Seq 1/IsabellaD4S1N 6.asset
  artifactKey: Guid(c19d40e1439b7f44899483cad3bc3412) Importer(815301076,1909f56bfc062723c751e8b465ee728b)
Start importing Assets/Dialogue/Isabelle/Day4/Seq 1/IsabellaD4S1N 6.asset using Guid(c19d40e1439b7f44899483cad3bc3412) Importer(815301076,1909f56bfc062723c751e8b465ee728b) (PreviewImporter) -> (artifact id: '68ef5271c7e42f975717a06048b24a3b') in 0.0012061 seconds
Number of updated asset objects reloaded before import = 0Number of asset objects unloaded after import = 1

========================================================================
Received Import Request.
  Time since last request: 0.417643 seconds.
  path: Assets/Dialogue/Isabelle/Day4/Seq 1/IsabellaD4S1N 7.asset
  artifactKey: Guid(285f463f92c216f4283494321bbee15b) Importer(815301076,1909f56bfc062723c751e8b465ee728b)
Start importing Assets/Dialogue/Isabelle/Day4/Seq 1/IsabellaD4S1N 7.asset using Guid(285f463f92c216f4283494321bbee15b) Importer(815301076,1909f56bfc062723c751e8b465ee728b) (PreviewImporter) -> (artifact id: 'a8b19ff896b0b14601d61ee9c77a09df') in 0.0012055 seconds
Number of updated asset objects reloaded before import = 0Number of asset objects unloaded after import = 1

========================================================================
Received Import Request.
  Time since last request: 0.398390 seconds.
  path: Assets/Dialogue/Isabelle/Day4/Seq 1/IsabellaD4S1N 8.asset
  artifactKey: Guid(fbfa841a5a624fc4eb6442aeac78ccc6) Importer(815301076,1909f56bfc062723c751e8b465ee728b)
Start importing Assets/Dialogue/Isabelle/Day4/Seq 1/IsabellaD4S1N 8.asset using Guid(fbfa841a5a624fc4eb6442aeac78ccc6) Importer(815301076,1909f56bfc062723c751e8b465ee728b) (PreviewImporter) -> (artifact id: 'b98a37dfbd609ccba24ec7d02adf7861') in 0.0010932 seconds
Number of updated asset objects reloaded before import = 0Number of asset objects unloaded after import = 1

========================================================================
Received Import Request.
  Time since last request: 0.402530 seconds.
  path: Assets/Dialogue/Isabelle/Day4/Seq 1/IsabellaD4S1N 9.asset
  artifactKey: Guid(32d6f676a126d854b9cb840865fece50) Importer(815301076,1909f56bfc062723c751e8b465ee728b)
Start importing Assets/Dialogue/Isabelle/Day4/Seq 1/IsabellaD4S1N 9.asset using Guid(32d6f676a126d854b9cb840865fece50) Importer(815301076,1909f56bfc062723c751e8b465ee728b) (PreviewImporter) -> (artifact id: '2fa24a7aeceb73d837621120c6da978b') in 0.0011197 seconds
Number of updated asset objects reloaded before import = 0Number of asset objects unloaded after import = 1

========================================================================
Received Import Request.
  Time since last request: 0.447634 seconds.
  path: Assets/Dialogue/Isabelle/Day4/Seq 1/IsabellaD4S1N 10.asset
  artifactKey: Guid(37a8188f4d525434dbfc8479797c2cc6) Importer(815301076,1909f56bfc062723c751e8b465ee728b)
Start importing Assets/Dialogue/Isabelle/Day4/Seq 1/IsabellaD4S1N 10.asset using Guid(37a8188f4d525434dbfc8479797c2cc6) Importer(815301076,1909f56bfc062723c751e8b465ee728b) (PreviewImporter) -> (artifact id: '3314fd52cf9f94b9689aa63967a4022c') in 0.0011789 seconds
Number of updated asset objects reloaded before import = 0Number of asset objects unloaded after import = 1

========================================================================
Received Import Request.
  Time since last request: 0.398386 seconds.
  path: Assets/Dialogue/Isabelle/Day4/Seq 1/IsabellaD4S1N 11.asset
  artifactKey: Guid(17f59b73226e42f48b8ebd141f6282cb) Importer(815301076,1909f56bfc062723c751e8b465ee728b)
Start importing Assets/Dialogue/Isabelle/Day4/Seq 1/IsabellaD4S1N 11.asset using Guid(17f59b73226e42f48b8ebd141f6282cb) Importer(815301076,1909f56bfc062723c751e8b465ee728b) (PreviewImporter) -> (artifact id: 'e19a9ea7ffaaee3c632a01ecbbb70a3a') in 0.0011291 seconds
Number of updated asset objects reloaded before import = 0Number of asset objects unloaded after import = 1

========================================================================
Received Import Request.
  Time since last request: 0.379321 seconds.
  path: Assets/Dialogue/Isabelle/Day4/Seq 1/IsabellaD4S1N 12.asset
  artifactKey: Guid(044746819c8258a498144da0e5a2e6c5) Importer(815301076,1909f56bfc062723c751e8b465ee728b)
Start importing Assets/Dialogue/Isabelle/Day4/Seq 1/IsabellaD4S1N 12.asset using Guid(044746819c8258a498144da0e5a2e6c5) Importer(815301076,1909f56bfc062723c751e8b465ee728b) (PreviewImporter) -> (artifact id: '132f991ae2846009ff71ff2db6e878c8') in 0.0011881 seconds
Number of updated asset objects reloaded before import = 0Number of asset objects unloaded after import = 1

========================================================================
Received Import Request.
  Time since last request: 0.361283 seconds.
  path: Assets/Dialogue/Isabelle/Day4/Seq 1/IsabellaD4S1N 13.asset
  artifactKey: Guid(90743ac5304b0bf4dbdb241b1d8c35a5) Importer(815301076,1909f56bfc062723c751e8b465ee728b)
Start importing Assets/Dialogue/Isabelle/Day4/Seq 1/IsabellaD4S1N 13.asset using Guid(90743ac5304b0bf4dbdb241b1d8c35a5) Importer(815301076,1909f56bfc062723c751e8b465ee728b) (PreviewImporter) -> (artifact id: '115e85d51cd659ae94693ced3f73f7bb') in 0.0011935 seconds
Number of updated asset objects reloaded before import = 0Number of asset objects unloaded after import = 1

========================================================================
Received Import Request.
  Time since last request: 0.333487 seconds.
  path: Assets/Dialogue/Isabelle/Day4/Seq 1/IsabellaD4S1N 14.asset
  artifactKey: Guid(83217599d6b0a734a99028518bf63c60) Importer(815301076,1909f56bfc062723c751e8b465ee728b)
Start importing Assets/Dialogue/Isabelle/Day4/Seq 1/IsabellaD4S1N 14.asset using Guid(83217599d6b0a734a99028518bf63c60) Importer(815301076,1909f56bfc062723c751e8b465ee728b) (PreviewImporter) -> (artifact id: '4304d0487416cf3ced85482fa094f2cc') in 0.0011843 seconds
Number of updated asset objects reloaded before import = 0Number of asset objects unloaded after import = 1

========================================================================
Received Import Request.
  Time since last request: 0.473533 seconds.
  path: Assets/Dialogue/Isabelle/Day4/Seq 1/IsabellaD4S1N 15.asset
  artifactKey: Guid(0e2d9c4f23dc06c44a4f3560ec68a837) Importer(815301076,1909f56bfc062723c751e8b465ee728b)
Start importing Assets/Dialogue/Isabelle/Day4/Seq 1/IsabellaD4S1N 15.asset using Guid(0e2d9c4f23dc06c44a4f3560ec68a837) Importer(815301076,1909f56bfc062723c751e8b465ee728b) (PreviewImporter) -> (artifact id: 'ddf41905569e6f70b9d4b2a3f91fb7b6') in 0.0012899 seconds
Number of updated asset objects reloaded before import = 0Number of asset objects unloaded after import = 1

========================================================================
Received Import Request.
  Time since last request: 0.915782 seconds.
  path: Assets/Dialogue/Coco/Day4/Seq 1/CocoDay4S1N10A.asset
  artifactKey: Guid(560aeee5d3e6c7b48b1d60e0e84d5c44) Importer(2089858483,b0f066a214c2f5e87bad3c948f4d605d)
Start importing Assets/Dialogue/Coco/Day4/Seq 1/CocoDay4S1N10A.asset using Guid(560aeee5d3e6c7b48b1d60e0e84d5c44) Importer(2089858483,b0f066a214c2f5e87bad3c948f4d605d) (ScriptedImporter)[TaskManager] No task set defined in TaskDatabase for day 0.
UnityEngine.Debug:ExtractStackTraceNoAlloc (byte*,int,string)
UnityEngine.StackTraceUtility:ExtractStackTrace ()
UnityEngine.DebugLogHandler:Internal_Log (UnityEngine.LogType,UnityEngine.LogOption,string,UnityEngine.Object)
UnityEngine.DebugLogHandler:LogFormat (UnityEngine.LogType,UnityEngine.Object,string,object[])
UnityEngine.Logger:Log (UnityEngine.LogType,object)
UnityEngine.Debug:LogWarning (object)
TaskManager:SetupTasksForDay (int) (at Assets/Scripts/Task-handling/TaskManager.cs:103)
TaskManager:OnEnable () (at Assets/Scripts/Task-handling/TaskManager.cs:67)
UnityEditor.AssetDatabase:LoadMainAssetAtPath (string)
UnityEditor.Search.AssetIndexer:IndexProperties (int&,string&,bool&)
UnityEditor.Search.AssetIndexer:IndexDocument (string,bool)
UnityEditor.Search.SearchIndexArtifactImporter:OnImportAsset (UnityEditor.AssetImporters.AssetImportContext)
UnityEditor.AssetImporters.ScriptedImporter:GenerateAssetData (UnityEditor.AssetImporters.AssetImportContext)

(Filename: Assets/Scripts/Task-handling/TaskManager.cs Line: 103)

 -> (artifact id: '925a36463187a258c6429c1acdb14f5b') in 0.0241509 seconds
Number of updated asset objects reloaded before import = 0Number of asset objects unloaded after import = 4

========================================================================
Received Import Request.
  Time since last request: 0.000015 seconds.
  path: Assets/Dialogue/Isabelle/Day4/Seq 1/IsabellaD4S1N 10.asset
  artifactKey: Guid(37a8188f4d525434dbfc8479797c2cc6) Importer(2089858483,b0f066a214c2f5e87bad3c948f4d605d)
Start importing Assets/Dialogue/Isabelle/Day4/Seq 1/IsabellaD4S1N 10.asset using Guid(37a8188f4d525434dbfc8479797c2cc6) Importer(2089858483,b0f066a214c2f5e87bad3c948f4d605d) (ScriptedImporter) -> (artifact id: '66c23719d09fe4d23801266f3aaa0341') in 0.015717 seconds
Number of updated asset objects reloaded before import = 0Number of asset objects unloaded after import = 1

========================================================================
Received Import Request.
  Time since last request: 0.000025 seconds.
  path: Assets/Dialogue/Isabelle/Day4/Seq 1/IsabellaD4S1N 9.asset
  artifactKey: Guid(32d6f676a126d854b9cb840865fece50) Importer(2089858483,b0f066a214c2f5e87bad3c948f4d605d)
Start importing Assets/Dialogue/Isabelle/Day4/Seq 1/IsabellaD4S1N 9.asset using Guid(32d6f676a126d854b9cb840865fece50) Importer(2089858483,b0f066a214c2f5e87bad3c948f4d605d) (ScriptedImporter) -> (artifact id: '941ac251043649189adfe6f0afa1f8ba') in 0.0173481 seconds
Number of updated asset objects reloaded before import = 0Number of asset objects unloaded after import = 1

========================================================================
Received Import Request.
  Time since last request: 0.000035 seconds.
  path: Assets/Dialogue/Isabelle/Day4/Seq 1/IsabellaD4S1N 3.asset
  artifactKey: Guid(1cafb7cf2c4b3114f9e38d584c118666) Importer(2089858483,b0f066a214c2f5e87bad3c948f4d605d)
Start importing Assets/Dialogue/Isabelle/Day4/Seq 1/IsabellaD4S1N 3.asset using Guid(1cafb7cf2c4b3114f9e38d584c118666) Importer(2089858483,b0f066a214c2f5e87bad3c948f4d605d) (ScriptedImporter) -> (artifact id: 'f736cee855584a6fedc063e6c77f64c7') in 0.0186385 seconds
Number of updated asset objects reloaded before import = 0Number of asset objects unloaded after import = 1

========================================================================
Received Import Request.
  Time since last request: 0.000020 seconds.
  path: Assets/Dialogue/Isabelle/Day4/Seq 1/IsabellaD4S1N 11.asset
  artifactKey: Guid(17f59b73226e42f48b8ebd141f6282cb) Importer(2089858483,b0f066a214c2f5e87bad3c948f4d605d)
Start importing Assets/Dialogue/Isabelle/Day4/Seq 1/IsabellaD4S1N 11.asset using Guid(17f59b73226e42f48b8ebd141f6282cb) Importer(2089858483,b0f066a214c2f5e87bad3c948f4d605d) (ScriptedImporter) -> (artifact id: 'c4a4330b81d815b5f3508b1439759af1') in 0.0160446 seconds
Number of updated asset objects reloaded before import = 0Number of asset objects unloaded after import = 1

========================================================================
Received Import Request.
  Time since last request: 0.000017 seconds.
  path: Assets/Dialogue/Coco/Day4/Seq 1/CocoDay4S1N2B.asset
  artifactKey: Guid(e35d82029b97c274899729c1fd6e0123) Importer(2089858483,b0f066a214c2f5e87bad3c948f4d605d)
Start importing Assets/Dialogue/Coco/Day4/Seq 1/CocoDay4S1N2B.asset using Guid(e35d82029b97c274899729c1fd6e0123) Importer(2089858483,b0f066a214c2f5e87bad3c948f4d605d) (ScriptedImporter) -> (artifact id: '7f1a5e195cdd323fc04fd1c5930f1726') in 0.0164449 seconds
Number of updated asset objects reloaded before import = 0Number of asset objects unloaded after import = 1

========================================================================
Received Import Request.
  Time since last request: 0.000020 seconds.
  path: Assets/Dialogue/Isabelle/Day4/Seq 1/IsabellaD4S1N 7.asset
  artifactKey: Guid(285f463f92c216f4283494321bbee15b) Importer(2089858483,b0f066a214c2f5e87bad3c948f4d605d)
Start importing Assets/Dialogue/Isabelle/Day4/Seq 1/IsabellaD4S1N 7.asset using Guid(285f463f92c216f4283494321bbee15b) Importer(2089858483,b0f066a214c2f5e87bad3c948f4d605d) (ScriptedImporter) -> (artifact id: '787b9c291a2eeadec9c68d275a946609') in 0.0166488 seconds
Number of updated asset objects reloaded before import = 0Number of asset objects unloaded after import = 1

========================================================================
Received Import Request.
  Time since last request: 0.000022 seconds.
  path: Assets/Dialogue/Isabelle/Day4/Seq 1/IsabellaD4S1N 12.asset
  artifactKey: Guid(044746819c8258a498144da0e5a2e6c5) Importer(2089858483,b0f066a214c2f5e87bad3c948f4d605d)
Start importing Assets/Dialogue/Isabelle/Day4/Seq 1/IsabellaD4S1N 12.asset using Guid(044746819c8258a498144da0e5a2e6c5) Importer(2089858483,b0f066a214c2f5e87bad3c948f4d605d) (ScriptedImporter) -> (artifact id: '30985435bd0e397c52ed73cc2d477a9d') in 0.0205987 seconds
Number of updated asset objects reloaded before import = 0Number of asset objects unloaded after import = 1

========================================================================
Received Import Request.
  Time since last request: 0.000028 seconds.
  path: Assets/Dialogue/Isabelle/Day4/Seq 1/IsabellaD4S1N 2.asset
  artifactKey: Guid(01c7fc4e18cdce14fa0069efda674fc9) Importer(2089858483,b0f066a214c2f5e87bad3c948f4d605d)
Start importing Assets/Dialogue/Isabelle/Day4/Seq 1/IsabellaD4S1N 2.asset using Guid(01c7fc4e18cdce14fa0069efda674fc9) Importer(2089858483,b0f066a214c2f5e87bad3c948f4d605d) (ScriptedImporter) -> (artifact id: 'e6a8a82066c5ce93969d5a43cb7c1213') in 0.0165455 seconds
Number of updated asset objects reloaded before import = 0Number of asset objects unloaded after import = 1

========================================================================
Received Import Request.
  Time since last request: 0.000024 seconds.
  path: Assets/Dialogue/Coco/Day4/Seq 1/CocoDay4S1N9A.asset
  artifactKey: Guid(a8e969cc6020a11409d701fcf9382455) Importer(2089858483,b0f066a214c2f5e87bad3c948f4d605d)
Start importing Assets/Dialogue/Coco/Day4/Seq 1/CocoDay4S1N9A.asset using Guid(a8e969cc6020a11409d701fcf9382455) Importer(2089858483,b0f066a214c2f5e87bad3c948f4d605d) (ScriptedImporter)[TaskManager] No task set defined in TaskDatabase for day 0.
UnityEngine.Debug:ExtractStackTraceNoAlloc (byte*,int,string)
UnityEngine.StackTraceUtility:ExtractStackTrace ()
UnityEngine.DebugLogHandler:Internal_Log (UnityEngine.LogType,UnityEngine.LogOption,string,UnityEngine.Object)
UnityEngine.DebugLogHandler:LogFormat (UnityEngine.LogType,UnityEngine.Object,string,object[])
UnityEngine.Logger:Log (UnityEngine.LogType,object)
UnityEngine.Debug:LogWarning (object)
TaskManager:SetupTasksForDay (int) (at Assets/Scripts/Task-handling/TaskManager.cs:103)
TaskManager:OnEnable () (at Assets/Scripts/Task-handling/TaskManager.cs:67)
UnityEditor.AssetDatabase:LoadMainAssetAtPath (string)
UnityEditor.Search.AssetIndexer:IndexProperties (int&,string&,bool&)
UnityEditor.Search.AssetIndexer:IndexDocument (string,bool)
UnityEditor.Search.SearchIndexArtifactImporter:OnImportAsset (UnityEditor.AssetImporters.AssetImportContext)
UnityEditor.AssetImporters.ScriptedImporter:GenerateAssetData (UnityEditor.AssetImporters.AssetImportContext)

(Filename: Assets/Scripts/Task-handling/TaskManager.cs Line: 103)

 -> (artifact id: '00da276f9b353ac955dd171dc3c0b67c') in 0.0169358 seconds
Number of updated asset objects reloaded before import = 0Number of asset objects unloaded after import = 5

========================================================================
Received Import Request.
  Time since last request: 0.000020 seconds.
  path: Assets/Dialogue/Isabelle/Day4/Seq 1/IsabellaD4S1N 4.asset
  artifactKey: Guid(5241a5249bfce44498f8e5ca4380ff0d) Importer(2089858483,b0f066a214c2f5e87bad3c948f4d605d)
Start importing Assets/Dialogue/Isabelle/Day4/Seq 1/IsabellaD4S1N 4.asset using Guid(5241a5249bfce44498f8e5ca4380ff0d) Importer(2089858483,b0f066a214c2f5e87bad3c948f4d605d) (ScriptedImporter) -> (artifact id: '0343658ecd21a5006331eb31de563fdc') in 0.0182655 seconds
Number of updated asset objects reloaded before import = 0Number of asset objects unloaded after import = 1

========================================================================
Received Import Request.
  Time since last request: 0.000024 seconds.
  path: Assets/Dialogue/Coco/Day4/Seq 1/CocoDay4S1N8A.asset
  artifactKey: Guid(8f530bc74e2a2b64caab825ba9af4dfb) Importer(2089858483,b0f066a214c2f5e87bad3c948f4d605d)
Start importing Assets/Dialogue/Coco/Day4/Seq 1/CocoDay4S1N8A.asset using Guid(8f530bc74e2a2b64caab825ba9af4dfb) Importer(2089858483,b0f066a214c2f5e87bad3c948f4d605d) (ScriptedImporter)[TaskManager] No task set defined in TaskDatabase for day 0.
UnityEngine.Debug:ExtractStackTraceNoAlloc (byte*,int,string)
UnityEngine.StackTraceUtility:ExtractStackTrace ()
UnityEngine.DebugLogHandler:Internal_Log (UnityEngine.LogType,UnityEngine.LogOption,string,UnityEngine.Object)
UnityEngine.DebugLogHandler:LogFormat (UnityEngine.LogType,UnityEngine.Object,string,object[])
UnityEngine.Logger:Log (UnityEngine.LogType,object)
UnityEngine.Debug:LogWarning (object)
TaskManager:SetupTasksForDay (int) (at Assets/Scripts/Task-handling/TaskManager.cs:103)
TaskManager:OnEnable () (at Assets/Scripts/Task-handling/TaskManager.cs:67)
UnityEditor.AssetDatabase:LoadMainAssetAtPath (string)
UnityEditor.Search.AssetIndexer:IndexProperties (int&,string&,bool&)
UnityEditor.Search.AssetIndexer:IndexDocument (string,bool)
UnityEditor.Search.SearchIndexArtifactImporter:OnImportAsset (UnityEditor.AssetImporters.AssetImportContext)
UnityEditor.AssetImporters.ScriptedImporter:GenerateAssetData (UnityEditor.AssetImporters.AssetImportContext)

(Filename: Assets/Scripts/Task-handling/TaskManager.cs Line: 103)

 -> (artifact id: '879b69d799a2ac68133e2121cb49b7fd') in 0.0185551 seconds
Number of updated asset objects reloaded before import = 0Number of asset objects unloaded after import = 6

========================================================================
Received Import Request.
  Time since last request: 0.000033 seconds.
  path: Assets/Dialogue/Coco/Day4/Seq 1/CocoDay4S1N5A.asset
  artifactKey: Guid(f8361a8da063e03478f3d58816d287e0) Importer(2089858483,b0f066a214c2f5e87bad3c948f4d605d)
Start importing Assets/Dialogue/Coco/Day4/Seq 1/CocoDay4S1N5A.asset using Guid(f8361a8da063e03478f3d58816d287e0) Importer(2089858483,b0f066a214c2f5e87bad3c948f4d605d) (ScriptedImporter)[TaskManager] No task set defined in TaskDatabase for day 0.
UnityEngine.Debug:ExtractStackTraceNoAlloc (byte*,int,string)
UnityEngine.StackTraceUtility:ExtractStackTrace ()
UnityEngine.DebugLogHandler:Internal_Log (UnityEngine.LogType,UnityEngine.LogOption,string,UnityEngine.Object)
UnityEngine.DebugLogHandler:LogFormat (UnityEngine.LogType,UnityEngine.Object,string,object[])
UnityEngine.Logger:Log (UnityEngine.LogType,object)
UnityEngine.Debug:LogWarning (object)
TaskManager:SetupTasksForDay (int) (at Assets/Scripts/Task-handling/TaskManager.cs:103)
TaskManager:OnEnable () (at Assets/Scripts/Task-handling/TaskManager.cs:67)
UnityEditor.AssetDatabase:LoadMainAssetAtPath (string)
UnityEditor.Search.AssetIndexer:IndexProperties (int&,string&,bool&)
UnityEditor.Search.AssetIndexer:IndexDocument (string,bool)
UnityEditor.Search.SearchIndexArtifactImporter:OnImportAsset (UnityEditor.AssetImporters.AssetImportContext)
UnityEditor.AssetImporters.ScriptedImporter:GenerateAssetData (UnityEditor.AssetImporters.AssetImportContext)

(Filename: Assets/Scripts/Task-handling/TaskManager.cs Line: 103)

 -> (artifact id: '1c9b14569b679946d4323fe64565fa40') in 0.017733 seconds
Number of updated asset objects reloaded before import = 0Number of asset objects unloaded after import = 9

Editor requested this worker to shutdown with reason: Scaling down because of idle timeout
AssetImportWorker is now disconnected from the server
Process exiting
Exiting without the bug reporter. Application will terminate with return code 0